[ 2016-07-13T18:48:38+08:00 ] 127.0.0.1 /hnustxl/
INFO: [ app_init ] --START--
INFO: Run Behavior\BuildLiteBehavior [ RunTime:0.000071s ]
INFO: [ app_init ] --END-- [ RunTime:0.002969s ]
INFO: [ app_begin ] --START--
INFO: Run Behavior\ReadHtmlCacheBehavior [ RunTime:0.003023s ]
INFO: [ app_begin ] --END-- [ RunTime:0.003416s ]

[ 2016-07-13T18:48:38+08:00 ] 127.0.0.1 /hnustxl/Login/index.html
INFO: [ app_init ] --START--
INFO: Run Behavior\BuildLiteBehavior [ RunTime:0.000099s ]
INFO: [ app_init ] --END-- [ RunTime:0.002130s ]
INFO: [ app_begin ] --START--
INFO: Run Behavior\ReadHtmlCacheBehavior [ RunTime:0.002324s ]
INFO: [ app_begin ] --END-- [ RunTime:0.002748s ]
INFO: [ view_parse ] --START--
INFO: [ template_filter ] --START--
INFO: Run Behavior\ContentReplaceBehavior [ RunTime:0.000325s ]
INFO: [ template_filter ] --END-- [ RunTime:0.000807s ]
INFO: Run Behavior\ParseTemplateBehavior [ RunTime:0.039046s ]
INFO: [ view_parse ] --END-- [ RunTime:0.039537s ]
INFO: [ view_filter ] --START--
INFO: Run Behavior\WriteHtmlCacheBehavior [ RunTime:0.005064s ]
INFO: [ view_filter ] --END-- [ RunTime:0.005539s ]
INFO: [ app_end ] --START--
INFO: Run Behavior\ShowPageTraceBehavior [ RunTime:0.003753s ]
INFO: [ app_end ] --END-- [ RunTime:0.004110s ]

[ 2016-07-13T18:48:39+08:00 ] 127.0.0.1 /hnustxl/assets/ico/favicon.ico
INFO: [ app_init ] --START--
INFO: Run Behavior\BuildLiteBehavior [ RunTime:0.000093s ]
INFO: [ app_init ] --END-- [ RunTime:0.002405s ]

[ 2016-07-13T18:48:45+08:00 ] 127.0.0.1 /hnustxl/Application/Admin/View/Public/Wopop_files/jquery.ui.theme.css
INFO: [ app_init ] --START--
INFO: Run Behavior\BuildLiteBehavior [ RunTime:0.000113s ]
INFO: [ app_init ] --END-- [ RunTime:0.002097s ]
INFO: [ app_begin ] --START--
INFO: Run Behavior\ReadHtmlCacheBehavior [ RunTime:0.001804s ]
INFO: [ app_begin ] --END-- [ RunTime:0.002101s ]
ERR: 无法加载控制器:Application

[ 2016-07-13T18:48:45+08:00 ] 127.0.0.1 /hnustxl/Application/Admin/View/Public/Wopop_files/jquery.ui.base.css
INFO: [ app_init ] --START--
INFO: Run Behavior\BuildLiteBehavior [ RunTime:0.000094s ]
INFO: [ app_init ] --END-- [ RunTime:0.002073s ]
INFO: [ app_begin ] --START--
INFO: Run Behavior\ReadHtmlCacheBehavior [ RunTime:0.002097s ]
INFO: [ app_begin ] --END-- [ RunTime:0.002507s ]
ERR: 无法加载控制器:Application

[ 2016-07-13T18:48:45+08:00 ] 127.0.0.1 /hnustxl/Application/Admin/View/Public/images/txt_input_bg.gif
INFO: [ app_init ] --START--
INFO: Run Behavior\BuildLiteBehavior [ RunTime:0.000087s ]
INFO: [ app_init ] --END-- [ RunTime:0.002068s ]

[ 2016-07-13T19:07:57+08:00 ] 192.168.1.100 /hnustxl/
INFO: [ app_init ] --START--
INFO: Run Behavior\BuildLiteBehavior [ RunTime:0.000094s ]
INFO: [ app_init ] --END-- [ RunTime:0.002114s ]
INFO: [ app_begin ] --START--
INFO: Run Behavior\ReadHtmlCacheBehavior [ RunTime:0.003805s ]
INFO: [ app_begin ] --END-- [ RunTime:0.004268s ]

[ 2016-07-13T19:07:57+08:00 ] 192.168.1.100 /hnustxl/Login/index.html
INFO: [ app_init ] --START--
INFO: Run Behavior\BuildLiteBehavior [ RunTime:0.000060s ]
INFO: [ app_init ] --END-- [ RunTime:0.001465s ]
INFO: [ app_begin ] --START--
INFO: Run Behavior\ReadHtmlCacheBehavior [ RunTime:0.001780s ]
INFO: [ app_begin ] --END-- [ RunTime:0.002118s ]
INFO: [ view_parse ] --START--
INFO: [ template_filter ] --START--
INFO: Run Behavior\ContentReplaceBehavior [ RunTime:0.000273s ]
INFO: [ template_filter ] --END-- [ RunTime:0.000580s ]
INFO: Run Behavior\ParseTemplateBehavior [ RunTime:0.021670s ]
INFO: [ view_parse ] --END-- [ RunTime:0.022045s ]
INFO: [ view_filter ] --START--
INFO: Run Behavior\WriteHtmlCacheBehavior [ RunTime:0.001452s ]
INFO: [ view_filter ] --END-- [ RunTime:0.001705s ]
INFO: [ app_end ] --START--
INFO: Run Behavior\ShowPageTraceBehavior [ RunTime:0.002280s ]
INFO: [ app_end ] --END-- [ RunTime:0.003311s ]

[ 2016-07-13T19:07:58+08:00 ] 192.168.1.100 /hnustxl/assets/ico/favicon.ico
INFO: [ app_init ] --START--
INFO: Run Behavior\BuildLiteBehavior [ RunTime:0.000060s ]
INFO: [ app_init ] --END-- [ RunTime:0.001735s ]

[ 2016-07-13T19:08:07+08:00 ] 192.168.1.100 /hnustxl/Application/Admin/View/Public/Wopop_files/jquery.ui.base.css
INFO: [ app_init ] --START--
INFO: Run Behavior\BuildLiteBehavior [ RunTime:0.000058s ]
INFO: [ app_init ] --END-- [ RunTime:0.001502s ]
INFO: [ app_begin ] --START--
INFO: Run Behavior\ReadHtmlCacheBehavior [ RunTime:0.002931s ]
INFO: [ app_begin ] --END-- [ RunTime:0.003332s ]
ERR: 无法加载控制器:Application

[ 2016-07-13T19:08:07+08:00 ] 192.168.1.100 /hnustxl/Application/Admin/View/Public/Wopop_files/jquery.ui.theme.css
INFO: [ app_init ] --START--
INFO: Run Behavior\BuildLiteBehavior [ RunTime:0.000094s ]
INFO: [ app_init ] --END-- [ RunTime:0.002236s ]
INFO: [ app_begin ] --START--
INFO: Run Behavior\ReadHtmlCacheBehavior [ RunTime:0.001758s ]
INFO: [ app_begin ] --END-- [ RunTime:0.002045s ]
ERR: 无法加载控制器:Application

[ 2016-07-13T19:08:08+08:00 ] 192.168.1.100 /hnustxl/Application/Admin/View/Public/images/txt_input_bg.gif
INFO: [ app_init ] --START--
INFO: Run Behavior\BuildLiteBehavior [ RunTime:0.000061s ]
INFO: [ app_init ] --END-- [ RunTime:0.001837s ]

[ 2016-07-13T19:56:46+08:00 ] 192.168.1.100 /hnustxl/Application/Admin/View/Public/Wopop_files/jquery.ui.base.css
INFO: [ app_init ] --START--
INFO: Run Behavior\BuildLiteBehavior [ RunTime:0.000092s ]
INFO: [ app_init ] --END-- [ RunTime:0.001548s ]
INFO: [ app_begin ] --START--
INFO: Run Behavior\ReadHtmlCacheBehavior [ RunTime:0.002104s ]
INFO: [ app_begin ] --END-- [ RunTime:0.002520s ]
ERR: 无法加载控制器:Application

[ 2016-07-13T19:56:46+08:00 ] 192.168.1.100 /hnustxl/Application/Admin/View/Public/Wopop_files/jquery.ui.theme.css
INFO: [ app_init ] --START--
INFO: Run Behavior\BuildLiteBehavior [ RunTime:0.000059s ]
INFO: [ app_init ] --END-- [ RunTime:0.001456s ]
INFO: [ app_begin ] --START--
INFO: Run Behavior\ReadHtmlCacheBehavior [ RunTime:0.001915s ]
INFO: [ app_begin ] --END-- [ RunTime:0.002193s ]
ERR: 无法加载控制器:Application

[ 2016-07-13T19:56:46+08:00 ] 192.168.1.100 /hnustxl/Application/Admin/View/Public/images/txt_input_bg.gif
INFO: [ app_init ] --START--
INFO: Run Behavior\BuildLiteBehavior [ RunTime:0.000069s ]
INFO: [ app_init ] --END-- [ RunTime:0.002207s ]

