[ 2015-10-08T00:16:56+08:00 ] 127.0.0.1 /hnustxl/admin/show/grade.html
INFO: [ app_init ] --START--
INFO: Run Behavior\BuildLiteBehavior [ RunTime:0.000042s ]
INFO: [ app_init ] --END-- [ RunTime:0.000916s ]
INFO: [ app_begin ] --START--
INFO: Run Behavior\ReadHtmlCacheBehavior [ RunTime:0.001171s ]
INFO: [ app_begin ] --END-- [ RunTime:0.001403s ]

[ 2015-10-08T00:16:56+08:00 ] 127.0.0.1 /hnustxl/Admin/Login/index.html
INFO: [ app_init ] --START--
INFO: Run Behavior\BuildLiteBehavior [ RunTime:0.000025s ]
INFO: [ app_init ] --END-- [ RunTime:0.000484s ]
INFO: [ app_begin ] --START--
INFO: Run Behavior\ReadHtmlCacheBehavior [ RunTime:0.000566s ]
INFO: [ app_begin ] --END-- [ RunTime:0.000701s ]
INFO: [ view_parse ] --START--
INFO: [ template_filter ] --START--
INFO: Run Behavior\ContentReplaceBehavior [ RunTime:0.000106s ]
INFO: [ template_filter ] --END-- [ RunTime:0.000228s ]
INFO: Run Behavior\ParseTemplateBehavior [ RunTime:0.009058s ]
INFO: [ view_parse ] --END-- [ RunTime:0.009188s ]
INFO: [ view_filter ] --START--
INFO: Run Behavior\WriteHtmlCacheBehavior [ RunTime:0.000563s ]
INFO: [ view_filter ] --END-- [ RunTime:0.000666s ]
INFO: [ app_end ] --START--
INFO: Run Behavior\ShowPageTraceBehavior [ RunTime:0.000740s ]
INFO: [ app_end ] --END-- [ RunTime:0.000841s ]

[ 2015-10-08T00:17:07+08:00 ] 127.0.0.1 /hnustxl/Admin/Login/Login.html
INFO: [ app_init ] --START--
INFO: Run Behavior\BuildLiteBehavior [ RunTime:0.000023s ]
INFO: [ app_init ] --END-- [ RunTime:0.000505s ]
INFO: [ app_begin ] --START--
INFO: Run Behavior\ReadHtmlCacheBehavior [ RunTime:0.000661s ]
INFO: [ app_begin ] --END-- [ RunTime:0.000749s ]
SQL: SHOW COLUMNS FROM `useradmin` [ RunTime:0.0044s ]
SQL: select *from useradmin where username=1355010127 [ RunTime:0.0005s ]
INFO: [ app_end ] --START--
INFO: Run Behavior\ShowPageTraceBehavior [ RunTime:0.000801s ]
INFO: [ app_end ] --END-- [ RunTime:0.000895s ]

[ 2015-10-08T00:17:12+08:00 ] 127.0.0.1 /hnustxl/Admin/Login/Login.html
INFO: [ app_init ] --START--
INFO: Run Behavior\BuildLiteBehavior [ RunTime:0.000029s ]
INFO: [ app_init ] --END-- [ RunTime:0.000506s ]
INFO: [ app_begin ] --START--
INFO: Run Behavior\ReadHtmlCacheBehavior [ RunTime:0.000653s ]
INFO: [ app_begin ] --END-- [ RunTime:0.000743s ]
SQL: SHOW COLUMNS FROM `useradmin` [ RunTime:0.0038s ]
SQL: select *from useradmin where username=1355010127 [ RunTime:0.0004s ]

[ 2015-10-08T00:17:12+08:00 ] 127.0.0.1 /hnustxl/Admin/Index/index.html
INFO: [ app_init ] --START--
INFO: Run Behavior\BuildLiteBehavior [ RunTime:0.000029s ]
INFO: [ app_init ] --END-- [ RunTime:0.000456s ]
INFO: [ app_begin ] --START--
INFO: Run Behavior\ReadHtmlCacheBehavior [ RunTime:0.000969s ]
INFO: [ app_begin ] --END-- [ RunTime:0.001104s ]
INFO: [ view_parse ] --START--
INFO: [ template_filter ] --START--
INFO: Run Behavior\ContentReplaceBehavior [ RunTime:0.000124s ]
INFO: [ template_filter ] --END-- [ RunTime:0.000267s ]
INFO: Run Behavior\ParseTemplateBehavior [ RunTime:0.010520s ]
INFO: [ view_parse ] --END-- [ RunTime:0.010882s ]
INFO: [ view_filter ] --START--
INFO: Run Behavior\WriteHtmlCacheBehavior [ RunTime:0.000708s ]
INFO: [ view_filter ] --END-- [ RunTime:0.000848s ]
INFO: [ app_end ] --START--
INFO: Run Behavior\ShowPageTraceBehavior [ RunTime:0.000733s ]
INFO: [ app_end ] --END-- [ RunTime:0.000832s ]

[ 2015-10-08T00:17:12+08:00 ] 127.0.0.1 /hnustxl/Admin/Index/index.html
INFO: [ app_init ] --START--
INFO: Run Behavior\BuildLiteBehavior [ RunTime:0.000032s ]
INFO: [ app_init ] --END-- [ RunTime:0.000584s ]
INFO: [ app_begin ] --START--
INFO: Run Behavior\ReadHtmlCacheBehavior [ RunTime:0.000566s ]
INFO: [ app_begin ] --END-- [ RunTime:0.000673s ]
INFO: [ view_parse ] --START--
INFO: [ template_filter ] --START--
INFO: Run Behavior\ContentReplaceBehavior [ RunTime:0.000083s ]
INFO: [ template_filter ] --END-- [ RunTime:0.000198s ]
INFO: Run Behavior\ParseTemplateBehavior [ RunTime:0.010338s ]
INFO: [ view_parse ] --END-- [ RunTime:0.010470s ]
INFO: [ view_filter ] --START--
INFO: Run Behavior\WriteHtmlCacheBehavior [ RunTime:0.000393s ]
INFO: [ view_filter ] --END-- [ RunTime:0.000491s ]
INFO: [ app_end ] --START--
INFO: Run Behavior\ShowPageTraceBehavior [ RunTime:0.000560s ]
INFO: [ app_end ] --END-- [ RunTime:0.000656s ]

[ 2015-10-08T00:17:14+08:00 ] 127.0.0.1 /hnustxl/Admin/Show/grade.html
INFO: [ app_init ] --START--
INFO: Run Behavior\BuildLiteBehavior [ RunTime:0.000054s ]
INFO: [ app_init ] --END-- [ RunTime:0.000804s ]
INFO: [ app_begin ] --START--
INFO: Run Behavior\ReadHtmlCacheBehavior [ RunTime:0.000885s ]
INFO: [ app_begin ] --END-- [ RunTime:0.001031s ]
NOTIC: [8] Undefined index: username1 C:\wamp\www\hnustxl\Application\Admin\Controller\ShowController.class.php 第 110 行.
SQL: SHOW COLUMNS FROM `gradejz` [ RunTime:0.0045s ]
SQL: SELECT COUNT(*) AS tp_count FROM `gradejz` WHERE `username` = null LIMIT 1   [ RunTime:0.0005s ]
SQL: SELECT * FROM `gradejz` WHERE `username` = null LIMIT 0,10   [ RunTime:0.0005s ]
NOTIC: [8] Use of undefined constant grade - assumed 'grade' C:\wamp\www\hnustxl\Application\Admin\Controller\ShowController.class.php 第 120 行.
INFO: [ view_parse ] --START--
INFO: [ template_filter ] --START--
INFO: Run Behavior\ContentReplaceBehavior [ RunTime:0.000096s ]
INFO: [ template_filter ] --END-- [ RunTime:0.000215s ]
NOTIC: [8] Undefined index: name1 C:\wamp\www\hnustxl\Application\Runtime\Cache\Admin\6d082c568bd01dcaa985e035187d3f7b.php 第 100 行.
NOTIC: [8] Undefined index: username1 C:\wamp\www\hnustxl\Application\Runtime\Cache\Admin\6d082c568bd01dcaa985e035187d3f7b.php 第 100 行.
NOTIC: [8] Undefined index: username1 C:\wamp\www\hnustxl\Application\Runtime\Cache\Admin\6d082c568bd01dcaa985e035187d3f7b.php 第 107 行.
NOTIC: [8] Undefined index: name1 C:\wamp\www\hnustxl\Application\Runtime\Cache\Admin\6d082c568bd01dcaa985e035187d3f7b.php 第 110 行.
INFO: Run Behavior\ParseTemplateBehavior [ RunTime:0.019430s ]
INFO: [ view_parse ] --END-- [ RunTime:0.019596s ]
INFO: [ view_filter ] --START--
INFO: Run Behavior\WriteHtmlCacheBehavior [ RunTime:0.000722s ]
INFO: [ view_filter ] --END-- [ RunTime:0.000921s ]
INFO: [ app_end ] --START--
INFO: Run Behavior\ShowPageTraceBehavior [ RunTime:0.001013s ]
INFO: [ app_end ] --END-- [ RunTime:0.001194s ]

[ 2015-10-08T00:17:34+08:00 ] 127.0.0.1 /hnustxl/Admin/Show/grade.html
INFO: [ app_init ] --START--
INFO: Run Behavior\BuildLiteBehavior [ RunTime:0.000060s ]
INFO: [ app_init ] --END-- [ RunTime:0.002388s ]
INFO: [ app_begin ] --START--
INFO: Run Behavior\ReadHtmlCacheBehavior [ RunTime:0.000979s ]
INFO: [ app_begin ] --END-- [ RunTime:0.001144s ]
NOTIC: [8] Undefined index: '1355010124' C:\wamp\www\hnustxl\Application\Admin\Controller\ShowController.class.php 第 95 行.
SQL: SHOW COLUMNS FROM `idcard` [ RunTime:0.0050s ]
SQL: SELECT `name`,`card` FROM `idcard` WHERE ( username=1355010124 )  [ RunTime:0.0210s ]
SQL: SHOW COLUMNS FROM `gradejz` [ RunTime:0.0043s ]
SQL: SELECT COUNT(*) AS tp_count FROM `gradejz` WHERE ( username='1355010124' ) LIMIT 1   [ RunTime:0.0004s ]
SQL: INSERT INTO `gradejz` (`username`,`name`,`time`,`subject`,`score`,`xuefen`,`id`,`flag`) VALUES ('1355010124','吴昊','2013-2014-1','计算机导论','中','1','1','1') [ RunTime:0.0850s ]
SQL: INSERT INTO `gradejz` (`username`,`name`,`time`,`subject`,`score`,`xuefen`,`id`,`flag`) VALUES ('1355010124','吴昊','2013-2014-1','C语言程序设计','77','3','2','1') [ RunTime:0.0173s ]
SQL: INSERT INTO `gradejz` (`username`,`name`,`time`,`subject`,`score`,`xuefen`,`id`,`flag`) VALUES ('1355010124','吴昊','2013-2014-1','离散数学','100','4.5','3','1') [ RunTime:0.0052s ]
SQL: INSERT INTO `gradejz` (`username`,`name`,`time`,`subject`,`score`,`xuefen`,`id`,`flag`) VALUES ('1355010124','吴昊','2013-2014-1','高等数学A(1)','90','5','4','1') [ RunTime:0.0050s ]
SQL: INSERT INTO `gradejz` (`username`,`name`,`time`,`subject`,`score`,`xuefen`,`id`,`flag`) VALUES ('1355010124','吴昊','2013-2014-1','大学英语(1)','74','3.5','5','1') [ RunTime:0.0053s ]
SQL: INSERT INTO `gradejz` (`username`,`name`,`time`,`subject`,`score`,`xuefen`,`id`,`flag`) VALUES ('1355010124','吴昊','2013-2014-1','思想道德修养与法律基础','63','3','6','1') [ RunTime:0.0053s ]
SQL: INSERT INTO `gradejz` (`username`,`name`,`time`,`subject`,`score`,`xuefen`,`id`,`flag`) VALUES ('1355010124','吴昊','2013-2014-1','大学体育(1)','89','1','7','1') [ RunTime:0.0054s ]
SQL: INSERT INTO `gradejz` (`username`,`name`,`time`,`subject`,`score`,`xuefen`,`id`,`flag`) VALUES ('1355010124','吴昊','2013-2014-1','大学生心理健康教育与指导','良','2','8','1') [ RunTime:0.0073s ]
SQL: INSERT INTO `gradejz` (`username`,`name`,`time`,`subject`,`score`,`xuefen`,`id`,`flag`) VALUES ('1355010124','吴昊','2013-2014-1','C语言程序设计实验','良','1','9','1') [ RunTime:0.0057s ]
SQL: INSERT INTO `gradejz` (`username`,`name`,`time`,`subject`,`score`,`xuefen`,`id`,`flag`) VALUES ('1355010124','吴昊','2013-2014-1','军事技能训练','及格','1','10','1') [ RunTime:0.0051s ]
SQL: INSERT INTO `gradejz` (`username`,`name`,`time`,`subject`,`score`,`xuefen`,`id`,`flag`) VALUES ('1355010124','吴昊','2013-2014-2','电路与电子学','90','3.5','11','1') [ RunTime:0.0058s ]
SQL: INSERT INTO `gradejz` (`username`,`name`,`time`,`subject`,`score`,`xuefen`,`id`,`flag`) VALUES ('1355010124','吴昊','2013-2014-2','数据结构','68','5','12','1') [ RunTime:0.0050s ]
SQL: INSERT INTO `gradejz` (`username`,`name`,`time`,`subject`,`score`,`xuefen`,`id`,`flag`) VALUES ('1355010124','吴昊','2013-2014-2','数字逻辑与数字系统','84','3.5','13','1') [ RunTime:0.0052s ]
SQL: INSERT INTO `gradejz` (`username`,`name`,`time`,`subject`,`score`,`xuefen`,`id`,`flag`) VALUES ('1355010124','吴昊','2013-2014-2','高等数学A(2)','80','6','14','1') [ RunTime:0.0054s ]
SQL: INSERT INTO `gradejz` (`username`,`name`,`time`,`subject`,`score`,`xuefen`,`id`,`flag`) VALUES ('1355010124','吴昊','2013-2014-2','普通物理学B(1)','81','2.5','15','1') [ RunTime:0.0053s ]
SQL: INSERT INTO `gradejz` (`username`,`name`,`time`,`subject`,`score`,`xuefen`,`id`,`flag`) VALUES ('1355010124','吴昊','2013-2014-2','大学英语(2)','60','4','16','1') [ RunTime:0.0074s ]
SQL: INSERT INTO `gradejz` (`username`,`name`,`time`,`subject`,`score`,`xuefen`,`id`,`flag`) VALUES ('1355010124','吴昊','2013-2014-2','中国近现代史纲要','76','2','17','1') [ RunTime:0.0056s ]
SQL: INSERT INTO `gradejz` (`username`,`name`,`time`,`subject`,`score`,`xuefen`,`id`,`flag`) VALUES ('1355010124','吴昊','2013-2014-2','大学体育(2)','79','1','18','1') [ RunTime:0.0034s ]
SQL: INSERT INTO `gradejz` (`username`,`name`,`time`,`subject`,`score`,`xuefen`,`id`,`flag`) VALUES ('1355010124','吴昊','2013-2014-2','军事理论','良','1','19','1') [ RunTime:0.0036s ]
SQL: INSERT INTO `gradejz` (`username`,`name`,`time`,`subject`,`score`,`xuefen`,`id`,`flag`) VALUES ('1355010124','吴昊','2013-2014-2','电路与电子学实验','良','1','20','1') [ RunTime:0.0138s ]
SQL: INSERT INTO `gradejz` (`username`,`name`,`time`,`subject`,`score`,`xuefen`,`id`,`flag`) VALUES ('1355010124','吴昊','2013-2014-2','程序设计大作业','中','2','21','1') [ RunTime:0.0029s ]
SQL: INSERT INTO `gradejz` (`username`,`name`,`time`,`subject`,`score`,`xuefen`,`id`,`flag`) VALUES ('1355010124','吴昊','2013-2014-2','数据结构课程设计','良','2','22','1') [ RunTime:0.0044s ]
SQL: INSERT INTO `gradejz` (`username`,`name`,`time`,`subject`,`score`,`xuefen`,`id`,`flag`) VALUES ('1355010124','吴昊','2014-2015-1','新能源汽车概论','中','1.5','23','1') [ RunTime:0.0031s ]
SQL: INSERT INTO `gradejz` (`username`,`name`,`time`,`subject`,`score`,`xuefen`,`id`,`flag`) VALUES ('1355010124','吴昊','2014-2015-1','面向对象程序设计A','95','3','24','1') [ RunTime:0.0026s ]
SQL: INSERT INTO `gradejz` (`username`,`name`,`time`,`subject`,`score`,`xuefen`,`id`,`flag`) VALUES ('1355010124','吴昊','2014-2015-1','计算机组成原理与接口技术','77','5','25','1') [ RunTime:0.0034s ]
SQL: INSERT INTO `gradejz` (`username`,`name`,`time`,`subject`,`score`,`xuefen`,`id`,`flag`) VALUES ('1355010124','吴昊','2014-2015-1','数字系统设计A','67','2.5','26','1') [ RunTime:0.0027s ]
SQL: INSERT INTO `gradejz` (`username`,`name`,`time`,`subject`,`score`,`xuefen`,`id`,`flag`) VALUES ('1355010124','吴昊','2014-2015-1','概率论与数理统计B','80','2.5','27','1') [ RunTime:0.0066s ]
SQL: INSERT INTO `gradejz` (`username`,`name`,`time`,`subject`,`score`,`xuefen`,`id`,`flag`) VALUES ('1355010124','吴昊','2014-2015-1','线性代数B','89','2','28','1') [ RunTime:0.0055s ]
SQL: INSERT INTO `gradejz` (`username`,`name`,`time`,`subject`,`score`,`xuefen`,`id`,`flag`) VALUES ('1355010124','吴昊','2014-2015-1','普通物理学B(2)','93','2.5','29','1') [ RunTime:0.0051s ]
SQL: INSERT INTO `gradejz` (`username`,`name`,`time`,`subject`,`score`,`xuefen`,`id`,`flag`) VALUES ('1355010124','吴昊','2014-2015-1','大学英语(3)','75','3','30','1') [ RunTime:0.0055s ]
SQL: INSERT INTO `gradejz` (`username`,`name`,`time`,`subject`,`score`,`xuefen`,`id`,`flag`) VALUES ('1355010124','吴昊','2014-2015-1','马克思主义基本原理','67','3.5','31','1') [ RunTime:0.0054s ]
SQL: INSERT INTO `gradejz` (`username`,`name`,`time`,`subject`,`score`,`xuefen`,`id`,`flag`) VALUES ('1355010124','吴昊','2014-2015-1','大学体育(3)','87','1','32','1') [ RunTime:0.0053s ]
SQL: INSERT INTO `gradejz` (`username`,`name`,`time`,`subject`,`score`,`xuefen`,`id`,`flag`) VALUES ('1355010124','吴昊','2014-2015-1','计算机科学与技术专业认识实习','中','1','33','1') [ RunTime:0.0074s ]
SQL: INSERT INTO `gradejz` (`username`,`name`,`time`,`subject`,`score`,`xuefen`,`id`,`flag`) VALUES ('1355010124','吴昊','2014-2015-1','面向对象程序设计实训','优','1','34','1') [ RunTime:0.0051s ]
SQL: INSERT INTO `gradejz` (`username`,`name`,`time`,`subject`,`score`,`xuefen`,`id`,`flag`) VALUES ('1355010124','吴昊','2014-2015-1','计算机组成原理与接口技术课程设计','良','2','35','1') [ RunTime:0.0051s ]
SQL: INSERT INTO `gradejz` (`username`,`name`,`time`,`subject`,`score`,`xuefen`,`id`,`flag`) VALUES ('1355010124','吴昊','2014-2015-2','走进材料科学','优','1.5','36','1') [ RunTime:0.0053s ]
SQL: INSERT INTO `gradejz` (`username`,`name`,`time`,`subject`,`score`,`xuefen`,`id`,`flag`) VALUES ('1355010124','吴昊','2014-2015-2','操作系统','80','4','37','1') [ RunTime:0.0052s ]
SQL: INSERT INTO `gradejz` (`username`,`name`,`time`,`subject`,`score`,`xuefen`,`id`,`flag`) VALUES ('1355010124','吴昊','2014-2015-2','数据库系统','67','3','38','1') [ RunTime:0.0051s ]
SQL: INSERT INTO `gradejz` (`username`,`name`,`time`,`subject`,`score`,`xuefen`,`id`,`flag`) VALUES ('1355010124','吴昊','2014-2015-2','Java程序设计','90','2.5','39','1') [ RunTime:0.0050s ]
SQL: INSERT INTO `gradejz` (`username`,`name`,`time`,`subject`,`score`,`xuefen`,`id`,`flag`) VALUES ('1355010124','吴昊','2014-2015-2','大学英语(4)','76','2.5','40','1') [ RunTime:0.0174s ]
SQL: INSERT INTO `gradejz` (`username`,`name`,`time`,`subject`,`score`,`xuefen`,`id`,`flag`) VALUES ('1355010124','吴昊','2014-2015-2','毛泽东思想和中国特色社会主义理论体系概论','69','6','41','1') [ RunTime:0.0041s ]
SQL: INSERT INTO `gradejz` (`username`,`name`,`time`,`subject`,`score`,`xuefen`,`id`,`flag`) VALUES ('1355010124','吴昊','2014-2015-2','大学体育(4)','73','1','42','1') [ RunTime:0.0036s ]
SQL: INSERT INTO `gradejz` (`username`,`name`,`time`,`subject`,`score`,`xuefen`,`id`,`flag`) VALUES ('1355010124','吴昊','2014-2015-2','操作系统课程设计','中','2','43','1') [ RunTime:0.0032s ]
SQL: INSERT INTO `gradejz` (`username`,`name`,`time`,`subject`,`score`,`xuefen`,`id`,`flag`) VALUES ('1355010124','吴昊','2014-2015-2','数据库系统课程设计','良','2','44','1') [ RunTime:0.0026s ]
SQL: INSERT INTO `gradejz` (`username`,`name`,`time`,`subject`,`score`,`xuefen`,`id`,`flag`) VALUES ('1355010124','吴昊','2014-2015-2','Java程序设计实训','中','1','45','1') [ RunTime:0.0027s ]
SQL: INSERT INTO `gradejz` (`username`,`name`,`time`,`subject`,`score`,`xuefen`,`id`,`flag`) VALUES ('1355010124','吴昊','2014-2015-2','社会实践','良','2','46','1') [ RunTime:0.0025s ]
SQL: INSERT INTO `gradejz` (`username`,`name`,`time`,`subject`,`score`,`xuefen`,`id`,`flag`) VALUES ('1355010124','吴昊','2014-2015-2','创业技能学','优','1.5','47','1') [ RunTime:0.0028s ]
SQL: SELECT COUNT(*) AS tp_count FROM `gradejz` WHERE `username` = 1355010124 LIMIT 1   [ RunTime:0.0005s ]
SQL: SELECT * FROM `gradejz` WHERE `username` = 1355010124 LIMIT 0,10   [ RunTime:0.0005s ]
NOTIC: [8] Use of undefined constant grade - assumed 'grade' C:\wamp\www\hnustxl\Application\Admin\Controller\ShowController.class.php 第 120 行.
INFO: [ view_parse ] --START--
INFO: [ template_filter ] --START--
INFO: Run Behavior\ContentReplaceBehavior [ RunTime:0.000097s ]
INFO: [ template_filter ] --END-- [ RunTime:0.000217s ]
INFO: Run Behavior\ParseTemplateBehavior [ RunTime:0.013941s ]
INFO: [ view_parse ] --END-- [ RunTime:0.014073s ]
INFO: [ view_filter ] --START--
INFO: Run Behavior\WriteHtmlCacheBehavior [ RunTime:0.000673s ]
INFO: [ view_filter ] --END-- [ RunTime:0.000771s ]
INFO: [ app_end ] --START--
INFO: Run Behavior\ShowPageTraceBehavior [ RunTime:0.000702s ]
INFO: [ app_end ] --END-- [ RunTime:0.000797s ]

[ 2015-10-08T00:17:39+08:00 ] 127.0.0.1 /hnustxl/Admin/Login/logout.html
INFO: [ app_init ] --START--
INFO: Run Behavior\BuildLiteBehavior [ RunTime:0.000025s ]
INFO: [ app_init ] --END-- [ RunTime:0.000526s ]
INFO: [ app_begin ] --START--
INFO: Run Behavior\ReadHtmlCacheBehavior [ RunTime:0.000725s ]
INFO: [ app_begin ] --END-- [ RunTime:0.000838s ]

[ 2015-10-08T00:17:39+08:00 ] 127.0.0.1 /hnustxl/Admin/Login/index.html
INFO: [ app_init ] --START--
INFO: Run Behavior\BuildLiteBehavior [ RunTime:0.000034s ]
INFO: [ app_init ] --END-- [ RunTime:0.000629s ]
INFO: [ app_begin ] --START--
INFO: Run Behavior\ReadHtmlCacheBehavior [ RunTime:0.000638s ]
INFO: [ app_begin ] --END-- [ RunTime:0.000743s ]
INFO: [ view_parse ] --START--
INFO: [ template_filter ] --START--
INFO: Run Behavior\ContentReplaceBehavior [ RunTime:0.000099s ]
INFO: [ template_filter ] --END-- [ RunTime:0.000239s ]
INFO: Run Behavior\ParseTemplateBehavior [ RunTime:0.007230s ]
INFO: [ view_parse ] --END-- [ RunTime:0.007368s ]
INFO: [ view_filter ] --START--
INFO: Run Behavior\WriteHtmlCacheBehavior [ RunTime:0.000461s ]
INFO: [ view_filter ] --END-- [ RunTime:0.000577s ]
INFO: [ app_end ] --START--
INFO: Run Behavior\ShowPageTraceBehavior [ RunTime:0.000642s ]
INFO: [ app_end ] --END-- [ RunTime:0.000747s ]

[ 2015-10-08T10:37:22+08:00 ] 127.0.0.1 /hnustxl/admin/
INFO: [ app_init ] --START--
INFO: Run Behavior\BuildLiteBehavior [ RunTime:0.000049s ]
INFO: [ app_init ] --END-- [ RunTime:0.000635s ]
INFO: [ app_begin ] --START--
INFO: Run Behavior\ReadHtmlCacheBehavior [ RunTime:0.000649s ]
INFO: [ app_begin ] --END-- [ RunTime:0.000808s ]

[ 2015-10-08T10:37:22+08:00 ] 127.0.0.1 /hnustxl/Admin/Login/index.html
INFO: [ app_init ] --START--
INFO: Run Behavior\BuildLiteBehavior [ RunTime:0.000024s ]
INFO: [ app_init ] --END-- [ RunTime:0.000477s ]
INFO: [ app_begin ] --START--
INFO: Run Behavior\ReadHtmlCacheBehavior [ RunTime:0.000760s ]
INFO: [ app_begin ] --END-- [ RunTime:0.000872s ]
INFO: [ view_parse ] --START--
INFO: [ template_filter ] --START--
INFO: Run Behavior\ContentReplaceBehavior [ RunTime:0.000089s ]
INFO: [ template_filter ] --END-- [ RunTime:0.000218s ]
INFO: Run Behavior\ParseTemplateBehavior [ RunTime:0.008560s ]
INFO: [ view_parse ] --END-- [ RunTime:0.008681s ]
INFO: [ view_filter ] --START--
INFO: Run Behavior\WriteHtmlCacheBehavior [ RunTime:0.000366s ]
INFO: [ view_filter ] --END-- [ RunTime:0.000452s ]
INFO: [ app_end ] --START--
INFO: Run Behavior\ShowPageTraceBehavior [ RunTime:0.000540s ]
INFO: [ app_end ] --END-- [ RunTime:0.000662s ]

[ 2015-10-08T10:37:33+08:00 ] 127.0.0.1 /hnustxl/Admin/Login/Login.html
INFO: [ app_init ] --START--
INFO: Run Behavior\BuildLiteBehavior [ RunTime:0.000039s ]
INFO: [ app_init ] --END-- [ RunTime:0.000755s ]
INFO: [ app_begin ] --START--
INFO: Run Behavior\ReadHtmlCacheBehavior [ RunTime:0.000675s ]
INFO: [ app_begin ] --END-- [ RunTime:0.000771s ]
SQL: SHOW COLUMNS FROM `useradmin` [ RunTime:0.0041s ]
SQL: select *from useradmin where username=1355010127 [ RunTime:0.0009s ]

[ 2015-10-08T10:37:33+08:00 ] 127.0.0.1 /hnustxl/Admin/Index/index.html
INFO: [ app_init ] --START--
INFO: Run Behavior\BuildLiteBehavior [ RunTime:0.000042s ]
INFO: [ app_init ] --END-- [ RunTime:0.000666s ]
INFO: [ app_begin ] --START--
INFO: Run Behavior\ReadHtmlCacheBehavior [ RunTime:0.000637s ]
INFO: [ app_begin ] --END-- [ RunTime:0.000748s ]
INFO: [ view_parse ] --START--
INFO: [ template_filter ] --START--
INFO: Run Behavior\ContentReplaceBehavior [ RunTime:0.000140s ]
INFO: [ template_filter ] --END-- [ RunTime:0.000313s ]
INFO: Run Behavior\ParseTemplateBehavior [ RunTime:0.014131s ]
INFO: [ view_parse ] --END-- [ RunTime:0.014251s ]
INFO: [ view_filter ] --START--
INFO: Run Behavior\WriteHtmlCacheBehavior [ RunTime:0.000447s ]
INFO: [ view_filter ] --END-- [ RunTime:0.000528s ]
INFO: [ app_end ] --START--
INFO: Run Behavior\ShowPageTraceBehavior [ RunTime:0.000638s ]
INFO: [ app_end ] --END-- [ RunTime:0.000759s ]

[ 2015-10-08T10:37:34+08:00 ] 127.0.0.1 /hnustxl/Admin/Index/index.html
INFO: [ app_init ] --START--
INFO: Run Behavior\BuildLiteBehavior [ RunTime:0.000036s ]
INFO: [ app_init ] --END-- [ RunTime:0.000695s ]
INFO: [ app_begin ] --START--
INFO: Run Behavior\ReadHtmlCacheBehavior [ RunTime:0.000871s ]
INFO: [ app_begin ] --END-- [ RunTime:0.001044s ]
INFO: [ view_parse ] --START--
INFO: [ template_filter ] --START--
INFO: Run Behavior\ContentReplaceBehavior [ RunTime:0.000081s ]
INFO: [ template_filter ] --END-- [ RunTime:0.000195s ]
INFO: Run Behavior\ParseTemplateBehavior [ RunTime:0.014778s ]
INFO: [ view_parse ] --END-- [ RunTime:0.015075s ]
INFO: [ view_filter ] --START--
INFO: Run Behavior\WriteHtmlCacheBehavior [ RunTime:0.000661s ]
INFO: [ view_filter ] --END-- [ RunTime:0.000885s ]
INFO: [ app_end ] --START--
INFO: Run Behavior\ShowPageTraceBehavior [ RunTime:0.000922s ]
INFO: [ app_end ] --END-- [ RunTime:0.001093s ]

[ 2015-10-08T10:37:40+08:00 ] 127.0.0.1 /hnustxl/Admin/Show/index.html
INFO: [ app_init ] --START--
INFO: Run Behavior\BuildLiteBehavior [ RunTime:0.000041s ]
INFO: [ app_init ] --END-- [ RunTime:0.000737s ]
INFO: [ app_begin ] --START--
INFO: Run Behavior\ReadHtmlCacheBehavior [ RunTime:0.000878s ]
INFO: [ app_begin ] --END-- [ RunTime:0.001073s ]
SQL: SHOW COLUMNS FROM `useradmin` [ RunTime:0.0044s ]
SQL: SELECT COUNT(*) AS tp_count FROM `useradmin` LIMIT 1   [ RunTime:0.0003s ]
SQL: SELECT * FROM `useradmin` LIMIT 0,10   [ RunTime:0.0004s ]
INFO: [ view_parse ] --START--
INFO: [ template_filter ] --START--
INFO: Run Behavior\ContentReplaceBehavior [ RunTime:0.000091s ]
INFO: [ template_filter ] --END-- [ RunTime:0.000210s ]
INFO: Run Behavior\ParseTemplateBehavior [ RunTime:0.013879s ]
INFO: [ view_parse ] --END-- [ RunTime:0.014054s ]
INFO: [ view_filter ] --START--
INFO: Run Behavior\WriteHtmlCacheBehavior [ RunTime:0.000814s ]
INFO: [ view_filter ] --END-- [ RunTime:0.000969s ]
INFO: [ app_end ] --START--
INFO: Run Behavior\ShowPageTraceBehavior [ RunTime:0.000800s ]
INFO: [ app_end ] --END-- [ RunTime:0.000938s ]

[ 2015-10-08T10:37:42+08:00 ] 127.0.0.1 /hnustxl/Admin/Show/add.html
INFO: [ app_init ] --START--
INFO: Run Behavior\BuildLiteBehavior [ RunTime:0.000099s ]
INFO: [ app_init ] --END-- [ RunTime:0.001638s ]
INFO: [ app_begin ] --START--
INFO: Run Behavior\ReadHtmlCacheBehavior [ RunTime:0.000815s ]
INFO: [ app_begin ] --END-- [ RunTime:0.000984s ]
NOTIC: [8] Use of undefined constant add - assumed 'add' C:\wamp\www\hnustxl\Application\Admin\Controller\ShowController.class.php 第 44 行.
INFO: [ view_parse ] --START--
INFO: [ template_filter ] --START--
INFO: Run Behavior\ContentReplaceBehavior [ RunTime:0.000086s ]
INFO: [ template_filter ] --END-- [ RunTime:0.000200s ]
INFO: Run Behavior\ParseTemplateBehavior [ RunTime:0.011317s ]
INFO: [ view_parse ] --END-- [ RunTime:0.011451s ]
INFO: [ view_filter ] --START--
INFO: Run Behavior\WriteHtmlCacheBehavior [ RunTime:0.000453s ]
INFO: [ view_filter ] --END-- [ RunTime:0.000539s ]
INFO: [ app_end ] --START--
INFO: Run Behavior\ShowPageTraceBehavior [ RunTime:0.000649s ]
INFO: [ app_end ] --END-- [ RunTime:0.000738s ]

[ 2015-10-08T10:37:42+08:00 ] 127.0.0.1 /hnustxl/Admin/Show/delete1.html
INFO: [ app_init ] --START--
INFO: Run Behavior\BuildLiteBehavior [ RunTime:0.000031s ]
INFO: [ app_init ] --END-- [ RunTime:0.000500s ]
INFO: [ app_begin ] --START--
INFO: Run Behavior\ReadHtmlCacheBehavior [ RunTime:0.000769s ]
INFO: [ app_begin ] --END-- [ RunTime:0.000916s ]
NOTIC: [8] Use of undefined constant delete1 - assumed 'delete1' C:\wamp\www\hnustxl\Application\Admin\Controller\ShowController.class.php 第 86 行.
INFO: [ view_parse ] --START--
INFO: [ template_filter ] --START--
INFO: Run Behavior\ContentReplaceBehavior [ RunTime:0.000086s ]
INFO: [ template_filter ] --END-- [ RunTime:0.000236s ]
INFO: Run Behavior\ParseTemplateBehavior [ RunTime:0.011199s ]
INFO: [ view_parse ] --END-- [ RunTime:0.011354s ]
INFO: [ view_filter ] --START--
INFO: Run Behavior\WriteHtmlCacheBehavior [ RunTime:0.000505s ]
INFO: [ view_filter ] --END-- [ RunTime:0.000597s ]
INFO: [ app_end ] --START--
INFO: Run Behavior\ShowPageTraceBehavior [ RunTime:0.000641s ]
INFO: [ app_end ] --END-- [ RunTime:0.000746s ]

[ 2015-10-08T10:37:43+08:00 ] 127.0.0.1 /hnustxl/Admin/Show/backstage.html
INFO: [ app_init ] --START--
INFO: Run Behavior\BuildLiteBehavior [ RunTime:0.000024s ]
INFO: [ app_init ] --END-- [ RunTime:0.000502s ]
INFO: [ app_begin ] --START--
INFO: Run Behavior\ReadHtmlCacheBehavior [ RunTime:0.000830s ]
INFO: [ app_begin ] --END-- [ RunTime:0.001036s ]
NOTIC: [8] Use of undefined constant backstage - assumed 'backstage' C:\wamp\www\hnustxl\Application\Admin\Controller\ShowController.class.php 第 70 行.
INFO: [ view_parse ] --START--
INFO: [ template_filter ] --START--
INFO: Run Behavior\ContentReplaceBehavior [ RunTime:0.000083s ]
INFO: [ template_filter ] --END-- [ RunTime:0.000194s ]
INFO: Run Behavior\ParseTemplateBehavior [ RunTime:0.010948s ]
INFO: [ view_parse ] --END-- [ RunTime:0.011105s ]
INFO: [ view_filter ] --START--
INFO: Run Behavior\WriteHtmlCacheBehavior [ RunTime:0.000447s ]
INFO: [ view_filter ] --END-- [ RunTime:0.000546s ]
INFO: [ app_end ] --START--
INFO: Run Behavior\ShowPageTraceBehavior [ RunTime:0.000630s ]
INFO: [ app_end ] --END-- [ RunTime:0.000736s ]

[ 2015-10-08T10:37:44+08:00 ] 127.0.0.1 /hnustxl/Admin/Show/reception.html
INFO: [ app_init ] --START--
INFO: Run Behavior\BuildLiteBehavior [ RunTime:0.000024s ]
INFO: [ app_init ] --END-- [ RunTime:0.000464s ]
INFO: [ app_begin ] --START--
INFO: Run Behavior\ReadHtmlCacheBehavior [ RunTime:0.000781s ]
INFO: [ app_begin ] --END-- [ RunTime:0.000900s ]
NOTIC: [8] Use of undefined constant reception - assumed 'reception' C:\wamp\www\hnustxl\Application\Admin\Controller\ShowController.class.php 第 183 行.
INFO: [ view_parse ] --START--
INFO: [ template_filter ] --START--
INFO: Run Behavior\ContentReplaceBehavior [ RunTime:0.000084s ]
INFO: [ template_filter ] --END-- [ RunTime:0.000203s ]
INFO: Run Behavior\ParseTemplateBehavior [ RunTime:0.011474s ]
INFO: [ view_parse ] --END-- [ RunTime:0.011664s ]
INFO: [ view_filter ] --START--
INFO: Run Behavior\WriteHtmlCacheBehavior [ RunTime:0.000500s ]
INFO: [ view_filter ] --END-- [ RunTime:0.000606s ]
INFO: [ app_end ] --START--
INFO: Run Behavior\ShowPageTraceBehavior [ RunTime:0.000979s ]
INFO: [ app_end ] --END-- [ RunTime:0.001135s ]

[ 2015-10-08T10:37:44+08:00 ] 127.0.0.1 /hnustxl/Admin/Show/grade.html
INFO: [ app_init ] --START--
INFO: Run Behavior\BuildLiteBehavior [ RunTime:0.000025s ]
INFO: [ app_init ] --END-- [ RunTime:0.000512s ]
INFO: [ app_begin ] --START--
INFO: Run Behavior\ReadHtmlCacheBehavior [ RunTime:0.000629s ]
INFO: [ app_begin ] --END-- [ RunTime:0.000733s ]
NOTIC: [8] Undefined index: username1 C:\wamp\www\hnustxl\Application\Admin\Controller\ShowController.class.php 第 110 行.
SQL: SHOW COLUMNS FROM `gradejz` [ RunTime:0.0040s ]
SQL: SELECT COUNT(*) AS tp_count FROM `gradejz` WHERE `username` = null LIMIT 1   [ RunTime:0.0005s ]
SQL: SELECT * FROM `gradejz` WHERE `username` = null LIMIT 0,10   [ RunTime:0.0004s ]
NOTIC: [8] Use of undefined constant grade - assumed 'grade' C:\wamp\www\hnustxl\Application\Admin\Controller\ShowController.class.php 第 120 行.
INFO: [ view_parse ] --START--
INFO: [ template_filter ] --START--
INFO: Run Behavior\ContentReplaceBehavior [ RunTime:0.000129s ]
INFO: [ template_filter ] --END-- [ RunTime:0.000303s ]
NOTIC: [8] Undefined index: name1 C:\wamp\www\hnustxl\Application\Runtime\Cache\Admin\6d082c568bd01dcaa985e035187d3f7b.php 第 100 行.
NOTIC: [8] Undefined index: username1 C:\wamp\www\hnustxl\Application\Runtime\Cache\Admin\6d082c568bd01dcaa985e035187d3f7b.php 第 100 行.
NOTIC: [8] Undefined index: username1 C:\wamp\www\hnustxl\Application\Runtime\Cache\Admin\6d082c568bd01dcaa985e035187d3f7b.php 第 107 行.
NOTIC: [8] Undefined index: name1 C:\wamp\www\hnustxl\Application\Runtime\Cache\Admin\6d082c568bd01dcaa985e035187d3f7b.php 第 110 行.
INFO: Run Behavior\ParseTemplateBehavior [ RunTime:0.014949s ]
INFO: [ view_parse ] --END-- [ RunTime:0.015085s ]
INFO: [ view_filter ] --START--
INFO: Run Behavior\WriteHtmlCacheBehavior [ RunTime:0.000364s ]
INFO: [ view_filter ] --END-- [ RunTime:0.000453s ]
INFO: [ app_end ] --START--
INFO: Run Behavior\ShowPageTraceBehavior [ RunTime:0.000715s ]
INFO: [ app_end ] --END-- [ RunTime:0.000864s ]

[ 2015-10-08T10:37:46+08:00 ] 127.0.0.1 /hnustxl/Admin/Login/logout.html
INFO: [ app_init ] --START--
INFO: Run Behavior\BuildLiteBehavior [ RunTime:0.000045s ]
INFO: [ app_init ] --END-- [ RunTime:0.001358s ]
INFO: [ app_begin ] --START--
INFO: Run Behavior\ReadHtmlCacheBehavior [ RunTime:0.001014s ]
INFO: [ app_begin ] --END-- [ RunTime:0.001204s ]

[ 2015-10-08T10:37:46+08:00 ] 127.0.0.1 /hnustxl/Admin/Login/index.html
INFO: [ app_init ] --START--
INFO: Run Behavior\BuildLiteBehavior [ RunTime:0.000024s ]
INFO: [ app_init ] --END-- [ RunTime:0.000446s ]
INFO: [ app_begin ] --START--
INFO: Run Behavior\ReadHtmlCacheBehavior [ RunTime:0.000610s ]
INFO: [ app_begin ] --END-- [ RunTime:0.000709s ]
INFO: [ view_parse ] --START--
INFO: [ template_filter ] --START--
INFO: Run Behavior\ContentReplaceBehavior [ RunTime:0.000083s ]
INFO: [ template_filter ] --END-- [ RunTime:0.000193s ]
INFO: Run Behavior\ParseTemplateBehavior [ RunTime:0.007874s ]
INFO: [ view_parse ] --END-- [ RunTime:0.008015s ]
INFO: [ view_filter ] --START--
INFO: Run Behavior\WriteHtmlCacheBehavior [ RunTime:0.000543s ]
INFO: [ view_filter ] --END-- [ RunTime:0.000677s ]
INFO: [ app_end ] --START--
INFO: Run Behavior\ShowPageTraceBehavior [ RunTime:0.000645s ]
INFO: [ app_end ] --END-- [ RunTime:0.000739s ]

[ 2015-10-08T10:37:51+08:00 ] 127.0.0.1 /hnustxl/Admin/Login/Login.html
INFO: [ app_init ] --START--
INFO: Run Behavior\BuildLiteBehavior [ RunTime:0.000041s ]
INFO: [ app_init ] --END-- [ RunTime:0.000737s ]
INFO: [ app_begin ] --START--
INFO: Run Behavior\ReadHtmlCacheBehavior [ RunTime:0.001474s ]
INFO: [ app_begin ] --END-- [ RunTime:0.001633s ]
SQL: SHOW COLUMNS FROM `useradmin` [ RunTime:0.0041s ]
SQL: select *from useradmin where username=1305040219 [ RunTime:0.0005s ]

[ 2015-10-08T10:37:52+08:00 ] 127.0.0.1 /hnustxl/Admin/Index/index.html
INFO: [ app_init ] --START--
INFO: Run Behavior\BuildLiteBehavior [ RunTime:0.000023s ]
INFO: [ app_init ] --END-- [ RunTime:0.000442s ]
INFO: [ app_begin ] --START--
INFO: Run Behavior\ReadHtmlCacheBehavior [ RunTime:0.000588s ]
INFO: [ app_begin ] --END-- [ RunTime:0.000678s ]
INFO: [ view_parse ] --START--
INFO: [ template_filter ] --START--
INFO: Run Behavior\ContentReplaceBehavior [ RunTime:0.000152s ]
INFO: [ template_filter ] --END-- [ RunTime:0.000335s ]
INFO: Run Behavior\ParseTemplateBehavior [ RunTime:0.012269s ]
INFO: [ view_parse ] --END-- [ RunTime:0.012391s ]
INFO: [ view_filter ] --START--
INFO: Run Behavior\WriteHtmlCacheBehavior [ RunTime:0.000465s ]
INFO: [ view_filter ] --END-- [ RunTime:0.000547s ]
INFO: [ app_end ] --START--
INFO: Run Behavior\ShowPageTraceBehavior [ RunTime:0.000658s ]
INFO: [ app_end ] --END-- [ RunTime:0.000758s ]

[ 2015-10-08T10:37:52+08:00 ] 127.0.0.1 /hnustxl/Admin/Index/index.html
INFO: [ app_init ] --START--
INFO: Run Behavior\BuildLiteBehavior [ RunTime:0.000026s ]
INFO: [ app_init ] --END-- [ RunTime:0.000525s ]
INFO: [ app_begin ] --START--
INFO: Run Behavior\ReadHtmlCacheBehavior [ RunTime:0.000933s ]
INFO: [ app_begin ] --END-- [ RunTime:0.001125s ]
INFO: [ view_parse ] --START--
INFO: [ template_filter ] --START--
INFO: Run Behavior\ContentReplaceBehavior [ RunTime:0.000085s ]
INFO: [ template_filter ] --END-- [ RunTime:0.000235s ]
INFO: Run Behavior\ParseTemplateBehavior [ RunTime:0.015014s ]
INFO: [ view_parse ] --END-- [ RunTime:0.015150s ]
INFO: [ view_filter ] --START--
INFO: Run Behavior\WriteHtmlCacheBehavior [ RunTime:0.000494s ]
INFO: [ view_filter ] --END-- [ RunTime:0.000605s ]
INFO: [ app_end ] --START--
INFO: Run Behavior\ShowPageTraceBehavior [ RunTime:0.000734s ]
INFO: [ app_end ] --END-- [ RunTime:0.000842s ]

[ 2015-10-08T10:37:56+08:00 ] 127.0.0.1 /hnustxl/Admin/Show/index.html
INFO: [ app_init ] --START--
INFO: Run Behavior\BuildLiteBehavior [ RunTime:0.000073s ]
INFO: [ app_init ] --END-- [ RunTime:0.001220s ]
INFO: [ app_begin ] --START--
INFO: Run Behavior\ReadHtmlCacheBehavior [ RunTime:0.001168s ]
INFO: [ app_begin ] --END-- [ RunTime:0.001667s ]

[ 2015-10-08T10:37:56+08:00 ] 127.0.0.1 /hnustxl/Admin/Index/index.html
INFO: [ app_init ] --START--
INFO: Run Behavior\BuildLiteBehavior [ RunTime:0.000023s ]
INFO: [ app_init ] --END-- [ RunTime:0.000444s ]
INFO: [ app_begin ] --START--
INFO: Run Behavior\ReadHtmlCacheBehavior [ RunTime:0.000730s ]
INFO: [ app_begin ] --END-- [ RunTime:0.000892s ]
INFO: [ view_parse ] --START--
INFO: [ template_filter ] --START--
INFO: Run Behavior\ContentReplaceBehavior [ RunTime:0.000084s ]
INFO: [ template_filter ] --END-- [ RunTime:0.000204s ]
INFO: Run Behavior\ParseTemplateBehavior [ RunTime:0.010535s ]
INFO: [ view_parse ] --END-- [ RunTime:0.010689s ]
INFO: [ view_filter ] --START--
INFO: Run Behavior\WriteHtmlCacheBehavior [ RunTime:0.000426s ]
INFO: [ view_filter ] --END-- [ RunTime:0.000520s ]
INFO: [ app_end ] --START--
INFO: Run Behavior\ShowPageTraceBehavior [ RunTime:0.000591s ]
INFO: [ app_end ] --END-- [ RunTime:0.000689s ]

[ 2015-10-08T10:41:32+08:00 ] 127.0.0.1 /hnustxl/Admin/Show/index.html
INFO: [ app_init ] --START--
INFO: Run Behavior\BuildLiteBehavior [ RunTime:0.000030s ]
INFO: [ app_init ] --END-- [ RunTime:0.000872s ]
INFO: [ app_begin ] --START--
INFO: Run Behavior\ReadHtmlCacheBehavior [ RunTime:0.001134s ]
INFO: [ app_begin ] --END-- [ RunTime:0.001327s ]

[ 2015-10-08T10:41:32+08:00 ] 127.0.0.1 /hnustxl/Admin/Index/index.html
INFO: [ app_init ] --START--
INFO: Run Behavior\BuildLiteBehavior [ RunTime:0.000031s ]
INFO: [ app_init ] --END-- [ RunTime:0.000454s ]
INFO: [ app_begin ] --START--
INFO: Run Behavior\ReadHtmlCacheBehavior [ RunTime:0.000555s ]
INFO: [ app_begin ] --END-- [ RunTime:0.000664s ]
INFO: [ view_parse ] --START--
INFO: [ template_filter ] --START--
INFO: Run Behavior\ContentReplaceBehavior [ RunTime:0.000085s ]
INFO: [ template_filter ] --END-- [ RunTime:0.000208s ]
INFO: Run Behavior\ParseTemplateBehavior [ RunTime:0.012369s ]
INFO: [ view_parse ] --END-- [ RunTime:0.012541s ]
INFO: [ view_filter ] --START--
INFO: Run Behavior\WriteHtmlCacheBehavior [ RunTime:0.000471s ]
INFO: [ view_filter ] --END-- [ RunTime:0.000576s ]
INFO: [ app_end ] --START--
INFO: Run Behavior\ShowPageTraceBehavior [ RunTime:0.000673s ]
INFO: [ app_end ] --END-- [ RunTime:0.000769s ]

[ 2015-10-08T10:41:37+08:00 ] 127.0.0.1 /hnustxl/Admin/Show/add.html
INFO: [ app_init ] --START--
INFO: Run Behavior\BuildLiteBehavior [ RunTime:0.000031s ]
INFO: [ app_init ] --END-- [ RunTime:0.000627s ]
INFO: [ app_begin ] --START--
INFO: Run Behavior\ReadHtmlCacheBehavior [ RunTime:0.001057s ]
INFO: [ app_begin ] --END-- [ RunTime:0.001231s ]
NOTIC: [8] Use of undefined constant add - assumed 'add' C:\wamp\www\hnustxl\Application\Admin\Controller\ShowController.class.php 第 44 行.
INFO: [ view_parse ] --START--
INFO: [ template_filter ] --START--
INFO: Run Behavior\ContentReplaceBehavior [ RunTime:0.000087s ]
INFO: [ template_filter ] --END-- [ RunTime:0.000203s ]
INFO: Run Behavior\ParseTemplateBehavior [ RunTime:0.010800s ]
INFO: [ view_parse ] --END-- [ RunTime:0.010911s ]
INFO: [ view_filter ] --START--
INFO: Run Behavior\WriteHtmlCacheBehavior [ RunTime:0.000459s ]
INFO: [ view_filter ] --END-- [ RunTime:0.000553s ]
INFO: [ app_end ] --START--
INFO: Run Behavior\ShowPageTraceBehavior [ RunTime:0.000626s ]
INFO: [ app_end ] --END-- [ RunTime:0.000727s ]

[ 2015-10-08T10:41:40+08:00 ] 127.0.0.1 /hnustxl/Admin/Show/index.html
INFO: [ app_init ] --START--
INFO: Run Behavior\BuildLiteBehavior [ RunTime:0.000029s ]
INFO: [ app_init ] --END-- [ RunTime:0.000693s ]
INFO: [ app_begin ] --START--
INFO: Run Behavior\ReadHtmlCacheBehavior [ RunTime:0.000620s ]
INFO: [ app_begin ] --END-- [ RunTime:0.000737s ]

[ 2015-10-08T10:41:40+08:00 ] 127.0.0.1 /hnustxl/Admin/Index/index.html
INFO: [ app_init ] --START--
INFO: Run Behavior\BuildLiteBehavior [ RunTime:0.000025s ]
INFO: [ app_init ] --END-- [ RunTime:0.000474s ]
INFO: [ app_begin ] --START--
INFO: Run Behavior\ReadHtmlCacheBehavior [ RunTime:0.000617s ]
INFO: [ app_begin ] --END-- [ RunTime:0.000730s ]
INFO: [ view_parse ] --START--
INFO: [ template_filter ] --START--
INFO: Run Behavior\ContentReplaceBehavior [ RunTime:0.000084s ]
INFO: [ template_filter ] --END-- [ RunTime:0.000202s ]
INFO: Run Behavior\ParseTemplateBehavior [ RunTime:0.009247s ]
INFO: [ view_parse ] --END-- [ RunTime:0.009371s ]
INFO: [ view_filter ] --START--
INFO: Run Behavior\WriteHtmlCacheBehavior [ RunTime:0.000356s ]
INFO: [ view_filter ] --END-- [ RunTime:0.000444s ]
INFO: [ app_end ] --START--
INFO: Run Behavior\ShowPageTraceBehavior [ RunTime:0.000841s ]
INFO: [ app_end ] --END-- [ RunTime:0.001025s ]

[ 2015-10-08T10:42:04+08:00 ] 127.0.0.1 /hnustxl/Admin/Index/index.html
INFO: [ app_init ] --START--
INFO: Run Behavior\BuildLiteBehavior [ RunTime:0.000024s ]
INFO: [ app_init ] --END-- [ RunTime:0.000456s ]
INFO: [ app_begin ] --START--
INFO: Run Behavior\ReadHtmlCacheBehavior [ RunTime:0.000614s ]
INFO: [ app_begin ] --END-- [ RunTime:0.000718s ]
INFO: [ view_parse ] --START--
INFO: [ template_filter ] --START--
INFO: Run Behavior\ContentReplaceBehavior [ RunTime:0.000113s ]
INFO: [ template_filter ] --END-- [ RunTime:0.000398s ]
INFO: Run Behavior\ParseTemplateBehavior [ RunTime:0.008880s ]
INFO: [ view_parse ] --END-- [ RunTime:0.009002s ]
INFO: [ view_filter ] --START--
INFO: Run Behavior\WriteHtmlCacheBehavior [ RunTime:0.000381s ]
INFO: [ view_filter ] --END-- [ RunTime:0.000473s ]
INFO: [ app_end ] --START--
INFO: Run Behavior\ShowPageTraceBehavior [ RunTime:0.000601s ]
INFO: [ app_end ] --END-- [ RunTime:0.000695s ]

[ 2015-10-08T10:42:21+08:00 ] 127.0.0.1 /hnustxl/Admin/Show/add.html
INFO: [ app_init ] --START--
INFO: Run Behavior\BuildLiteBehavior [ RunTime:0.000037s ]
INFO: [ app_init ] --END-- [ RunTime:0.000683s ]
INFO: [ app_begin ] --START--
INFO: Run Behavior\ReadHtmlCacheBehavior [ RunTime:0.000800s ]
INFO: [ app_begin ] --END-- [ RunTime:0.000963s ]
NOTIC: [8] Use of undefined constant add - assumed 'add' C:\wamp\www\hnustxl\Application\Admin\Controller\ShowController.class.php 第 44 行.
INFO: [ view_parse ] --START--
INFO: [ template_filter ] --START--
INFO: Run Behavior\ContentReplaceBehavior [ RunTime:0.000089s ]
INFO: [ template_filter ] --END-- [ RunTime:0.000204s ]
INFO: Run Behavior\ParseTemplateBehavior [ RunTime:0.011198s ]
INFO: [ view_parse ] --END-- [ RunTime:0.011427s ]
INFO: [ view_filter ] --START--
INFO: Run Behavior\WriteHtmlCacheBehavior [ RunTime:0.000586s ]
INFO: [ view_filter ] --END-- [ RunTime:0.000681s ]
INFO: [ app_end ] --START--
INFO: Run Behavior\ShowPageTraceBehavior [ RunTime:0.000679s ]
INFO: [ app_end ] --END-- [ RunTime:0.000816s ]

[ 2015-10-08T10:42:24+08:00 ] 127.0.0.1 /hnustxl/Admin/Show/index.html
INFO: [ app_init ] --START--
INFO: Run Behavior\BuildLiteBehavior [ RunTime:0.000028s ]
INFO: [ app_init ] --END-- [ RunTime:0.000828s ]
INFO: [ app_begin ] --START--
INFO: Run Behavior\ReadHtmlCacheBehavior [ RunTime:0.001073s ]
INFO: [ app_begin ] --END-- [ RunTime:0.001230s ]

[ 2015-10-08T10:42:24+08:00 ] 127.0.0.1 /hnustxl/Admin/Index/index.html
INFO: [ app_init ] --START--
INFO: Run Behavior\BuildLiteBehavior [ RunTime:0.000024s ]
INFO: [ app_init ] --END-- [ RunTime:0.000458s ]
INFO: [ app_begin ] --START--
INFO: Run Behavior\ReadHtmlCacheBehavior [ RunTime:0.000560s ]
INFO: [ app_begin ] --END-- [ RunTime:0.000662s ]
INFO: [ view_parse ] --START--
INFO: [ template_filter ] --START--
INFO: Run Behavior\ContentReplaceBehavior [ RunTime:0.000089s ]
INFO: [ template_filter ] --END-- [ RunTime:0.000194s ]
INFO: Run Behavior\ParseTemplateBehavior [ RunTime:0.008581s ]
INFO: [ view_parse ] --END-- [ RunTime:0.008699s ]
INFO: [ view_filter ] --START--
INFO: Run Behavior\WriteHtmlCacheBehavior [ RunTime:0.000546s ]
INFO: [ view_filter ] --END-- [ RunTime:0.000667s ]
INFO: [ app_end ] --START--
INFO: Run Behavior\ShowPageTraceBehavior [ RunTime:0.000787s ]
INFO: [ app_end ] --END-- [ RunTime:0.000974s ]

[ 2015-10-08T10:47:10+08:00 ] 127.0.0.1 /hnustxl/Admin/Show/add.html
INFO: [ app_init ] --START--
INFO: Run Behavior\BuildLiteBehavior [ RunTime:0.000045s ]
INFO: [ app_init ] --END-- [ RunTime:0.000958s ]
INFO: [ app_begin ] --START--
INFO: Run Behavior\ReadHtmlCacheBehavior [ RunTime:0.000724s ]
INFO: [ app_begin ] --END-- [ RunTime:0.000850s ]
NOTIC: [8] Use of undefined constant add - assumed 'add' C:\wamp\www\hnustxl\Application\Admin\Controller\ShowController.class.php 第 44 行.
INFO: [ view_parse ] --START--
INFO: [ template_filter ] --START--
INFO: Run Behavior\ContentReplaceBehavior [ RunTime:0.000107s ]
INFO: [ template_filter ] --END-- [ RunTime:0.000254s ]
INFO: Run Behavior\ParseTemplateBehavior [ RunTime:0.010300s ]
INFO: [ view_parse ] --END-- [ RunTime:0.010412s ]
INFO: [ view_filter ] --START--
INFO: Run Behavior\WriteHtmlCacheBehavior [ RunTime:0.000514s ]
INFO: [ view_filter ] --END-- [ RunTime:0.000644s ]
INFO: [ app_end ] --START--
INFO: Run Behavior\ShowPageTraceBehavior [ RunTime:0.000736s ]
INFO: [ app_end ] --END-- [ RunTime:0.000865s ]

[ 2015-10-08T10:47:27+08:00 ] 127.0.0.1 /hnustxl/Admin/Show/reception.html
INFO: [ app_init ] --START--
INFO: Run Behavior\BuildLiteBehavior [ RunTime:0.000025s ]
INFO: [ app_init ] --END-- [ RunTime:0.000531s ]
INFO: [ app_begin ] --START--
INFO: Run Behavior\ReadHtmlCacheBehavior [ RunTime:0.000635s ]
INFO: [ app_begin ] --END-- [ RunTime:0.000754s ]
NOTIC: [8] Use of undefined constant reception - assumed 'reception' C:\wamp\www\hnustxl\Application\Admin\Controller\ShowController.class.php 第 183 行.
INFO: [ view_parse ] --START--
INFO: [ template_filter ] --START--
INFO: Run Behavior\ContentReplaceBehavior [ RunTime:0.000103s ]
INFO: [ template_filter ] --END-- [ RunTime:0.000218s ]
INFO: Run Behavior\ParseTemplateBehavior [ RunTime:0.010230s ]
INFO: [ view_parse ] --END-- [ RunTime:0.010387s ]
INFO: [ view_filter ] --START--
INFO: Run Behavior\WriteHtmlCacheBehavior [ RunTime:0.000503s ]
INFO: [ view_filter ] --END-- [ RunTime:0.000595s ]
INFO: [ app_end ] --START--
INFO: Run Behavior\ShowPageTraceBehavior [ RunTime:0.000589s ]
INFO: [ app_end ] --END-- [ RunTime:0.000685s ]

[ 2015-10-08T10:47:37+08:00 ] 127.0.0.1 /hnustxl/Admin/Show/add.html
INFO: [ app_init ] --START--
INFO: Run Behavior\BuildLiteBehavior [ RunTime:0.000062s ]
INFO: [ app_init ] --END-- [ RunTime:0.001244s ]
INFO: [ app_begin ] --START--
INFO: Run Behavior\ReadHtmlCacheBehavior [ RunTime:0.000707s ]
INFO: [ app_begin ] --END-- [ RunTime:0.000854s ]
NOTIC: [8] Use of undefined constant add - assumed 'add' C:\wamp\www\hnustxl\Application\Admin\Controller\ShowController.class.php 第 44 行.
INFO: [ view_parse ] --START--
INFO: [ template_filter ] --START--
INFO: Run Behavior\ContentReplaceBehavior [ RunTime:0.000084s ]
INFO: [ template_filter ] --END-- [ RunTime:0.000192s ]
INFO: Run Behavior\ParseTemplateBehavior [ RunTime:0.008708s ]
INFO: [ view_parse ] --END-- [ RunTime:0.008814s ]
INFO: [ view_filter ] --START--
INFO: Run Behavior\WriteHtmlCacheBehavior [ RunTime:0.000391s ]
INFO: [ view_filter ] --END-- [ RunTime:0.000479s ]
INFO: [ app_end ] --START--
INFO: Run Behavior\ShowPageTraceBehavior [ RunTime:0.000771s ]
INFO: [ app_end ] --END-- [ RunTime:0.000955s ]

[ 2015-10-08T10:47:40+08:00 ] 127.0.0.1 /hnustxl/Admin/Show/grade.html
INFO: [ app_init ] --START--
INFO: Run Behavior\BuildLiteBehavior [ RunTime:0.000038s ]
INFO: [ app_init ] --END-- [ RunTime:0.001286s ]
INFO: [ app_begin ] --START--
INFO: Run Behavior\ReadHtmlCacheBehavior [ RunTime:0.000777s ]
INFO: [ app_begin ] --END-- [ RunTime:0.000932s ]
NOTIC: [8] Undefined index: username1 C:\wamp\www\hnustxl\Application\Admin\Controller\ShowController.class.php 第 110 行.
SQL: SHOW COLUMNS FROM `gradejz` [ RunTime:0.0038s ]
SQL: SELECT COUNT(*) AS tp_count FROM `gradejz` WHERE `username` = null LIMIT 1   [ RunTime:0.0005s ]
SQL: SELECT * FROM `gradejz` WHERE `username` = null LIMIT 0,10   [ RunTime:0.0005s ]
NOTIC: [8] Use of undefined constant grade - assumed 'grade' C:\wamp\www\hnustxl\Application\Admin\Controller\ShowController.class.php 第 120 行.
INFO: [ view_parse ] --START--
INFO: [ template_filter ] --START--
INFO: Run Behavior\ContentReplaceBehavior [ RunTime:0.000085s ]
INFO: [ template_filter ] --END-- [ RunTime:0.000188s ]
NOTIC: [8] Undefined index: name1 C:\wamp\www\hnustxl\Application\Runtime\Cache\Admin\6d082c568bd01dcaa985e035187d3f7b.php 第 98 行.
NOTIC: [8] Undefined index: username1 C:\wamp\www\hnustxl\Application\Runtime\Cache\Admin\6d082c568bd01dcaa985e035187d3f7b.php 第 98 行.
NOTIC: [8] Undefined index: username1 C:\wamp\www\hnustxl\Application\Runtime\Cache\Admin\6d082c568bd01dcaa985e035187d3f7b.php 第 105 行.
NOTIC: [8] Undefined index: name1 C:\wamp\www\hnustxl\Application\Runtime\Cache\Admin\6d082c568bd01dcaa985e035187d3f7b.php 第 108 行.
INFO: Run Behavior\ParseTemplateBehavior [ RunTime:0.012510s ]
INFO: [ view_parse ] --END-- [ RunTime:0.012626s ]
INFO: [ view_filter ] --START--
INFO: Run Behavior\WriteHtmlCacheBehavior [ RunTime:0.000360s ]
INFO: [ view_filter ] --END-- [ RunTime:0.000460s ]
INFO: [ app_end ] --START--
INFO: Run Behavior\ShowPageTraceBehavior [ RunTime:0.000583s ]
INFO: [ app_end ] --END-- [ RunTime:0.000674s ]

[ 2015-10-08T10:47:41+08:00 ] 127.0.0.1 /hnustxl/Admin/Show/info.html
INFO: [ app_init ] --START--
INFO: Run Behavior\BuildLiteBehavior [ RunTime:0.000024s ]
INFO: [ app_init ] --END-- [ RunTime:0.000508s ]
INFO: [ app_begin ] --START--
INFO: Run Behavior\ReadHtmlCacheBehavior [ RunTime:0.001481s ]
INFO: [ app_begin ] --END-- [ RunTime:0.001613s ]
NOTIC: [8] Undefined index: name2 C:\wamp\www\hnustxl\Application\Admin\Controller\ShowController.class.php 第 156 行.
SQL: SHOW COLUMNS FROM `info` [ RunTime:0.0043s ]
SQL: SELECT * FROM `info` WHERE `name` = null  [ RunTime:0.0005s ]
NOTIC: [8] Use of undefined constant info - assumed 'info' C:\wamp\www\hnustxl\Application\Admin\Controller\ShowController.class.php 第 160 行.
INFO: [ view_parse ] --START--
INFO: [ template_filter ] --START--
INFO: Run Behavior\ContentReplaceBehavior [ RunTime:0.000086s ]
INFO: [ template_filter ] --END-- [ RunTime:0.000199s ]
INFO: Run Behavior\ParseTemplateBehavior [ RunTime:0.011892s ]
INFO: [ view_parse ] --END-- [ RunTime:0.012005s ]
INFO: [ view_filter ] --START--
INFO: Run Behavior\WriteHtmlCacheBehavior [ RunTime:0.000408s ]
INFO: [ view_filter ] --END-- [ RunTime:0.000505s ]
INFO: [ app_end ] --START--
INFO: Run Behavior\ShowPageTraceBehavior [ RunTime:0.000575s ]
INFO: [ app_end ] --END-- [ RunTime:0.000670s ]

[ 2015-10-08T10:47:43+08:00 ] 127.0.0.1 /hnustxl/Admin/Show/add.html
INFO: [ app_init ] --START--
INFO: Run Behavior\BuildLiteBehavior [ RunTime:0.000024s ]
INFO: [ app_init ] --END-- [ RunTime:0.000565s ]
INFO: [ app_begin ] --START--
INFO: Run Behavior\ReadHtmlCacheBehavior [ RunTime:0.000605s ]
INFO: [ app_begin ] --END-- [ RunTime:0.000709s ]
NOTIC: [8] Use of undefined constant add - assumed 'add' C:\wamp\www\hnustxl\Application\Admin\Controller\ShowController.class.php 第 44 行.
INFO: [ view_parse ] --START--
INFO: [ template_filter ] --START--
INFO: Run Behavior\ContentReplaceBehavior [ RunTime:0.000090s ]
INFO: [ template_filter ] --END-- [ RunTime:0.000207s ]
INFO: Run Behavior\ParseTemplateBehavior [ RunTime:0.010203s ]
INFO: [ view_parse ] --END-- [ RunTime:0.010309s ]
INFO: [ view_filter ] --START--
INFO: Run Behavior\WriteHtmlCacheBehavior [ RunTime:0.000382s ]
INFO: [ view_filter ] --END-- [ RunTime:0.000472s ]
INFO: [ app_end ] --START--
INFO: Run Behavior\ShowPageTraceBehavior [ RunTime:0.000569s ]
INFO: [ app_end ] --END-- [ RunTime:0.000663s ]

[ 2015-10-08T10:47:57+08:00 ] 127.0.0.1 /hnustxl/Admin/Show/delete1
INFO: [ app_init ] --START--
INFO: Run Behavior\BuildLiteBehavior [ RunTime:0.000103s ]
INFO: [ app_init ] --END-- [ RunTime:0.000761s ]
INFO: [ app_begin ] --START--
INFO: Run Behavior\ReadHtmlCacheBehavior [ RunTime:0.002070s ]
INFO: [ app_begin ] --END-- [ RunTime:0.002444s ]

[ 2015-10-08T10:47:57+08:00 ] 127.0.0.1 /hnustxl/Admin/Index/index.html
INFO: [ app_init ] --START--
INFO: Run Behavior\BuildLiteBehavior [ RunTime:0.000025s ]
INFO: [ app_init ] --END-- [ RunTime:0.000461s ]
INFO: [ app_begin ] --START--
INFO: Run Behavior\ReadHtmlCacheBehavior [ RunTime:0.000648s ]
INFO: [ app_begin ] --END-- [ RunTime:0.000758s ]
INFO: [ view_parse ] --START--
INFO: [ template_filter ] --START--
INFO: Run Behavior\ContentReplaceBehavior [ RunTime:0.000083s ]
INFO: [ template_filter ] --END-- [ RunTime:0.000198s ]
INFO: Run Behavior\ParseTemplateBehavior [ RunTime:0.010894s ]
INFO: [ view_parse ] --END-- [ RunTime:0.011014s ]
INFO: [ view_filter ] --START--
INFO: Run Behavior\WriteHtmlCacheBehavior [ RunTime:0.000519s ]
INFO: [ view_filter ] --END-- [ RunTime:0.000647s ]
INFO: [ app_end ] --START--
INFO: Run Behavior\ShowPageTraceBehavior [ RunTime:0.000710s ]
INFO: [ app_end ] --END-- [ RunTime:0.000844s ]

[ 2015-10-08T10:48:04+08:00 ] 127.0.0.1 /hnustxl/Admin/Show/add.html
INFO: [ app_init ] --START--
INFO: Run Behavior\BuildLiteBehavior [ RunTime:0.000025s ]
INFO: [ app_init ] --END-- [ RunTime:0.000511s ]
INFO: [ app_begin ] --START--
INFO: Run Behavior\ReadHtmlCacheBehavior [ RunTime:0.000851s ]
INFO: [ app_begin ] --END-- [ RunTime:0.000991s ]
NOTIC: [8] Use of undefined constant add - assumed 'add' C:\wamp\www\hnustxl\Application\Admin\Controller\ShowController.class.php 第 44 行.
INFO: [ view_parse ] --START--
INFO: [ template_filter ] --START--
INFO: Run Behavior\ContentReplaceBehavior [ RunTime:0.000089s ]
INFO: [ template_filter ] --END-- [ RunTime:0.000207s ]
INFO: Run Behavior\ParseTemplateBehavior [ RunTime:0.009833s ]
INFO: [ view_parse ] --END-- [ RunTime:0.009944s ]
INFO: [ view_filter ] --START--
INFO: Run Behavior\WriteHtmlCacheBehavior [ RunTime:0.000473s ]
INFO: [ view_filter ] --END-- [ RunTime:0.000571s ]
INFO: [ app_end ] --START--
INFO: Run Behavior\ShowPageTraceBehavior [ RunTime:0.000708s ]
INFO: [ app_end ] --END-- [ RunTime:0.001001s ]

[ 2015-10-08T10:48:15+08:00 ] 127.0.0.1 /hnustxl/Admin/Show/index.html
INFO: [ app_init ] --START--
INFO: Run Behavior\BuildLiteBehavior [ RunTime:0.000043s ]
INFO: [ app_init ] --END-- [ RunTime:0.000673s ]
INFO: [ app_begin ] --START--
INFO: Run Behavior\ReadHtmlCacheBehavior [ RunTime:0.001315s ]
INFO: [ app_begin ] --END-- [ RunTime:0.001576s ]

[ 2015-10-08T10:48:15+08:00 ] 127.0.0.1 /hnustxl/Admin/Index/index.html
INFO: [ app_init ] --START--
INFO: Run Behavior\BuildLiteBehavior [ RunTime:0.000024s ]
INFO: [ app_init ] --END-- [ RunTime:0.000470s ]
INFO: [ app_begin ] --START--
INFO: Run Behavior\ReadHtmlCacheBehavior [ RunTime:0.000626s ]
INFO: [ app_begin ] --END-- [ RunTime:0.000744s ]
INFO: [ view_parse ] --START--
INFO: [ template_filter ] --START--
INFO: Run Behavior\ContentReplaceBehavior [ RunTime:0.000083s ]
INFO: [ template_filter ] --END-- [ RunTime:0.000207s ]
INFO: Run Behavior\ParseTemplateBehavior [ RunTime:0.008854s ]
INFO: [ view_parse ] --END-- [ RunTime:0.008966s ]
INFO: [ view_filter ] --START--
INFO: Run Behavior\WriteHtmlCacheBehavior [ RunTime:0.000449s ]
INFO: [ view_filter ] --END-- [ RunTime:0.000541s ]
INFO: [ app_end ] --START--
INFO: Run Behavior\ShowPageTraceBehavior [ RunTime:0.000702s ]
INFO: [ app_end ] --END-- [ RunTime:0.000795s ]

[ 2015-10-08T10:48:36+08:00 ] 127.0.0.1 /hnustxl/Admin/Login/logout.html
INFO: [ app_init ] --START--
INFO: Run Behavior\BuildLiteBehavior [ RunTime:0.000040s ]
INFO: [ app_init ] --END-- [ RunTime:0.000662s ]
INFO: [ app_begin ] --START--
INFO: Run Behavior\ReadHtmlCacheBehavior [ RunTime:0.000873s ]
INFO: [ app_begin ] --END-- [ RunTime:0.001055s ]

[ 2015-10-08T10:48:36+08:00 ] 127.0.0.1 /hnustxl/Admin/Login/index.html
INFO: [ app_init ] --START--
INFO: Run Behavior\BuildLiteBehavior [ RunTime:0.000026s ]
INFO: [ app_init ] --END-- [ RunTime:0.000473s ]
INFO: [ app_begin ] --START--
INFO: Run Behavior\ReadHtmlCacheBehavior [ RunTime:0.000821s ]
INFO: [ app_begin ] --END-- [ RunTime:0.000979s ]
INFO: [ view_parse ] --START--
INFO: [ template_filter ] --START--
INFO: Run Behavior\ContentReplaceBehavior [ RunTime:0.000082s ]
INFO: [ template_filter ] --END-- [ RunTime:0.000195s ]
INFO: Run Behavior\ParseTemplateBehavior [ RunTime:0.008065s ]
INFO: [ view_parse ] --END-- [ RunTime:0.008201s ]
INFO: [ view_filter ] --START--
INFO: Run Behavior\WriteHtmlCacheBehavior [ RunTime:0.000338s ]
INFO: [ view_filter ] --END-- [ RunTime:0.000424s ]
INFO: [ app_end ] --START--
INFO: Run Behavior\ShowPageTraceBehavior [ RunTime:0.000575s ]
INFO: [ app_end ] --END-- [ RunTime:0.000663s ]

[ 2015-10-08T17:59:04+08:00 ] 127.0.0.1 /hnustxl/admin/login/index.html
INFO: [ app_init ] --START--
INFO: Run Behavior\BuildLiteBehavior [ RunTime:0.000042s ]
INFO: [ app_init ] --END-- [ RunTime:0.001152s ]
INFO: [ app_begin ] --START--
INFO: Run Behavior\ReadHtmlCacheBehavior [ RunTime:0.000988s ]
INFO: [ app_begin ] --END-- [ RunTime:0.001150s ]
INFO: [ view_parse ] --START--
INFO: [ template_filter ] --START--
INFO: Run Behavior\ContentReplaceBehavior [ RunTime:0.000089s ]
INFO: [ template_filter ] --END-- [ RunTime:0.000202s ]
INFO: Run Behavior\ParseTemplateBehavior [ RunTime:0.007614s ]
INFO: [ view_parse ] --END-- [ RunTime:0.007728s ]
INFO: [ view_filter ] --START--
INFO: Run Behavior\WriteHtmlCacheBehavior [ RunTime:0.000466s ]
INFO: [ view_filter ] --END-- [ RunTime:0.000559s ]
INFO: [ app_end ] --START--
INFO: Run Behavior\ShowPageTraceBehavior [ RunTime:0.001485s ]
INFO: [ app_end ] --END-- [ RunTime:0.001610s ]

[ 2015-10-08T17:59:27+08:00 ] 127.0.0.1 /hnustxl/Admin/Login/Login.html
INFO: [ app_init ] --START--
INFO: Run Behavior\BuildLiteBehavior [ RunTime:0.000023s ]
INFO: [ app_init ] --END-- [ RunTime:0.000534s ]
INFO: [ app_begin ] --START--
INFO: Run Behavior\ReadHtmlCacheBehavior [ RunTime:0.000673s ]
INFO: [ app_begin ] --END-- [ RunTime:0.000762s ]
SQL: SHOW COLUMNS FROM `useradmin` [ RunTime:0.0054s ]
SQL: select *from useradmin where username=1355010127 [ RunTime:0.0005s ]

[ 2015-10-08T17:59:27+08:00 ] 127.0.0.1 /hnustxl/Admin/Index/index.html
INFO: [ app_init ] --START--
INFO: Run Behavior\BuildLiteBehavior [ RunTime:0.000041s ]
INFO: [ app_init ] --END-- [ RunTime:0.000728s ]
INFO: [ app_begin ] --START--
INFO: Run Behavior\ReadHtmlCacheBehavior [ RunTime:0.000564s ]
INFO: [ app_begin ] --END-- [ RunTime:0.000660s ]
INFO: [ view_parse ] --START--
INFO: [ template_filter ] --START--
INFO: Run Behavior\ContentReplaceBehavior [ RunTime:0.000189s ]
INFO: [ template_filter ] --END-- [ RunTime:0.000413s ]
INFO: Run Behavior\ParseTemplateBehavior [ RunTime:0.011479s ]
INFO: [ view_parse ] --END-- [ RunTime:0.011584s ]
INFO: [ view_filter ] --START--
INFO: Run Behavior\WriteHtmlCacheBehavior [ RunTime:0.000545s ]
INFO: [ view_filter ] --END-- [ RunTime:0.000625s ]
INFO: [ app_end ] --START--
INFO: Run Behavior\ShowPageTraceBehavior [ RunTime:0.000662s ]
INFO: [ app_end ] --END-- [ RunTime:0.000758s ]

[ 2015-10-08T17:59:27+08:00 ] 127.0.0.1 /hnustxl/Admin/Index/index.html
INFO: [ app_init ] --START--
INFO: Run Behavior\BuildLiteBehavior [ RunTime:0.000025s ]
INFO: [ app_init ] --END-- [ RunTime:0.000525s ]
INFO: [ app_begin ] --START--
INFO: Run Behavior\ReadHtmlCacheBehavior [ RunTime:0.000567s ]
INFO: [ app_begin ] --END-- [ RunTime:0.000671s ]
INFO: [ view_parse ] --START--
INFO: [ template_filter ] --START--
INFO: Run Behavior\ContentReplaceBehavior [ RunTime:0.000102s ]
INFO: [ template_filter ] --END-- [ RunTime:0.000241s ]
INFO: Run Behavior\ParseTemplateBehavior [ RunTime:0.014030s ]
INFO: [ view_parse ] --END-- [ RunTime:0.014212s ]
INFO: [ view_filter ] --START--
INFO: Run Behavior\WriteHtmlCacheBehavior [ RunTime:0.000379s ]
INFO: [ view_filter ] --END-- [ RunTime:0.000470s ]
INFO: [ app_end ] --START--
INFO: Run Behavior\ShowPageTraceBehavior [ RunTime:0.000618s ]
INFO: [ app_end ] --END-- [ RunTime:0.000711s ]

[ 2015-10-08T18:04:39+08:00 ] 127.0.0.1 /hnustxl/Admin/Show/info.html
INFO: [ app_init ] --START--
INFO: Run Behavior\BuildLiteBehavior [ RunTime:0.000024s ]
INFO: [ app_init ] --END-- [ RunTime:0.000543s ]
INFO: [ app_begin ] --START--
INFO: Run Behavior\ReadHtmlCacheBehavior [ RunTime:0.000725s ]
INFO: [ app_begin ] --END-- [ RunTime:0.000838s ]
NOTIC: [8] Undefined index: gg C:\wamp\www\hnustxl\Application\Admin\Controller\ShowController.class.php 第 171 行.
NOTIC: [8] Undefined index: username2 C:\wamp\www\hnustxl\Application\Admin\Controller\ShowController.class.php 第 174 行.
SQL: SHOW COLUMNS FROM `info` [ RunTime:0.0038s ]
SQL: SELECT * FROM `info` WHERE `username` = null  [ RunTime:0.0040s ]
NOTIC: [8] Use of undefined constant info - assumed 'info' C:\wamp\www\hnustxl\Application\Admin\Controller\ShowController.class.php 第 182 行.
INFO: [ view_parse ] --START--
INFO: [ template_filter ] --START--
INFO: Run Behavior\ContentReplaceBehavior [ RunTime:0.000092s ]
INFO: [ template_filter ] --END-- [ RunTime:0.000202s ]
INFO: Run Behavior\ParseTemplateBehavior [ RunTime:0.012983s ]
INFO: [ view_parse ] --END-- [ RunTime:0.013112s ]
INFO: [ view_filter ] --START--
INFO: Run Behavior\WriteHtmlCacheBehavior [ RunTime:0.000873s ]
INFO: [ view_filter ] --END-- [ RunTime:0.000980s ]
INFO: [ app_end ] --START--
INFO: Run Behavior\ShowPageTraceBehavior [ RunTime:0.000748s ]
INFO: [ app_end ] --END-- [ RunTime:0.000856s ]

[ 2015-10-08T18:11:16+08:00 ] 127.0.0.1 /hnustxl/admin/
INFO: [ app_init ] --START--
INFO: Run Behavior\BuildLiteBehavior [ RunTime:0.000023s ]
INFO: [ app_init ] --END-- [ RunTime:0.000564s ]
INFO: [ app_begin ] --START--
INFO: Run Behavior\ReadHtmlCacheBehavior [ RunTime:0.000749s ]
INFO: [ app_begin ] --END-- [ RunTime:0.000863s ]

[ 2015-10-08T18:11:16+08:00 ] 127.0.0.1 /hnustxl/Admin/Login/index.html
INFO: [ app_init ] --START--
INFO: Run Behavior\BuildLiteBehavior [ RunTime:0.000024s ]
INFO: [ app_init ] --END-- [ RunTime:0.000507s ]
INFO: [ app_begin ] --START--
INFO: Run Behavior\ReadHtmlCacheBehavior [ RunTime:0.000597s ]
INFO: [ app_begin ] --END-- [ RunTime:0.000696s ]
INFO: [ view_parse ] --START--
INFO: [ template_filter ] --START--
INFO: Run Behavior\ContentReplaceBehavior [ RunTime:0.000095s ]
INFO: [ template_filter ] --END-- [ RunTime:0.000222s ]
INFO: Run Behavior\ParseTemplateBehavior [ RunTime:0.008175s ]
INFO: [ view_parse ] --END-- [ RunTime:0.008337s ]
INFO: [ view_filter ] --START--
INFO: Run Behavior\WriteHtmlCacheBehavior [ RunTime:0.000488s ]
INFO: [ view_filter ] --END-- [ RunTime:0.000585s ]
INFO: [ app_end ] --START--
INFO: Run Behavior\ShowPageTraceBehavior [ RunTime:0.000677s ]
INFO: [ app_end ] --END-- [ RunTime:0.000780s ]

[ 2015-10-08T18:11:23+08:00 ] 127.0.0.1 /hnustxl/Admin/Login/Login.html
INFO: [ app_init ] --START--
INFO: Run Behavior\BuildLiteBehavior [ RunTime:0.000049s ]
INFO: [ app_init ] --END-- [ RunTime:0.001054s ]
INFO: [ app_begin ] --START--
INFO: Run Behavior\ReadHtmlCacheBehavior [ RunTime:0.000952s ]
INFO: [ app_begin ] --END-- [ RunTime:0.001129s ]
SQL: SHOW COLUMNS FROM `useradmin` [ RunTime:0.0117s ]
SQL: select *from useradmin where username=1355010127 [ RunTime:0.0008s ]

[ 2015-10-08T18:11:23+08:00 ] 127.0.0.1 /hnustxl/Admin/Index/index.html
INFO: [ app_init ] --START--
INFO: Run Behavior\BuildLiteBehavior [ RunTime:0.000026s ]
INFO: [ app_init ] --END-- [ RunTime:0.000423s ]
INFO: [ app_begin ] --START--
INFO: Run Behavior\ReadHtmlCacheBehavior [ RunTime:0.000546s ]
INFO: [ app_begin ] --END-- [ RunTime:0.000643s ]
INFO: [ view_parse ] --START--
INFO: [ template_filter ] --START--
INFO: Run Behavior\ContentReplaceBehavior [ RunTime:0.000136s ]
INFO: [ template_filter ] --END-- [ RunTime:0.000310s ]
INFO: Run Behavior\ParseTemplateBehavior [ RunTime:0.015632s ]
INFO: [ view_parse ] --END-- [ RunTime:0.015793s ]
INFO: [ view_filter ] --START--
INFO: Run Behavior\WriteHtmlCacheBehavior [ RunTime:0.000629s ]
INFO: [ view_filter ] --END-- [ RunTime:0.000718s ]
INFO: [ app_end ] --START--
INFO: Run Behavior\ShowPageTraceBehavior [ RunTime:0.000681s ]
INFO: [ app_end ] --END-- [ RunTime:0.000768s ]

[ 2015-10-08T18:11:23+08:00 ] 127.0.0.1 /hnustxl/Admin/Index/index.html
INFO: [ app_init ] --START--
INFO: Run Behavior\BuildLiteBehavior [ RunTime:0.000023s ]
INFO: [ app_init ] --END-- [ RunTime:0.000434s ]
INFO: [ app_begin ] --START--
INFO: Run Behavior\ReadHtmlCacheBehavior [ RunTime:0.000549s ]
INFO: [ app_begin ] --END-- [ RunTime:0.000651s ]
INFO: [ view_parse ] --START--
INFO: [ template_filter ] --START--
INFO: Run Behavior\ContentReplaceBehavior [ RunTime:0.000084s ]
INFO: [ template_filter ] --END-- [ RunTime:0.000221s ]
INFO: Run Behavior\ParseTemplateBehavior [ RunTime:0.013431s ]
INFO: [ view_parse ] --END-- [ RunTime:0.013558s ]
INFO: [ view_filter ] --START--
INFO: Run Behavior\WriteHtmlCacheBehavior [ RunTime:0.000551s ]
INFO: [ view_filter ] --END-- [ RunTime:0.000692s ]
INFO: [ app_end ] --START--
INFO: Run Behavior\ShowPageTraceBehavior [ RunTime:0.000873s ]
INFO: [ app_end ] --END-- [ RunTime:0.001007s ]

[ 2015-10-08T18:11:26+08:00 ] 127.0.0.1 /hnustxl/Admin/Show/grade.html
INFO: [ app_init ] --START--
INFO: Run Behavior\BuildLiteBehavior [ RunTime:0.000026s ]
INFO: [ app_init ] --END-- [ RunTime:0.000538s ]
INFO: [ app_begin ] --START--
INFO: Run Behavior\ReadHtmlCacheBehavior [ RunTime:0.000818s ]
INFO: [ app_begin ] --END-- [ RunTime:0.000994s ]
NOTIC: [8] Undefined index: username1 C:\wamp\www\hnustxl\Application\Admin\Controller\ShowController.class.php 第 110 行.
SQL: SHOW COLUMNS FROM `gradejz` [ RunTime:0.0068s ]
SQL: SELECT COUNT(*) AS tp_count FROM `gradejz` WHERE `username` = null LIMIT 1   [ RunTime:0.0008s ]
SQL: SELECT * FROM `gradejz` WHERE `username` = null LIMIT 0,10   [ RunTime:0.0006s ]
NOTIC: [8] Use of undefined constant grade - assumed 'grade' C:\wamp\www\hnustxl\Application\Admin\Controller\ShowController.class.php 第 120 行.
INFO: [ view_parse ] --START--
INFO: [ template_filter ] --START--
INFO: Run Behavior\ContentReplaceBehavior [ RunTime:0.000118s ]
INFO: [ template_filter ] --END-- [ RunTime:0.000289s ]
NOTIC: [8] Undefined index: name1 C:\wamp\www\hnustxl\Application\Runtime\Cache\Admin\6d082c568bd01dcaa985e035187d3f7b.php 第 98 行.
NOTIC: [8] Undefined index: username1 C:\wamp\www\hnustxl\Application\Runtime\Cache\Admin\6d082c568bd01dcaa985e035187d3f7b.php 第 98 行.
NOTIC: [8] Undefined index: username1 C:\wamp\www\hnustxl\Application\Runtime\Cache\Admin\6d082c568bd01dcaa985e035187d3f7b.php 第 105 行.
NOTIC: [8] Undefined index: name1 C:\wamp\www\hnustxl\Application\Runtime\Cache\Admin\6d082c568bd01dcaa985e035187d3f7b.php 第 108 行.
INFO: Run Behavior\ParseTemplateBehavior [ RunTime:0.013824s ]
INFO: [ view_parse ] --END-- [ RunTime:0.013963s ]
INFO: [ view_filter ] --START--
INFO: Run Behavior\WriteHtmlCacheBehavior [ RunTime:0.000598s ]
INFO: [ view_filter ] --END-- [ RunTime:0.000692s ]
INFO: [ app_end ] --START--
INFO: Run Behavior\ShowPageTraceBehavior [ RunTime:0.000742s ]
INFO: [ app_end ] --END-- [ RunTime:0.000832s ]

[ 2015-10-08T18:11:27+08:00 ] 127.0.0.1 /hnustxl/Admin/Show/info.html
INFO: [ app_init ] --START--
INFO: Run Behavior\BuildLiteBehavior [ RunTime:0.000025s ]
INFO: [ app_init ] --END-- [ RunTime:0.000532s ]
INFO: [ app_begin ] --START--
INFO: Run Behavior\ReadHtmlCacheBehavior [ RunTime:0.000757s ]
INFO: [ app_begin ] --END-- [ RunTime:0.000887s ]
NOTIC: [8] Undefined index: gg C:\wamp\www\hnustxl\Application\Admin\Controller\ShowController.class.php 第 171 行.
NOTIC: [8] Undefined index: username2 C:\wamp\www\hnustxl\Application\Admin\Controller\ShowController.class.php 第 174 行.
SQL: SHOW COLUMNS FROM `info` [ RunTime:0.0046s ]
SQL: SELECT * FROM `info` WHERE `username` = null  [ RunTime:0.0003s ]
NOTIC: [8] Use of undefined constant info - assumed 'info' C:\wamp\www\hnustxl\Application\Admin\Controller\ShowController.class.php 第 182 行.
INFO: [ view_parse ] --START--
INFO: [ template_filter ] --START--
INFO: Run Behavior\ContentReplaceBehavior [ RunTime:0.000105s ]
INFO: [ template_filter ] --END-- [ RunTime:0.000228s ]
INFO: Run Behavior\ParseTemplateBehavior [ RunTime:0.014199s ]
INFO: [ view_parse ] --END-- [ RunTime:0.014327s ]
INFO: [ view_filter ] --START--
INFO: Run Behavior\WriteHtmlCacheBehavior [ RunTime:0.000627s ]
INFO: [ view_filter ] --END-- [ RunTime:0.000721s ]
INFO: [ app_end ] --START--
INFO: Run Behavior\ShowPageTraceBehavior [ RunTime:0.000688s ]
INFO: [ app_end ] --END-- [ RunTime:0.000783s ]

[ 2015-10-08T18:11:45+08:00 ] 127.0.0.1 /hnustxl/Admin/Show/info.html
INFO: [ app_init ] --START--
INFO: Run Behavior\BuildLiteBehavior [ RunTime:0.000026s ]
INFO: [ app_init ] --END-- [ RunTime:0.000470s ]
INFO: [ app_begin ] --START--
INFO: Run Behavior\ReadHtmlCacheBehavior [ RunTime:0.000897s ]
INFO: [ app_begin ] --END-- [ RunTime:0.001049s ]
SQL: SHOW COLUMNS FROM `idcard` [ RunTime:0.0102s ]
SQL: select *from idcard where username=0 [ RunTime:0.0464s ]
SQL: select *from idcard where name='王龙' [ RunTime:0.0203s ]
NOTIC: [8] Undefined index: '131502020200' C:\wamp\www\hnustxl\Application\Admin\Controller\ShowController.class.php 第 146 行.
SQL: SHOW COLUMNS FROM `info` [ RunTime:0.0042s ]
SQL: select *from info where username=1315020202 [ RunTime:0.0004s ]
SQL: SHOW COLUMNS FROM `user` [ RunTime:0.0094s ]
SQL: SELECT `password` FROM `user` WHERE ( username=1315020202 )  [ RunTime:0.0003s ]
NOTIC: [8] Use of undefined constant info - assumed 'info' C:\wamp\www\hnustxl\Application\Admin\Controller\InfoController.class.php 第 161 行.
SQL: INSERT INTO `info` (`username`,`password`,`institute`,`specialty`,`class`,`name`,`sex`,`ethnic`,`time`,`id`,`Birthplace`,`Status`,`phone`) VALUES ('1315020202','053215','商学院','国际经济与贸易（国际贸易）','13国贸2班','王龙','男','汉族','19941105','522428199411053215','贵州省七星关区','共青团员','13786272805') [ RunTime:0.0107s ]
NOTIC: [8] Use of undefined constant info - assumed 'info' C:\wamp\www\hnustxl\Application\Admin\Controller\InfoController.class.php 第 161 行.
ERR: SQLSTATE[23000]: Integrity constraint violation: 1062 Duplicate entry '1315020202' for key 'PRIMARY'

[ 2015-10-08T18:11:54+08:00 ] 127.0.0.1 /hnustxl/Admin/Show/info.html
INFO: [ app_init ] --START--
INFO: Run Behavior\BuildLiteBehavior [ RunTime:0.000040s ]
INFO: [ app_init ] --END-- [ RunTime:0.000675s ]
INFO: [ app_begin ] --START--
INFO: Run Behavior\ReadHtmlCacheBehavior [ RunTime:0.000584s ]
INFO: [ app_begin ] --END-- [ RunTime:0.000698s ]
SQL: SHOW COLUMNS FROM `idcard` [ RunTime:0.0058s ]
SQL: select *from idcard where username=0 [ RunTime:0.0221s ]
SQL: select *from idcard where name='王龙' [ RunTime:0.0191s ]
NOTIC: [8] Undefined index: '131502020200' C:\wamp\www\hnustxl\Application\Admin\Controller\ShowController.class.php 第 146 行.
SQL: SHOW COLUMNS FROM `info` [ RunTime:0.0071s ]
SQL: select *from info where username=1315020202 [ RunTime:0.0004s ]
NOTIC: [8] Undefined index: '135301012000' C:\wamp\www\hnustxl\Application\Admin\Controller\ShowController.class.php 第 146 行.
SQL: select *from info where username=1353010120 [ RunTime:0.0002s ]
SQL: SHOW COLUMNS FROM `user` [ RunTime:0.0039s ]
SQL: SELECT `password` FROM `user` WHERE ( username=1353010120 )  [ RunTime:0.0003s ]
NOTIC: [8] Undefined index: '135501010700' C:\wamp\www\hnustxl\Application\Admin\Controller\ShowController.class.php 第 146 行.
SQL: select *from info where username=1355010107 [ RunTime:0.0004s ]
NOTIC: [8] Undefined index: '150304011900' C:\wamp\www\hnustxl\Application\Admin\Controller\ShowController.class.php 第 146 行.
SQL: select *from info where username=1503040119 [ RunTime:0.0003s ]
SQL: SELECT `password` FROM `user` WHERE ( username=1503040119 )  [ RunTime:0.0004s ]
NOTIC: [8] Use of undefined constant info - assumed 'info' C:\wamp\www\hnustxl\Application\Admin\Controller\InfoController.class.php 第 161 行.
SQL: INSERT INTO `info` (`username`,`password`,`institute`,`specialty`,`class`,`name`,`sex`,`ethnic`,`time`,`id`,`Birthplace`,`Status`,`phone`) VALUES ('1503040119','1503040119','机电工程学院','材料成型及控制工程','15材料成型1班','王龙','男','汉族','19970821','43012419970821327X','湖南省长沙市宁乡县','共青团员','') [ RunTime:0.0042s ]
SQL: SELECT * FROM `info` WHERE `name` = '王龙'  [ RunTime:0.0004s ]
NOTIC: [8] Use of undefined constant info - assumed 'info' C:\wamp\www\hnustxl\Application\Admin\Controller\ShowController.class.php 第 182 行.
INFO: [ view_parse ] --START--
INFO: [ template_filter ] --START--
INFO: Run Behavior\ContentReplaceBehavior [ RunTime:0.000082s ]
INFO: [ template_filter ] --END-- [ RunTime:0.000218s ]
INFO: Run Behavior\ParseTemplateBehavior [ RunTime:0.012289s ]
INFO: [ view_parse ] --END-- [ RunTime:0.012406s ]
INFO: [ view_filter ] --START--
INFO: Run Behavior\WriteHtmlCacheBehavior [ RunTime:0.000632s ]
INFO: [ view_filter ] --END-- [ RunTime:0.000731s ]
INFO: [ app_end ] --START--
INFO: Run Behavior\ShowPageTraceBehavior [ RunTime:0.000691s ]
INFO: [ app_end ] --END-- [ RunTime:0.000790s ]

[ 2015-10-08T18:12:12+08:00 ] 127.0.0.1 /hnustxl/Admin/Show/grade.html
INFO: [ app_init ] --START--
INFO: Run Behavior\BuildLiteBehavior [ RunTime:0.000025s ]
INFO: [ app_init ] --END-- [ RunTime:0.000476s ]
INFO: [ app_begin ] --START--
INFO: Run Behavior\ReadHtmlCacheBehavior [ RunTime:0.000707s ]
INFO: [ app_begin ] --END-- [ RunTime:0.000843s ]
NOTIC: [8] Undefined index: username1 C:\wamp\www\hnustxl\Application\Admin\Controller\ShowController.class.php 第 110 行.
SQL: SHOW COLUMNS FROM `gradejz` [ RunTime:0.0039s ]
SQL: SELECT COUNT(*) AS tp_count FROM `gradejz` WHERE `username` = null LIMIT 1   [ RunTime:0.0004s ]
SQL: SELECT * FROM `gradejz` WHERE `username` = null LIMIT 0,10   [ RunTime:0.0005s ]
NOTIC: [8] Use of undefined constant grade - assumed 'grade' C:\wamp\www\hnustxl\Application\Admin\Controller\ShowController.class.php 第 120 行.
INFO: [ view_parse ] --START--
INFO: [ template_filter ] --START--
INFO: Run Behavior\ContentReplaceBehavior [ RunTime:0.000104s ]
INFO: [ template_filter ] --END-- [ RunTime:0.000244s ]
NOTIC: [8] Undefined index: name1 C:\wamp\www\hnustxl\Application\Runtime\Cache\Admin\6d082c568bd01dcaa985e035187d3f7b.php 第 98 行.
NOTIC: [8] Undefined index: username1 C:\wamp\www\hnustxl\Application\Runtime\Cache\Admin\6d082c568bd01dcaa985e035187d3f7b.php 第 98 行.
NOTIC: [8] Undefined index: username1 C:\wamp\www\hnustxl\Application\Runtime\Cache\Admin\6d082c568bd01dcaa985e035187d3f7b.php 第 105 行.
NOTIC: [8] Undefined index: name1 C:\wamp\www\hnustxl\Application\Runtime\Cache\Admin\6d082c568bd01dcaa985e035187d3f7b.php 第 108 行.
INFO: Run Behavior\ParseTemplateBehavior [ RunTime:0.013829s ]
INFO: [ view_parse ] --END-- [ RunTime:0.013978s ]
INFO: [ view_filter ] --START--
INFO: Run Behavior\WriteHtmlCacheBehavior [ RunTime:0.000821s ]
INFO: [ view_filter ] --END-- [ RunTime:0.000999s ]
INFO: [ app_end ] --START--
INFO: Run Behavior\ShowPageTraceBehavior [ RunTime:0.001145s ]
INFO: [ app_end ] --END-- [ RunTime:0.001307s ]

[ 2015-10-08T18:12:12+08:00 ] 127.0.0.1 /hnustxl/Admin/Show/info.html
INFO: [ app_init ] --START--
INFO: Run Behavior\BuildLiteBehavior [ RunTime:0.000025s ]
INFO: [ app_init ] --END-- [ RunTime:0.000487s ]
INFO: [ app_begin ] --START--
INFO: Run Behavior\ReadHtmlCacheBehavior [ RunTime:0.000827s ]
INFO: [ app_begin ] --END-- [ RunTime:0.000990s ]
SQL: SHOW COLUMNS FROM `info` [ RunTime:0.0042s ]
SQL: SELECT * FROM `info` WHERE `name` = '王龙'  [ RunTime:0.0005s ]
NOTIC: [8] Use of undefined constant info - assumed 'info' C:\wamp\www\hnustxl\Application\Admin\Controller\ShowController.class.php 第 182 行.
INFO: [ view_parse ] --START--
INFO: [ template_filter ] --START--
INFO: Run Behavior\ContentReplaceBehavior [ RunTime:0.000085s ]
INFO: [ template_filter ] --END-- [ RunTime:0.000192s ]
INFO: Run Behavior\ParseTemplateBehavior [ RunTime:0.012077s ]
INFO: [ view_parse ] --END-- [ RunTime:0.012245s ]
INFO: [ view_filter ] --START--
INFO: Run Behavior\WriteHtmlCacheBehavior [ RunTime:0.000436s ]
INFO: [ view_filter ] --END-- [ RunTime:0.000538s ]
INFO: [ app_end ] --START--
INFO: Run Behavior\ShowPageTraceBehavior [ RunTime:0.000593s ]
INFO: [ app_end ] --END-- [ RunTime:0.000687s ]

[ 2015-10-08T18:12:16+08:00 ] 127.0.0.1 /hnustxl/Admin/Show/info.html
INFO: [ app_init ] --START--
INFO: Run Behavior\BuildLiteBehavior [ RunTime:0.000026s ]
INFO: [ app_init ] --END-- [ RunTime:0.000574s ]
INFO: [ app_begin ] --START--
INFO: Run Behavior\ReadHtmlCacheBehavior [ RunTime:0.000614s ]
INFO: [ app_begin ] --END-- [ RunTime:0.000734s ]
SQL: SHOW COLUMNS FROM `idcard` [ RunTime:0.0036s ]
SQL: select *from idcard where username=1355010107 [ RunTime:0.0233s ]
SQL: SHOW COLUMNS FROM `info` [ RunTime:0.0045s ]
SQL: SELECT * FROM `info` WHERE `username` = 1355010107  [ RunTime:0.0004s ]
NOTIC: [8] Use of undefined constant info - assumed 'info' C:\wamp\www\hnustxl\Application\Admin\Controller\ShowController.class.php 第 182 行.
INFO: [ view_parse ] --START--
INFO: [ template_filter ] --START--
INFO: Run Behavior\ContentReplaceBehavior [ RunTime:0.000122s ]
INFO: [ template_filter ] --END-- [ RunTime:0.000290s ]
INFO: Run Behavior\ParseTemplateBehavior [ RunTime:0.014192s ]
INFO: [ view_parse ] --END-- [ RunTime:0.014309s ]
INFO: [ view_filter ] --START--
INFO: Run Behavior\WriteHtmlCacheBehavior [ RunTime:0.000426s ]
INFO: [ view_filter ] --END-- [ RunTime:0.000524s ]
INFO: [ app_end ] --START--
INFO: Run Behavior\ShowPageTraceBehavior [ RunTime:0.000575s ]
INFO: [ app_end ] --END-- [ RunTime:0.000670s ]

[ 2015-10-08T18:12:18+08:00 ] 127.0.0.1 /hnustxl/Admin/Show/grade.html
INFO: [ app_init ] --START--
INFO: Run Behavior\BuildLiteBehavior [ RunTime:0.000025s ]
INFO: [ app_init ] --END-- [ RunTime:0.000532s ]
INFO: [ app_begin ] --START--
INFO: Run Behavior\ReadHtmlCacheBehavior [ RunTime:0.001029s ]
INFO: [ app_begin ] --END-- [ RunTime:0.001238s ]
NOTIC: [8] Undefined index: username1 C:\wamp\www\hnustxl\Application\Admin\Controller\ShowController.class.php 第 110 行.
SQL: SHOW COLUMNS FROM `gradejz` [ RunTime:0.0039s ]
SQL: SELECT COUNT(*) AS tp_count FROM `gradejz` WHERE `username` = null LIMIT 1   [ RunTime:0.0004s ]
SQL: SELECT * FROM `gradejz` WHERE `username` = null LIMIT 0,10   [ RunTime:0.0007s ]
NOTIC: [8] Use of undefined constant grade - assumed 'grade' C:\wamp\www\hnustxl\Application\Admin\Controller\ShowController.class.php 第 120 行.
INFO: [ view_parse ] --START--
INFO: [ template_filter ] --START--
INFO: Run Behavior\ContentReplaceBehavior [ RunTime:0.000091s ]
INFO: [ template_filter ] --END-- [ RunTime:0.000204s ]
NOTIC: [8] Undefined index: name1 C:\wamp\www\hnustxl\Application\Runtime\Cache\Admin\6d082c568bd01dcaa985e035187d3f7b.php 第 98 行.
NOTIC: [8] Undefined index: username1 C:\wamp\www\hnustxl\Application\Runtime\Cache\Admin\6d082c568bd01dcaa985e035187d3f7b.php 第 98 行.
NOTIC: [8] Undefined index: username1 C:\wamp\www\hnustxl\Application\Runtime\Cache\Admin\6d082c568bd01dcaa985e035187d3f7b.php 第 105 行.
NOTIC: [8] Undefined index: name1 C:\wamp\www\hnustxl\Application\Runtime\Cache\Admin\6d082c568bd01dcaa985e035187d3f7b.php 第 108 行.
INFO: Run Behavior\ParseTemplateBehavior [ RunTime:0.012480s ]
INFO: [ view_parse ] --END-- [ RunTime:0.012599s ]
INFO: [ view_filter ] --START--
INFO: Run Behavior\WriteHtmlCacheBehavior [ RunTime:0.000346s ]
INFO: [ view_filter ] --END-- [ RunTime:0.000436s ]
INFO: [ app_end ] --START--
INFO: Run Behavior\ShowPageTraceBehavior [ RunTime:0.000580s ]
INFO: [ app_end ] --END-- [ RunTime:0.000673s ]

[ 2015-10-08T18:12:18+08:00 ] 127.0.0.1 /hnustxl/Admin/Show/info.html
INFO: [ app_init ] --START--
INFO: Run Behavior\BuildLiteBehavior [ RunTime:0.000024s ]
INFO: [ app_init ] --END-- [ RunTime:0.000483s ]
INFO: [ app_begin ] --START--
INFO: Run Behavior\ReadHtmlCacheBehavior [ RunTime:0.000637s ]
INFO: [ app_begin ] --END-- [ RunTime:0.000742s ]
SQL: SHOW COLUMNS FROM `info` [ RunTime:0.0040s ]
SQL: SELECT * FROM `info` WHERE `username` = 1355010107  [ RunTime:0.0004s ]
NOTIC: [8] Use of undefined constant info - assumed 'info' C:\wamp\www\hnustxl\Application\Admin\Controller\ShowController.class.php 第 182 行.
INFO: [ view_parse ] --START--
INFO: [ template_filter ] --START--
INFO: Run Behavior\ContentReplaceBehavior [ RunTime:0.000084s ]
INFO: [ template_filter ] --END-- [ RunTime:0.000187s ]
INFO: Run Behavior\ParseTemplateBehavior [ RunTime:0.012256s ]
INFO: [ view_parse ] --END-- [ RunTime:0.012373s ]
INFO: [ view_filter ] --START--
INFO: Run Behavior\WriteHtmlCacheBehavior [ RunTime:0.000419s ]
INFO: [ view_filter ] --END-- [ RunTime:0.000516s ]
INFO: [ app_end ] --START--
INFO: Run Behavior\ShowPageTraceBehavior [ RunTime:0.000592s ]
INFO: [ app_end ] --END-- [ RunTime:0.000687s ]

[ 2015-10-08T18:12:20+08:00 ] 127.0.0.1 /hnustxl/Admin/Show/grade.html
INFO: [ app_init ] --START--
INFO: Run Behavior\BuildLiteBehavior [ RunTime:0.000040s ]
INFO: [ app_init ] --END-- [ RunTime:0.000616s ]
INFO: [ app_begin ] --START--
INFO: Run Behavior\ReadHtmlCacheBehavior [ RunTime:0.000561s ]
INFO: [ app_begin ] --END-- [ RunTime:0.000670s ]
NOTIC: [8] Undefined index: username1 C:\wamp\www\hnustxl\Application\Admin\Controller\ShowController.class.php 第 110 行.
SQL: SHOW COLUMNS FROM `gradejz` [ RunTime:0.0043s ]
SQL: SELECT COUNT(*) AS tp_count FROM `gradejz` WHERE `username` = null LIMIT 1   [ RunTime:0.0004s ]
SQL: SELECT * FROM `gradejz` WHERE `username` = null LIMIT 0,10   [ RunTime:0.0004s ]
NOTIC: [8] Use of undefined constant grade - assumed 'grade' C:\wamp\www\hnustxl\Application\Admin\Controller\ShowController.class.php 第 120 行.
INFO: [ view_parse ] --START--
INFO: [ template_filter ] --START--
INFO: Run Behavior\ContentReplaceBehavior [ RunTime:0.000089s ]
INFO: [ template_filter ] --END-- [ RunTime:0.000199s ]
NOTIC: [8] Undefined index: name1 C:\wamp\www\hnustxl\Application\Runtime\Cache\Admin\6d082c568bd01dcaa985e035187d3f7b.php 第 98 行.
NOTIC: [8] Undefined index: username1 C:\wamp\www\hnustxl\Application\Runtime\Cache\Admin\6d082c568bd01dcaa985e035187d3f7b.php 第 98 行.
NOTIC: [8] Undefined index: username1 C:\wamp\www\hnustxl\Application\Runtime\Cache\Admin\6d082c568bd01dcaa985e035187d3f7b.php 第 105 行.
NOTIC: [8] Undefined index: name1 C:\wamp\www\hnustxl\Application\Runtime\Cache\Admin\6d082c568bd01dcaa985e035187d3f7b.php 第 108 行.
INFO: Run Behavior\ParseTemplateBehavior [ RunTime:0.012595s ]
INFO: [ view_parse ] --END-- [ RunTime:0.012719s ]
INFO: [ view_filter ] --START--
INFO: Run Behavior\WriteHtmlCacheBehavior [ RunTime:0.000452s ]
INFO: [ view_filter ] --END-- [ RunTime:0.000543s ]
INFO: [ app_end ] --START--
INFO: Run Behavior\ShowPageTraceBehavior [ RunTime:0.000607s ]
INFO: [ app_end ] --END-- [ RunTime:0.000699s ]

[ 2015-10-08T18:12:20+08:00 ] 127.0.0.1 /hnustxl/Admin/Show/info.html
INFO: [ app_init ] --START--
INFO: Run Behavior\BuildLiteBehavior [ RunTime:0.000026s ]
INFO: [ app_init ] --END-- [ RunTime:0.000469s ]
INFO: [ app_begin ] --START--
INFO: Run Behavior\ReadHtmlCacheBehavior [ RunTime:0.001025s ]
INFO: [ app_begin ] --END-- [ RunTime:0.001240s ]
SQL: SHOW COLUMNS FROM `info` [ RunTime:0.0038s ]
SQL: SELECT * FROM `info` WHERE `username` = 1355010107  [ RunTime:0.0004s ]
NOTIC: [8] Use of undefined constant info - assumed 'info' C:\wamp\www\hnustxl\Application\Admin\Controller\ShowController.class.php 第 182 行.
INFO: [ view_parse ] --START--
INFO: [ template_filter ] --START--
INFO: Run Behavior\ContentReplaceBehavior [ RunTime:0.000092s ]
INFO: [ template_filter ] --END-- [ RunTime:0.000212s ]
INFO: Run Behavior\ParseTemplateBehavior [ RunTime:0.012622s ]
INFO: [ view_parse ] --END-- [ RunTime:0.012733s ]
INFO: [ view_filter ] --START--
INFO: Run Behavior\WriteHtmlCacheBehavior [ RunTime:0.000402s ]
INFO: [ view_filter ] --END-- [ RunTime:0.000539s ]
INFO: [ app_end ] --START--
INFO: Run Behavior\ShowPageTraceBehavior [ RunTime:0.000871s ]
INFO: [ app_end ] --END-- [ RunTime:0.001004s ]

[ 2015-10-08T18:12:32+08:00 ] 127.0.0.1 /hnustxl/Admin/Show/info.html
INFO: [ app_init ] --START--
INFO: Run Behavior\BuildLiteBehavior [ RunTime:0.000025s ]
INFO: [ app_init ] --END-- [ RunTime:0.000499s ]
INFO: [ app_begin ] --START--
INFO: Run Behavior\ReadHtmlCacheBehavior [ RunTime:0.000911s ]
INFO: [ app_begin ] --END-- [ RunTime:0.001078s ]
SQL: SHOW COLUMNS FROM `idcard` [ RunTime:0.0050s ]
SQL: select *from idcard where username=0 [ RunTime:0.0207s ]
SQL: select *from idcard where name='王龙' [ RunTime:0.0187s ]
NOTIC: [8] Undefined index: '135301012000' C:\wamp\www\hnustxl\Application\Admin\Controller\ShowController.class.php 第 146 行.
SQL: SHOW COLUMNS FROM `info` [ RunTime:0.0060s ]
SQL: select *from info where username=1353010120 [ RunTime:0.0004s ]
SQL: SHOW COLUMNS FROM `user` [ RunTime:0.0042s ]
SQL: SELECT `password` FROM `user` WHERE ( username=1353010120 )  [ RunTime:0.0004s ]
SQL: SELECT * FROM `info` WHERE `name` = '王龙'  [ RunTime:0.0005s ]
NOTIC: [8] Use of undefined constant info - assumed 'info' C:\wamp\www\hnustxl\Application\Admin\Controller\ShowController.class.php 第 182 行.
INFO: [ view_parse ] --START--
INFO: [ template_filter ] --START--
INFO: Run Behavior\ContentReplaceBehavior [ RunTime:0.000080s ]
INFO: [ template_filter ] --END-- [ RunTime:0.000183s ]
INFO: Run Behavior\ParseTemplateBehavior [ RunTime:0.013071s ]
INFO: [ view_parse ] --END-- [ RunTime:0.013236s ]
INFO: [ view_filter ] --START--
INFO: Run Behavior\WriteHtmlCacheBehavior [ RunTime:0.000636s ]
INFO: [ view_filter ] --END-- [ RunTime:0.000741s ]
INFO: [ app_end ] --START--
INFO: Run Behavior\ShowPageTraceBehavior [ RunTime:0.000714s ]
INFO: [ app_end ] --END-- [ RunTime:0.000813s ]

[ 2015-10-08T18:12:34+08:00 ] 127.0.0.1 /hnustxl/Admin/Show/grade.html
INFO: [ app_init ] --START--
INFO: Run Behavior\BuildLiteBehavior [ RunTime:0.000025s ]
INFO: [ app_init ] --END-- [ RunTime:0.000677s ]
INFO: [ app_begin ] --START--
INFO: Run Behavior\ReadHtmlCacheBehavior [ RunTime:0.000702s ]
INFO: [ app_begin ] --END-- [ RunTime:0.000805s ]
NOTIC: [8] Undefined index: username1 C:\wamp\www\hnustxl\Application\Admin\Controller\ShowController.class.php 第 110 行.
SQL: SHOW COLUMNS FROM `gradejz` [ RunTime:0.0044s ]
SQL: SELECT COUNT(*) AS tp_count FROM `gradejz` WHERE `username` = null LIMIT 1   [ RunTime:0.0004s ]
SQL: SELECT * FROM `gradejz` WHERE `username` = null LIMIT 0,10   [ RunTime:0.0004s ]
NOTIC: [8] Use of undefined constant grade - assumed 'grade' C:\wamp\www\hnustxl\Application\Admin\Controller\ShowController.class.php 第 120 行.
INFO: [ view_parse ] --START--
INFO: [ template_filter ] --START--
INFO: Run Behavior\ContentReplaceBehavior [ RunTime:0.000108s ]
INFO: [ template_filter ] --END-- [ RunTime:0.000230s ]
NOTIC: [8] Undefined index: name1 C:\wamp\www\hnustxl\Application\Runtime\Cache\Admin\6d082c568bd01dcaa985e035187d3f7b.php 第 98 行.
NOTIC: [8] Undefined index: username1 C:\wamp\www\hnustxl\Application\Runtime\Cache\Admin\6d082c568bd01dcaa985e035187d3f7b.php 第 98 行.
NOTIC: [8] Undefined index: username1 C:\wamp\www\hnustxl\Application\Runtime\Cache\Admin\6d082c568bd01dcaa985e035187d3f7b.php 第 105 行.
NOTIC: [8] Undefined index: name1 C:\wamp\www\hnustxl\Application\Runtime\Cache\Admin\6d082c568bd01dcaa985e035187d3f7b.php 第 108 行.
INFO: Run Behavior\ParseTemplateBehavior [ RunTime:0.012471s ]
INFO: [ view_parse ] --END-- [ RunTime:0.012587s ]
INFO: [ view_filter ] --START--
INFO: Run Behavior\WriteHtmlCacheBehavior [ RunTime:0.000456s ]
INFO: [ view_filter ] --END-- [ RunTime:0.000549s ]
INFO: [ app_end ] --START--
INFO: Run Behavior\ShowPageTraceBehavior [ RunTime:0.000596s ]
INFO: [ app_end ] --END-- [ RunTime:0.000688s ]

[ 2015-10-08T18:12:35+08:00 ] 127.0.0.1 /hnustxl/Admin/Show/info.html
INFO: [ app_init ] --START--
INFO: Run Behavior\BuildLiteBehavior [ RunTime:0.000041s ]
INFO: [ app_init ] --END-- [ RunTime:0.000806s ]
INFO: [ app_begin ] --START--
INFO: Run Behavior\ReadHtmlCacheBehavior [ RunTime:0.001220s ]
INFO: [ app_begin ] --END-- [ RunTime:0.001365s ]
SQL: SHOW COLUMNS FROM `info` [ RunTime:0.0045s ]
SQL: SELECT * FROM `info` WHERE `name` = '王龙'  [ RunTime:0.0005s ]
NOTIC: [8] Use of undefined constant info - assumed 'info' C:\wamp\www\hnustxl\Application\Admin\Controller\ShowController.class.php 第 182 行.
INFO: [ view_parse ] --START--
INFO: [ template_filter ] --START--
INFO: Run Behavior\ContentReplaceBehavior [ RunTime:0.000083s ]
INFO: [ template_filter ] --END-- [ RunTime:0.000184s ]
INFO: Run Behavior\ParseTemplateBehavior [ RunTime:0.011074s ]
INFO: [ view_parse ] --END-- [ RunTime:0.011184s ]
INFO: [ view_filter ] --START--
INFO: Run Behavior\WriteHtmlCacheBehavior [ RunTime:0.000404s ]
INFO: [ view_filter ] --END-- [ RunTime:0.000505s ]
INFO: [ app_end ] --START--
INFO: Run Behavior\ShowPageTraceBehavior [ RunTime:0.000907s ]
INFO: [ app_end ] --END-- [ RunTime:0.001130s ]

[ 2015-10-08T18:12:44+08:00 ] 127.0.0.1 /hnustxl/Admin/Show/info.html
INFO: [ app_init ] --START--
INFO: Run Behavior\BuildLiteBehavior [ RunTime:0.000041s ]
INFO: [ app_init ] --END-- [ RunTime:0.000693s ]
INFO: [ app_begin ] --START--
INFO: Run Behavior\ReadHtmlCacheBehavior [ RunTime:0.001065s ]
INFO: [ app_begin ] --END-- [ RunTime:0.001238s ]
SQL: SHOW COLUMNS FROM `idcard` [ RunTime:0.0042s ]
SQL: select *from idcard where username=1355010107 [ RunTime:0.0222s ]
SQL: SHOW COLUMNS FROM `info` [ RunTime:0.0063s ]
SQL: SELECT * FROM `info` WHERE `username` = 1355010107  [ RunTime:0.0008s ]
NOTIC: [8] Use of undefined constant info - assumed 'info' C:\wamp\www\hnustxl\Application\Admin\Controller\ShowController.class.php 第 182 行.
INFO: [ view_parse ] --START--
INFO: [ template_filter ] --START--
INFO: Run Behavior\ContentReplaceBehavior [ RunTime:0.000180s ]
INFO: [ template_filter ] --END-- [ RunTime:0.000386s ]
INFO: Run Behavior\ParseTemplateBehavior [ RunTime:0.015226s ]
INFO: [ view_parse ] --END-- [ RunTime:0.015351s ]
INFO: [ view_filter ] --START--
INFO: Run Behavior\WriteHtmlCacheBehavior [ RunTime:0.000423s ]
INFO: [ view_filter ] --END-- [ RunTime:0.000515s ]
INFO: [ app_end ] --START--
INFO: Run Behavior\ShowPageTraceBehavior [ RunTime:0.001026s ]
INFO: [ app_end ] --END-- [ RunTime:0.001198s ]

[ 2015-10-08T18:12:45+08:00 ] 127.0.0.1 /hnustxl/Admin/Show/grade.html
INFO: [ app_init ] --START--
INFO: Run Behavior\BuildLiteBehavior [ RunTime:0.000023s ]
INFO: [ app_init ] --END-- [ RunTime:0.000455s ]
INFO: [ app_begin ] --START--
INFO: Run Behavior\ReadHtmlCacheBehavior [ RunTime:0.000629s ]
INFO: [ app_begin ] --END-- [ RunTime:0.000731s ]
NOTIC: [8] Undefined index: username1 C:\wamp\www\hnustxl\Application\Admin\Controller\ShowController.class.php 第 110 行.
SQL: SHOW COLUMNS FROM `gradejz` [ RunTime:0.0037s ]
SQL: SELECT COUNT(*) AS tp_count FROM `gradejz` WHERE `username` = null LIMIT 1   [ RunTime:0.0004s ]
SQL: SELECT * FROM `gradejz` WHERE `username` = null LIMIT 0,10   [ RunTime:0.0005s ]
NOTIC: [8] Use of undefined constant grade - assumed 'grade' C:\wamp\www\hnustxl\Application\Admin\Controller\ShowController.class.php 第 120 行.
INFO: [ view_parse ] --START--
INFO: [ template_filter ] --START--
INFO: Run Behavior\ContentReplaceBehavior [ RunTime:0.000089s ]
INFO: [ template_filter ] --END-- [ RunTime:0.000200s ]
NOTIC: [8] Undefined index: name1 C:\wamp\www\hnustxl\Application\Runtime\Cache\Admin\6d082c568bd01dcaa985e035187d3f7b.php 第 98 行.
NOTIC: [8] Undefined index: username1 C:\wamp\www\hnustxl\Application\Runtime\Cache\Admin\6d082c568bd01dcaa985e035187d3f7b.php 第 98 行.
NOTIC: [8] Undefined index: username1 C:\wamp\www\hnustxl\Application\Runtime\Cache\Admin\6d082c568bd01dcaa985e035187d3f7b.php 第 105 行.
NOTIC: [8] Undefined index: name1 C:\wamp\www\hnustxl\Application\Runtime\Cache\Admin\6d082c568bd01dcaa985e035187d3f7b.php 第 108 行.
INFO: Run Behavior\ParseTemplateBehavior [ RunTime:0.011948s ]
INFO: [ view_parse ] --END-- [ RunTime:0.012060s ]
INFO: [ view_filter ] --START--
INFO: Run Behavior\WriteHtmlCacheBehavior [ RunTime:0.000416s ]
INFO: [ view_filter ] --END-- [ RunTime:0.000502s ]
INFO: [ app_end ] --START--
INFO: Run Behavior\ShowPageTraceBehavior [ RunTime:0.000555s ]
INFO: [ app_end ] --END-- [ RunTime:0.000640s ]

[ 2015-10-08T18:12:46+08:00 ] 127.0.0.1 /hnustxl/Admin/Show/info.html
INFO: [ app_init ] --START--
INFO: Run Behavior\BuildLiteBehavior [ RunTime:0.000024s ]
INFO: [ app_init ] --END-- [ RunTime:0.000482s ]
INFO: [ app_begin ] --START--
INFO: Run Behavior\ReadHtmlCacheBehavior [ RunTime:0.000657s ]
INFO: [ app_begin ] --END-- [ RunTime:0.000762s ]
SQL: SHOW COLUMNS FROM `info` [ RunTime:0.0039s ]
SQL: SELECT * FROM `info` WHERE `username` = 1355010107  [ RunTime:0.0004s ]
NOTIC: [8] Use of undefined constant info - assumed 'info' C:\wamp\www\hnustxl\Application\Admin\Controller\ShowController.class.php 第 182 行.
INFO: [ view_parse ] --START--
INFO: [ template_filter ] --START--
INFO: Run Behavior\ContentReplaceBehavior [ RunTime:0.000154s ]
INFO: [ template_filter ] --END-- [ RunTime:0.000353s ]
INFO: Run Behavior\ParseTemplateBehavior [ RunTime:0.012161s ]
INFO: [ view_parse ] --END-- [ RunTime:0.012329s ]
INFO: [ view_filter ] --START--
INFO: Run Behavior\WriteHtmlCacheBehavior [ RunTime:0.000423s ]
INFO: [ view_filter ] --END-- [ RunTime:0.000519s ]
INFO: [ app_end ] --START--
INFO: Run Behavior\ShowPageTraceBehavior [ RunTime:0.000590s ]
INFO: [ app_end ] --END-- [ RunTime:0.000684s ]

[ 2015-10-08T18:12:56+08:00 ] 127.0.0.1 /hnustxl/Admin/Show/info.html
INFO: [ app_init ] --START--
INFO: Run Behavior\BuildLiteBehavior [ RunTime:0.000041s ]
INFO: [ app_init ] --END-- [ RunTime:0.000554s ]
INFO: [ app_begin ] --START--
INFO: Run Behavior\ReadHtmlCacheBehavior [ RunTime:0.000907s ]
INFO: [ app_begin ] --END-- [ RunTime:0.001091s ]
SQL: SHOW COLUMNS FROM `idcard` [ RunTime:0.0055s ]
SQL: select *from idcard where username=0 [ RunTime:0.0261s ]
SQL: select *from idcard where name='王龙' [ RunTime:0.0199s ]
NOTIC: [8] Undefined index: '135301012000' C:\wamp\www\hnustxl\Application\Admin\Controller\ShowController.class.php 第 146 行.
SQL: SHOW COLUMNS FROM `info` [ RunTime:0.0039s ]
SQL: select *from info where username=1353010120 [ RunTime:0.0003s ]
SQL: SHOW COLUMNS FROM `user` [ RunTime:0.0036s ]
SQL: SELECT `password` FROM `user` WHERE ( username=1353010120 )  [ RunTime:0.0003s ]
SQL: SELECT * FROM `info` WHERE `name` = '王龙'  [ RunTime:0.0005s ]
NOTIC: [8] Use of undefined constant info - assumed 'info' C:\wamp\www\hnustxl\Application\Admin\Controller\ShowController.class.php 第 182 行.
INFO: [ view_parse ] --START--
INFO: [ template_filter ] --START--
INFO: Run Behavior\ContentReplaceBehavior [ RunTime:0.000080s ]
INFO: [ template_filter ] --END-- [ RunTime:0.000182s ]
INFO: Run Behavior\ParseTemplateBehavior [ RunTime:0.011941s ]
INFO: [ view_parse ] --END-- [ RunTime:0.012059s ]
INFO: [ view_filter ] --START--
INFO: Run Behavior\WriteHtmlCacheBehavior [ RunTime:0.000609s ]
INFO: [ view_filter ] --END-- [ RunTime:0.000705s ]
INFO: [ app_end ] --START--
INFO: Run Behavior\ShowPageTraceBehavior [ RunTime:0.000718s ]
INFO: [ app_end ] --END-- [ RunTime:0.000820s ]

[ 2015-10-08T18:20:42+08:00 ] 127.0.0.1 /hnustxl/Admin/Login/logout.html
INFO: [ app_init ] --START--
INFO: Run Behavior\BuildLiteBehavior [ RunTime:0.000051s ]
INFO: [ app_init ] --END-- [ RunTime:0.001290s ]
INFO: [ app_begin ] --START--
INFO: Run Behavior\ReadHtmlCacheBehavior [ RunTime:0.001103s ]
INFO: [ app_begin ] --END-- [ RunTime:0.001342s ]

[ 2015-10-08T18:20:42+08:00 ] 127.0.0.1 /hnustxl/Admin/Login/index.html
INFO: [ app_init ] --START--
INFO: Run Behavior\BuildLiteBehavior [ RunTime:0.000023s ]
INFO: [ app_init ] --END-- [ RunTime:0.000524s ]
INFO: [ app_begin ] --START--
INFO: Run Behavior\ReadHtmlCacheBehavior [ RunTime:0.000639s ]
INFO: [ app_begin ] --END-- [ RunTime:0.000754s ]
INFO: [ view_parse ] --START--
INFO: [ template_filter ] --START--
INFO: Run Behavior\ContentReplaceBehavior [ RunTime:0.000089s ]
INFO: [ template_filter ] --END-- [ RunTime:0.000207s ]
INFO: Run Behavior\ParseTemplateBehavior [ RunTime:0.007818s ]
INFO: [ view_parse ] --END-- [ RunTime:0.007934s ]
INFO: [ view_filter ] --START--
INFO: Run Behavior\WriteHtmlCacheBehavior [ RunTime:0.000452s ]
INFO: [ view_filter ] --END-- [ RunTime:0.000545s ]
INFO: [ app_end ] --START--
INFO: Run Behavior\ShowPageTraceBehavior [ RunTime:0.000679s ]
INFO: [ app_end ] --END-- [ RunTime:0.000772s ]

