[ 2015-10-24T02:39:21+08:00 ] 127.0.0.1 /hnustxl/Admin
INFO: [ app_init ] --START--
INFO: Run Behavior\BuildLiteBehavior [ RunTime:0.000032s ]
INFO: [ app_init ] --END-- [ RunTime:0.011705s ]
INFO: [ app_begin ] --START--
INFO: Run Behavior\ReadHtmlCacheBehavior [ RunTime:0.002137s ]
INFO: [ app_begin ] --END-- [ RunTime:0.002352s ]
NOTIC: [8] Undefined index: wei C:\wamp\www\hnustxl\Application\Admin\Controller\BaseController.class.php 第 8 行.

[ 2015-10-24T02:39:21+08:00 ] 127.0.0.1 /hnustxl/Admin/Login/index.html
INFO: [ app_init ] --START--
INFO: Run Behavior\BuildLiteBehavior [ RunTime:0.000032s ]
INFO: [ app_init ] --END-- [ RunTime:0.000487s ]
INFO: [ app_begin ] --START--
INFO: Run Behavior\ReadHtmlCacheBehavior [ RunTime:0.000663s ]
INFO: [ app_begin ] --END-- [ RunTime:0.000811s ]
INFO: [ view_parse ] --START--
INFO: [ template_filter ] --START--
INFO: Run Behavior\ContentReplaceBehavior [ RunTime:0.000089s ]
INFO: [ template_filter ] --END-- [ RunTime:0.000208s ]
INFO: Run Behavior\ParseTemplateBehavior [ RunTime:0.041852s ]
INFO: [ view_parse ] --END-- [ RunTime:0.041984s ]
INFO: [ view_filter ] --START--
INFO: Run Behavior\WriteHtmlCacheBehavior [ RunTime:0.001053s ]
INFO: [ view_filter ] --END-- [ RunTime:0.001165s ]
INFO: [ app_end ] --START--
INFO: Run Behavior\ShowPageTraceBehavior [ RunTime:0.001242s ]
INFO: [ app_end ] --END-- [ RunTime:0.001354s ]

[ 2015-10-24T12:18:21+08:00 ] 127.0.0.1 /hnustxl/Admin/Login/index?wei=1
INFO: [ app_init ] --START--
INFO: Run Behavior\BuildLiteBehavior [ RunTime:0.000054s ]
INFO: [ app_init ] --END-- [ RunTime:0.001146s ]
INFO: [ app_begin ] --START--
INFO: Run Behavior\ReadHtmlCacheBehavior [ RunTime:0.000832s ]
INFO: [ app_begin ] --END-- [ RunTime:0.000996s ]
INFO: [ view_parse ] --START--
INFO: [ template_filter ] --START--
INFO: Run Behavior\ContentReplaceBehavior [ RunTime:0.000148s ]
INFO: [ template_filter ] --END-- [ RunTime:0.000345s ]
INFO: Run Behavior\ParseTemplateBehavior [ RunTime:0.009120s ]
INFO: [ view_parse ] --END-- [ RunTime:0.009250s ]
INFO: [ view_filter ] --START--
INFO: Run Behavior\WriteHtmlCacheBehavior [ RunTime:0.000516s ]
INFO: [ view_filter ] --END-- [ RunTime:0.000661s ]
INFO: [ app_end ] --START--
INFO: Run Behavior\ShowPageTraceBehavior [ RunTime:0.001104s ]
INFO: [ app_end ] --END-- [ RunTime:0.001295s ]

[ 2015-10-24T14:14:13+08:00 ] 127.0.0.1 /hnustxl/admin/
INFO: [ app_init ] --START--
INFO: Run Behavior\BuildLiteBehavior [ RunTime:0.000043s ]
INFO: [ app_init ] --END-- [ RunTime:0.000802s ]
INFO: [ app_begin ] --START--
INFO: Run Behavior\ReadHtmlCacheBehavior [ RunTime:0.006334s ]
INFO: [ app_begin ] --END-- [ RunTime:0.006487s ]
NOTIC: [8] Undefined index: wei C:\wamp\www\hnustxl\Application\Admin\Controller\BaseController.class.php 第 8 行.

[ 2015-10-24T14:14:13+08:00 ] 127.0.0.1 /hnustxl/Admin/Login/index.html
INFO: [ app_init ] --START--
INFO: Run Behavior\BuildLiteBehavior [ RunTime:0.000048s ]
INFO: [ app_init ] --END-- [ RunTime:0.000888s ]
INFO: [ app_begin ] --START--
INFO: Run Behavior\ReadHtmlCacheBehavior [ RunTime:0.001386s ]
INFO: [ app_begin ] --END-- [ RunTime:0.001657s ]
INFO: [ view_parse ] --START--
INFO: [ template_filter ] --START--
INFO: Run Behavior\ContentReplaceBehavior [ RunTime:0.000092s ]
INFO: [ template_filter ] --END-- [ RunTime:0.000224s ]
INFO: Run Behavior\ParseTemplateBehavior [ RunTime:0.072174s ]
INFO: [ view_parse ] --END-- [ RunTime:0.072307s ]
INFO: [ view_filter ] --START--
INFO: Run Behavior\WriteHtmlCacheBehavior [ RunTime:0.000525s ]
INFO: [ view_filter ] --END-- [ RunTime:0.000633s ]
INFO: [ app_end ] --START--
INFO: Run Behavior\ShowPageTraceBehavior [ RunTime:0.000767s ]
INFO: [ app_end ] --END-- [ RunTime:0.000876s ]

[ 2015-10-24T14:14:39+08:00 ] 127.0.0.1 /hnustxl/Admin/Table
INFO: [ app_init ] --START--
INFO: Run Behavior\BuildLiteBehavior [ RunTime:0.000027s ]
INFO: [ app_init ] --END-- [ RunTime:0.000886s ]
INFO: [ app_begin ] --START--
INFO: Run Behavior\ReadHtmlCacheBehavior [ RunTime:0.001081s ]
INFO: [ app_begin ] --END-- [ RunTime:0.001304s ]
INFO: [ app_end ] --START--
INFO: Run Behavior\ShowPageTraceBehavior [ RunTime:0.001353s ]
INFO: [ app_end ] --END-- [ RunTime:0.001526s ]

[ 2015-10-24T14:15:07+08:00 ] 127.0.0.1 /hnustxl/Admin/Table
INFO: [ app_init ] --START--
INFO: Run Behavior\BuildLiteBehavior [ RunTime:0.000039s ]
INFO: [ app_init ] --END-- [ RunTime:0.000728s ]
INFO: [ app_begin ] --START--
INFO: Run Behavior\ReadHtmlCacheBehavior [ RunTime:0.001061s ]
INFO: [ app_begin ] --END-- [ RunTime:0.001263s ]
INFO: [ app_end ] --START--
INFO: Run Behavior\ShowPageTraceBehavior [ RunTime:0.001280s ]
INFO: [ app_end ] --END-- [ RunTime:0.001490s ]

[ 2015-10-24T14:16:04+08:00 ] 127.0.0.1 /hnustxl/Admin/Table
INFO: [ app_init ] --START--
INFO: Run Behavior\BuildLiteBehavior [ RunTime:0.000089s ]
INFO: [ app_init ] --END-- [ RunTime:0.001636s ]
INFO: [ app_begin ] --START--
INFO: Run Behavior\ReadHtmlCacheBehavior [ RunTime:0.001305s ]
INFO: [ app_begin ] --END-- [ RunTime:0.001491s ]
INFO: [ app_end ] --START--
INFO: Run Behavior\ShowPageTraceBehavior [ RunTime:0.001506s ]
INFO: [ app_end ] --END-- [ RunTime:0.001790s ]

[ 2015-10-24T14:16:58+08:00 ] 127.0.0.1 /hnustxl/Admin/Table
INFO: [ app_init ] --START--
INFO: Run Behavior\BuildLiteBehavior [ RunTime:0.000035s ]
INFO: [ app_init ] --END-- [ RunTime:0.000965s ]
INFO: [ app_begin ] --START--
INFO: Run Behavior\ReadHtmlCacheBehavior [ RunTime:0.001198s ]
INFO: [ app_begin ] --END-- [ RunTime:0.003210s ]
INFO: [ app_end ] --START--
INFO: Run Behavior\ShowPageTraceBehavior [ RunTime:0.001568s ]
INFO: [ app_end ] --END-- [ RunTime:0.001819s ]

[ 2015-10-24T14:18:33+08:00 ] 127.0.0.1 /hnustxl/Admin/Table
INFO: [ app_init ] --START--
INFO: Run Behavior\BuildLiteBehavior [ RunTime:0.000053s ]
INFO: [ app_init ] --END-- [ RunTime:0.000987s ]
INFO: [ app_begin ] --START--
INFO: Run Behavior\ReadHtmlCacheBehavior [ RunTime:0.001376s ]
INFO: [ app_begin ] --END-- [ RunTime:0.001705s ]
INFO: [ app_end ] --START--
INFO: Run Behavior\ShowPageTraceBehavior [ RunTime:0.001274s ]
INFO: [ app_end ] --END-- [ RunTime:0.001453s ]

[ 2015-10-24T14:19:11+08:00 ] 127.0.0.1 /hnustxl/Admin/Table
INFO: [ app_init ] --START--
INFO: Run Behavior\BuildLiteBehavior [ RunTime:0.000059s ]
INFO: [ app_init ] --END-- [ RunTime:0.000902s ]
INFO: [ app_begin ] --START--
INFO: Run Behavior\ReadHtmlCacheBehavior [ RunTime:0.000952s ]
INFO: [ app_begin ] --END-- [ RunTime:0.001171s ]
INFO: [ app_end ] --START--
INFO: Run Behavior\ShowPageTraceBehavior [ RunTime:0.001103s ]
INFO: [ app_end ] --END-- [ RunTime:0.001242s ]

[ 2015-10-24T14:20:53+08:00 ] 127.0.0.1 /hnustxl/Admin/Table
INFO: [ app_init ] --START--
INFO: Run Behavior\BuildLiteBehavior [ RunTime:0.000042s ]
INFO: [ app_init ] --END-- [ RunTime:0.001027s ]
INFO: [ app_begin ] --START--
INFO: Run Behavior\ReadHtmlCacheBehavior [ RunTime:0.004872s ]
INFO: [ app_begin ] --END-- [ RunTime:0.005112s ]
INFO: [ app_end ] --START--
INFO: Run Behavior\ShowPageTraceBehavior [ RunTime:0.001067s ]
INFO: [ app_end ] --END-- [ RunTime:0.001207s ]

[ 2015-10-24T14:21:55+08:00 ] 127.0.0.1 /hnustxl/Admin/Table
INFO: [ app_init ] --START--
INFO: Run Behavior\BuildLiteBehavior [ RunTime:0.000025s ]
INFO: [ app_init ] --END-- [ RunTime:0.000582s ]
INFO: [ app_begin ] --START--
INFO: Run Behavior\ReadHtmlCacheBehavior [ RunTime:0.000805s ]
INFO: [ app_begin ] --END-- [ RunTime:0.000952s ]
INFO: [ app_end ] --START--
INFO: Run Behavior\ShowPageTraceBehavior [ RunTime:0.001088s ]
INFO: [ app_end ] --END-- [ RunTime:0.001227s ]

[ 2015-10-24T14:23:07+08:00 ] 127.0.0.1 /hnustxl/Admin/Table
INFO: [ app_init ] --START--
INFO: Run Behavior\BuildLiteBehavior [ RunTime:0.000043s ]
INFO: [ app_init ] --END-- [ RunTime:0.000811s ]
INFO: [ app_begin ] --START--
INFO: Run Behavior\ReadHtmlCacheBehavior [ RunTime:0.004892s ]
INFO: [ app_begin ] --END-- [ RunTime:0.005098s ]
INFO: [ app_end ] --START--
INFO: Run Behavior\ShowPageTraceBehavior [ RunTime:0.001101s ]
INFO: [ app_end ] --END-- [ RunTime:0.001252s ]

[ 2015-10-24T22:19:54+08:00 ] 127.0.0.1 /hnustxl/admin/
INFO: [ app_init ] --START--
INFO: Run Behavior\BuildLiteBehavior [ RunTime:0.000056s ]
INFO: [ app_init ] --END-- [ RunTime:0.000924s ]
INFO: [ app_begin ] --START--
INFO: Run Behavior\ReadHtmlCacheBehavior [ RunTime:0.001449s ]
INFO: [ app_begin ] --END-- [ RunTime:0.001642s ]
NOTIC: [8] Undefined index: wei C:\wamp\www\hnustxl\Application\Admin\Controller\BaseController.class.php 第 8 行.

[ 2015-10-24T22:19:55+08:00 ] 127.0.0.1 /hnustxl/Admin/Login/index.html
INFO: [ app_init ] --START--
INFO: Run Behavior\BuildLiteBehavior [ RunTime:0.000038s ]
INFO: [ app_init ] --END-- [ RunTime:0.000624s ]
INFO: [ app_begin ] --START--
INFO: Run Behavior\ReadHtmlCacheBehavior [ RunTime:0.000680s ]
INFO: [ app_begin ] --END-- [ RunTime:0.000804s ]
INFO: [ view_parse ] --START--
INFO: [ template_filter ] --START--
INFO: Run Behavior\ContentReplaceBehavior [ RunTime:0.000090s ]
INFO: [ template_filter ] --END-- [ RunTime:0.000215s ]
INFO: Run Behavior\ParseTemplateBehavior [ RunTime:0.007576s ]
INFO: [ view_parse ] --END-- [ RunTime:0.007712s ]
INFO: [ view_filter ] --START--
INFO: Run Behavior\WriteHtmlCacheBehavior [ RunTime:0.000703s ]
INFO: [ view_filter ] --END-- [ RunTime:0.000814s ]
INFO: [ app_end ] --START--
INFO: Run Behavior\ShowPageTraceBehavior [ RunTime:0.000628s ]
INFO: [ app_end ] --END-- [ RunTime:0.000745s ]

[ 2015-10-24T22:20:04+08:00 ] 127.0.0.1 /hnustxl/Admin/Table
INFO: [ app_init ] --START--
INFO: Run Behavior\BuildLiteBehavior [ RunTime:0.000026s ]
INFO: [ app_init ] --END-- [ RunTime:0.000510s ]
INFO: [ app_begin ] --START--
INFO: Run Behavior\ReadHtmlCacheBehavior [ RunTime:0.000949s ]
INFO: [ app_begin ] --END-- [ RunTime:0.001081s ]
INFO: [ app_end ] --START--
INFO: Run Behavior\ShowPageTraceBehavior [ RunTime:0.001241s ]
INFO: [ app_end ] --END-- [ RunTime:0.001421s ]

[ 2015-10-24T22:20:24+08:00 ] 127.0.0.1 /hnustxl/Admin/Table
INFO: [ app_init ] --START--
INFO: Run Behavior\BuildLiteBehavior [ RunTime:0.000035s ]
INFO: [ app_init ] --END-- [ RunTime:0.001045s ]
INFO: [ app_begin ] --START--
INFO: Run Behavior\ReadHtmlCacheBehavior [ RunTime:0.000710s ]
INFO: [ app_begin ] --END-- [ RunTime:0.000831s ]
INFO: [ app_end ] --START--
INFO: Run Behavior\ShowPageTraceBehavior [ RunTime:0.001077s ]
INFO: [ app_end ] --END-- [ RunTime:0.001217s ]

[ 2015-10-24T22:21:27+08:00 ] 127.0.0.1 /hnustxl/Admin/Table
INFO: [ app_init ] --START--
INFO: Run Behavior\BuildLiteBehavior [ RunTime:0.000028s ]
INFO: [ app_init ] --END-- [ RunTime:0.000580s ]
INFO: [ app_begin ] --START--
INFO: Run Behavior\ReadHtmlCacheBehavior [ RunTime:0.000687s ]
INFO: [ app_begin ] --END-- [ RunTime:0.000804s ]
INFO: [ app_end ] --START--
INFO: Run Behavior\ShowPageTraceBehavior [ RunTime:0.001525s ]
INFO: [ app_end ] --END-- [ RunTime:0.001756s ]

[ 2015-10-24T22:23:14+08:00 ] 127.0.0.1 /hnustxl/Admin/Table
INFO: [ app_init ] --START--
INFO: Run Behavior\BuildLiteBehavior [ RunTime:0.000026s ]
INFO: [ app_init ] --END-- [ RunTime:0.000602s ]
INFO: [ app_begin ] --START--
INFO: Run Behavior\ReadHtmlCacheBehavior [ RunTime:0.000669s ]
INFO: [ app_begin ] --END-- [ RunTime:0.000776s ]
INFO: [ app_end ] --START--
INFO: Run Behavior\ShowPageTraceBehavior [ RunTime:0.001280s ]
INFO: [ app_end ] --END-- [ RunTime:0.001439s ]

[ 2015-10-24T22:24:46+08:00 ] 127.0.0.1 /hnustxl/Admin/Table
INFO: [ app_init ] --START--
INFO: Run Behavior\BuildLiteBehavior [ RunTime:0.000026s ]
INFO: [ app_init ] --END-- [ RunTime:0.000496s ]
INFO: [ app_begin ] --START--
INFO: Run Behavior\ReadHtmlCacheBehavior [ RunTime:0.000757s ]
INFO: [ app_begin ] --END-- [ RunTime:0.000880s ]
INFO: [ app_end ] --START--
INFO: Run Behavior\ShowPageTraceBehavior [ RunTime:0.001108s ]
INFO: [ app_end ] --END-- [ RunTime:0.001273s ]

[ 2015-10-24T22:30:16+08:00 ] 127.0.0.1 /hnustxl/Admin/Table
INFO: [ app_init ] --START--
INFO: Run Behavior\BuildLiteBehavior [ RunTime:0.000046s ]
INFO: [ app_init ] --END-- [ RunTime:0.002467s ]
INFO: [ app_begin ] --START--
INFO: Run Behavior\ReadHtmlCacheBehavior [ RunTime:0.001924s ]
INFO: [ app_begin ] --END-- [ RunTime:0.002143s ]

[ 2015-10-24T22:31:58+08:00 ] 127.0.0.1 /hnustxl/Admin/Table
INFO: [ app_init ] --START--
INFO: Run Behavior\BuildLiteBehavior [ RunTime:0.000063s ]
INFO: [ app_init ] --END-- [ RunTime:0.003698s ]
INFO: [ app_begin ] --START--
INFO: Run Behavior\ReadHtmlCacheBehavior [ RunTime:0.002425s ]
INFO: [ app_begin ] --END-- [ RunTime:0.002708s ]

[ 2015-10-24T22:32:31+08:00 ] 127.0.0.1 /hnustxl/Admin/Table
INFO: [ app_init ] --START--
INFO: Run Behavior\BuildLiteBehavior [ RunTime:0.000039s ]
INFO: [ app_init ] --END-- [ RunTime:0.000768s ]
INFO: [ app_begin ] --START--
INFO: Run Behavior\ReadHtmlCacheBehavior [ RunTime:0.000750s ]
INFO: [ app_begin ] --END-- [ RunTime:0.000875s ]

[ 2015-10-24T22:33:21+08:00 ] 127.0.0.1 /hnustxl/Admin/Table
INFO: [ app_init ] --START--
INFO: Run Behavior\BuildLiteBehavior [ RunTime:0.000087s ]
INFO: [ app_init ] --END-- [ RunTime:0.002127s ]
INFO: [ app_begin ] --START--
INFO: Run Behavior\ReadHtmlCacheBehavior [ RunTime:0.001796s ]
INFO: [ app_begin ] --END-- [ RunTime:0.002108s ]

[ 2015-10-24T22:33:52+08:00 ] 127.0.0.1 /hnustxl/Admin/Table
INFO: [ app_init ] --START--
INFO: Run Behavior\BuildLiteBehavior [ RunTime:0.000037s ]
INFO: [ app_init ] --END-- [ RunTime:0.000710s ]
INFO: [ app_begin ] --START--
INFO: Run Behavior\ReadHtmlCacheBehavior [ RunTime:0.001769s ]
INFO: [ app_begin ] --END-- [ RunTime:0.001951s ]

[ 2015-10-24T22:35:24+08:00 ] 127.0.0.1 /hnustxl/Admin/Table
INFO: [ app_init ] --START--
INFO: Run Behavior\BuildLiteBehavior [ RunTime:0.000061s ]
INFO: [ app_init ] --END-- [ RunTime:0.001225s ]
INFO: [ app_begin ] --START--
INFO: Run Behavior\ReadHtmlCacheBehavior [ RunTime:0.000852s ]
INFO: [ app_begin ] --END-- [ RunTime:0.001026s ]

[ 2015-10-24T22:37:54+08:00 ] 127.0.0.1 /hnustxl/Admin/Table
INFO: [ app_init ] --START--
INFO: Run Behavior\BuildLiteBehavior [ RunTime:0.000038s ]
INFO: [ app_init ] --END-- [ RunTime:0.000859s ]
INFO: [ app_begin ] --START--
INFO: Run Behavior\ReadHtmlCacheBehavior [ RunTime:0.001104s ]
INFO: [ app_begin ] --END-- [ RunTime:0.001310s ]

[ 2015-10-24T22:39:29+08:00 ] 127.0.0.1 /hnustxl/Admin/Table
INFO: [ app_init ] --START--
INFO: Run Behavior\BuildLiteBehavior [ RunTime:0.000051s ]
INFO: [ app_init ] --END-- [ RunTime:0.000858s ]
INFO: [ app_begin ] --START--
INFO: Run Behavior\ReadHtmlCacheBehavior [ RunTime:0.001465s ]
INFO: [ app_begin ] --END-- [ RunTime:0.001674s ]

[ 2015-10-24T22:41:19+08:00 ] 127.0.0.1 /hnustxl/Admin/Table
INFO: [ app_init ] --START--
INFO: Run Behavior\BuildLiteBehavior [ RunTime:0.000052s ]
INFO: [ app_init ] --END-- [ RunTime:0.003064s ]
INFO: [ app_begin ] --START--
INFO: Run Behavior\ReadHtmlCacheBehavior [ RunTime:0.001020s ]
INFO: [ app_begin ] --END-- [ RunTime:0.001218s ]
INFO: [ app_end ] --START--
INFO: Run Behavior\ShowPageTraceBehavior [ RunTime:0.001495s ]
INFO: [ app_end ] --END-- [ RunTime:0.001688s ]

[ 2015-10-24T22:42:23+08:00 ] 127.0.0.1 /hnustxl/Admin/Table
INFO: [ app_init ] --START--
INFO: Run Behavior\BuildLiteBehavior [ RunTime:0.000027s ]
INFO: [ app_init ] --END-- [ RunTime:0.000506s ]
INFO: [ app_begin ] --START--
INFO: Run Behavior\ReadHtmlCacheBehavior [ RunTime:0.000705s ]
INFO: [ app_begin ] --END-- [ RunTime:0.000819s ]
INFO: [ app_end ] --START--
INFO: Run Behavior\ShowPageTraceBehavior [ RunTime:0.001091s ]
INFO: [ app_end ] --END-- [ RunTime:0.001217s ]

[ 2015-10-24T22:43:30+08:00 ] 127.0.0.1 /hnustxl/Admin/Table
INFO: [ app_init ] --START--
INFO: Run Behavior\BuildLiteBehavior [ RunTime:0.000046s ]
INFO: [ app_init ] --END-- [ RunTime:0.001072s ]
INFO: [ app_begin ] --START--
INFO: Run Behavior\ReadHtmlCacheBehavior [ RunTime:0.001929s ]
INFO: [ app_begin ] --END-- [ RunTime:0.002144s ]
INFO: [ app_end ] --START--
INFO: Run Behavior\ShowPageTraceBehavior [ RunTime:0.001094s ]
INFO: [ app_end ] --END-- [ RunTime:0.001237s ]

[ 2015-10-24T23:07:49+08:00 ] 127.0.0.1 /hnustxl/Admin/Table
INFO: [ app_init ] --START--
INFO: Run Behavior\BuildLiteBehavior [ RunTime:0.000049s ]
INFO: [ app_init ] --END-- [ RunTime:0.000837s ]
INFO: [ app_begin ] --START--
INFO: Run Behavior\ReadHtmlCacheBehavior [ RunTime:0.001150s ]
INFO: [ app_begin ] --END-- [ RunTime:0.001358s ]
NOTIC: [2] preg_match_all() expects parameter 2 to be string, array given C:\wamp\www\hnustxl\Application\Admin\Controller\TableController.class.php 第 138 行.

[ 2015-10-24T23:09:06+08:00 ] 127.0.0.1 /hnustxl/Admin/Table
INFO: [ app_init ] --START--
INFO: Run Behavior\BuildLiteBehavior [ RunTime:0.000032s ]
INFO: [ app_init ] --END-- [ RunTime:0.000893s ]
INFO: [ app_begin ] --START--
INFO: Run Behavior\ReadHtmlCacheBehavior [ RunTime:0.000910s ]
INFO: [ app_begin ] --END-- [ RunTime:0.001201s ]
NOTIC: [2] preg_match_all() expects parameter 2 to be string, array given C:\wamp\www\hnustxl\Application\Admin\Controller\TableController.class.php 第 138 行.

[ 2015-10-24T23:09:50+08:00 ] 127.0.0.1 /hnustxl/Admin/Table
INFO: [ app_init ] --START--
INFO: Run Behavior\BuildLiteBehavior [ RunTime:0.000110s ]
INFO: [ app_init ] --END-- [ RunTime:0.001668s ]
INFO: [ app_begin ] --START--
INFO: Run Behavior\ReadHtmlCacheBehavior [ RunTime:0.001087s ]
INFO: [ app_begin ] --END-- [ RunTime:0.001321s ]

[ 2015-10-24T23:11:56+08:00 ] 127.0.0.1 /hnustxl/Admin/Table
INFO: [ app_init ] --START--
INFO: Run Behavior\BuildLiteBehavior [ RunTime:0.000061s ]
INFO: [ app_init ] --END-- [ RunTime:0.001005s ]
INFO: [ app_begin ] --START--
INFO: Run Behavior\ReadHtmlCacheBehavior [ RunTime:0.001172s ]
INFO: [ app_begin ] --END-- [ RunTime:0.001421s ]

[ 2015-10-24T23:13:27+08:00 ] 127.0.0.1 /hnustxl/Admin/Table
INFO: [ app_init ] --START--
INFO: Run Behavior\BuildLiteBehavior [ RunTime:0.000036s ]
INFO: [ app_init ] --END-- [ RunTime:0.000951s ]
INFO: [ app_begin ] --START--
INFO: Run Behavior\ReadHtmlCacheBehavior [ RunTime:0.002803s ]
INFO: [ app_begin ] --END-- [ RunTime:0.002982s ]

[ 2015-10-24T23:16:15+08:00 ] 127.0.0.1 /hnustxl/Admin/Table
INFO: [ app_init ] --START--
INFO: Run Behavior\BuildLiteBehavior [ RunTime:0.000043s ]
INFO: [ app_init ] --END-- [ RunTime:0.001013s ]
INFO: [ app_begin ] --START--
INFO: Run Behavior\ReadHtmlCacheBehavior [ RunTime:0.001156s ]
INFO: [ app_begin ] --END-- [ RunTime:0.001461s ]
INFO: [ app_end ] --START--
INFO: Run Behavior\ShowPageTraceBehavior [ RunTime:0.001190s ]
INFO: [ app_end ] --END-- [ RunTime:0.001326s ]

[ 2015-10-24T23:21:22+08:00 ] 127.0.0.1 /hnustxl/Admin/Table
INFO: [ app_init ] --START--
INFO: Run Behavior\BuildLiteBehavior [ RunTime:0.000043s ]
INFO: [ app_init ] --END-- [ RunTime:0.000751s ]
INFO: [ app_begin ] --START--
INFO: Run Behavior\ReadHtmlCacheBehavior [ RunTime:0.000764s ]
INFO: [ app_begin ] --END-- [ RunTime:0.000921s ]
NOTIC: [2] preg_match_all() expects parameter 2 to be string, array given C:\wamp\www\hnustxl\Application\Admin\Controller\TableController.class.php 第 141 行.

[ 2015-10-24T23:23:54+08:00 ] 127.0.0.1 /hnustxl/Admin/Table
INFO: [ app_init ] --START--
INFO: Run Behavior\BuildLiteBehavior [ RunTime:0.000056s ]
INFO: [ app_init ] --END-- [ RunTime:0.001022s ]
INFO: [ app_begin ] --START--
INFO: Run Behavior\ReadHtmlCacheBehavior [ RunTime:0.006454s ]
INFO: [ app_begin ] --END-- [ RunTime:0.006691s ]
NOTIC: [2] preg_match_all() expects parameter 2 to be string, array given C:\wamp\www\hnustxl\Application\Admin\Controller\TableController.class.php 第 141 行.

[ 2015-10-24T23:26:07+08:00 ] 127.0.0.1 /hnustxl/Admin/Table
INFO: [ app_init ] --START--
INFO: Run Behavior\BuildLiteBehavior [ RunTime:0.000039s ]
INFO: [ app_init ] --END-- [ RunTime:0.000936s ]
INFO: [ app_begin ] --START--
INFO: Run Behavior\ReadHtmlCacheBehavior [ RunTime:0.001105s ]
INFO: [ app_begin ] --END-- [ RunTime:0.001279s ]
NOTIC: [2] preg_match_all() expects parameter 2 to be string, array given C:\wamp\www\hnustxl\Application\Admin\Controller\TableController.class.php 第 141 行.

[ 2015-10-24T23:27:40+08:00 ] 127.0.0.1 /hnustxl/Admin/Table
INFO: [ app_init ] --START--
INFO: Run Behavior\BuildLiteBehavior [ RunTime:0.000032s ]
INFO: [ app_init ] --END-- [ RunTime:0.000607s ]
INFO: [ app_begin ] --START--
INFO: Run Behavior\ReadHtmlCacheBehavior [ RunTime:0.001152s ]
INFO: [ app_begin ] --END-- [ RunTime:0.001314s ]
NOTIC: [2] preg_match_all() expects parameter 2 to be string, array given C:\wamp\www\hnustxl\Application\Admin\Controller\TableController.class.php 第 141 行.

[ 2015-10-24T23:28:05+08:00 ] 127.0.0.1 /hnustxl/Admin/Table
INFO: [ app_init ] --START--
INFO: Run Behavior\BuildLiteBehavior [ RunTime:0.000039s ]
INFO: [ app_init ] --END-- [ RunTime:0.001219s ]
INFO: [ app_begin ] --START--
INFO: Run Behavior\ReadHtmlCacheBehavior [ RunTime:0.000771s ]
INFO: [ app_begin ] --END-- [ RunTime:0.000892s ]
NOTIC: [2] preg_match_all() expects parameter 2 to be string, array given C:\wamp\www\hnustxl\Application\Admin\Controller\TableController.class.php 第 141 行.

[ 2015-10-24T23:28:57+08:00 ] 127.0.0.1 /hnustxl/Admin/Table
INFO: [ app_init ] --START--
INFO: Run Behavior\BuildLiteBehavior [ RunTime:0.000116s ]
INFO: [ app_init ] --END-- [ RunTime:0.001317s ]
INFO: [ app_begin ] --START--
INFO: Run Behavior\ReadHtmlCacheBehavior [ RunTime:0.002964s ]
INFO: [ app_begin ] --END-- [ RunTime:0.003188s ]

[ 2015-10-24T23:33:06+08:00 ] 127.0.0.1 /hnustxl/Admin/Table
INFO: [ app_init ] --START--
INFO: Run Behavior\BuildLiteBehavior [ RunTime:0.000025s ]
INFO: [ app_init ] --END-- [ RunTime:0.000484s ]
INFO: [ app_begin ] --START--
INFO: Run Behavior\ReadHtmlCacheBehavior [ RunTime:0.001173s ]
INFO: [ app_begin ] --END-- [ RunTime:0.001336s ]
NOTIC: [2] preg_match_all() expects parameter 2 to be string, array given C:\wamp\www\hnustxl\Application\Admin\Controller\TableController.class.php 第 141 行.

[ 2015-10-24T23:37:02+08:00 ] 127.0.0.1 /hnustxl/Admin/Table
INFO: [ app_init ] --START--
INFO: Run Behavior\BuildLiteBehavior [ RunTime:0.000132s ]
INFO: [ app_init ] --END-- [ RunTime:0.004540s ]
INFO: [ app_begin ] --START--
INFO: Run Behavior\ReadHtmlCacheBehavior [ RunTime:0.001274s ]
INFO: [ app_begin ] --END-- [ RunTime:0.001506s ]
NOTIC: [2] preg_match_all() expects parameter 2 to be string, array given C:\wamp\www\hnustxl\Application\Admin\Controller\TableController.class.php 第 141 行.

[ 2015-10-24T23:38:10+08:00 ] 127.0.0.1 /hnustxl/Admin/Table
INFO: [ app_init ] --START--
INFO: Run Behavior\BuildLiteBehavior [ RunTime:0.000051s ]
INFO: [ app_init ] --END-- [ RunTime:0.001065s ]
INFO: [ app_begin ] --START--
INFO: Run Behavior\ReadHtmlCacheBehavior [ RunTime:0.000967s ]
INFO: [ app_begin ] --END-- [ RunTime:0.001124s ]
NOTIC: [2] preg_match_all() expects parameter 2 to be string, array given C:\wamp\www\hnustxl\Application\Admin\Controller\TableController.class.php 第 141 行.

[ 2015-10-24T23:38:54+08:00 ] 127.0.0.1 /hnustxl/Admin/Table
INFO: [ app_init ] --START--
INFO: Run Behavior\BuildLiteBehavior [ RunTime:0.000122s ]
INFO: [ app_init ] --END-- [ RunTime:0.001286s ]
INFO: [ app_begin ] --START--
INFO: Run Behavior\ReadHtmlCacheBehavior [ RunTime:0.000966s ]
INFO: [ app_begin ] --END-- [ RunTime:0.001135s ]
NOTIC: [2] preg_match_all() expects parameter 2 to be string, array given C:\wamp\www\hnustxl\Application\Admin\Controller\TableController.class.php 第 141 行.

[ 2015-10-24T23:39:22+08:00 ] 127.0.0.1 /hnustxl/Admin/Table
INFO: [ app_init ] --START--
INFO: Run Behavior\BuildLiteBehavior [ RunTime:0.000038s ]
INFO: [ app_init ] --END-- [ RunTime:0.000817s ]
INFO: [ app_begin ] --START--
INFO: Run Behavior\ReadHtmlCacheBehavior [ RunTime:0.000812s ]
INFO: [ app_begin ] --END-- [ RunTime:0.000970s ]
NOTIC: [2] preg_match_all() expects parameter 2 to be string, array given C:\wamp\www\hnustxl\Application\Admin\Controller\TableController.class.php 第 141 行.

[ 2015-10-24T23:39:41+08:00 ] 127.0.0.1 /hnustxl/Admin/Table
INFO: [ app_init ] --START--
INFO: Run Behavior\BuildLiteBehavior [ RunTime:0.000050s ]
INFO: [ app_init ] --END-- [ RunTime:0.000996s ]
INFO: [ app_begin ] --START--
INFO: Run Behavior\ReadHtmlCacheBehavior [ RunTime:0.000980s ]
INFO: [ app_begin ] --END-- [ RunTime:0.001147s ]
NOTIC: [2] preg_match_all() expects parameter 2 to be string, array given C:\wamp\www\hnustxl\Application\Admin\Controller\TableController.class.php 第 141 行.

[ 2015-10-24T23:39:58+08:00 ] 127.0.0.1 /hnustxl/Admin/Table
INFO: [ app_init ] --START--
INFO: Run Behavior\BuildLiteBehavior [ RunTime:0.000043s ]
INFO: [ app_init ] --END-- [ RunTime:0.000901s ]
INFO: [ app_begin ] --START--
INFO: Run Behavior\ReadHtmlCacheBehavior [ RunTime:0.001469s ]
INFO: [ app_begin ] --END-- [ RunTime:0.001694s ]
NOTIC: [2] preg_match_all() expects parameter 2 to be string, array given C:\wamp\www\hnustxl\Application\Admin\Controller\TableController.class.php 第 141 行.

[ 2015-10-24T23:40:49+08:00 ] 127.0.0.1 /hnustxl/Admin/Table
INFO: [ app_init ] --START--
INFO: Run Behavior\BuildLiteBehavior [ RunTime:0.000059s ]
INFO: [ app_init ] --END-- [ RunTime:0.001104s ]
INFO: [ app_begin ] --START--
INFO: Run Behavior\ReadHtmlCacheBehavior [ RunTime:0.001484s ]
INFO: [ app_begin ] --END-- [ RunTime:0.001787s ]

[ 2015-10-24T23:43:26+08:00 ] 127.0.0.1 /hnustxl/Admin/Table
INFO: [ app_init ] --START--
INFO: Run Behavior\BuildLiteBehavior [ RunTime:0.000029s ]
INFO: [ app_init ] --END-- [ RunTime:0.000844s ]
INFO: [ app_begin ] --START--
INFO: Run Behavior\ReadHtmlCacheBehavior [ RunTime:0.001046s ]
INFO: [ app_begin ] --END-- [ RunTime:0.001244s ]

[ 2015-10-24T23:44:27+08:00 ] 127.0.0.1 /hnustxl/Admin/Table
INFO: [ app_init ] --START--
INFO: Run Behavior\BuildLiteBehavior [ RunTime:0.000036s ]
INFO: [ app_init ] --END-- [ RunTime:0.001019s ]
INFO: [ app_begin ] --START--
INFO: Run Behavior\ReadHtmlCacheBehavior [ RunTime:0.001079s ]
INFO: [ app_begin ] --END-- [ RunTime:0.001237s ]

[ 2015-10-24T23:45:04+08:00 ] 127.0.0.1 /hnustxl/Admin/Table
INFO: [ app_init ] --START--
INFO: Run Behavior\BuildLiteBehavior [ RunTime:0.000024s ]
INFO: [ app_init ] --END-- [ RunTime:0.000547s ]
INFO: [ app_begin ] --START--
INFO: Run Behavior\ReadHtmlCacheBehavior [ RunTime:0.000698s ]
INFO: [ app_begin ] --END-- [ RunTime:0.000811s ]
NOTIC: [2] preg_match_all() expects parameter 2 to be string, array given C:\wamp\www\hnustxl\Application\Admin\Controller\TableController.class.php 第 141 行.

[ 2015-10-24T23:45:45+08:00 ] 127.0.0.1 /hnustxl/Admin/Table
INFO: [ app_init ] --START--
INFO: Run Behavior\BuildLiteBehavior [ RunTime:0.000043s ]
INFO: [ app_init ] --END-- [ RunTime:0.001015s ]
INFO: [ app_begin ] --START--
INFO: Run Behavior\ReadHtmlCacheBehavior [ RunTime:0.001048s ]
INFO: [ app_begin ] --END-- [ RunTime:0.001234s ]

[ 2015-10-24T23:48:16+08:00 ] 127.0.0.1 /hnustxl/Admin/Table
INFO: [ app_init ] --START--
INFO: Run Behavior\BuildLiteBehavior [ RunTime:0.000074s ]
INFO: [ app_init ] --END-- [ RunTime:0.001451s ]
INFO: [ app_begin ] --START--
INFO: Run Behavior\ReadHtmlCacheBehavior [ RunTime:0.001099s ]
INFO: [ app_begin ] --END-- [ RunTime:0.001285s ]
NOTIC: [8] Undefined offset: 1 C:\wamp\www\hnustxl\Application\Admin\Controller\TableController.class.php 第 159 行.
NOTIC: [8] Undefined offset: 2 C:\wamp\www\hnustxl\Application\Admin\Controller\TableController.class.php 第 159 行.
NOTIC: [8] Undefined offset: 3 C:\wamp\www\hnustxl\Application\Admin\Controller\TableController.class.php 第 159 行.
NOTIC: [8] Undefined offset: 4 C:\wamp\www\hnustxl\Application\Admin\Controller\TableController.class.php 第 159 行.
NOTIC: [8] Undefined offset: 5 C:\wamp\www\hnustxl\Application\Admin\Controller\TableController.class.php 第 159 行.
NOTIC: [8] Undefined offset: 6 C:\wamp\www\hnustxl\Application\Admin\Controller\TableController.class.php 第 159 行.
NOTIC: [8] Undefined offset: 8 C:\wamp\www\hnustxl\Application\Admin\Controller\TableController.class.php 第 159 行.
NOTIC: [8] Undefined offset: 9 C:\wamp\www\hnustxl\Application\Admin\Controller\TableController.class.php 第 159 行.
NOTIC: [8] Undefined offset: 10 C:\wamp\www\hnustxl\Application\Admin\Controller\TableController.class.php 第 159 行.
NOTIC: [8] Undefined offset: 11 C:\wamp\www\hnustxl\Application\Admin\Controller\TableController.class.php 第 159 行.
NOTIC: [8] Undefined offset: 12 C:\wamp\www\hnustxl\Application\Admin\Controller\TableController.class.php 第 159 行.
NOTIC: [8] Undefined offset: 13 C:\wamp\www\hnustxl\Application\Admin\Controller\TableController.class.php 第 159 行.
NOTIC: [8] Undefined offset: 14 C:\wamp\www\hnustxl\Application\Admin\Controller\TableController.class.php 第 159 行.
NOTIC: [8] Undefined offset: 16 C:\wamp\www\hnustxl\Application\Admin\Controller\TableController.class.php 第 159 行.
NOTIC: [8] Undefined offset: 17 C:\wamp\www\hnustxl\Application\Admin\Controller\TableController.class.php 第 159 行.
NOTIC: [8] Undefined offset: 18 C:\wamp\www\hnustxl\Application\Admin\Controller\TableController.class.php 第 159 行.
NOTIC: [8] Undefined offset: 19 C:\wamp\www\hnustxl\Application\Admin\Controller\TableController.class.php 第 159 行.
NOTIC: [8] Undefined offset: 20 C:\wamp\www\hnustxl\Application\Admin\Controller\TableController.class.php 第 159 行.
NOTIC: [8] Undefined offset: 21 C:\wamp\www\hnustxl\Application\Admin\Controller\TableController.class.php 第 159 行.
NOTIC: [8] Undefined offset: 22 C:\wamp\www\hnustxl\Application\Admin\Controller\TableController.class.php 第 159 行.
NOTIC: [8] Undefined offset: 24 C:\wamp\www\hnustxl\Application\Admin\Controller\TableController.class.php 第 159 行.
NOTIC: [8] Undefined offset: 25 C:\wamp\www\hnustxl\Application\Admin\Controller\TableController.class.php 第 159 行.
NOTIC: [8] Undefined offset: 26 C:\wamp\www\hnustxl\Application\Admin\Controller\TableController.class.php 第 159 行.
NOTIC: [8] Undefined offset: 27 C:\wamp\www\hnustxl\Application\Admin\Controller\TableController.class.php 第 159 行.
NOTIC: [8] Undefined offset: 28 C:\wamp\www\hnustxl\Application\Admin\Controller\TableController.class.php 第 159 行.
NOTIC: [8] Undefined offset: 29 C:\wamp\www\hnustxl\Application\Admin\Controller\TableController.class.php 第 159 行.
NOTIC: [8] Undefined offset: 30 C:\wamp\www\hnustxl\Application\Admin\Controller\TableController.class.php 第 159 行.
NOTIC: [8] Undefined offset: 32 C:\wamp\www\hnustxl\Application\Admin\Controller\TableController.class.php 第 159 行.
NOTIC: [8] Undefined offset: 33 C:\wamp\www\hnustxl\Application\Admin\Controller\TableController.class.php 第 159 行.
NOTIC: [8] Undefined offset: 34 C:\wamp\www\hnustxl\Application\Admin\Controller\TableController.class.php 第 159 行.
NOTIC: [8] Undefined offset: 35 C:\wamp\www\hnustxl\Application\Admin\Controller\TableController.class.php 第 159 行.
NOTIC: [8] Undefined offset: 36 C:\wamp\www\hnustxl\Application\Admin\Controller\TableController.class.php 第 159 行.
NOTIC: [8] Undefined offset: 37 C:\wamp\www\hnustxl\Application\Admin\Controller\TableController.class.php 第 159 行.
NOTIC: [8] Undefined offset: 38 C:\wamp\www\hnustxl\Application\Admin\Controller\TableController.class.php 第 159 行.
INFO: [ app_end ] --START--
INFO: Run Behavior\ShowPageTraceBehavior [ RunTime:0.001090s ]
INFO: [ app_end ] --END-- [ RunTime:0.001200s ]

[ 2015-10-24T23:48:56+08:00 ] 127.0.0.1 /hnustxl/Admin/Table
INFO: [ app_init ] --START--
INFO: Run Behavior\BuildLiteBehavior [ RunTime:0.000065s ]
INFO: [ app_init ] --END-- [ RunTime:0.000683s ]
INFO: [ app_begin ] --START--
INFO: Run Behavior\ReadHtmlCacheBehavior [ RunTime:0.001081s ]
INFO: [ app_begin ] --END-- [ RunTime:0.001262s ]
NOTIC: [8] Undefined offset: 1 C:\wamp\www\hnustxl\Application\Admin\Controller\TableController.class.php 第 159 行.
NOTIC: [8] Undefined offset: 2 C:\wamp\www\hnustxl\Application\Admin\Controller\TableController.class.php 第 159 行.
NOTIC: [8] Undefined offset: 3 C:\wamp\www\hnustxl\Application\Admin\Controller\TableController.class.php 第 159 行.
NOTIC: [8] Undefined offset: 4 C:\wamp\www\hnustxl\Application\Admin\Controller\TableController.class.php 第 159 行.
NOTIC: [8] Undefined offset: 5 C:\wamp\www\hnustxl\Application\Admin\Controller\TableController.class.php 第 159 行.
NOTIC: [8] Undefined offset: 6 C:\wamp\www\hnustxl\Application\Admin\Controller\TableController.class.php 第 159 行.
NOTIC: [8] Undefined offset: 8 C:\wamp\www\hnustxl\Application\Admin\Controller\TableController.class.php 第 159 行.
NOTIC: [8] Undefined offset: 9 C:\wamp\www\hnustxl\Application\Admin\Controller\TableController.class.php 第 159 行.
NOTIC: [8] Undefined offset: 10 C:\wamp\www\hnustxl\Application\Admin\Controller\TableController.class.php 第 159 行.
NOTIC: [8] Undefined offset: 11 C:\wamp\www\hnustxl\Application\Admin\Controller\TableController.class.php 第 159 行.
NOTIC: [8] Undefined offset: 12 C:\wamp\www\hnustxl\Application\Admin\Controller\TableController.class.php 第 159 行.
NOTIC: [8] Undefined offset: 13 C:\wamp\www\hnustxl\Application\Admin\Controller\TableController.class.php 第 159 行.
NOTIC: [8] Undefined offset: 14 C:\wamp\www\hnustxl\Application\Admin\Controller\TableController.class.php 第 159 行.
NOTIC: [8] Undefined offset: 16 C:\wamp\www\hnustxl\Application\Admin\Controller\TableController.class.php 第 159 行.
NOTIC: [8] Undefined offset: 17 C:\wamp\www\hnustxl\Application\Admin\Controller\TableController.class.php 第 159 行.
NOTIC: [8] Undefined offset: 18 C:\wamp\www\hnustxl\Application\Admin\Controller\TableController.class.php 第 159 行.
NOTIC: [8] Undefined offset: 19 C:\wamp\www\hnustxl\Application\Admin\Controller\TableController.class.php 第 159 行.
NOTIC: [8] Undefined offset: 20 C:\wamp\www\hnustxl\Application\Admin\Controller\TableController.class.php 第 159 行.
NOTIC: [8] Undefined offset: 21 C:\wamp\www\hnustxl\Application\Admin\Controller\TableController.class.php 第 159 行.
NOTIC: [8] Undefined offset: 22 C:\wamp\www\hnustxl\Application\Admin\Controller\TableController.class.php 第 159 行.
NOTIC: [8] Undefined offset: 24 C:\wamp\www\hnustxl\Application\Admin\Controller\TableController.class.php 第 159 行.
NOTIC: [8] Undefined offset: 25 C:\wamp\www\hnustxl\Application\Admin\Controller\TableController.class.php 第 159 行.
NOTIC: [8] Undefined offset: 26 C:\wamp\www\hnustxl\Application\Admin\Controller\TableController.class.php 第 159 行.
NOTIC: [8] Undefined offset: 27 C:\wamp\www\hnustxl\Application\Admin\Controller\TableController.class.php 第 159 行.
NOTIC: [8] Undefined offset: 28 C:\wamp\www\hnustxl\Application\Admin\Controller\TableController.class.php 第 159 行.
NOTIC: [8] Undefined offset: 29 C:\wamp\www\hnustxl\Application\Admin\Controller\TableController.class.php 第 159 行.
NOTIC: [8] Undefined offset: 30 C:\wamp\www\hnustxl\Application\Admin\Controller\TableController.class.php 第 159 行.
NOTIC: [8] Undefined offset: 32 C:\wamp\www\hnustxl\Application\Admin\Controller\TableController.class.php 第 159 行.
NOTIC: [8] Undefined offset: 33 C:\wamp\www\hnustxl\Application\Admin\Controller\TableController.class.php 第 159 行.
NOTIC: [8] Undefined offset: 34 C:\wamp\www\hnustxl\Application\Admin\Controller\TableController.class.php 第 159 行.
NOTIC: [8] Undefined offset: 35 C:\wamp\www\hnustxl\Application\Admin\Controller\TableController.class.php 第 159 行.
NOTIC: [8] Undefined offset: 36 C:\wamp\www\hnustxl\Application\Admin\Controller\TableController.class.php 第 159 行.
NOTIC: [8] Undefined offset: 37 C:\wamp\www\hnustxl\Application\Admin\Controller\TableController.class.php 第 159 行.
NOTIC: [8] Undefined offset: 38 C:\wamp\www\hnustxl\Application\Admin\Controller\TableController.class.php 第 159 行.
INFO: [ app_end ] --START--
INFO: Run Behavior\ShowPageTraceBehavior [ RunTime:0.001228s ]
INFO: [ app_end ] --END-- [ RunTime:0.001366s ]

[ 2015-10-24T23:50:43+08:00 ] 127.0.0.1 /hnustxl/Admin/Table
INFO: [ app_init ] --START--
INFO: Run Behavior\BuildLiteBehavior [ RunTime:0.000035s ]
INFO: [ app_init ] --END-- [ RunTime:0.000646s ]
INFO: [ app_begin ] --START--
INFO: Run Behavior\ReadHtmlCacheBehavior [ RunTime:0.003522s ]
INFO: [ app_begin ] --END-- [ RunTime:0.003824s ]
NOTIC: [8] Undefined offset: 1 C:\wamp\www\hnustxl\Application\Admin\Controller\TableController.class.php 第 160 行.
NOTIC: [8] Undefined offset: 2 C:\wamp\www\hnustxl\Application\Admin\Controller\TableController.class.php 第 160 行.
NOTIC: [8] Undefined offset: 3 C:\wamp\www\hnustxl\Application\Admin\Controller\TableController.class.php 第 160 行.
NOTIC: [8] Undefined offset: 4 C:\wamp\www\hnustxl\Application\Admin\Controller\TableController.class.php 第 160 行.
NOTIC: [8] Undefined offset: 5 C:\wamp\www\hnustxl\Application\Admin\Controller\TableController.class.php 第 160 行.
NOTIC: [8] Undefined offset: 6 C:\wamp\www\hnustxl\Application\Admin\Controller\TableController.class.php 第 160 行.
NOTIC: [8] Undefined offset: 8 C:\wamp\www\hnustxl\Application\Admin\Controller\TableController.class.php 第 160 行.
NOTIC: [8] Undefined offset: 9 C:\wamp\www\hnustxl\Application\Admin\Controller\TableController.class.php 第 160 行.
NOTIC: [8] Undefined offset: 10 C:\wamp\www\hnustxl\Application\Admin\Controller\TableController.class.php 第 160 行.
NOTIC: [8] Undefined offset: 11 C:\wamp\www\hnustxl\Application\Admin\Controller\TableController.class.php 第 160 行.
NOTIC: [8] Undefined offset: 12 C:\wamp\www\hnustxl\Application\Admin\Controller\TableController.class.php 第 160 行.
NOTIC: [8] Undefined offset: 13 C:\wamp\www\hnustxl\Application\Admin\Controller\TableController.class.php 第 160 行.
NOTIC: [8] Undefined offset: 14 C:\wamp\www\hnustxl\Application\Admin\Controller\TableController.class.php 第 160 行.
NOTIC: [8] Undefined offset: 16 C:\wamp\www\hnustxl\Application\Admin\Controller\TableController.class.php 第 160 行.
NOTIC: [8] Undefined offset: 17 C:\wamp\www\hnustxl\Application\Admin\Controller\TableController.class.php 第 160 行.
NOTIC: [8] Undefined offset: 18 C:\wamp\www\hnustxl\Application\Admin\Controller\TableController.class.php 第 160 行.
NOTIC: [8] Undefined offset: 19 C:\wamp\www\hnustxl\Application\Admin\Controller\TableController.class.php 第 160 行.
NOTIC: [8] Undefined offset: 20 C:\wamp\www\hnustxl\Application\Admin\Controller\TableController.class.php 第 160 行.
NOTIC: [8] Undefined offset: 21 C:\wamp\www\hnustxl\Application\Admin\Controller\TableController.class.php 第 160 行.
NOTIC: [8] Undefined offset: 22 C:\wamp\www\hnustxl\Application\Admin\Controller\TableController.class.php 第 160 行.
NOTIC: [8] Undefined offset: 24 C:\wamp\www\hnustxl\Application\Admin\Controller\TableController.class.php 第 160 行.
NOTIC: [8] Undefined offset: 25 C:\wamp\www\hnustxl\Application\Admin\Controller\TableController.class.php 第 160 行.
NOTIC: [8] Undefined offset: 26 C:\wamp\www\hnustxl\Application\Admin\Controller\TableController.class.php 第 160 行.
NOTIC: [8] Undefined offset: 27 C:\wamp\www\hnustxl\Application\Admin\Controller\TableController.class.php 第 160 行.
NOTIC: [8] Undefined offset: 28 C:\wamp\www\hnustxl\Application\Admin\Controller\TableController.class.php 第 160 行.
NOTIC: [8] Undefined offset: 29 C:\wamp\www\hnustxl\Application\Admin\Controller\TableController.class.php 第 160 行.
NOTIC: [8] Undefined offset: 30 C:\wamp\www\hnustxl\Application\Admin\Controller\TableController.class.php 第 160 行.
NOTIC: [8] Undefined offset: 32 C:\wamp\www\hnustxl\Application\Admin\Controller\TableController.class.php 第 160 行.
NOTIC: [8] Undefined offset: 33 C:\wamp\www\hnustxl\Application\Admin\Controller\TableController.class.php 第 160 行.
NOTIC: [8] Undefined offset: 34 C:\wamp\www\hnustxl\Application\Admin\Controller\TableController.class.php 第 160 行.
NOTIC: [8] Undefined offset: 35 C:\wamp\www\hnustxl\Application\Admin\Controller\TableController.class.php 第 160 行.
NOTIC: [8] Undefined offset: 36 C:\wamp\www\hnustxl\Application\Admin\Controller\TableController.class.php 第 160 行.
NOTIC: [8] Undefined offset: 37 C:\wamp\www\hnustxl\Application\Admin\Controller\TableController.class.php 第 160 行.
NOTIC: [8] Undefined offset: 38 C:\wamp\www\hnustxl\Application\Admin\Controller\TableController.class.php 第 160 行.
INFO: [ app_end ] --START--
INFO: Run Behavior\ShowPageTraceBehavior [ RunTime:0.001131s ]
INFO: [ app_end ] --END-- [ RunTime:0.001251s ]

[ 2015-10-24T23:52:03+08:00 ] 127.0.0.1 /hnustxl/Admin/Table
INFO: [ app_init ] --START--
INFO: Run Behavior\BuildLiteBehavior [ RunTime:0.000046s ]
INFO: [ app_init ] --END-- [ RunTime:0.001058s ]
INFO: [ app_begin ] --START--
INFO: Run Behavior\ReadHtmlCacheBehavior [ RunTime:0.001185s ]
INFO: [ app_begin ] --END-- [ RunTime:0.001397s ]
NOTIC: [8] Undefined offset: 1 C:\wamp\www\hnustxl\Application\Admin\Controller\TableController.class.php 第 160 行.
NOTIC: [8] Undefined offset: 2 C:\wamp\www\hnustxl\Application\Admin\Controller\TableController.class.php 第 160 行.
NOTIC: [8] Undefined offset: 3 C:\wamp\www\hnustxl\Application\Admin\Controller\TableController.class.php 第 160 行.
NOTIC: [8] Undefined offset: 4 C:\wamp\www\hnustxl\Application\Admin\Controller\TableController.class.php 第 160 行.
NOTIC: [8] Undefined offset: 5 C:\wamp\www\hnustxl\Application\Admin\Controller\TableController.class.php 第 160 行.
NOTIC: [8] Undefined offset: 6 C:\wamp\www\hnustxl\Application\Admin\Controller\TableController.class.php 第 160 行.
NOTIC: [8] Undefined offset: 8 C:\wamp\www\hnustxl\Application\Admin\Controller\TableController.class.php 第 160 行.
NOTIC: [8] Undefined offset: 9 C:\wamp\www\hnustxl\Application\Admin\Controller\TableController.class.php 第 160 行.
NOTIC: [8] Undefined offset: 10 C:\wamp\www\hnustxl\Application\Admin\Controller\TableController.class.php 第 160 行.
NOTIC: [8] Undefined offset: 11 C:\wamp\www\hnustxl\Application\Admin\Controller\TableController.class.php 第 160 行.
NOTIC: [8] Undefined offset: 12 C:\wamp\www\hnustxl\Application\Admin\Controller\TableController.class.php 第 160 行.
NOTIC: [8] Undefined offset: 13 C:\wamp\www\hnustxl\Application\Admin\Controller\TableController.class.php 第 160 行.
NOTIC: [8] Undefined offset: 14 C:\wamp\www\hnustxl\Application\Admin\Controller\TableController.class.php 第 160 行.
NOTIC: [8] Undefined offset: 16 C:\wamp\www\hnustxl\Application\Admin\Controller\TableController.class.php 第 160 行.
NOTIC: [8] Undefined offset: 17 C:\wamp\www\hnustxl\Application\Admin\Controller\TableController.class.php 第 160 行.
NOTIC: [8] Undefined offset: 18 C:\wamp\www\hnustxl\Application\Admin\Controller\TableController.class.php 第 160 行.
NOTIC: [8] Undefined offset: 19 C:\wamp\www\hnustxl\Application\Admin\Controller\TableController.class.php 第 160 行.
NOTIC: [8] Undefined offset: 20 C:\wamp\www\hnustxl\Application\Admin\Controller\TableController.class.php 第 160 行.
NOTIC: [8] Undefined offset: 21 C:\wamp\www\hnustxl\Application\Admin\Controller\TableController.class.php 第 160 行.
NOTIC: [8] Undefined offset: 22 C:\wamp\www\hnustxl\Application\Admin\Controller\TableController.class.php 第 160 行.
NOTIC: [8] Undefined offset: 24 C:\wamp\www\hnustxl\Application\Admin\Controller\TableController.class.php 第 160 行.
NOTIC: [8] Undefined offset: 25 C:\wamp\www\hnustxl\Application\Admin\Controller\TableController.class.php 第 160 行.
NOTIC: [8] Undefined offset: 26 C:\wamp\www\hnustxl\Application\Admin\Controller\TableController.class.php 第 160 行.
NOTIC: [8] Undefined offset: 27 C:\wamp\www\hnustxl\Application\Admin\Controller\TableController.class.php 第 160 行.
NOTIC: [8] Undefined offset: 28 C:\wamp\www\hnustxl\Application\Admin\Controller\TableController.class.php 第 160 行.
NOTIC: [8] Undefined offset: 29 C:\wamp\www\hnustxl\Application\Admin\Controller\TableController.class.php 第 160 行.
NOTIC: [8] Undefined offset: 30 C:\wamp\www\hnustxl\Application\Admin\Controller\TableController.class.php 第 160 行.
NOTIC: [8] Undefined offset: 32 C:\wamp\www\hnustxl\Application\Admin\Controller\TableController.class.php 第 160 行.
NOTIC: [8] Undefined offset: 33 C:\wamp\www\hnustxl\Application\Admin\Controller\TableController.class.php 第 160 行.
NOTIC: [8] Undefined offset: 34 C:\wamp\www\hnustxl\Application\Admin\Controller\TableController.class.php 第 160 行.
NOTIC: [8] Undefined offset: 35 C:\wamp\www\hnustxl\Application\Admin\Controller\TableController.class.php 第 160 行.
NOTIC: [8] Undefined offset: 36 C:\wamp\www\hnustxl\Application\Admin\Controller\TableController.class.php 第 160 行.
NOTIC: [8] Undefined offset: 37 C:\wamp\www\hnustxl\Application\Admin\Controller\TableController.class.php 第 160 行.
NOTIC: [8] Undefined offset: 38 C:\wamp\www\hnustxl\Application\Admin\Controller\TableController.class.php 第 160 行.
INFO: [ app_end ] --START--
INFO: Run Behavior\ShowPageTraceBehavior [ RunTime:0.001363s ]
INFO: [ app_end ] --END-- [ RunTime:0.001495s ]

[ 2015-10-24T23:53:12+08:00 ] 127.0.0.1 /hnustxl/Admin/Table
INFO: [ app_init ] --START--
INFO: Run Behavior\BuildLiteBehavior [ RunTime:0.000051s ]
INFO: [ app_init ] --END-- [ RunTime:0.003180s ]
INFO: [ app_begin ] --START--
INFO: Run Behavior\ReadHtmlCacheBehavior [ RunTime:0.001147s ]
INFO: [ app_begin ] --END-- [ RunTime:0.001367s ]
NOTIC: [8] Undefined offset: 1 C:\wamp\www\hnustxl\Application\Admin\Controller\TableController.class.php 第 163 行.
NOTIC: [8] Undefined offset: 2 C:\wamp\www\hnustxl\Application\Admin\Controller\TableController.class.php 第 163 行.
NOTIC: [8] Undefined offset: 3 C:\wamp\www\hnustxl\Application\Admin\Controller\TableController.class.php 第 163 行.
NOTIC: [8] Undefined offset: 4 C:\wamp\www\hnustxl\Application\Admin\Controller\TableController.class.php 第 163 行.
NOTIC: [8] Undefined offset: 5 C:\wamp\www\hnustxl\Application\Admin\Controller\TableController.class.php 第 163 行.
NOTIC: [8] Undefined offset: 6 C:\wamp\www\hnustxl\Application\Admin\Controller\TableController.class.php 第 163 行.
NOTIC: [8] Undefined offset: 8 C:\wamp\www\hnustxl\Application\Admin\Controller\TableController.class.php 第 163 行.
NOTIC: [8] Undefined offset: 9 C:\wamp\www\hnustxl\Application\Admin\Controller\TableController.class.php 第 163 行.
NOTIC: [8] Undefined offset: 10 C:\wamp\www\hnustxl\Application\Admin\Controller\TableController.class.php 第 163 行.
NOTIC: [8] Undefined offset: 11 C:\wamp\www\hnustxl\Application\Admin\Controller\TableController.class.php 第 163 行.
NOTIC: [8] Undefined offset: 12 C:\wamp\www\hnustxl\Application\Admin\Controller\TableController.class.php 第 163 行.
NOTIC: [8] Undefined offset: 13 C:\wamp\www\hnustxl\Application\Admin\Controller\TableController.class.php 第 163 行.
NOTIC: [8] Undefined offset: 14 C:\wamp\www\hnustxl\Application\Admin\Controller\TableController.class.php 第 163 行.
NOTIC: [8] Undefined offset: 16 C:\wamp\www\hnustxl\Application\Admin\Controller\TableController.class.php 第 163 行.
NOTIC: [8] Undefined offset: 17 C:\wamp\www\hnustxl\Application\Admin\Controller\TableController.class.php 第 163 行.
NOTIC: [8] Undefined offset: 18 C:\wamp\www\hnustxl\Application\Admin\Controller\TableController.class.php 第 163 行.
NOTIC: [8] Undefined offset: 19 C:\wamp\www\hnustxl\Application\Admin\Controller\TableController.class.php 第 163 行.
NOTIC: [8] Undefined offset: 20 C:\wamp\www\hnustxl\Application\Admin\Controller\TableController.class.php 第 163 行.
NOTIC: [8] Undefined offset: 21 C:\wamp\www\hnustxl\Application\Admin\Controller\TableController.class.php 第 163 行.
NOTIC: [8] Undefined offset: 22 C:\wamp\www\hnustxl\Application\Admin\Controller\TableController.class.php 第 163 行.
NOTIC: [8] Undefined offset: 24 C:\wamp\www\hnustxl\Application\Admin\Controller\TableController.class.php 第 163 行.
NOTIC: [8] Undefined offset: 25 C:\wamp\www\hnustxl\Application\Admin\Controller\TableController.class.php 第 163 行.
NOTIC: [8] Undefined offset: 26 C:\wamp\www\hnustxl\Application\Admin\Controller\TableController.class.php 第 163 行.
NOTIC: [8] Undefined offset: 27 C:\wamp\www\hnustxl\Application\Admin\Controller\TableController.class.php 第 163 行.
NOTIC: [8] Undefined offset: 28 C:\wamp\www\hnustxl\Application\Admin\Controller\TableController.class.php 第 163 行.
NOTIC: [8] Undefined offset: 29 C:\wamp\www\hnustxl\Application\Admin\Controller\TableController.class.php 第 163 行.
NOTIC: [8] Undefined offset: 30 C:\wamp\www\hnustxl\Application\Admin\Controller\TableController.class.php 第 163 行.
NOTIC: [8] Undefined offset: 32 C:\wamp\www\hnustxl\Application\Admin\Controller\TableController.class.php 第 163 行.
NOTIC: [8] Undefined offset: 33 C:\wamp\www\hnustxl\Application\Admin\Controller\TableController.class.php 第 163 行.
NOTIC: [8] Undefined offset: 34 C:\wamp\www\hnustxl\Application\Admin\Controller\TableController.class.php 第 163 行.
NOTIC: [8] Undefined offset: 35 C:\wamp\www\hnustxl\Application\Admin\Controller\TableController.class.php 第 163 行.
NOTIC: [8] Undefined offset: 36 C:\wamp\www\hnustxl\Application\Admin\Controller\TableController.class.php 第 163 行.
NOTIC: [8] Undefined offset: 37 C:\wamp\www\hnustxl\Application\Admin\Controller\TableController.class.php 第 163 行.
NOTIC: [8] Undefined offset: 38 C:\wamp\www\hnustxl\Application\Admin\Controller\TableController.class.php 第 163 行.
INFO: [ app_end ] --START--
INFO: Run Behavior\ShowPageTraceBehavior [ RunTime:0.001510s ]
INFO: [ app_end ] --END-- [ RunTime:0.001707s ]

[ 2015-10-24T23:54:16+08:00 ] 127.0.0.1 /hnustxl/Admin/Table
INFO: [ app_init ] --START--
INFO: Run Behavior\BuildLiteBehavior [ RunTime:0.000043s ]
INFO: [ app_init ] --END-- [ RunTime:0.000993s ]
INFO: [ app_begin ] --START--
INFO: Run Behavior\ReadHtmlCacheBehavior [ RunTime:0.001470s ]
INFO: [ app_begin ] --END-- [ RunTime:0.001707s ]
NOTIC: [8] Undefined variable: out3 C:\wamp\www\hnustxl\Application\Admin\Controller\TableController.class.php 第 209 行.
INFO: [ app_end ] --START--
INFO: Run Behavior\ShowPageTraceBehavior [ RunTime:0.001041s ]
INFO: [ app_end ] --END-- [ RunTime:0.001149s ]

[ 2015-10-24T23:55:37+08:00 ] 127.0.0.1 /hnustxl/Admin/Table
INFO: [ app_init ] --START--
INFO: Run Behavior\BuildLiteBehavior [ RunTime:0.000039s ]
INFO: [ app_init ] --END-- [ RunTime:0.000769s ]
INFO: [ app_begin ] --START--
INFO: Run Behavior\ReadHtmlCacheBehavior [ RunTime:0.001250s ]
INFO: [ app_begin ] --END-- [ RunTime:0.001475s ]
NOTIC: [8] Undefined variable: out3 C:\wamp\www\hnustxl\Application\Admin\Controller\TableController.class.php 第 209 行.
INFO: [ app_end ] --START--
INFO: Run Behavior\ShowPageTraceBehavior [ RunTime:0.000996s ]
INFO: [ app_end ] --END-- [ RunTime:0.001105s ]

[ 2015-10-24T23:56:53+08:00 ] 127.0.0.1 /hnustxl/Admin/Table
INFO: [ app_init ] --START--
INFO: Run Behavior\BuildLiteBehavior [ RunTime:0.000047s ]
INFO: [ app_init ] --END-- [ RunTime:0.002774s ]
INFO: [ app_begin ] --START--
INFO: Run Behavior\ReadHtmlCacheBehavior [ RunTime:0.002222s ]
INFO: [ app_begin ] --END-- [ RunTime:0.002517s ]
INFO: [ app_end ] --START--
INFO: Run Behavior\ShowPageTraceBehavior [ RunTime:0.001050s ]
INFO: [ app_end ] --END-- [ RunTime:0.001179s ]

[ 2015-10-24T23:57:46+08:00 ] 127.0.0.1 /hnustxl/Admin/Table
INFO: [ app_init ] --START--
INFO: Run Behavior\BuildLiteBehavior [ RunTime:0.000042s ]
INFO: [ app_init ] --END-- [ RunTime:0.000801s ]
INFO: [ app_begin ] --START--
INFO: Run Behavior\ReadHtmlCacheBehavior [ RunTime:0.001163s ]
INFO: [ app_begin ] --END-- [ RunTime:0.001380s ]
INFO: [ app_end ] --START--
INFO: Run Behavior\ShowPageTraceBehavior [ RunTime:0.001054s ]
INFO: [ app_end ] --END-- [ RunTime:0.001179s ]

[ 2015-10-24T23:58:14+08:00 ] 127.0.0.1 /hnustxl/Admin/Table
INFO: [ app_init ] --START--
INFO: Run Behavior\BuildLiteBehavior [ RunTime:0.000058s ]
INFO: [ app_init ] --END-- [ RunTime:0.001597s ]
INFO: [ app_begin ] --START--
INFO: Run Behavior\ReadHtmlCacheBehavior [ RunTime:0.001169s ]
INFO: [ app_begin ] --END-- [ RunTime:0.001431s ]
INFO: [ app_end ] --START--
INFO: Run Behavior\ShowPageTraceBehavior [ RunTime:0.001468s ]
INFO: [ app_end ] --END-- [ RunTime:0.001653s ]

