[ 2015-12-12T18:52:28+08:00 ] 127.0.0.1 /hnustxl/admin/
INFO: [ app_init ] --START--
INFO: Run Behavior\BuildLiteBehavior [ RunTime:0.000025s ]
INFO: [ app_init ] --END-- [ RunTime:0.000508s ]
INFO: [ app_begin ] --START--
INFO: Run Behavior\ReadHtmlCacheBehavior [ RunTime:0.001339s ]
INFO: [ app_begin ] --END-- [ RunTime:0.001510s ]
NOTIC: [8] Undefined index: wei C:\wamp\www\hnustxl\Application\Admin\Controller\BaseController.class.php 第 8 行.
NOTIC: [8] Undefined index: flag1 C:\wamp\www\hnustxl\Application\Admin\Controller\IndexController.class.php 第 11 行.
NOTIC: [8] Undefined index: flag2 C:\wamp\www\hnustxl\Application\Admin\Controller\IndexController.class.php 第 12 行.
NOTIC: [8] Undefined index: flag3 C:\wamp\www\hnustxl\Application\Admin\Controller\IndexController.class.php 第 13 行.
NOTIC: [8] Undefined index: flag4 C:\wamp\www\hnustxl\Application\Admin\Controller\IndexController.class.php 第 14 行.
NOTIC: [8] Undefined index: flag5 C:\wamp\www\hnustxl\Application\Admin\Controller\IndexController.class.php 第 15 行.
NOTIC: [8] Undefined index: flag6 C:\wamp\www\hnustxl\Application\Admin\Controller\IndexController.class.php 第 16 行.
NOTIC: [8] Undefined index: flag7 C:\wamp\www\hnustxl\Application\Admin\Controller\IndexController.class.php 第 17 行.
NOTIC: [8] Undefined index: cookieT C:\wamp\www\hnustxl\Application\Admin\Controller\IndexController.class.php 第 18 行.
NOTIC: [8] Undefined index: cookieT C:\wamp\www\hnustxl\Application\Admin\Controller\IndexController.class.php 第 19 行.
INFO: [ view_parse ] --START--
INFO: [ template_filter ] --START--
INFO: Run Behavior\ContentReplaceBehavior [ RunTime:0.000095s ]
INFO: [ template_filter ] --END-- [ RunTime:0.000232s ]
INFO: Run Behavior\ParseTemplateBehavior [ RunTime:0.019437s ]
INFO: [ view_parse ] --END-- [ RunTime:0.019640s ]
INFO: [ view_filter ] --START--
INFO: Run Behavior\WriteHtmlCacheBehavior [ RunTime:0.001409s ]
INFO: [ view_filter ] --END-- [ RunTime:0.001608s ]
INFO: [ app_end ] --START--
INFO: Run Behavior\ShowPageTraceBehavior [ RunTime:0.001342s ]
INFO: [ app_end ] --END-- [ RunTime:0.001584s ]

[ 2015-12-12T18:52:33+08:00 ] 127.0.0.1 /hnustxl/Admin/Login/logout.html
INFO: [ app_init ] --START--
INFO: Run Behavior\BuildLiteBehavior [ RunTime:0.000026s ]
INFO: [ app_init ] --END-- [ RunTime:0.000594s ]
INFO: [ app_begin ] --START--
INFO: Run Behavior\ReadHtmlCacheBehavior [ RunTime:0.001262s ]
INFO: [ app_begin ] --END-- [ RunTime:0.001422s ]

[ 2015-12-12T18:52:33+08:00 ] 127.0.0.1 /hnustxl/Admin/Login/index.html
INFO: [ app_init ] --START--
INFO: Run Behavior\BuildLiteBehavior [ RunTime:0.000025s ]
INFO: [ app_init ] --END-- [ RunTime:0.000641s ]
INFO: [ app_begin ] --START--
INFO: Run Behavior\ReadHtmlCacheBehavior [ RunTime:0.001178s ]
INFO: [ app_begin ] --END-- [ RunTime:0.001343s ]
NOTIC: [8] Undefined index: wei C:\wamp\www\hnustxl\Application\Admin\Controller\LoginController.class.php 第 7 行.
INFO: [ view_parse ] --START--
INFO: [ template_filter ] --START--
INFO: Run Behavior\ContentReplaceBehavior [ RunTime:0.000088s ]
INFO: [ template_filter ] --END-- [ RunTime:0.000206s ]
INFO: Run Behavior\ParseTemplateBehavior [ RunTime:0.008739s ]
INFO: [ view_parse ] --END-- [ RunTime:0.008864s ]
INFO: [ view_filter ] --START--
INFO: Run Behavior\WriteHtmlCacheBehavior [ RunTime:0.000639s ]
INFO: [ view_filter ] --END-- [ RunTime:0.000757s ]
INFO: [ app_end ] --START--
INFO: Run Behavior\ShowPageTraceBehavior [ RunTime:0.001730s ]
INFO: [ app_end ] --END-- [ RunTime:0.001890s ]

[ 2015-12-12T18:52:39+08:00 ] 127.0.0.1 /hnustxl/Admin/Login/Login.html
INFO: [ app_init ] --START--
INFO: Run Behavior\BuildLiteBehavior [ RunTime:0.000044s ]
INFO: [ app_init ] --END-- [ RunTime:0.001193s ]
INFO: [ app_begin ] --START--
INFO: Run Behavior\ReadHtmlCacheBehavior [ RunTime:0.001515s ]
INFO: [ app_begin ] --END-- [ RunTime:0.001710s ]
SQL: SHOW COLUMNS FROM `useradmin` [ RunTime:0.0094s ]
SQL: select *from useradmin where username=0 [ RunTime:0.0013s ]
NOTIC: [8] Undefined offset: 0 C:\wamp\www\hnustxl\Application\Admin\Controller\LoginController.class.php 第 39 行.
INFO: [ app_end ] --START--
INFO: Run Behavior\ShowPageTraceBehavior [ RunTime:0.001050s ]
INFO: [ app_end ] --END-- [ RunTime:0.001174s ]

[ 2015-12-12T18:53:24+08:00 ] 127.0.0.1 /hnustxl/Admin/Login/index.html
INFO: [ app_init ] --START--
INFO: Run Behavior\BuildLiteBehavior [ RunTime:0.000050s ]
INFO: [ app_init ] --END-- [ RunTime:0.001125s ]
INFO: [ app_begin ] --START--
INFO: Run Behavior\ReadHtmlCacheBehavior [ RunTime:0.002682s ]
INFO: [ app_begin ] --END-- [ RunTime:0.002918s ]
INFO: [ view_parse ] --START--
INFO: [ template_filter ] --START--
INFO: Run Behavior\ContentReplaceBehavior [ RunTime:0.000151s ]
INFO: [ template_filter ] --END-- [ RunTime:0.000373s ]
INFO: Run Behavior\ParseTemplateBehavior [ RunTime:0.014690s ]
INFO: [ view_parse ] --END-- [ RunTime:0.014870s ]
INFO: [ view_filter ] --START--
INFO: Run Behavior\WriteHtmlCacheBehavior [ RunTime:0.000795s ]
INFO: [ view_filter ] --END-- [ RunTime:0.000906s ]
INFO: [ app_end ] --START--
INFO: Run Behavior\ShowPageTraceBehavior [ RunTime:0.000934s ]
INFO: [ app_end ] --END-- [ RunTime:0.001035s ]

[ 2015-12-12T18:53:30+08:00 ] 127.0.0.1 /hnustxl/Admin/
INFO: [ app_init ] --START--
INFO: Run Behavior\BuildLiteBehavior [ RunTime:0.000041s ]
INFO: [ app_init ] --END-- [ RunTime:0.000801s ]
INFO: [ app_begin ] --START--
INFO: Run Behavior\ReadHtmlCacheBehavior [ RunTime:0.001400s ]
INFO: [ app_begin ] --END-- [ RunTime:0.001630s ]
NOTIC: [8] Undefined index: flag1 C:\wamp\www\hnustxl\Application\Admin\Controller\IndexController.class.php 第 11 行.
NOTIC: [8] Undefined index: flag2 C:\wamp\www\hnustxl\Application\Admin\Controller\IndexController.class.php 第 12 行.
NOTIC: [8] Undefined index: flag3 C:\wamp\www\hnustxl\Application\Admin\Controller\IndexController.class.php 第 13 行.
NOTIC: [8] Undefined index: flag4 C:\wamp\www\hnustxl\Application\Admin\Controller\IndexController.class.php 第 14 行.
NOTIC: [8] Undefined index: flag5 C:\wamp\www\hnustxl\Application\Admin\Controller\IndexController.class.php 第 15 行.
NOTIC: [8] Undefined index: flag6 C:\wamp\www\hnustxl\Application\Admin\Controller\IndexController.class.php 第 16 行.
NOTIC: [8] Undefined index: flag7 C:\wamp\www\hnustxl\Application\Admin\Controller\IndexController.class.php 第 17 行.
NOTIC: [8] Undefined index: cookieT C:\wamp\www\hnustxl\Application\Admin\Controller\IndexController.class.php 第 18 行.
NOTIC: [8] Undefined index: cookieT C:\wamp\www\hnustxl\Application\Admin\Controller\IndexController.class.php 第 19 行.
INFO: [ view_parse ] --START--
INFO: [ template_filter ] --START--
INFO: Run Behavior\ContentReplaceBehavior [ RunTime:0.000155s ]
INFO: [ template_filter ] --END-- [ RunTime:0.000366s ]
INFO: Run Behavior\ParseTemplateBehavior [ RunTime:0.019171s ]
INFO: [ view_parse ] --END-- [ RunTime:0.019378s ]
INFO: [ view_filter ] --START--
INFO: Run Behavior\WriteHtmlCacheBehavior [ RunTime:0.002541s ]
INFO: [ view_filter ] --END-- [ RunTime:0.003091s ]
INFO: [ app_end ] --START--
INFO: Run Behavior\ShowPageTraceBehavior [ RunTime:0.001409s ]
INFO: [ app_end ] --END-- [ RunTime:0.001556s ]

[ 2015-12-12T18:53:32+08:00 ] 127.0.0.1 /hnustxl/Admin/Show/table.html
INFO: [ app_init ] --START--
INFO: Run Behavior\BuildLiteBehavior [ RunTime:0.000081s ]
INFO: [ app_init ] --END-- [ RunTime:0.001640s ]
INFO: [ app_begin ] --START--
INFO: Run Behavior\ReadHtmlCacheBehavior [ RunTime:0.001504s ]
INFO: [ app_begin ] --END-- [ RunTime:0.001708s ]
NOTIC: [8] Undefined variable: data C:\wamp\www\hnustxl\Application\Admin\Controller\ShowController.class.php 第 231 行.
NOTIC: [8] Use of undefined constant table - assumed 'table' C:\wamp\www\hnustxl\Application\Admin\Controller\ShowController.class.php 第 232 行.
INFO: [ view_parse ] --START--
INFO: [ template_filter ] --START--
INFO: Run Behavior\ContentReplaceBehavior [ RunTime:0.000193s ]
INFO: [ template_filter ] --END-- [ RunTime:0.000398s ]
INFO: Run Behavior\ParseTemplateBehavior [ RunTime:0.033533s ]
INFO: [ view_parse ] --END-- [ RunTime:0.033772s ]
INFO: [ view_filter ] --START--
INFO: Run Behavior\WriteHtmlCacheBehavior [ RunTime:0.001177s ]
INFO: [ view_filter ] --END-- [ RunTime:0.001373s ]
INFO: [ app_end ] --START--
INFO: Run Behavior\ShowPageTraceBehavior [ RunTime:0.001527s ]
INFO: [ app_end ] --END-- [ RunTime:0.001727s ]

