[ 2016-07-13T18:48:45+08:00 ] 127.0.0.1 /hnustxl/admin
INFO: [ app_init ] --START--
INFO: Run Behavior\BuildLiteBehavior [ RunTime:0.000090s ]
INFO: [ app_init ] --END-- [ RunTime:0.001485s ]
INFO: [ app_begin ] --START--
INFO: Run Behavior\ReadHtmlCacheBehavior [ RunTime:0.002636s ]
INFO: [ app_begin ] --END-- [ RunTime:0.003019s ]
NOTIC: [8] Undefined index: wei C:\wamp\www\hnustxl\Application\Admin\Controller\BaseController.class.php 第 8 行.

[ 2016-07-13T18:48:45+08:00 ] 127.0.0.1 /hnustxl/Admin/Login/index.html
INFO: [ app_init ] --START--
INFO: Run Behavior\BuildLiteBehavior [ RunTime:0.000077s ]
INFO: [ app_init ] --END-- [ RunTime:0.002009s ]
INFO: [ app_begin ] --START--
INFO: Run Behavior\ReadHtmlCacheBehavior [ RunTime:0.003834s ]
INFO: [ app_begin ] --END-- [ RunTime:0.004328s ]
INFO: [ view_parse ] --START--
INFO: [ template_filter ] --START--
INFO: Run Behavior\ContentReplaceBehavior [ RunTime:0.000369s ]
INFO: [ template_filter ] --END-- [ RunTime:0.000853s ]
INFO: Run Behavior\ParseTemplateBehavior [ RunTime:0.039041s ]
INFO: [ view_parse ] --END-- [ RunTime:0.039509s ]
INFO: [ view_filter ] --START--
INFO: Run Behavior\WriteHtmlCacheBehavior [ RunTime:0.006743s ]
INFO: [ view_filter ] --END-- [ RunTime:0.007364s ]
INFO: [ app_end ] --START--
INFO: Run Behavior\ShowPageTraceBehavior [ RunTime:0.006708s ]
INFO: [ app_end ] --END-- [ RunTime:0.007166s ]

[ 2016-07-13T18:49:02+08:00 ] 127.0.0.1 /hnustxl/Admin/Login/Login.html
INFO: [ app_init ] --START--
INFO: Run Behavior\BuildLiteBehavior [ RunTime:0.000057s ]
INFO: [ app_init ] --END-- [ RunTime:0.001243s ]
INFO: [ app_begin ] --START--
INFO: Run Behavior\ReadHtmlCacheBehavior [ RunTime:0.002397s ]
INFO: [ app_begin ] --END-- [ RunTime:0.002858s ]
SQL: SHOW COLUMNS FROM `useradmin` [ RunTime:0.0204s ]
SQL: select *from useradmin where username=1355010127 [ RunTime:0.0018s ]

[ 2016-07-13T18:49:03+08:00 ] 127.0.0.1 /hnustxl/Admin/Index/index.html
INFO: [ app_init ] --START--
INFO: Run Behavior\BuildLiteBehavior [ RunTime:0.000094s ]
INFO: [ app_init ] --END-- [ RunTime:0.002705s ]
INFO: [ app_begin ] --START--
INFO: Run Behavior\ReadHtmlCacheBehavior [ RunTime:0.002805s ]
INFO: [ app_begin ] --END-- [ RunTime:0.003211s ]
NOTIC: [8] Undefined index: cookieT C:\wamp\www\hnustxl\Application\Admin\Controller\IndexController.class.php 第 18 行.
NOTIC: [8] Undefined index: cookieT C:\wamp\www\hnustxl\Application\Admin\Controller\IndexController.class.php 第 19 行.
INFO: [ view_parse ] --START--
INFO: [ template_filter ] --START--
INFO: Run Behavior\ContentReplaceBehavior [ RunTime:0.000202s ]
INFO: [ template_filter ] --END-- [ RunTime:0.000468s ]
INFO: Run Behavior\ParseTemplateBehavior [ RunTime:0.042458s ]
INFO: [ view_parse ] --END-- [ RunTime:0.043017s ]
INFO: [ view_filter ] --START--
INFO: Run Behavior\WriteHtmlCacheBehavior [ RunTime:0.001768s ]
INFO: [ view_filter ] --END-- [ RunTime:0.002089s ]
INFO: [ app_end ] --START--
INFO: Run Behavior\ShowPageTraceBehavior [ RunTime:0.002262s ]
INFO: [ app_end ] --END-- [ RunTime:0.002500s ]

[ 2016-07-13T18:49:03+08:00 ] 127.0.0.1 /hnustxl/Admin/Index/index.html
INFO: [ app_init ] --START--
INFO: Run Behavior\BuildLiteBehavior [ RunTime:0.000061s ]
INFO: [ app_init ] --END-- [ RunTime:0.001770s ]
INFO: [ app_begin ] --START--
INFO: Run Behavior\ReadHtmlCacheBehavior [ RunTime:0.001933s ]
INFO: [ app_begin ] --END-- [ RunTime:0.002268s ]
INFO: [ view_parse ] --START--
INFO: [ template_filter ] --START--
INFO: Run Behavior\ContentReplaceBehavior [ RunTime:0.000213s ]
INFO: [ template_filter ] --END-- [ RunTime:0.000660s ]
INFO: Run Behavior\ParseTemplateBehavior [ RunTime:0.030877s ]
INFO: [ view_parse ] --END-- [ RunTime:0.031227s ]
INFO: [ view_filter ] --START--
INFO: Run Behavior\WriteHtmlCacheBehavior [ RunTime:0.001322s ]
INFO: [ view_filter ] --END-- [ RunTime:0.001803s ]
INFO: [ app_end ] --START--
INFO: Run Behavior\ShowPageTraceBehavior [ RunTime:0.002759s ]
INFO: [ app_end ] --END-- [ RunTime:0.003650s ]

[ 2016-07-13T18:49:05+08:00 ] 127.0.0.1 /hnustxl/Admin/Show/table.html
INFO: [ app_init ] --START--
INFO: Run Behavior\BuildLiteBehavior [ RunTime:0.000094s ]
INFO: [ app_init ] --END-- [ RunTime:0.001909s ]
INFO: [ app_begin ] --START--
INFO: Run Behavior\ReadHtmlCacheBehavior [ RunTime:0.002883s ]
INFO: [ app_begin ] --END-- [ RunTime:0.003402s ]
NOTIC: [8] Undefined variable: data C:\wamp\www\hnustxl\Application\Admin\Controller\ShowController.class.php 第 231 行.
NOTIC: [8] Use of undefined constant table - assumed 'table' C:\wamp\www\hnustxl\Application\Admin\Controller\ShowController.class.php 第 232 行.
INFO: [ view_parse ] --START--
INFO: [ template_filter ] --START--
INFO: Run Behavior\ContentReplaceBehavior [ RunTime:0.000230s ]
INFO: [ template_filter ] --END-- [ RunTime:0.000532s ]
INFO: Run Behavior\ParseTemplateBehavior [ RunTime:0.063743s ]
INFO: [ view_parse ] --END-- [ RunTime:0.064185s ]
INFO: [ view_filter ] --START--
INFO: Run Behavior\WriteHtmlCacheBehavior [ RunTime:0.001763s ]
INFO: [ view_filter ] --END-- [ RunTime:0.002099s ]
INFO: [ app_end ] --START--
INFO: Run Behavior\ShowPageTraceBehavior [ RunTime:0.002177s ]
INFO: [ app_end ] --END-- [ RunTime:0.002515s ]

[ 2016-07-13T18:49:06+08:00 ] 127.0.0.1 /hnustxl/Admin/Show/grade.html
INFO: [ app_init ] --START--
INFO: Run Behavior\BuildLiteBehavior [ RunTime:0.000062s ]
INFO: [ app_init ] --END-- [ RunTime:0.001334s ]
INFO: [ app_begin ] --START--
INFO: Run Behavior\ReadHtmlCacheBehavior [ RunTime:0.001735s ]
INFO: [ app_begin ] --END-- [ RunTime:0.002011s ]
NOTIC: [8] Undefined index: username1 C:\wamp\www\hnustxl\Application\Admin\Controller\ShowController.class.php 第 111 行.
SQL: SHOW COLUMNS FROM `gradejz` [ RunTime:0.0196s ]
SQL: SELECT COUNT(*) AS tp_count FROM `gradejz` WHERE `username` = null LIMIT 1   [ RunTime:0.0035s ]
SQL: SELECT * FROM `gradejz` WHERE `username` = null LIMIT 0,10   [ RunTime:0.0016s ]
NOTIC: [8] Use of undefined constant grade - assumed 'grade' C:\wamp\www\hnustxl\Application\Admin\Controller\ShowController.class.php 第 121 行.
INFO: [ view_parse ] --START--
INFO: [ template_filter ] --START--
INFO: Run Behavior\ContentReplaceBehavior [ RunTime:0.000224s ]
INFO: [ template_filter ] --END-- [ RunTime:0.000491s ]
NOTIC: [8] Undefined index: name1 C:\wamp\www\hnustxl\Application\Runtime\Cache\Admin\6d082c568bd01dcaa985e035187d3f7b.php 第 100 行.
NOTIC: [8] Undefined index: username1 C:\wamp\www\hnustxl\Application\Runtime\Cache\Admin\6d082c568bd01dcaa985e035187d3f7b.php 第 100 行.
NOTIC: [8] Undefined index: username1 C:\wamp\www\hnustxl\Application\Runtime\Cache\Admin\6d082c568bd01dcaa985e035187d3f7b.php 第 107 行.
NOTIC: [8] Undefined index: name1 C:\wamp\www\hnustxl\Application\Runtime\Cache\Admin\6d082c568bd01dcaa985e035187d3f7b.php 第 110 行.
INFO: Run Behavior\ParseTemplateBehavior [ RunTime:0.039110s ]
INFO: [ view_parse ] --END-- [ RunTime:0.039638s ]
INFO: [ view_filter ] --START--
INFO: Run Behavior\WriteHtmlCacheBehavior [ RunTime:0.001373s ]
INFO: [ view_filter ] --END-- [ RunTime:0.001770s ]
INFO: [ app_end ] --START--
INFO: Run Behavior\ShowPageTraceBehavior [ RunTime:0.003075s ]
INFO: [ app_end ] --END-- [ RunTime:0.003452s ]

[ 2016-07-13T19:00:06+08:00 ] 127.0.0.1 /hnustxl/Admin/Show/grade.html
INFO: [ app_init ] --START--
INFO: Run Behavior\BuildLiteBehavior [ RunTime:0.000152s ]
INFO: [ app_init ] --END-- [ RunTime:0.002453s ]
INFO: [ app_begin ] --START--
INFO: Run Behavior\ReadHtmlCacheBehavior [ RunTime:0.007078s ]
INFO: [ app_begin ] --END-- [ RunTime:0.007783s ]
NOTIC: [8] Undefined index: '1305010527' C:\wamp\www\hnustxl\Application\Admin\Controller\ShowController.class.php 第 96 行.
SQL: SHOW COLUMNS FROM `idcard` [ RunTime:0.0226s ]
SQL: SELECT `name`,`card` FROM `idcard` WHERE ( username=1305010527 )  [ RunTime:0.1164s ]
SQL: SELECT `name`,`card` FROM `idcard` WHERE ( username=1305010527 )  [ RunTime:0.1070s ]
SQL: SHOW COLUMNS FROM `gradejz` [ RunTime:0.0120s ]
SQL: SELECT COUNT(*) AS tp_count FROM `gradejz` WHERE ( username='1305010527' ) LIMIT 1   [ RunTime:0.0015s ]
SQL: DELETE FROM `gradejz` WHERE ( username='1305010527' ) [ RunTime:0.0017s ]
SQL: INSERT INTO `gradejz` (`username`,`name`,`time`,`subject`,`score`,`xuefen`,`id`,`flag`) VALUES ('1305010527','孙姗姗','2013-2014-1','离散数学','86','4.5','1','1') [ RunTime:0.0129s ]
SQL: INSERT INTO `gradejz` (`username`,`name`,`time`,`subject`,`score`,`xuefen`,`id`,`flag`) VALUES ('1305010527','孙姗姗','2013-2014-1','计算机导论','良','1','2','1') [ RunTime:0.0076s ]
SQL: INSERT INTO `gradejz` (`username`,`name`,`time`,`subject`,`score`,`xuefen`,`id`,`flag`) VALUES ('1305010527','孙姗姗','2013-2014-1','C语言程序设计','78','3','3','1') [ RunTime:0.0045s ]
SQL: INSERT INTO `gradejz` (`username`,`name`,`time`,`subject`,`score`,`xuefen`,`id`,`flag`) VALUES ('1305010527','孙姗姗','2013-2014-1','高等数学A(1)','68','5','4','1') [ RunTime:0.0049s ]
SQL: INSERT INTO `gradejz` (`username`,`name`,`time`,`subject`,`score`,`xuefen`,`id`,`flag`) VALUES ('1305010527','孙姗姗','2013-2014-1','大学英语(1)','79','3.5','5','1') [ RunTime:0.0068s ]
SQL: INSERT INTO `gradejz` (`username`,`name`,`time`,`subject`,`score`,`xuefen`,`id`,`flag`) VALUES ('1305010527','孙姗姗','2013-2014-1','思想道德修养与法律基础','84','3','6','1') [ RunTime:0.0056s ]
SQL: INSERT INTO `gradejz` (`username`,`name`,`time`,`subject`,`score`,`xuefen`,`id`,`flag`) VALUES ('1305010527','孙姗姗','2013-2014-1','大学体育(1)','85','1','7','1') [ RunTime:0.0039s ]
SQL: INSERT INTO `gradejz` (`username`,`name`,`time`,`subject`,`score`,`xuefen`,`id`,`flag`) VALUES ('1305010527','孙姗姗','2013-2014-1','军事理论','优','1','8','1') [ RunTime:0.0047s ]
SQL: INSERT INTO `gradejz` (`username`,`name`,`time`,`subject`,`score`,`xuefen`,`id`,`flag`) VALUES ('1305010527','孙姗姗','2013-2014-1','大学生心理健康教育与指导','良','2','9','1') [ RunTime:0.0039s ]
SQL: INSERT INTO `gradejz` (`username`,`name`,`time`,`subject`,`score`,`xuefen`,`id`,`flag`) VALUES ('1305010527','孙姗姗','2013-2014-1','程序设计实验','及格','1','10','1') [ RunTime:0.0038s ]
SQL: INSERT INTO `gradejz` (`username`,`name`,`time`,`subject`,`score`,`xuefen`,`id`,`flag`) VALUES ('1305010527','孙姗姗','2013-2014-1','军事技能训练','及格','1','11','1') [ RunTime:0.0049s ]
SQL: INSERT INTO `gradejz` (`username`,`name`,`time`,`subject`,`score`,`xuefen`,`id`,`flag`) VALUES ('1305010527','孙姗姗','2013-2014-2','化妆品与化妆','优','1.5','12','1') [ RunTime:0.0046s ]
SQL: INSERT INTO `gradejz` (`username`,`name`,`time`,`subject`,`score`,`xuefen`,`id`,`flag`) VALUES ('1305010527','孙姗姗','2013-2014-2','电路与电子学','77','3.5','13','1') [ RunTime:0.0045s ]
SQL: INSERT INTO `gradejz` (`username`,`name`,`time`,`subject`,`score`,`xuefen`,`id`,`flag`) VALUES ('1305010527','孙姗姗','2013-2014-2','数据结构A','89','5','14','1') [ RunTime:0.0037s ]
SQL: INSERT INTO `gradejz` (`username`,`name`,`time`,`subject`,`score`,`xuefen`,`id`,`flag`) VALUES ('1305010527','孙姗姗','2013-2014-2','数字逻辑与数字系统','84','3.5','15','1') [ RunTime:0.0049s ]
SQL: INSERT INTO `gradejz` (`username`,`name`,`time`,`subject`,`score`,`xuefen`,`id`,`flag`) VALUES ('1305010527','孙姗姗','2013-2014-2','高等数学A(2)','72','6','16','1') [ RunTime:0.0054s ]
SQL: INSERT INTO `gradejz` (`username`,`name`,`time`,`subject`,`score`,`xuefen`,`id`,`flag`) VALUES ('1305010527','孙姗姗','2013-2014-2','普通物理学B(1)','93','2.5','17','1') [ RunTime:0.0068s ]
SQL: INSERT INTO `gradejz` (`username`,`name`,`time`,`subject`,`score`,`xuefen`,`id`,`flag`) VALUES ('1305010527','孙姗姗','2013-2014-2','大学英语(2)','79','4','18','1') [ RunTime:0.0085s ]
SQL: INSERT INTO `gradejz` (`username`,`name`,`time`,`subject`,`score`,`xuefen`,`id`,`flag`) VALUES ('1305010527','孙姗姗','2013-2014-2','中国近现代史纲要','88','2','19','1') [ RunTime:0.0085s ]
SQL: INSERT INTO `gradejz` (`username`,`name`,`time`,`subject`,`score`,`xuefen`,`id`,`flag`) VALUES ('1305010527','孙姗姗','2013-2014-2','大学体育(2)','88','1','20','1') [ RunTime:0.0071s ]
SQL: INSERT INTO `gradejz` (`username`,`name`,`time`,`subject`,`score`,`xuefen`,`id`,`flag`) VALUES ('1305010527','孙姗姗','2013-2014-2','电路与电子学实验','中','1','21','1') [ RunTime:0.0086s ]
SQL: INSERT INTO `gradejz` (`username`,`name`,`time`,`subject`,`score`,`xuefen`,`id`,`flag`) VALUES ('1305010527','孙姗姗','2013-2014-2','数据结构课程设计A','中','2','22','1') [ RunTime:0.0071s ]
SQL: INSERT INTO `gradejz` (`username`,`name`,`time`,`subject`,`score`,`xuefen`,`id`,`flag`) VALUES ('1305010527','孙姗姗','2013-2014-2','C语言课程设计','良','2','23','1') [ RunTime:0.0060s ]
SQL: INSERT INTO `gradejz` (`username`,`name`,`time`,`subject`,`score`,`xuefen`,`id`,`flag`) VALUES ('1305010527','孙姗姗','2014-2015-1','人类生态学','良','1.5','24','1') [ RunTime:0.0073s ]
SQL: INSERT INTO `gradejz` (`username`,`name`,`time`,`subject`,`score`,`xuefen`,`id`,`flag`) VALUES ('1305010527','孙姗姗','2014-2015-1','面向对象程序设计A','81','3','25','1') [ RunTime:0.0064s ]
SQL: INSERT INTO `gradejz` (`username`,`name`,`time`,`subject`,`score`,`xuefen`,`id`,`flag`) VALUES ('1305010527','孙姗姗','2014-2015-1','计算机组成原理与接口技术A','93','5','26','1') [ RunTime:0.0064s ]
SQL: INSERT INTO `gradejz` (`username`,`name`,`time`,`subject`,`score`,`xuefen`,`id`,`flag`) VALUES ('1305010527','孙姗姗','2014-2015-1','数字系统设计A','96','2.5','27','1') [ RunTime:0.0103s ]
SQL: INSERT INTO `gradejz` (`username`,`name`,`time`,`subject`,`score`,`xuefen`,`id`,`flag`) VALUES ('1305010527','孙姗姗','2014-2015-1','概率论与数理统计B','77','2.5','28','1') [ RunTime:0.0065s ]
SQL: INSERT INTO `gradejz` (`username`,`name`,`time`,`subject`,`score`,`xuefen`,`id`,`flag`) VALUES ('1305010527','孙姗姗','2014-2015-1','线性代数B','91','2','29','1') [ RunTime:0.0064s ]
SQL: INSERT INTO `gradejz` (`username`,`name`,`time`,`subject`,`score`,`xuefen`,`id`,`flag`) VALUES ('1305010527','孙姗姗','2014-2015-1','普通物理学B(2)','80','2.5','30','1') [ RunTime:0.0039s ]
SQL: INSERT INTO `gradejz` (`username`,`name`,`time`,`subject`,`score`,`xuefen`,`id`,`flag`) VALUES ('1305010527','孙姗姗','2014-2015-1','大学英语(3)','90','3','31','1') [ RunTime:0.0040s ]
SQL: INSERT INTO `gradejz` (`username`,`name`,`time`,`subject`,`score`,`xuefen`,`id`,`flag`) VALUES ('1305010527','孙姗姗','2014-2015-1','马克思主义基本原理概论','79','3','32','1') [ RunTime:0.0045s ]
SQL: INSERT INTO `gradejz` (`username`,`name`,`time`,`subject`,`score`,`xuefen`,`id`,`flag`) VALUES ('1305010527','孙姗姗','2014-2015-1','大学体育(3)','84','1','33','1') [ RunTime:0.0051s ]
SQL: INSERT INTO `gradejz` (`username`,`name`,`time`,`subject`,`score`,`xuefen`,`id`,`flag`) VALUES ('1305010527','孙姗姗','2014-2015-1','计算机科学与技术认识实习','良','1','34','1') [ RunTime:0.0040s ]
SQL: INSERT INTO `gradejz` (`username`,`name`,`time`,`subject`,`score`,`xuefen`,`id`,`flag`) VALUES ('1305010527','孙姗姗','2014-2015-1','计算机组成原理与接口技术课程设计','良','2','35','1') [ RunTime:0.0054s ]
SQL: INSERT INTO `gradejz` (`username`,`name`,`time`,`subject`,`score`,`xuefen`,`id`,`flag`) VALUES ('1305010527','孙姗姗','2014-2015-1','普通物理学实验B','优','1','36','1') [ RunTime:0.0038s ]
SQL: INSERT INTO `gradejz` (`username`,`name`,`time`,`subject`,`score`,`xuefen`,`id`,`flag`) VALUES ('1305010527','孙姗姗','2014-2015-2','生活中的常用材料','良','1.5','37','1') [ RunTime:0.0039s ]
SQL: INSERT INTO `gradejz` (`username`,`name`,`time`,`subject`,`score`,`xuefen`,`id`,`flag`) VALUES ('1305010527','孙姗姗','2014-2015-2','围棋文化与技艺','优','1.5','38','1') [ RunTime:0.0054s ]
SQL: INSERT INTO `gradejz` (`username`,`name`,`time`,`subject`,`score`,`xuefen`,`id`,`flag`) VALUES ('1305010527','孙姗姗','2014-2015-2','操作系统','92','4','39','1') [ RunTime:0.0039s ]
SQL: INSERT INTO `gradejz` (`username`,`name`,`time`,`subject`,`score`,`xuefen`,`id`,`flag`) VALUES ('1305010527','孙姗姗','2014-2015-2','数据库系统A','91','3','40','1') [ RunTime:0.0036s ]
SQL: INSERT INTO `gradejz` (`username`,`name`,`time`,`subject`,`score`,`xuefen`,`id`,`flag`) VALUES ('1305010527','孙姗姗','2014-2015-2','Java程序设计','90','2.5','41','1') [ RunTime:0.0047s ]
SQL: INSERT INTO `gradejz` (`username`,`name`,`time`,`subject`,`score`,`xuefen`,`id`,`flag`) VALUES ('1305010527','孙姗姗','2014-2015-2','数据通信技术','89','3','42','1') [ RunTime:0.0050s ]
SQL: INSERT INTO `gradejz` (`username`,`name`,`time`,`subject`,`score`,`xuefen`,`id`,`flag`) VALUES ('1305010527','孙姗姗','2014-2015-2','大学英语(4)','90','2.5','43','1') [ RunTime:0.0074s ]
SQL: INSERT INTO `gradejz` (`username`,`name`,`time`,`subject`,`score`,`xuefen`,`id`,`flag`) VALUES ('1305010527','孙姗姗','2014-2015-2','毛泽东思想和中国特色社会主义理论体系概论','80','6','44','1') [ RunTime:0.0108s ]
SQL: INSERT INTO `gradejz` (`username`,`name`,`time`,`subject`,`score`,`xuefen`,`id`,`flag`) VALUES ('1305010527','孙姗姗','2014-2015-2','大学体育(4)','72','1','45','1') [ RunTime:0.0062s ]
SQL: INSERT INTO `gradejz` (`username`,`name`,`time`,`subject`,`score`,`xuefen`,`id`,`flag`) VALUES ('1305010527','孙姗姗','2014-2015-2','操作系统课程设计','中','2','46','1') [ RunTime:0.0065s ]
SQL: INSERT INTO `gradejz` (`username`,`name`,`time`,`subject`,`score`,`xuefen`,`id`,`flag`) VALUES ('1305010527','孙姗姗','2014-2015-2','数据库系统课程设计','中','2','47','1') [ RunTime:0.0066s ]
SQL: INSERT INTO `gradejz` (`username`,`name`,`time`,`subject`,`score`,`xuefen`,`id`,`flag`) VALUES ('1305010527','孙姗姗','2014-2015-2','社会实践','良','2','48','1') [ RunTime:0.0064s ]
SQL: INSERT INTO `gradejz` (`username`,`name`,`time`,`subject`,`score`,`xuefen`,`id`,`flag`) VALUES ('1305010527','孙姗姗','2015-2016-1','IT行业资格认证考试辅导A','优','2','49','1') [ RunTime:0.0064s ]
SQL: INSERT INTO `gradejz` (`username`,`name`,`time`,`subject`,`score`,`xuefen`,`id`,`flag`) VALUES ('1305010527','孙姗姗','2015-2016-1','编译原理','98','3','50','1') [ RunTime:0.0065s ]
SQL: INSERT INTO `gradejz` (`username`,`name`,`time`,`subject`,`score`,`xuefen`,`id`,`flag`) VALUES ('1305010527','孙姗姗','2015-2016-1','计算机网络B','79','4','51','1') [ RunTime:0.0063s ]
SQL: INSERT INTO `gradejz` (`username`,`name`,`time`,`subject`,`score`,`xuefen`,`id`,`flag`) VALUES ('1305010527','孙姗姗','2015-2016-1','软件工程A','93','3','52','1') [ RunTime:0.0087s ]
SQL: INSERT INTO `gradejz` (`username`,`name`,`time`,`subject`,`score`,`xuefen`,`id`,`flag`) VALUES ('1305010527','孙姗姗','2015-2016-1','智能终端系统及应用开发','94','3','53','1') [ RunTime:0.0076s ]
SQL: INSERT INTO `gradejz` (`username`,`name`,`time`,`subject`,`score`,`xuefen`,`id`,`flag`) VALUES ('1305010527','孙姗姗','2015-2016-1','计算机网络B课程设计','中','2','54','1') [ RunTime:0.0066s ]
SQL: INSERT INTO `gradejz` (`username`,`name`,`time`,`subject`,`score`,`xuefen`,`id`,`flag`) VALUES ('1305010527','孙姗姗','2015-2016-1','智能终端系统及应用开发课程设计','中','2','55','1') [ RunTime:0.0040s ]
SQL: INSERT INTO `gradejz` (`username`,`name`,`time`,`subject`,`score`,`xuefen`,`id`,`flag`) VALUES ('1305010527','孙姗姗','2015-2016-2','营养、健康与养生','及格','1.5','56','1') [ RunTime:0.0040s ]
SQL: INSERT INTO `gradejz` (`username`,`name`,`time`,`subject`,`score`,`xuefen`,`id`,`flag`) VALUES ('1305010527','孙姗姗','2015-2016-2','嵌入式系统及应用','82','1.5','57','1') [ RunTime:0.0045s ]
SQL: INSERT INTO `gradejz` (`username`,`name`,`time`,`subject`,`score`,`xuefen`,`id`,`flag`) VALUES ('1305010527','孙姗姗','2015-2016-2','软件测试技术A','87','3','58','1') [ RunTime:0.0040s ]
SQL: INSERT INTO `gradejz` (`username`,`name`,`time`,`subject`,`score`,`xuefen`,`id`,`flag`) VALUES ('1305010527','孙姗姗','2015-2016-2','Internet与Web编程','96','3','59','1') [ RunTime:0.0070s ]
SQL: INSERT INTO `gradejz` (`username`,`name`,`time`,`subject`,`score`,`xuefen`,`id`,`flag`) VALUES ('1305010527','孙姗姗','2015-2016-2','计算机图形/图像处理技术','73','3','60','1') [ RunTime:0.0042s ]
SQL: INSERT INTO `gradejz` (`username`,`name`,`time`,`subject`,`score`,`xuefen`,`id`,`flag`) VALUES ('1305010527','孙姗姗','2015-2016-2','计算机科学与技术生产实习','中','2','61','1') [ RunTime:0.0048s ]
SQL: INSERT INTO `gradejz` (`username`,`name`,`time`,`subject`,`score`,`xuefen`,`id`,`flag`) VALUES ('1305010527','孙姗姗','2015-2016-2','嵌入式系统及应用实验','中','1.5','62','1') [ RunTime:0.0037s ]
SQL: INSERT INTO `gradejz` (`username`,`name`,`time`,`subject`,`score`,`xuefen`,`id`,`flag`) VALUES ('1305010527','孙姗姗','2015-2016-2','Internet与Web编程课程设计','良','2','63','1') [ RunTime:0.0038s ]
SQL: SELECT `name`,`card` FROM `idcard` WHERE ( username=1305010527 )  [ RunTime:0.0585s ]
SQL: SELECT COUNT(*) AS tp_count FROM `gradejz` WHERE ( username='1305010527' ) LIMIT 1   [ RunTime:0.0015s ]
SQL: SELECT `name`,`card` FROM `idcard` WHERE ( username=1305010527 )  [ RunTime:0.0555s ]
SQL: SELECT COUNT(*) AS tp_count FROM `gradejz` WHERE ( username='1305010527' ) LIMIT 1   [ RunTime:0.0015s ]
SQL: SELECT `name`,`card` FROM `idcard` WHERE ( username=1305010527 )  [ RunTime:0.0549s ]
SQL: SELECT COUNT(*) AS tp_count FROM `gradejz` WHERE ( username='1305010527' ) LIMIT 1   [ RunTime:0.0016s ]
SQL: SELECT `name`,`card` FROM `idcard` WHERE ( username=1305010527 )  [ RunTime:0.0591s ]
SQL: SELECT COUNT(*) AS tp_count FROM `gradejz` WHERE ( username='1305010527' ) LIMIT 1   [ RunTime:0.0014s ]
SQL: SELECT `name`,`card` FROM `idcard` WHERE ( username=1305010527 )  [ RunTime:0.0574s ]
SQL: SELECT COUNT(*) AS tp_count FROM `gradejz` WHERE ( username='1305010527' ) LIMIT 1   [ RunTime:0.0016s ]
SQL: SELECT `name`,`card` FROM `idcard` WHERE ( username=1305010527 )  [ RunTime:0.0589s ]
SQL: SELECT COUNT(*) AS tp_count FROM `gradejz` WHERE ( username='1305010527' ) LIMIT 1   [ RunTime:0.0014s ]
SQL: SELECT `name`,`card` FROM `idcard` WHERE ( username=1305010527 )  [ RunTime:0.0579s ]
SQL: SELECT `name`,`card` FROM `idcard` WHERE ( username=1305010527 )  [ RunTime:0.0701s ]
SQL: SELECT COUNT(*) AS tp_count FROM `gradejz` WHERE ( username='1305010527' ) LIMIT 1   [ RunTime:0.0014s ]
SQL: SELECT `name`,`card` FROM `idcard` WHERE ( username=1305010527 )  [ RunTime:0.0557s ]
SQL: SELECT COUNT(*) AS tp_count FROM `gradejz` WHERE ( username='1305010527' ) LIMIT 1   [ RunTime:0.0014s ]
SQL: SELECT `name`,`card` FROM `idcard` WHERE ( username=1305010527 )  [ RunTime:0.0530s ]
SQL: SELECT COUNT(*) AS tp_count FROM `gradejz` WHERE ( username='1305010527' ) LIMIT 1   [ RunTime:0.0013s ]
SQL: SELECT `name`,`card` FROM `idcard` WHERE ( username=1305010527 )  [ RunTime:0.0547s ]
SQL: SELECT COUNT(*) AS tp_count FROM `gradejz` WHERE ( username='1305010527' ) LIMIT 1   [ RunTime:0.0021s ]
SQL: SELECT `name`,`card` FROM `idcard` WHERE ( username=1305010527 )  [ RunTime:0.0556s ]
SQL: SELECT COUNT(*) AS tp_count FROM `gradejz` WHERE ( username='1305010527' ) LIMIT 1   [ RunTime:0.0013s ]
SQL: SELECT `name`,`card` FROM `idcard` WHERE ( username=1305010527 )  [ RunTime:0.0684s ]
SQL: SELECT COUNT(*) AS tp_count FROM `gradejz` WHERE ( username='1305010527' ) LIMIT 1   [ RunTime:0.0022s ]
SQL: SELECT `name`,`card` FROM `idcard` WHERE ( username=1305010527 )  [ RunTime:0.0572s ]
SQL: SELECT COUNT(*) AS tp_count FROM `gradejz` WHERE ( username='1305010527' ) LIMIT 1   [ RunTime:0.0014s ]
SQL: SELECT `name`,`card` FROM `idcard` WHERE ( username=1305010527 )  [ RunTime:0.0577s ]
SQL: SELECT COUNT(*) AS tp_count FROM `gradejz` WHERE ( username='1305010527' ) LIMIT 1   [ RunTime:0.0014s ]
SQL: SELECT `name`,`card` FROM `idcard` WHERE ( username=1305010527 )  [ RunTime:0.0547s ]
SQL: SELECT COUNT(*) AS tp_count FROM `gradejz` WHERE ( username='1305010527' ) LIMIT 1   [ RunTime:0.0026s ]
SQL: SELECT `name`,`card` FROM `idcard` WHERE ( username=1305010527 )  [ RunTime:0.0538s ]
SQL: SELECT COUNT(*) AS tp_count FROM `gradejz` WHERE ( username='1305010527' ) LIMIT 1   [ RunTime:0.0024s ]
SQL: SELECT `name`,`card` FROM `idcard` WHERE ( username=1305010527 )  [ RunTime:0.0607s ]
SQL: SELECT COUNT(*) AS tp_count FROM `gradejz` WHERE ( username='1305010527' ) LIMIT 1   [ RunTime:0.0014s ]
SQL: SELECT `name`,`card` FROM `idcard` WHERE ( username=1305010527 )  [ RunTime:0.0530s ]
SQL: SELECT COUNT(*) AS tp_count FROM `gradejz` WHERE ( username='1305010527' ) LIMIT 1   [ RunTime:0.0024s ]
SQL: SELECT `name`,`card` FROM `idcard` WHERE ( username=1305010527 )  [ RunTime:0.0584s ]
SQL: SELECT COUNT(*) AS tp_count FROM `gradejz` WHERE ( username='1305010527' ) LIMIT 1   [ RunTime:0.0013s ]
SQL: SELECT `name`,`card` FROM `idcard` WHERE ( username=1305010527 )  [ RunTime:0.0535s ]
SQL: SELECT COUNT(*) AS tp_count FROM `gradejz` WHERE ( username='1305010527' ) LIMIT 1   [ RunTime:0.0013s ]
SQL: SELECT `name`,`card` FROM `idcard` WHERE ( username=1305010527 )  [ RunTime:0.0568s ]
SQL: SELECT COUNT(*) AS tp_count FROM `gradejz` WHERE ( username='1305010527' ) LIMIT 1   [ RunTime:0.0015s ]
SQL: SELECT `name`,`card` FROM `idcard` WHERE ( username=1305010527 )  [ RunTime:0.0558s ]
SQL: SELECT `name`,`card` FROM `idcard` WHERE ( username=1305010527 )  [ RunTime:0.0574s ]
SQL: SELECT COUNT(*) AS tp_count FROM `gradejz` WHERE ( username='1305010527' ) LIMIT 1   [ RunTime:0.0016s ]
SQL: SELECT `name`,`card` FROM `idcard` WHERE ( username=1305010527 )  [ RunTime:0.0668s ]
SQL: SELECT COUNT(*) AS tp_count FROM `gradejz` WHERE ( username='1305010527' ) LIMIT 1   [ RunTime:0.0014s ]
SQL: SELECT `name`,`card` FROM `idcard` WHERE ( username=1305010527 )  [ RunTime:0.0542s ]
SQL: SELECT COUNT(*) AS tp_count FROM `gradejz` WHERE ( username='1305010527' ) LIMIT 1   [ RunTime:0.0015s ]
SQL: SELECT `name`,`card` FROM `idcard` WHERE ( username=1305010527 )  [ RunTime:0.0676s ]
SQL: SELECT COUNT(*) AS tp_count FROM `gradejz` WHERE ( username='1305010527' ) LIMIT 1   [ RunTime:0.0016s ]
SQL: SELECT `name`,`card` FROM `idcard` WHERE ( username=1305010527 )  [ RunTime:0.0598s ]
SQL: SELECT COUNT(*) AS tp_count FROM `gradejz` WHERE ( username='1305010527' ) LIMIT 1   [ RunTime:0.0014s ]
SQL: SELECT `name`,`card` FROM `idcard` WHERE ( username=1305010527 )  [ RunTime:0.0699s ]
SQL: SELECT COUNT(*) AS tp_count FROM `gradejz` WHERE ( username='1305010527' ) LIMIT 1   [ RunTime:0.0013s ]
SQL: SELECT `name`,`card` FROM `idcard` WHERE ( username=1305010527 )  [ RunTime:0.0652s ]
SQL: SELECT `name`,`card` FROM `idcard` WHERE ( username=1305010527 )  [ RunTime:0.0640s ]
SQL: SELECT COUNT(*) AS tp_count FROM `gradejz` WHERE ( username='1305010527' ) LIMIT 1   [ RunTime:0.0013s ]
SQL: SELECT `name`,`card` FROM `idcard` WHERE ( username=1305010527 )  [ RunTime:0.0617s ]
SQL: SELECT COUNT(*) AS tp_count FROM `gradejz` WHERE ( username='1305010527' ) LIMIT 1   [ RunTime:0.0015s ]
SQL: SELECT `name`,`card` FROM `idcard` WHERE ( username=1305010527 )  [ RunTime:0.0655s ]
SQL: SELECT COUNT(*) AS tp_count FROM `gradejz` WHERE ( username='1305010527' ) LIMIT 1   [ RunTime:0.0021s ]
SQL: SELECT `name`,`card` FROM `idcard` WHERE ( username=1305010527 )  [ RunTime:0.0669s ]
SQL: SELECT COUNT(*) AS tp_count FROM `gradejz` WHERE ( username='1305010527' ) LIMIT 1   [ RunTime:0.0021s ]
SQL: SELECT `name`,`card` FROM `idcard` WHERE ( username=1305010527 )  [ RunTime:0.0734s ]
SQL: SELECT `name`,`card` FROM `idcard` WHERE ( username=1305010527 )  [ RunTime:0.0703s ]
SQL: SELECT COUNT(*) AS tp_count FROM `gradejz` WHERE ( username='1305010527' ) LIMIT 1   [ RunTime:0.0017s ]
SQL: SELECT `name`,`card` FROM `idcard` WHERE ( username=1305010527 )  [ RunTime:0.0663s ]
SQL: SELECT COUNT(*) AS tp_count FROM `gradejz` WHERE ( username='1305010527' ) LIMIT 1   [ RunTime:0.0021s ]
SQL: SELECT `name`,`card` FROM `idcard` WHERE ( username=1305010527 )  [ RunTime:0.0566s ]
SQL: SELECT COUNT(*) AS tp_count FROM `gradejz` WHERE ( username='1305010527' ) LIMIT 1   [ RunTime:0.0014s ]
SQL: SELECT `name`,`card` FROM `idcard` WHERE ( username=1305010527 )  [ RunTime:0.0865s ]
SQL: SELECT COUNT(*) AS tp_count FROM `gradejz` WHERE ( username='1305010527' ) LIMIT 1   [ RunTime:0.0013s ]
SQL: SELECT `name`,`card` FROM `idcard` WHERE ( username=1305010527 )  [ RunTime:0.0533s ]
SQL: SELECT COUNT(*) AS tp_count FROM `gradejz` WHERE ( username='1305010527' ) LIMIT 1   [ RunTime:0.0019s ]
SQL: SELECT `name`,`card` FROM `idcard` WHERE ( username=1305010527 )  [ RunTime:0.0529s ]
SQL: SELECT COUNT(*) AS tp_count FROM `gradejz` WHERE ( username='1305010527' ) LIMIT 1   [ RunTime:0.0014s ]
SQL: SELECT `name`,`card` FROM `idcard` WHERE ( username=1305010527 )  [ RunTime:0.0652s ]
SQL: SELECT COUNT(*) AS tp_count FROM `gradejz` WHERE ( username='1305010527' ) LIMIT 1   [ RunTime:0.0014s ]
SQL: SELECT `name`,`card` FROM `idcard` WHERE ( username=1305010527 )  [ RunTime:0.1045s ]
SQL: SELECT COUNT(*) AS tp_count FROM `gradejz` WHERE ( username='1305010527' ) LIMIT 1   [ RunTime:0.0014s ]
SQL: SELECT `name`,`card` FROM `idcard` WHERE ( username=1305010527 )  [ RunTime:0.0672s ]
SQL: SELECT COUNT(*) AS tp_count FROM `gradejz` WHERE ( username='1305010527' ) LIMIT 1   [ RunTime:0.0017s ]
SQL: SELECT `name`,`card` FROM `idcard` WHERE ( username=1305010527 )  [ RunTime:0.0730s ]
SQL: SELECT COUNT(*) AS tp_count FROM `gradejz` WHERE ( username='1305010527' ) LIMIT 1   [ RunTime:0.0014s ]
SQL: SELECT `name`,`card` FROM `idcard` WHERE ( username=1305010527 )  [ RunTime:0.0619s ]
SQL: SELECT COUNT(*) AS tp_count FROM `gradejz` WHERE ( username='1305010527' ) LIMIT 1   [ RunTime:0.0022s ]
SQL: SELECT `name`,`card` FROM `idcard` WHERE ( username=1305010527 )  [ RunTime:0.0667s ]
SQL: SELECT COUNT(*) AS tp_count FROM `gradejz` WHERE ( username='1305010527' ) LIMIT 1   [ RunTime:0.0022s ]
SQL: SELECT `name`,`card` FROM `idcard` WHERE ( username=1305010527 )  [ RunTime:0.0702s ]
SQL: SELECT COUNT(*) AS tp_count FROM `gradejz` WHERE ( username='1305010527' ) LIMIT 1   [ RunTime:0.0025s ]
SQL: SELECT `name`,`card` FROM `idcard` WHERE ( username=1305010527 )  [ RunTime:0.0666s ]
SQL: SELECT COUNT(*) AS tp_count FROM `gradejz` WHERE ( username='1305010527' ) LIMIT 1   [ RunTime:0.0021s ]
SQL: SELECT `name`,`card` FROM `idcard` WHERE ( username=1305010527 )  [ RunTime:0.0585s ]
SQL: SELECT `name`,`card` FROM `idcard` WHERE ( username=1305010527 )  [ RunTime:0.0582s ]
SQL: SELECT COUNT(*) AS tp_count FROM `gradejz` WHERE ( username='1305010527' ) LIMIT 1   [ RunTime:0.0014s ]
SQL: SELECT `name`,`card` FROM `idcard` WHERE ( username=1305010527 )  [ RunTime:0.0648s ]
SQL: SELECT COUNT(*) AS tp_count FROM `gradejz` WHERE ( username='1305010527' ) LIMIT 1   [ RunTime:0.0019s ]
SQL: SELECT `name`,`card` FROM `idcard` WHERE ( username=1305010527 )  [ RunTime:0.0628s ]
SQL: SELECT COUNT(*) AS tp_count FROM `gradejz` WHERE ( username='1305010527' ) LIMIT 1   [ RunTime:0.0014s ]
SQL: SELECT `name`,`card` FROM `idcard` WHERE ( username=1305010527 )  [ RunTime:0.0524s ]
SQL: SELECT COUNT(*) AS tp_count FROM `gradejz` WHERE ( username='1305010527' ) LIMIT 1   [ RunTime:0.0017s ]
SQL: SELECT `name`,`card` FROM `idcard` WHERE ( username=1305010527 )  [ RunTime:0.0611s ]
SQL: SELECT COUNT(*) AS tp_count FROM `gradejz` WHERE ( username='1305010527' ) LIMIT 1   [ RunTime:0.0018s ]
SQL: SELECT `name`,`card` FROM `idcard` WHERE ( username=1305010527 )  [ RunTime:0.0498s ]
SQL: SELECT COUNT(*) AS tp_count FROM `gradejz` WHERE ( username='1305010527' ) LIMIT 1   [ RunTime:0.0013s ]
SQL: SELECT `name`,`card` FROM `idcard` WHERE ( username=1305010527 )  [ RunTime:0.0560s ]
SQL: SELECT `name`,`card` FROM `idcard` WHERE ( username=1305010527 )  [ RunTime:0.0600s ]
SQL: SELECT COUNT(*) AS tp_count FROM `gradejz` WHERE ( username='1305010527' ) LIMIT 1   [ RunTime:0.0016s ]
SQL: SELECT `name`,`card` FROM `idcard` WHERE ( username=1305010527 )  [ RunTime:0.0567s ]
SQL: SELECT COUNT(*) AS tp_count FROM `gradejz` WHERE ( username='1305010527' ) LIMIT 1   [ RunTime:0.0016s ]
SQL: SELECT `name`,`card` FROM `idcard` WHERE ( username=1305010527 )  [ RunTime:0.0531s ]
SQL: SELECT COUNT(*) AS tp_count FROM `gradejz` WHERE ( username='1305010527' ) LIMIT 1   [ RunTime:0.0017s ]
SQL: SELECT `name`,`card` FROM `idcard` WHERE ( username=1305010527 )  [ RunTime:0.0642s ]
SQL: SELECT COUNT(*) AS tp_count FROM `gradejz` WHERE ( username='1305010527' ) LIMIT 1   [ RunTime:0.0020s ]
SQL: SELECT `name`,`card` FROM `idcard` WHERE ( username=1305010527 )  [ RunTime:0.0622s ]
SQL: SELECT `name`,`card` FROM `idcard` WHERE ( username=1305010527 )  [ RunTime:0.0732s ]
SQL: SELECT COUNT(*) AS tp_count FROM `gradejz` WHERE ( username='1305010527' ) LIMIT 1   [ RunTime:0.0013s ]
SQL: SELECT `name`,`card` FROM `idcard` WHERE ( username=1305010527 )  [ RunTime:0.0689s ]
SQL: SELECT COUNT(*) AS tp_count FROM `gradejz` WHERE ( username='1305010527' ) LIMIT 1   [ RunTime:0.0024s ]
SQL: SELECT `name`,`card` FROM `idcard` WHERE ( username=1305010527 )  [ RunTime:0.0643s ]
SQL: SELECT COUNT(*) AS tp_count FROM `gradejz` WHERE ( username='1305010527' ) LIMIT 1   [ RunTime:0.0025s ]
SQL: SELECT `name`,`card` FROM `idcard` WHERE ( username=1305010527 )  [ RunTime:0.0521s ]
SQL: SELECT COUNT(*) AS tp_count FROM `gradejz` WHERE ( username='1305010527' ) LIMIT 1   [ RunTime:0.0021s ]
SQL: SELECT `name`,`card` FROM `idcard` WHERE ( username=1305010527 )  [ RunTime:0.0644s ]
SQL: SELECT COUNT(*) AS tp_count FROM `gradejz` WHERE ( username='1305010527' ) LIMIT 1   [ RunTime:0.0025s ]
SQL: SELECT `name`,`card` FROM `idcard` WHERE ( username=1305010527 )  [ RunTime:0.0527s ]
SQL: SELECT COUNT(*) AS tp_count FROM `gradejz` WHERE ( username='1305010527' ) LIMIT 1   [ RunTime:0.0016s ]
SQL: SELECT `name`,`card` FROM `idcard` WHERE ( username=1305010527 )  [ RunTime:0.0547s ]
SQL: SELECT COUNT(*) AS tp_count FROM `gradejz` WHERE ( username='1305010527' ) LIMIT 1   [ RunTime:0.0013s ]
SQL: SELECT `name`,`card` FROM `idcard` WHERE ( username=1305010527 )  [ RunTime:0.0531s ]
SQL: SELECT COUNT(*) AS tp_count FROM `gradejz` WHERE ( username='1305010527' ) LIMIT 1   [ RunTime:0.0025s ]
SQL: SELECT `name`,`card` FROM `idcard` WHERE ( username=1305010527 )  [ RunTime:0.0633s ]
SQL: SELECT COUNT(*) AS tp_count FROM `gradejz` WHERE ( username='1305010527' ) LIMIT 1   [ RunTime:0.0015s ]
SQL: SELECT `name`,`card` FROM `idcard` WHERE ( username=1305010527 )  [ RunTime:0.0634s ]
SQL: SELECT `name`,`card` FROM `idcard` WHERE ( username=1305010527 )  [ RunTime:0.0750s ]
SQL: SELECT COUNT(*) AS tp_count FROM `gradejz` WHERE ( username='1305010527' ) LIMIT 1   [ RunTime:0.0021s ]
SQL: SELECT `name`,`card` FROM `idcard` WHERE ( username=1305010527 )  [ RunTime:0.0717s ]
SQL: SELECT COUNT(*) AS tp_count FROM `gradejz` WHERE ( username='1305010527' ) LIMIT 1   [ RunTime:0.0013s ]
SQL: SELECT `name`,`card` FROM `idcard` WHERE ( username=1305010527 )  [ RunTime:0.0675s ]
SQL: SELECT COUNT(*) AS tp_count FROM `gradejz` WHERE ( username='1305010527' ) LIMIT 1   [ RunTime:0.0014s ]
SQL: SELECT `name`,`card` FROM `idcard` WHERE ( username=1305010527 )  [ RunTime:0.0547s ]
SQL: SELECT `name`,`card` FROM `idcard` WHERE ( username=1305010527 )  [ RunTime:0.0607s ]
SQL: SELECT COUNT(*) AS tp_count FROM `gradejz` WHERE ( username='1305010527' ) LIMIT 1   [ RunTime:0.0022s ]
SQL: SELECT `name`,`card` FROM `idcard` WHERE ( username=1305010527 )  [ RunTime:0.0798s ]
SQL: SELECT COUNT(*) AS tp_count FROM `gradejz` WHERE ( username='1305010527' ) LIMIT 1   [ RunTime:0.0014s ]
SQL: SELECT `name`,`card` FROM `idcard` WHERE ( username=1305010527 )  [ RunTime:0.0530s ]
SQL: SELECT COUNT(*) AS tp_count FROM `gradejz` WHERE ( username='1305010527' ) LIMIT 1   [ RunTime:0.0017s ]
SQL: SELECT `name`,`card` FROM `idcard` WHERE ( username=1305010527 )  [ RunTime:0.0564s ]
SQL: SELECT COUNT(*) AS tp_count FROM `gradejz` WHERE ( username='1305010527' ) LIMIT 1   [ RunTime:0.0017s ]
SQL: SELECT `name`,`card` FROM `idcard` WHERE ( username=1305010527 )  [ RunTime:0.0508s ]
SQL: SELECT `name`,`card` FROM `idcard` WHERE ( username=1305010527 )  [ RunTime:0.0572s ]
SQL: SELECT COUNT(*) AS tp_count FROM `gradejz` WHERE ( username='1305010527' ) LIMIT 1   [ RunTime:0.0014s ]
SQL: SELECT `name`,`card` FROM `idcard` WHERE ( username=1305010527 )  [ RunTime:0.0542s ]
SQL: SELECT COUNT(*) AS tp_count FROM `gradejz` WHERE ( username='1305010527' ) LIMIT 1   [ RunTime:0.0025s ]
SQL: SELECT `name`,`card` FROM `idcard` WHERE ( username=1305010527 )  [ RunTime:0.0671s ]
SQL: SELECT COUNT(*) AS tp_count FROM `gradejz` WHERE ( username='1305010527' ) LIMIT 1   [ RunTime:0.0018s ]
SQL: SELECT `name`,`card` FROM `idcard` WHERE ( username=1305010527 )  [ RunTime:0.0872s ]
SQL: SELECT COUNT(*) AS tp_count FROM `gradejz` WHERE ( username='1305010527' ) LIMIT 1   [ RunTime:0.0013s ]
SQL: SELECT `name`,`card` FROM `idcard` WHERE ( username=1305010527 )  [ RunTime:0.0867s ]
SQL: SELECT COUNT(*) AS tp_count FROM `gradejz` WHERE ( username='1305010527' ) LIMIT 1   [ RunTime:0.0013s ]
SQL: SELECT `name`,`card` FROM `idcard` WHERE ( username=1305010527 )  [ RunTime:0.0587s ]
SQL: SELECT COUNT(*) AS tp_count FROM `gradejz` WHERE ( username='1305010527' ) LIMIT 1   [ RunTime:0.0013s ]
SQL: SELECT `name`,`card` FROM `idcard` WHERE ( username=1305010527 )  [ RunTime:0.0511s ]
SQL: SELECT COUNT(*) AS tp_count FROM `gradejz` WHERE ( username='1305010527' ) LIMIT 1   [ RunTime:0.0018s ]
SQL: SELECT `name`,`card` FROM `idcard` WHERE ( username=1305010527 )  [ RunTime:0.0517s ]
SQL: SELECT COUNT(*) AS tp_count FROM `gradejz` WHERE ( username='1305010527' ) LIMIT 1   [ RunTime:0.0016s ]
SQL: SELECT `name`,`card` FROM `idcard` WHERE ( username=1305010527 )  [ RunTime:0.0591s ]
SQL: SELECT `name`,`card` FROM `idcard` WHERE ( username=1305010527 )  [ RunTime:0.0655s ]
SQL: SELECT COUNT(*) AS tp_count FROM `gradejz` WHERE ( username='1305010527' ) LIMIT 1   [ RunTime:0.0014s ]
SQL: SELECT `name`,`card` FROM `idcard` WHERE ( username=1305010527 )  [ RunTime:0.0536s ]
SQL: SELECT COUNT(*) AS tp_count FROM `gradejz` WHERE ( username='1305010527' ) LIMIT 1   [ RunTime:0.0015s ]
SQL: SELECT `name`,`card` FROM `idcard` WHERE ( username=1305010527 )  [ RunTime:0.0584s ]
SQL: SELECT `name`,`card` FROM `idcard` WHERE ( username=1305010527 )  [ RunTime:0.0575s ]
SQL: SELECT COUNT(*) AS tp_count FROM `gradejz` WHERE ( username='1305010527' ) LIMIT 1   [ RunTime:0.0014s ]
SQL: SELECT `name`,`card` FROM `idcard` WHERE ( username=1305010527 )  [ RunTime:0.0607s ]
SQL: SELECT COUNT(*) AS tp_count FROM `gradejz` WHERE ( username='1305010527' ) LIMIT 1   [ RunTime:0.0018s ]
SQL: SELECT `name`,`card` FROM `idcard` WHERE ( username=1305010527 )  [ RunTime:0.0551s ]
SQL: SELECT COUNT(*) AS tp_count FROM `gradejz` WHERE ( username='1305010527' ) LIMIT 1   [ RunTime:0.0014s ]
SQL: SELECT `name`,`card` FROM `idcard` WHERE ( username=1305010527 )  [ RunTime:0.0677s ]
SQL: SELECT COUNT(*) AS tp_count FROM `gradejz` WHERE ( username='1305010527' ) LIMIT 1   [ RunTime:0.0020s ]
SQL: SELECT `name`,`card` FROM `idcard` WHERE ( username=1305010527 )  [ RunTime:0.0645s ]
SQL: SELECT COUNT(*) AS tp_count FROM `gradejz` WHERE ( username='1305010527' ) LIMIT 1   [ RunTime:0.0014s ]
SQL: SELECT `name`,`card` FROM `idcard` WHERE ( username=1305010527 )  [ RunTime:0.0597s ]
SQL: SELECT COUNT(*) AS tp_count FROM `gradejz` WHERE ( username='1305010527' ) LIMIT 1   [ RunTime:0.0022s ]
SQL: SELECT `name`,`card` FROM `idcard` WHERE ( username=1305010527 )  [ RunTime:0.0601s ]
SQL: SELECT COUNT(*) AS tp_count FROM `gradejz` WHERE ( username='1305010527' ) LIMIT 1   [ RunTime:0.0014s ]
SQL: SELECT `name`,`card` FROM `idcard` WHERE ( username=1305010527 )  [ RunTime:0.0748s ]
SQL: SELECT COUNT(*) AS tp_count FROM `gradejz` WHERE ( username='1305010527' ) LIMIT 1   [ RunTime:0.0021s ]
SQL: SELECT `name`,`card` FROM `idcard` WHERE ( username=1305010527 )  [ RunTime:0.0595s ]
SQL: SELECT COUNT(*) AS tp_count FROM `gradejz` WHERE ( username='1305010527' ) LIMIT 1   [ RunTime:0.0023s ]
SQL: SELECT `name`,`card` FROM `idcard` WHERE ( username=1305010527 )  [ RunTime:0.0592s ]
SQL: SELECT COUNT(*) AS tp_count FROM `gradejz` WHERE ( username='1305010527' ) LIMIT 1   [ RunTime:0.0014s ]
SQL: SELECT `name`,`card` FROM `idcard` WHERE ( username=1305010527 )  [ RunTime:0.0587s ]
SQL: SELECT COUNT(*) AS tp_count FROM `gradejz` WHERE ( username='1305010527' ) LIMIT 1   [ RunTime:0.0023s ]
SQL: SELECT `name`,`card` FROM `idcard` WHERE ( username=1305010527 )  [ RunTime:0.0893s ]
SQL: SELECT COUNT(*) AS tp_count FROM `gradejz` WHERE ( username='1305010527' ) LIMIT 1   [ RunTime:0.0023s ]
SQL: SELECT `name`,`card` FROM `idcard` WHERE ( username=1305010527 )  [ RunTime:0.0642s ]
SQL: SELECT COUNT(*) AS tp_count FROM `gradejz` WHERE ( username='1305010527' ) LIMIT 1   [ RunTime:0.0021s ]
SQL: SELECT `name`,`card` FROM `idcard` WHERE ( username=1305010527 )  [ RunTime:0.0824s ]
SQL: SELECT `name`,`card` FROM `idcard` WHERE ( username=1305010527 )  [ RunTime:0.0547s ]
SQL: SELECT COUNT(*) AS tp_count FROM `gradejz` WHERE ( username='1305010527' ) LIMIT 1   [ RunTime:0.0014s ]
SQL: SELECT `name`,`card` FROM `idcard` WHERE ( username=1305010527 )  [ RunTime:0.0891s ]
SQL: SELECT COUNT(*) AS tp_count FROM `gradejz` WHERE ( username='1305010527' ) LIMIT 1   [ RunTime:0.0014s ]
SQL: SELECT `name`,`card` FROM `idcard` WHERE ( username=1305010527 )  [ RunTime:0.0618s ]
SQL: SELECT COUNT(*) AS tp_count FROM `gradejz` WHERE ( username='1305010527' ) LIMIT 1   [ RunTime:0.0032s ]
SQL: SELECT `name`,`card` FROM `idcard` WHERE ( username=1305010527 )  [ RunTime:0.0590s ]
SQL: SELECT COUNT(*) AS tp_count FROM `gradejz` WHERE ( username='1305010527' ) LIMIT 1   [ RunTime:0.0022s ]
SQL: SELECT `name`,`card` FROM `idcard` WHERE ( username=1305010527 )  [ RunTime:0.0790s ]
SQL: SELECT COUNT(*) AS tp_count FROM `gradejz` WHERE ( username='1305010527' ) LIMIT 1   [ RunTime:0.0020s ]
SQL: SELECT `name`,`card` FROM `idcard` WHERE ( username=1305010527 )  [ RunTime:0.0723s ]
SQL: SELECT COUNT(*) AS tp_count FROM `gradejz` WHERE ( username='1305010527' ) LIMIT 1   [ RunTime:0.0015s ]
SQL: SELECT `name`,`card` FROM `idcard` WHERE ( username=1305010527 )  [ RunTime:0.0518s ]
SQL: SELECT COUNT(*) AS tp_count FROM `gradejz` WHERE ( username='1305010527' ) LIMIT 1   [ RunTime:0.0014s ]
SQL: SELECT `name`,`card` FROM `idcard` WHERE ( username=1305010527 )  [ RunTime:0.0708s ]
SQL: SELECT COUNT(*) AS tp_count FROM `gradejz` WHERE ( username='1305010527' ) LIMIT 1   [ RunTime:0.0014s ]
SQL: SELECT `name`,`card` FROM `idcard` WHERE ( username=1305010527 )  [ RunTime:0.0615s ]
SQL: SELECT COUNT(*) AS tp_count FROM `gradejz` WHERE ( username='1305010527' ) LIMIT 1   [ RunTime:0.0016s ]
SQL: SELECT `name`,`card` FROM `idcard` WHERE ( username=1305010527 )  [ RunTime:0.0553s ]
SQL: SELECT COUNT(*) AS tp_count FROM `gradejz` WHERE ( username='1305010527' ) LIMIT 1   [ RunTime:0.0017s ]
SQL: SELECT `name`,`card` FROM `idcard` WHERE ( username=1305010527 )  [ RunTime:0.0559s ]
SQL: SELECT COUNT(*) AS tp_count FROM `gradejz` WHERE ( username='1305010527' ) LIMIT 1   [ RunTime:0.0014s ]
SQL: SELECT `name`,`card` FROM `idcard` WHERE ( username=1305010527 )  [ RunTime:0.0569s ]
SQL: SELECT COUNT(*) AS tp_count FROM `gradejz` WHERE ( username='1305010527' ) LIMIT 1   [ RunTime:0.0014s ]
SQL: SELECT `name`,`card` FROM `idcard` WHERE ( username=1305010527 )  [ RunTime:0.0611s ]
SQL: SELECT COUNT(*) AS tp_count FROM `gradejz` WHERE ( username='1305010527' ) LIMIT 1   [ RunTime:0.0021s ]
SQL: SELECT `name`,`card` FROM `idcard` WHERE ( username=1305010527 )  [ RunTime:0.0515s ]
SQL: SELECT `name`,`card` FROM `idcard` WHERE ( username=1305010527 )  [ RunTime:0.0562s ]
SQL: SELECT COUNT(*) AS tp_count FROM `gradejz` WHERE ( username='1305010527' ) LIMIT 1   [ RunTime:0.0019s ]
SQL: SELECT `name`,`card` FROM `idcard` WHERE ( username=1305010527 )  [ RunTime:0.0898s ]
SQL: SELECT COUNT(*) AS tp_count FROM `gradejz` WHERE ( username='1305010527' ) LIMIT 1   [ RunTime:0.0022s ]
SQL: SELECT `name`,`card` FROM `idcard` WHERE ( username=1305010527 )  [ RunTime:0.0538s ]
SQL: SELECT `name`,`card` FROM `idcard` WHERE ( username=1305010527 )  [ RunTime:0.0601s ]
SQL: SELECT COUNT(*) AS tp_count FROM `gradejz` WHERE ( username='1305010527' ) LIMIT 1   [ RunTime:0.0016s ]
SQL: SELECT `name`,`card` FROM `idcard` WHERE ( username=1305010527 )  [ RunTime:0.0544s ]
SQL: SELECT `name`,`card` FROM `idcard` WHERE ( username=1305010527 )  [ RunTime:0.0536s ]
SQL: SELECT COUNT(*) AS tp_count FROM `gradejz` WHERE ( username='1305010527' ) LIMIT 1   [ RunTime:0.0014s ]
SQL: SELECT `name`,`card` FROM `idcard` WHERE ( username=1305010527 )  [ RunTime:0.0554s ]
SQL: SELECT `name`,`card` FROM `idcard` WHERE ( username=1305010527 )  [ RunTime:0.0556s ]
SQL: SELECT COUNT(*) AS tp_count FROM `gradejz` WHERE ( username='1305010527' ) LIMIT 1   [ RunTime:0.0013s ]
SQL: SELECT `name`,`card` FROM `idcard` WHERE ( username=1305010527 )  [ RunTime:0.0631s ]
SQL: SELECT COUNT(*) AS tp_count FROM `gradejz` WHERE ( username='1305010527' ) LIMIT 1   [ RunTime:0.0027s ]
SQL: SELECT `name`,`card` FROM `idcard` WHERE ( username=1305010527 )  [ RunTime:0.0844s ]
SQL: SELECT COUNT(*) AS tp_count FROM `gradejz` WHERE ( username='1305010527' ) LIMIT 1   [ RunTime:0.0014s ]
SQL: SELECT `name`,`card` FROM `idcard` WHERE ( username=1305010527 )  [ RunTime:0.0528s ]
SQL: SELECT COUNT(*) AS tp_count FROM `gradejz` WHERE ( username='1305010527' ) LIMIT 1   [ RunTime:0.0015s ]
SQL: SELECT `name`,`card` FROM `idcard` WHERE ( username=1305010527 )  [ RunTime:0.0584s ]
SQL: SELECT COUNT(*) AS tp_count FROM `gradejz` WHERE ( username='1305010527' ) LIMIT 1   [ RunTime:0.0015s ]
SQL: SELECT `name`,`card` FROM `idcard` WHERE ( username=1305010527 )  [ RunTime:0.0539s ]
SQL: SELECT COUNT(*) AS tp_count FROM `gradejz` WHERE ( username='1305010527' ) LIMIT 1   [ RunTime:0.0019s ]
SQL: SELECT `name`,`card` FROM `idcard` WHERE ( username=1305010527 )  [ RunTime:0.0659s ]
SQL: SELECT COUNT(*) AS tp_count FROM `gradejz` WHERE ( username='1305010527' ) LIMIT 1   [ RunTime:0.0015s ]
SQL: SELECT `name`,`card` FROM `idcard` WHERE ( username=1305010527 )  [ RunTime:0.0577s ]
SQL: SELECT COUNT(*) AS tp_count FROM `gradejz` WHERE ( username='1305010527' ) LIMIT 1   [ RunTime:0.0019s ]
SQL: SELECT `name`,`card` FROM `idcard` WHERE ( username=1305010527 )  [ RunTime:0.0575s ]
SQL: SELECT COUNT(*) AS tp_count FROM `gradejz` WHERE ( username='1305010527' ) LIMIT 1   [ RunTime:0.0018s ]
SQL: SELECT `name`,`card` FROM `idcard` WHERE ( username=1305010527 )  [ RunTime:0.0702s ]
SQL: SELECT COUNT(*) AS tp_count FROM `gradejz` WHERE ( username='1305010527' ) LIMIT 1   [ RunTime:0.0014s ]
SQL: SELECT `name`,`card` FROM `idcard` WHERE ( username=1305010527 )  [ RunTime:0.0604s ]
SQL: SELECT COUNT(*) AS tp_count FROM `gradejz` WHERE ( username='1305010527' ) LIMIT 1   [ RunTime:0.0019s ]
SQL: SELECT `name`,`card` FROM `idcard` WHERE ( username=1305010527 )  [ RunTime:0.0520s ]
SQL: SELECT COUNT(*) AS tp_count FROM `gradejz` WHERE ( username='1305010527' ) LIMIT 1   [ RunTime:0.0014s ]
SQL: SELECT `name`,`card` FROM `idcard` WHERE ( username=1305010527 )  [ RunTime:0.0591s ]
SQL: SELECT COUNT(*) AS tp_count FROM `gradejz` WHERE ( username='1305010527' ) LIMIT 1   [ RunTime:0.0014s ]
SQL: SELECT `name`,`card` FROM `idcard` WHERE ( username=1305010527 )  [ RunTime:0.0905s ]
SQL: SELECT COUNT(*) AS tp_count FROM `gradejz` WHERE ( username='1305010527' ) LIMIT 1   [ RunTime:0.0020s ]
SQL: SELECT `name`,`card` FROM `idcard` WHERE ( username=1305010527 )  [ RunTime:0.0587s ]
SQL: SELECT COUNT(*) AS tp_count FROM `gradejz` WHERE ( username='1305010527' ) LIMIT 1   [ RunTime:0.0015s ]
SQL: SELECT `name`,`card` FROM `idcard` WHERE ( username=1305010527 )  [ RunTime:0.0701s ]
SQL: SELECT COUNT(*) AS tp_count FROM `gradejz` WHERE ( username='1305010527' ) LIMIT 1   [ RunTime:0.0008s ]
SQL: SELECT `name`,`card` FROM `idcard` WHERE ( username=1305010527 )  [ RunTime:0.0538s ]
SQL: SELECT COUNT(*) AS tp_count FROM `gradejz` WHERE ( username='1305010527' ) LIMIT 1   [ RunTime:0.0017s ]
SQL: SELECT `name`,`card` FROM `idcard` WHERE ( username=1305010527 )  [ RunTime:0.0697s ]
SQL: SELECT COUNT(*) AS tp_count FROM `gradejz` WHERE ( username='1305010527' ) LIMIT 1   [ RunTime:0.0026s ]
SQL: SELECT `name`,`card` FROM `idcard` WHERE ( username=1305010527 )  [ RunTime:0.0584s ]
SQL: SELECT COUNT(*) AS tp_count FROM `gradejz` WHERE ( username='1305010527' ) LIMIT 1   [ RunTime:0.0014s ]
SQL: SELECT `name`,`card` FROM `idcard` WHERE ( username=1305010527 )  [ RunTime:0.0607s ]
SQL: SELECT COUNT(*) AS tp_count FROM `gradejz` WHERE ( username='1305010527' ) LIMIT 1   [ RunTime:0.0027s ]
SQL: SELECT `name`,`card` FROM `idcard` WHERE ( username=1305010527 )  [ RunTime:0.1028s ]
SQL: SELECT `name`,`card` FROM `idcard` WHERE ( username=1305010527 )  [ RunTime:0.0563s ]
SQL: SELECT COUNT(*) AS tp_count FROM `gradejz` WHERE ( username='1305010527' ) LIMIT 1   [ RunTime:0.0021s ]
SQL: SELECT `name`,`card` FROM `idcard` WHERE ( username=1305010527 )  [ RunTime:0.0664s ]
SQL: SELECT COUNT(*) AS tp_count FROM `gradejz` WHERE ( username='1305010527' ) LIMIT 1   [ RunTime:0.0018s ]
SQL: SELECT `name`,`card` FROM `idcard` WHERE ( username=1305010527 )  [ RunTime:0.0595s ]
SQL: SELECT COUNT(*) AS tp_count FROM `gradejz` WHERE ( username='1305010527' ) LIMIT 1   [ RunTime:0.0022s ]
SQL: SELECT `name`,`card` FROM `idcard` WHERE ( username=1305010527 )  [ RunTime:0.1052s ]
SQL: SELECT COUNT(*) AS tp_count FROM `gradejz` WHERE ( username='1305010527' ) LIMIT 1   [ RunTime:0.0017s ]
SQL: SELECT `name`,`card` FROM `idcard` WHERE ( username=1305010527 )  [ RunTime:0.0590s ]
SQL: SELECT COUNT(*) AS tp_count FROM `gradejz` WHERE ( username='1305010527' ) LIMIT 1   [ RunTime:0.0021s ]
SQL: SELECT `name`,`card` FROM `idcard` WHERE ( username=1305010527 )  [ RunTime:0.0536s ]
SQL: SELECT COUNT(*) AS tp_count FROM `gradejz` WHERE ( username='1305010527' ) LIMIT 1   [ RunTime:0.0014s ]
SQL: SELECT `name`,`card` FROM `idcard` WHERE ( username=1305010527 )  [ RunTime:0.0724s ]
SQL: SELECT COUNT(*) AS tp_count FROM `gradejz` WHERE ( username='1305010527' ) LIMIT 1   [ RunTime:0.0024s ]
SQL: SELECT `name`,`card` FROM `idcard` WHERE ( username=1305010527 )  [ RunTime:0.0617s ]
SQL: SELECT `name`,`card` FROM `idcard` WHERE ( username=1305010527 )  [ RunTime:0.0636s ]
SQL: SELECT COUNT(*) AS tp_count FROM `gradejz` WHERE ( username='1305010527' ) LIMIT 1   [ RunTime:0.0014s ]
SQL: SELECT `name`,`card` FROM `idcard` WHERE ( username=1305010527 )  [ RunTime:0.0557s ]
SQL: SELECT COUNT(*) AS tp_count FROM `gradejz` WHERE ( username='1305010527' ) LIMIT 1   [ RunTime:0.0013s ]
SQL: SELECT `name`,`card` FROM `idcard` WHERE ( username=1305010527 )  [ RunTime:0.0638s ]
SQL: SELECT COUNT(*) AS tp_count FROM `gradejz` WHERE ( username='1305010527' ) LIMIT 1   [ RunTime:0.0013s ]
SQL: SELECT `name`,`card` FROM `idcard` WHERE ( username=1305010527 )  [ RunTime:0.0557s ]
SQL: SELECT COUNT(*) AS tp_count FROM `gradejz` WHERE ( username='1305010527' ) LIMIT 1   [ RunTime:0.0014s ]
SQL: SELECT `name`,`card` FROM `idcard` WHERE ( username=1305010527 )  [ RunTime:0.0507s ]
SQL: SELECT COUNT(*) AS tp_count FROM `gradejz` WHERE ( username='1305010527' ) LIMIT 1   [ RunTime:0.0014s ]
SQL: SELECT `name`,`card` FROM `idcard` WHERE ( username=1305010527 )  [ RunTime:0.0570s ]
SQL: SELECT COUNT(*) AS tp_count FROM `gradejz` WHERE ( username='1305010527' ) LIMIT 1   [ RunTime:0.0017s ]
SQL: SELECT `name`,`card` FROM `idcard` WHERE ( username=1305010527 )  [ RunTime:0.0565s ]
SQL: SELECT COUNT(*) AS tp_count FROM `gradejz` WHERE ( username='1305010527' ) LIMIT 1   [ RunTime:0.0020s ]
SQL: SELECT `name`,`card` FROM `idcard` WHERE ( username=1305010527 )  [ RunTime:0.0625s ]
SQL: SELECT `name`,`card` FROM `idcard` WHERE ( username=1305010527 )  [ RunTime:0.0589s ]
SQL: SELECT COUNT(*) AS tp_count FROM `gradejz` WHERE ( username='1305010527' ) LIMIT 1   [ RunTime:0.0024s ]
SQL: SELECT `name`,`card` FROM `idcard` WHERE ( username=1305010527 )  [ RunTime:0.0547s ]
SQL: SELECT COUNT(*) AS tp_count FROM `gradejz` WHERE ( username='1305010527' ) LIMIT 1   [ RunTime:0.0026s ]
SQL: SELECT `name`,`card` FROM `idcard` WHERE ( username=1305010527 )  [ RunTime:0.0572s ]
SQL: SELECT COUNT(*) AS tp_count FROM `gradejz` WHERE ( username='1305010527' ) LIMIT 1   [ RunTime:0.0021s ]
SQL: SELECT `name`,`card` FROM `idcard` WHERE ( username=1305010527 )  [ RunTime:0.0622s ]
SQL: SELECT COUNT(*) AS tp_count FROM `gradejz` WHERE ( username='1305010527' ) LIMIT 1   [ RunTime:0.0015s ]
SQL: SELECT `name`,`card` FROM `idcard` WHERE ( username=1305010527 )  [ RunTime:0.0756s ]
SQL: SELECT COUNT(*) AS tp_count FROM `gradejz` WHERE ( username='1305010527' ) LIMIT 1   [ RunTime:0.0018s ]
SQL: SELECT `name`,`card` FROM `idcard` WHERE ( username=1305010527 )  [ RunTime:0.0804s ]
SQL: SELECT COUNT(*) AS tp_count FROM `gradejz` WHERE ( username='1305010527' ) LIMIT 1   [ RunTime:0.0024s ]
SQL: SELECT `name`,`card` FROM `idcard` WHERE ( username=1305010527 )  [ RunTime:0.0832s ]
SQL: SELECT COUNT(*) AS tp_count FROM `gradejz` WHERE ( username='1305010527' ) LIMIT 1   [ RunTime:0.0027s ]
SQL: SELECT `name`,`card` FROM `idcard` WHERE ( username=1305010527 )  [ RunTime:0.0769s ]
SQL: SELECT COUNT(*) AS tp_count FROM `gradejz` WHERE ( username='1305010527' ) LIMIT 1   [ RunTime:0.0014s ]
SQL: SELECT `name`,`card` FROM `idcard` WHERE ( username=1305010527 )  [ RunTime:0.0735s ]
SQL: SELECT COUNT(*) AS tp_count FROM `gradejz` WHERE ( username='1305010527' ) LIMIT 1   [ RunTime:0.0016s ]
SQL: SELECT `name`,`card` FROM `idcard` WHERE ( username=1305010527 )  [ RunTime:0.0599s ]
SQL: SELECT COUNT(*) AS tp_count FROM `gradejz` WHERE ( username='1305010527' ) LIMIT 1   [ RunTime:0.0014s ]
SQL: SELECT `name`,`card` FROM `idcard` WHERE ( username=1305010527 )  [ RunTime:0.0626s ]
SQL: SELECT COUNT(*) AS tp_count FROM `gradejz` WHERE ( username='1305010527' ) LIMIT 1   [ RunTime:0.0024s ]
SQL: SELECT `name`,`card` FROM `idcard` WHERE ( username=1305010527 )  [ RunTime:0.0993s ]
SQL: SELECT COUNT(*) AS tp_count FROM `gradejz` WHERE ( username='1305010527' ) LIMIT 1   [ RunTime:0.0015s ]
SQL: SELECT `name`,`card` FROM `idcard` WHERE ( username=1305010527 )  [ RunTime:0.0684s ]
SQL: SELECT COUNT(*) AS tp_count FROM `gradejz` WHERE ( username='1305010527' ) LIMIT 1   [ RunTime:0.0013s ]
SQL: SELECT `name`,`card` FROM `idcard` WHERE ( username=1305010527 )  [ RunTime:0.0620s ]
SQL: SELECT COUNT(*) AS tp_count FROM `gradejz` WHERE ( username='1305010527' ) LIMIT 1   [ RunTime:0.0014s ]
SQL: SELECT `name`,`card` FROM `idcard` WHERE ( username=1305010527 )  [ RunTime:0.0773s ]
SQL: SELECT `name`,`card` FROM `idcard` WHERE ( username=1305010527 )  [ RunTime:0.0635s ]
SQL: SELECT COUNT(*) AS tp_count FROM `gradejz` WHERE ( username='1305010527' ) LIMIT 1   [ RunTime:0.0016s ]
SQL: SELECT `name`,`card` FROM `idcard` WHERE ( username=1305010527 )  [ RunTime:0.0705s ]
SQL: SELECT COUNT(*) AS tp_count FROM `gradejz` WHERE ( username='1305010527' ) LIMIT 1   [ RunTime:0.0013s ]
SQL: SELECT `name`,`card` FROM `idcard` WHERE ( username=1305010527 )  [ RunTime:0.0611s ]
SQL: SELECT COUNT(*) AS tp_count FROM `gradejz` WHERE ( username='1305010527' ) LIMIT 1   [ RunTime:0.0013s ]
SQL: SELECT `name`,`card` FROM `idcard` WHERE ( username=1305010527 )  [ RunTime:0.0570s ]
SQL: SELECT COUNT(*) AS tp_count FROM `gradejz` WHERE ( username='1305010527' ) LIMIT 1   [ RunTime:0.0014s ]
SQL: SELECT `name`,`card` FROM `idcard` WHERE ( username=1305010527 )  [ RunTime:0.0637s ]
SQL: SELECT COUNT(*) AS tp_count FROM `gradejz` WHERE ( username='1305010527' ) LIMIT 1   [ RunTime:0.0024s ]
SQL: SELECT `name`,`card` FROM `idcard` WHERE ( username=1305010527 )  [ RunTime:0.0844s ]
SQL: SELECT COUNT(*) AS tp_count FROM `gradejz` WHERE ( username='1305010527' ) LIMIT 1   [ RunTime:0.0018s ]
SQL: SELECT `name`,`card` FROM `idcard` WHERE ( username=1305010527 )  [ RunTime:0.0630s ]
SQL: SELECT COUNT(*) AS tp_count FROM `gradejz` WHERE ( username='1305010527' ) LIMIT 1   [ RunTime:0.0022s ]
SQL: SELECT `name`,`card` FROM `idcard` WHERE ( username=1305010527 )  [ RunTime:0.0669s ]
SQL: SELECT COUNT(*) AS tp_count FROM `gradejz` WHERE ( username='1305010527' ) LIMIT 1   [ RunTime:0.0015s ]
SQL: SELECT `name`,`card` FROM `idcard` WHERE ( username=1305010527 )  [ RunTime:0.1320s ]
SQL: SELECT COUNT(*) AS tp_count FROM `gradejz` WHERE ( username='1305010527' ) LIMIT 1   [ RunTime:0.0019s ]
SQL: SELECT `name`,`card` FROM `idcard` WHERE ( username=1305010527 )  [ RunTime:0.0589s ]
SQL: SELECT `name`,`card` FROM `idcard` WHERE ( username=1305010527 )  [ RunTime:0.0780s ]
SQL: SELECT `name`,`card` FROM `idcard` WHERE ( username=1305010527 )  [ RunTime:0.0852s ]
SQL: SELECT COUNT(*) AS tp_count FROM `gradejz` WHERE ( username='1305010527' ) LIMIT 1   [ RunTime:0.0025s ]
SQL: SELECT `name`,`card` FROM `idcard` WHERE ( username=1305010527 )  [ RunTime:0.0615s ]
SQL: SELECT COUNT(*) AS tp_count FROM `gradejz` WHERE ( username='1305010527' ) LIMIT 1   [ RunTime:0.0022s ]
SQL: SELECT `name`,`card` FROM `idcard` WHERE ( username=1305010527 )  [ RunTime:0.0557s ]
SQL: SELECT COUNT(*) AS tp_count FROM `gradejz` WHERE ( username='1305010527' ) LIMIT 1   [ RunTime:0.0021s ]
SQL: SELECT `name`,`card` FROM `idcard` WHERE ( username=1305010527 )  [ RunTime:0.0806s ]
SQL: SELECT `name`,`card` FROM `idcard` WHERE ( username=1305010527 )  [ RunTime:0.0745s ]
SQL: SELECT COUNT(*) AS tp_count FROM `gradejz` WHERE ( username='1305010527' ) LIMIT 1   [ RunTime:0.0015s ]
SQL: SELECT `name`,`card` FROM `idcard` WHERE ( username=1305010527 )  [ RunTime:0.0605s ]
SQL: SELECT COUNT(*) AS tp_count FROM `gradejz` WHERE ( username='1305010527' ) LIMIT 1   [ RunTime:0.0014s ]
SQL: SELECT `name`,`card` FROM `idcard` WHERE ( username=1305010527 )  [ RunTime:0.0804s ]
SQL: SELECT COUNT(*) AS tp_count FROM `gradejz` WHERE ( username='1305010527' ) LIMIT 1   [ RunTime:0.0015s ]
SQL: SELECT `name`,`card` FROM `idcard` WHERE ( username=1305010527 )  [ RunTime:0.0744s ]
SQL: SELECT COUNT(*) AS tp_count FROM `gradejz` WHERE ( username='1305010527' ) LIMIT 1   [ RunTime:0.0014s ]
SQL: SELECT `name`,`card` FROM `idcard` WHERE ( username=1305010527 )  [ RunTime:0.0635s ]
SQL: SELECT COUNT(*) AS tp_count FROM `gradejz` WHERE ( username='1305010527' ) LIMIT 1   [ RunTime:0.0014s ]
SQL: SELECT `name`,`card` FROM `idcard` WHERE ( username=1305010527 )  [ RunTime:0.0574s ]
SQL: SELECT COUNT(*) AS tp_count FROM `gradejz` WHERE ( username='1305010527' ) LIMIT 1   [ RunTime:0.0013s ]
SQL: SELECT `name`,`card` FROM `idcard` WHERE ( username=1305010527 )  [ RunTime:0.0523s ]
SQL: SELECT COUNT(*) AS tp_count FROM `gradejz` WHERE ( username='1305010527' ) LIMIT 1   [ RunTime:0.0015s ]
SQL: SELECT `name`,`card` FROM `idcard` WHERE ( username=1305010527 )  [ RunTime:0.0630s ]
SQL: SELECT `name`,`card` FROM `idcard` WHERE ( username=1305010527 )  [ RunTime:0.0600s ]
SQL: SELECT COUNT(*) AS tp_count FROM `gradejz` WHERE ( username='1305010527' ) LIMIT 1   [ RunTime:0.0014s ]
SQL: SELECT `name`,`card` FROM `idcard` WHERE ( username=1305010527 )  [ RunTime:0.0748s ]
SQL: SELECT COUNT(*) AS tp_count FROM `gradejz` WHERE ( username='1305010527' ) LIMIT 1   [ RunTime:0.0013s ]
SQL: SELECT `name`,`card` FROM `idcard` WHERE ( username=1305010527 )  [ RunTime:0.0637s ]
SQL: SELECT COUNT(*) AS tp_count FROM `gradejz` WHERE ( username='1305010527' ) LIMIT 1   [ RunTime:0.0022s ]
SQL: SELECT `name`,`card` FROM `idcard` WHERE ( username=1305010527 )  [ RunTime:0.0578s ]
SQL: SELECT COUNT(*) AS tp_count FROM `gradejz` WHERE ( username='1305010527' ) LIMIT 1   [ RunTime:0.0015s ]
SQL: SELECT `name`,`card` FROM `idcard` WHERE ( username=1305010527 )  [ RunTime:0.0505s ]
SQL: SELECT COUNT(*) AS tp_count FROM `gradejz` WHERE ( username='1305010527' ) LIMIT 1   [ RunTime:0.0014s ]
SQL: SELECT `name`,`card` FROM `idcard` WHERE ( username=1305010527 )  [ RunTime:0.0537s ]
SQL: SELECT COUNT(*) AS tp_count FROM `gradejz` WHERE ( username='1305010527' ) LIMIT 1   [ RunTime:0.0014s ]
SQL: SELECT `name`,`card` FROM `idcard` WHERE ( username=1305010527 )  [ RunTime:0.0782s ]
SQL: SELECT COUNT(*) AS tp_count FROM `gradejz` WHERE ( username='1305010527' ) LIMIT 1   [ RunTime:0.0029s ]
SQL: SELECT `name`,`card` FROM `idcard` WHERE ( username=1305010527 )  [ RunTime:0.2388s ]
SQL: SELECT COUNT(*) AS tp_count FROM `gradejz` WHERE ( username='1305010527' ) LIMIT 1   [ RunTime:0.0020s ]
SQL: SELECT `name`,`card` FROM `idcard` WHERE ( username=1305010527 )  [ RunTime:0.1026s ]
SQL: SELECT COUNT(*) AS tp_count FROM `gradejz` WHERE ( username='1305010527' ) LIMIT 1   [ RunTime:0.0018s ]
SQL: SELECT `name`,`card` FROM `idcard` WHERE ( username=1305010527 )  [ RunTime:0.0837s ]
SQL: SELECT `name`,`card` FROM `idcard` WHERE ( username=1305010527 )  [ RunTime:0.0589s ]
SQL: SELECT COUNT(*) AS tp_count FROM `gradejz` WHERE ( username='1305010527' ) LIMIT 1   [ RunTime:0.0018s ]
SQL: SELECT `name`,`card` FROM `idcard` WHERE ( username=1305010527 )  [ RunTime:0.0357s ]
SQL: SELECT COUNT(*) AS tp_count FROM `gradejz` WHERE ( username='1305010527' ) LIMIT 1   [ RunTime:0.0021s ]
SQL: SELECT `name`,`card` FROM `idcard` WHERE ( username=1305010527 )  [ RunTime:0.0719s ]
SQL: SELECT COUNT(*) AS tp_count FROM `gradejz` WHERE ( username='1305010527' ) LIMIT 1   [ RunTime:0.0016s ]
SQL: SELECT `name`,`card` FROM `idcard` WHERE ( username=1305010527 )  [ RunTime:0.0785s ]
SQL: SELECT COUNT(*) AS tp_count FROM `gradejz` WHERE ( username='1305010527' ) LIMIT 1   [ RunTime:0.0022s ]
SQL: SELECT `name`,`card` FROM `idcard` WHERE ( username=1305010527 )  [ RunTime:0.0879s ]
SQL: SELECT `name`,`card` FROM `idcard` WHERE ( username=1305010527 )  [ RunTime:0.0764s ]
SQL: SELECT `name`,`card` FROM `idcard` WHERE ( username=1305010527 )  [ RunTime:0.0781s ]
SQL: SELECT COUNT(*) AS tp_count FROM `gradejz` WHERE ( username='1305010527' ) LIMIT 1   [ RunTime:0.0022s ]
SQL: SELECT `name`,`card` FROM `idcard` WHERE ( username=1305010527 )  [ RunTime:0.0693s ]
SQL: SELECT COUNT(*) AS tp_count FROM `gradejz` WHERE ( username='1305010527' ) LIMIT 1   [ RunTime:0.0021s ]
SQL: SELECT `name`,`card` FROM `idcard` WHERE ( username=1305010527 )  [ RunTime:0.0993s ]
SQL: SELECT COUNT(*) AS tp_count FROM `gradejz` WHERE ( username='1305010527' ) LIMIT 1   [ RunTime:0.0015s ]
SQL: SELECT `name`,`card` FROM `idcard` WHERE ( username=1305010527 )  [ RunTime:0.0646s ]
SQL: SELECT COUNT(*) AS tp_count FROM `gradejz` WHERE ( username='1305010527' ) LIMIT 1   [ RunTime:0.0021s ]
SQL: SELECT `name`,`card` FROM `idcard` WHERE ( username=1305010527 )  [ RunTime:0.0948s ]
SQL: SELECT COUNT(*) AS tp_count FROM `gradejz` WHERE ( username='1305010527' ) LIMIT 1   [ RunTime:0.0013s ]
SQL: SELECT `name`,`card` FROM `idcard` WHERE ( username=1305010527 )  [ RunTime:0.0530s ]
SQL: SELECT COUNT(*) AS tp_count FROM `gradejz` WHERE ( username='1305010527' ) LIMIT 1   [ RunTime:0.0021s ]
SQL: SELECT `name`,`card` FROM `idcard` WHERE ( username=1305010527 )  [ RunTime:0.1102s ]
SQL: SELECT COUNT(*) AS tp_count FROM `gradejz` WHERE ( username='1305010527' ) LIMIT 1   [ RunTime:0.0018s ]
SQL: SELECT `name`,`card` FROM `idcard` WHERE ( username=1305010527 )  [ RunTime:0.0533s ]
SQL: SELECT COUNT(*) AS tp_count FROM `gradejz` WHERE ( username='1305010527' ) LIMIT 1   [ RunTime:0.0014s ]
SQL: SELECT `name`,`card` FROM `idcard` WHERE ( username=1305010527 )  [ RunTime:0.0628s ]
SQL: SELECT COUNT(*) AS tp_count FROM `gradejz` WHERE ( username='1305010527' ) LIMIT 1   [ RunTime:0.0016s ]
SQL: SELECT `name`,`card` FROM `idcard` WHERE ( username=1305010527 )  [ RunTime:0.0609s ]
SQL: SELECT COUNT(*) AS tp_count FROM `gradejz` WHERE ( username='1305010527' ) LIMIT 1   [ RunTime:0.0014s ]
SQL: SELECT `name`,`card` FROM `idcard` WHERE ( username=1305010527 )  [ RunTime:0.0675s ]
SQL: SELECT COUNT(*) AS tp_count FROM `gradejz` WHERE ( username='1305010527' ) LIMIT 1   [ RunTime:0.0013s ]
SQL: SELECT `name`,`card` FROM `idcard` WHERE ( username=1305010527 )  [ RunTime:0.0630s ]
SQL: SELECT COUNT(*) AS tp_count FROM `gradejz` WHERE ( username='1305010527' ) LIMIT 1   [ RunTime:0.0014s ]
SQL: SELECT `name`,`card` FROM `idcard` WHERE ( username=1305010527 )  [ RunTime:0.0543s ]
SQL: SELECT COUNT(*) AS tp_count FROM `gradejz` WHERE ( username='1305010527' ) LIMIT 1   [ RunTime:0.0013s ]
SQL: SELECT `name`,`card` FROM `idcard` WHERE ( username=1305010527 )  [ RunTime:0.0596s ]
SQL: SELECT COUNT(*) AS tp_count FROM `gradejz` WHERE ( username='1305010527' ) LIMIT 1   [ RunTime:0.0022s ]
SQL: SELECT `name`,`card` FROM `idcard` WHERE ( username=1305010527 )  [ RunTime:0.0571s ]
SQL: SELECT `name`,`card` FROM `idcard` WHERE ( username=1305010527 )  [ RunTime:0.0641s ]
SQL: SELECT `name`,`card` FROM `idcard` WHERE ( username=1305010527 )  [ RunTime:0.0643s ]
SQL: SELECT COUNT(*) AS tp_count FROM `gradejz` WHERE ( username='1305010527' ) LIMIT 1   [ RunTime:0.0019s ]
SQL: SELECT `name`,`card` FROM `idcard` WHERE ( username=1305010527 )  [ RunTime:0.0565s ]
SQL: SELECT COUNT(*) AS tp_count FROM `gradejz` WHERE ( username='1305010527' ) LIMIT 1   [ RunTime:0.0013s ]
SQL: SELECT `name`,`card` FROM `idcard` WHERE ( username=1305010527 )  [ RunTime:0.0548s ]
SQL: SELECT COUNT(*) AS tp_count FROM `gradejz` WHERE ( username='1305010527' ) LIMIT 1   [ RunTime:0.0014s ]
SQL: SELECT `name`,`card` FROM `idcard` WHERE ( username=1305010527 )  [ RunTime:0.0556s ]
SQL: SELECT COUNT(*) AS tp_count FROM `gradejz` WHERE ( username='1305010527' ) LIMIT 1   [ RunTime:0.0016s ]
SQL: SELECT `name`,`card` FROM `idcard` WHERE ( username=1305010527 )  [ RunTime:0.0539s ]
SQL: SELECT COUNT(*) AS tp_count FROM `gradejz` WHERE ( username='1305010527' ) LIMIT 1   [ RunTime:0.0022s ]
SQL: SELECT `name`,`card` FROM `idcard` WHERE ( username=1305010527 )  [ RunTime:0.1028s ]
SQL: SELECT COUNT(*) AS tp_count FROM `gradejz` WHERE ( username='1305010527' ) LIMIT 1   [ RunTime:0.0022s ]
SQL: SELECT `name`,`card` FROM `idcard` WHERE ( username=1305010527 )  [ RunTime:0.0642s ]
SQL: SELECT COUNT(*) AS tp_count FROM `gradejz` WHERE ( username='1305010527' ) LIMIT 1   [ RunTime:0.0019s ]
SQL: SELECT `name`,`card` FROM `idcard` WHERE ( username=1305010527 )  [ RunTime:0.0542s ]
SQL: SELECT COUNT(*) AS tp_count FROM `gradejz` WHERE ( username='1305010527' ) LIMIT 1   [ RunTime:0.0014s ]
SQL: SELECT `name`,`card` FROM `idcard` WHERE ( username=1305010527 )  [ RunTime:0.0543s ]
SQL: SELECT COUNT(*) AS tp_count FROM `gradejz` WHERE ( username='1305010527' ) LIMIT 1   [ RunTime:0.0015s ]
SQL: SELECT `name`,`card` FROM `idcard` WHERE ( username=1305010527 )  [ RunTime:0.0615s ]
SQL: SELECT COUNT(*) AS tp_count FROM `gradejz` WHERE ( username='1305010527' ) LIMIT 1   [ RunTime:0.0026s ]
SQL: SELECT `name`,`card` FROM `idcard` WHERE ( username=1305010527 )  [ RunTime:0.1179s ]
SQL: SELECT COUNT(*) AS tp_count FROM `gradejz` WHERE ( username='1305010527' ) LIMIT 1   [ RunTime:0.0014s ]
SQL: SELECT `name`,`card` FROM `idcard` WHERE ( username=1305010527 )  [ RunTime:0.0573s ]
SQL: SELECT COUNT(*) AS tp_count FROM `gradejz` WHERE ( username='1305010527' ) LIMIT 1   [ RunTime:0.0019s ]
SQL: SELECT `name`,`card` FROM `idcard` WHERE ( username=1305010527 )  [ RunTime:0.0745s ]
SQL: SELECT COUNT(*) AS tp_count FROM `gradejz` WHERE ( username='1305010527' ) LIMIT 1   [ RunTime:0.0017s ]
SQL: SELECT `name`,`card` FROM `idcard` WHERE ( username=1305010527 )  [ RunTime:0.0565s ]
SQL: SELECT COUNT(*) AS tp_count FROM `gradejz` WHERE ( username='1305010527' ) LIMIT 1   [ RunTime:0.0024s ]
SQL: SELECT `name`,`card` FROM `idcard` WHERE ( username=1305010527 )  [ RunTime:0.0820s ]
SQL: SELECT COUNT(*) AS tp_count FROM `gradejz` WHERE ( username='1305010527' ) LIMIT 1   [ RunTime:0.0015s ]
SQL: SELECT `name`,`card` FROM `idcard` WHERE ( username=1305010527 )  [ RunTime:0.0607s ]
SQL: SELECT `name`,`card` FROM `idcard` WHERE ( username=1305010527 )  [ RunTime:0.0531s ]
SQL: SELECT COUNT(*) AS tp_count FROM `gradejz` WHERE ( username='1305010527' ) LIMIT 1   [ RunTime:0.0021s ]
SQL: SELECT `name`,`card` FROM `idcard` WHERE ( username=1305010527 )  [ RunTime:0.0740s ]
SQL: SELECT COUNT(*) AS tp_count FROM `gradejz` WHERE ( username='1305010527' ) LIMIT 1   [ RunTime:0.0025s ]
SQL: SELECT `name`,`card` FROM `idcard` WHERE ( username=1305010527 )  [ RunTime:0.0633s ]
SQL: SELECT COUNT(*) AS tp_count FROM `gradejz` WHERE ( username='1305010527' ) LIMIT 1   [ RunTime:0.0014s ]
SQL: SELECT `name`,`card` FROM `idcard` WHERE ( username=1305010527 )  [ RunTime:0.0607s ]
SQL: SELECT COUNT(*) AS tp_count FROM `gradejz` WHERE ( username='1305010527' ) LIMIT 1   [ RunTime:0.0021s ]
SQL: SELECT `name`,`card` FROM `idcard` WHERE ( username=1305010527 )  [ RunTime:0.0749s ]
SQL: SELECT COUNT(*) AS tp_count FROM `gradejz` WHERE ( username='1305010527' ) LIMIT 1   [ RunTime:0.0019s ]
SQL: SELECT `name`,`card` FROM `idcard` WHERE ( username=1305010527 )  [ RunTime:0.0529s ]
SQL: SELECT COUNT(*) AS tp_count FROM `gradejz` WHERE ( username='1305010527' ) LIMIT 1   [ RunTime:0.0014s ]
SQL: SELECT `name`,`card` FROM `idcard` WHERE ( username=1305010527 )  [ RunTime:0.0635s ]
SQL: SELECT COUNT(*) AS tp_count FROM `gradejz` WHERE ( username='1305010527' ) LIMIT 1   [ RunTime:0.0014s ]
SQL: SELECT `name`,`card` FROM `idcard` WHERE ( username=1305010527 )  [ RunTime:0.0629s ]
SQL: SELECT COUNT(*) AS tp_count FROM `gradejz` WHERE ( username='1305010527' ) LIMIT 1   [ RunTime:0.0015s ]
SQL: SELECT `name`,`card` FROM `idcard` WHERE ( username=1305010527 )  [ RunTime:0.0513s ]
SQL: SELECT COUNT(*) AS tp_count FROM `gradejz` WHERE ( username='1305010527' ) LIMIT 1   [ RunTime:0.0015s ]
SQL: SELECT `name`,`card` FROM `idcard` WHERE ( username=1305010527 )  [ RunTime:0.0628s ]
SQL: SELECT COUNT(*) AS tp_count FROM `gradejz` WHERE ( username='1305010527' ) LIMIT 1   [ RunTime:0.0021s ]
SQL: SELECT `name`,`card` FROM `idcard` WHERE ( username=1305010527 )  [ RunTime:0.0540s ]
SQL: SELECT COUNT(*) AS tp_count FROM `gradejz` WHERE ( username='1305010527' ) LIMIT 1   [ RunTime:0.0021s ]
SQL: SELECT `name`,`card` FROM `idcard` WHERE ( username=1305010527 )  [ RunTime:0.0529s ]
SQL: SELECT COUNT(*) AS tp_count FROM `gradejz` WHERE ( username='1305010527' ) LIMIT 1   [ RunTime:0.0015s ]
SQL: SELECT `name`,`card` FROM `idcard` WHERE ( username=1305010527 )  [ RunTime:0.0619s ]
SQL: SELECT COUNT(*) AS tp_count FROM `gradejz` WHERE ( username='1305010527' ) LIMIT 1   [ RunTime:0.0014s ]
SQL: SELECT `name`,`card` FROM `idcard` WHERE ( username=1305010527 )  [ RunTime:0.0548s ]
SQL: SELECT COUNT(*) AS tp_count FROM `gradejz` WHERE ( username='1305010527' ) LIMIT 1   [ RunTime:0.0014s ]
SQL: SELECT `name`,`card` FROM `idcard` WHERE ( username=1305010527 )  [ RunTime:0.0646s ]
SQL: SELECT COUNT(*) AS tp_count FROM `gradejz` WHERE ( username='1305010527' ) LIMIT 1   [ RunTime:0.0026s ]
SQL: SELECT `name`,`card` FROM `idcard` WHERE ( username=1305010527 )  [ RunTime:0.0697s ]
SQL: SELECT COUNT(*) AS tp_count FROM `gradejz` WHERE ( username='1305010527' ) LIMIT 1   [ RunTime:0.0024s ]
SQL: SELECT `name`,`card` FROM `idcard` WHERE ( username=1305010527 )  [ RunTime:0.0560s ]
SQL: SELECT COUNT(*) AS tp_count FROM `gradejz` WHERE ( username='1305010527' ) LIMIT 1   [ RunTime:0.0019s ]
SQL: SELECT `name`,`card` FROM `idcard` WHERE ( username=1305010527 )  [ RunTime:0.0539s ]
SQL: SELECT COUNT(*) AS tp_count FROM `gradejz` WHERE ( username='1305010527' ) LIMIT 1   [ RunTime:0.0015s ]
SQL: SELECT `name`,`card` FROM `idcard` WHERE ( username=1305010527 )  [ RunTime:0.0554s ]
SQL: SELECT COUNT(*) AS tp_count FROM `gradejz` WHERE ( username='1305010527' ) LIMIT 1   [ RunTime:0.0014s ]
SQL: SELECT `name`,`card` FROM `idcard` WHERE ( username=1305010527 )  [ RunTime:0.0612s ]
SQL: SELECT COUNT(*) AS tp_count FROM `gradejz` WHERE ( username='1305010527' ) LIMIT 1   [ RunTime:0.0022s ]
SQL: SELECT `name`,`card` FROM `idcard` WHERE ( username=1305010527 )  [ RunTime:0.0620s ]
SQL: SELECT COUNT(*) AS tp_count FROM `gradejz` WHERE ( username='1305010527' ) LIMIT 1   [ RunTime:0.0020s ]
SQL: SELECT `name`,`card` FROM `idcard` WHERE ( username=1305010527 )  [ RunTime:0.0558s ]
SQL: SELECT COUNT(*) AS tp_count FROM `gradejz` WHERE ( username='1305010527' ) LIMIT 1   [ RunTime:0.0013s ]
SQL: SELECT `name`,`card` FROM `idcard` WHERE ( username=1305010527 )  [ RunTime:0.0646s ]
SQL: SELECT COUNT(*) AS tp_count FROM `gradejz` WHERE ( username='1305010527' ) LIMIT 1   [ RunTime:0.0014s ]
SQL: SELECT `name`,`card` FROM `idcard` WHERE ( username=1305010527 )  [ RunTime:0.0571s ]
NOTIC: [8] Undefined offset: 1 C:\wamp\www\hnustxl\Application\Admin\Controller\GradeController.class.php 第 69 行.
SQL: SELECT `name`,`card` FROM `idcard` WHERE ( username=1305010527 )  [ RunTime:0.0787s ]
SQL: SELECT COUNT(*) AS tp_count FROM `gradejz` WHERE ( username='1305010527' ) LIMIT 1   [ RunTime:0.0014s ]
SQL: SELECT `name`,`card` FROM `idcard` WHERE ( username=1305010527 )  [ RunTime:0.0646s ]
SQL: SELECT COUNT(*) AS tp_count FROM `gradejz` WHERE ( username='1305010527' ) LIMIT 1   [ RunTime:0.0015s ]
SQL: SELECT `name`,`card` FROM `idcard` WHERE ( username=1305010527 )  [ RunTime:0.0530s ]
SQL: SELECT COUNT(*) AS tp_count FROM `gradejz` WHERE ( username='1305010527' ) LIMIT 1   [ RunTime:0.0013s ]
SQL: SELECT `name`,`card` FROM `idcard` WHERE ( username=1305010527 )  [ RunTime:0.0578s ]
SQL: SELECT COUNT(*) AS tp_count FROM `gradejz` WHERE ( username='1305010527' ) LIMIT 1   [ RunTime:0.0031s ]
SQL: SELECT `name`,`card` FROM `idcard` WHERE ( username=1305010527 )  [ RunTime:0.0844s ]
SQL: SELECT COUNT(*) AS tp_count FROM `gradejz` WHERE ( username='1305010527' ) LIMIT 1   [ RunTime:0.0020s ]
SQL: SELECT `name`,`card` FROM `idcard` WHERE ( username=1305010527 )  [ RunTime:0.0671s ]
SQL: SELECT COUNT(*) AS tp_count FROM `gradejz` WHERE ( username='1305010527' ) LIMIT 1   [ RunTime:0.0016s ]
SQL: SELECT `name`,`card` FROM `idcard` WHERE ( username=1305010527 )  [ RunTime:0.0543s ]
SQL: SELECT COUNT(*) AS tp_count FROM `gradejz` WHERE ( username='1305010527' ) LIMIT 1   [ RunTime:0.0014s ]
SQL: SELECT `name`,`card` FROM `idcard` WHERE ( username=1305010527 )  [ RunTime:0.0747s ]
SQL: SELECT COUNT(*) AS tp_count FROM `gradejz` WHERE ( username='1305010527' ) LIMIT 1   [ RunTime:0.0014s ]
SQL: SELECT `name`,`card` FROM `idcard` WHERE ( username=1305010527 )  [ RunTime:0.0563s ]
SQL: SELECT COUNT(*) AS tp_count FROM `gradejz` WHERE ( username='1305010527' ) LIMIT 1   [ RunTime:0.0019s ]
SQL: SELECT `name`,`card` FROM `idcard` WHERE ( username=1305010527 )  [ RunTime:0.0700s ]
SQL: SELECT COUNT(*) AS tp_count FROM `gradejz` WHERE ( username='1305010527' ) LIMIT 1   [ RunTime:0.0014s ]
SQL: SELECT `name`,`card` FROM `idcard` WHERE ( username=1305010527 )  [ RunTime:0.0543s ]
SQL: SELECT `name`,`card` FROM `idcard` WHERE ( username=1305010527 )  [ RunTime:0.0556s ]
SQL: SELECT COUNT(*) AS tp_count FROM `gradejz` WHERE ( username='1305010527' ) LIMIT 1   [ RunTime:0.0023s ]
SQL: SELECT `name`,`card` FROM `idcard` WHERE ( username=1305010527 )  [ RunTime:0.0681s ]
SQL: SELECT `name`,`card` FROM `idcard` WHERE ( username=1305010527 )  [ RunTime:0.0716s ]
SQL: SELECT COUNT(*) AS tp_count FROM `gradejz` WHERE ( username='1305010527' ) LIMIT 1   [ RunTime:0.0017s ]
SQL: SELECT `name`,`card` FROM `idcard` WHERE ( username=1305010527 )  [ RunTime:0.0573s ]
SQL: SELECT COUNT(*) AS tp_count FROM `gradejz` WHERE ( username='1305010527' ) LIMIT 1   [ RunTime:0.0013s ]
SQL: SELECT `name`,`card` FROM `idcard` WHERE ( username=1305010527 )  [ RunTime:0.0537s ]
SQL: SELECT COUNT(*) AS tp_count FROM `gradejz` WHERE ( username='1305010527' ) LIMIT 1   [ RunTime:0.0014s ]
SQL: SELECT `name`,`card` FROM `idcard` WHERE ( username=1305010527 )  [ RunTime:0.0566s ]
SQL: SELECT COUNT(*) AS tp_count FROM `gradejz` WHERE ( username='1305010527' ) LIMIT 1   [ RunTime:0.0017s ]
SQL: SELECT `name`,`card` FROM `idcard` WHERE ( username=1305010527 )  [ RunTime:0.0603s ]
SQL: SELECT COUNT(*) AS tp_count FROM `gradejz` WHERE ( username='1305010527' ) LIMIT 1   [ RunTime:0.0015s ]
SQL: SELECT `name`,`card` FROM `idcard` WHERE ( username=1305010527 )  [ RunTime:0.0550s ]
SQL: SELECT COUNT(*) AS tp_count FROM `gradejz` WHERE ( username='1305010527' ) LIMIT 1   [ RunTime:0.0024s ]
SQL: SELECT `name`,`card` FROM `idcard` WHERE ( username=1305010527 )  [ RunTime:0.0795s ]
SQL: SELECT COUNT(*) AS tp_count FROM `gradejz` WHERE ( username='1305010527' ) LIMIT 1   [ RunTime:0.0014s ]
SQL: SELECT `name`,`card` FROM `idcard` WHERE ( username=1305010527 )  [ RunTime:0.0565s ]
SQL: SELECT COUNT(*) AS tp_count FROM `gradejz` WHERE ( username='1305010527' ) LIMIT 1   [ RunTime:0.0014s ]
SQL: SELECT `name`,`card` FROM `idcard` WHERE ( username=1305010527 )  [ RunTime:0.0597s ]
SQL: SELECT COUNT(*) AS tp_count FROM `gradejz` WHERE ( username='1305010527' ) LIMIT 1   [ RunTime:0.0014s ]
SQL: SELECT `name`,`card` FROM `idcard` WHERE ( username=1305010527 )  [ RunTime:0.0572s ]
SQL: SELECT COUNT(*) AS tp_count FROM `gradejz` WHERE ( username='1305010527' ) LIMIT 1   [ RunTime:0.0015s ]
SQL: SELECT `name`,`card` FROM `idcard` WHERE ( username=1305010527 )  [ RunTime:0.0579s ]
SQL: SELECT COUNT(*) AS tp_count FROM `gradejz` WHERE ( username='1305010527' ) LIMIT 1   [ RunTime:0.0026s ]
SQL: SELECT `name`,`card` FROM `idcard` WHERE ( username=1305010527 )  [ RunTime:0.0633s ]
SQL: SELECT COUNT(*) AS tp_count FROM `gradejz` WHERE ( username='1305010527' ) LIMIT 1   [ RunTime:0.0015s ]
SQL: SELECT `name`,`card` FROM `idcard` WHERE ( username=1305010527 )  [ RunTime:0.0578s ]
SQL: SELECT COUNT(*) AS tp_count FROM `gradejz` WHERE ( username='1305010527' ) LIMIT 1   [ RunTime:0.0013s ]
SQL: SELECT `name`,`card` FROM `idcard` WHERE ( username=1305010527 )  [ RunTime:0.0583s ]
SQL: SELECT COUNT(*) AS tp_count FROM `gradejz` WHERE ( username='1305010527' ) LIMIT 1   [ RunTime:0.0014s ]
SQL: SELECT `name`,`card` FROM `idcard` WHERE ( username=1305010527 )  [ RunTime:0.0534s ]
SQL: SELECT COUNT(*) AS tp_count FROM `gradejz` WHERE ( username='1305010527' ) LIMIT 1   [ RunTime:0.0019s ]
SQL: SELECT `name`,`card` FROM `idcard` WHERE ( username=1305010527 )  [ RunTime:0.0783s ]
SQL: SELECT COUNT(*) AS tp_count FROM `gradejz` WHERE ( username='1305010527' ) LIMIT 1   [ RunTime:0.0032s ]
SQL: SELECT `name`,`card` FROM `idcard` WHERE ( username=1305010527 )  [ RunTime:0.0807s ]
SQL: SELECT COUNT(*) AS tp_count FROM `gradejz` WHERE ( username='1305010527' ) LIMIT 1   [ RunTime:0.0021s ]
SQL: SELECT `name`,`card` FROM `idcard` WHERE ( username=1305010527 )  [ RunTime:0.0638s ]
SQL: SELECT `name`,`card` FROM `idcard` WHERE ( username=1305010527 )  [ RunTime:0.0667s ]
SQL: SELECT `name`,`card` FROM `idcard` WHERE ( username=1305010527 )  [ RunTime:0.0774s ]
SQL: SELECT COUNT(*) AS tp_count FROM `gradejz` WHERE ( username='1305010527' ) LIMIT 1   [ RunTime:0.0014s ]
SQL: SELECT `name`,`card` FROM `idcard` WHERE ( username=1305010527 )  [ RunTime:0.0546s ]
SQL: SELECT COUNT(*) AS tp_count FROM `gradejz` WHERE ( username='1305010527' ) LIMIT 1   [ RunTime:0.0020s ]
SQL: SELECT `name`,`card` FROM `idcard` WHERE ( username=1305010527 )  [ RunTime:0.0774s ]
SQL: SELECT COUNT(*) AS tp_count FROM `gradejz` WHERE ( username='1305010527' ) LIMIT 1   [ RunTime:0.0013s ]
SQL: SELECT `name`,`card` FROM `idcard` WHERE ( username=1305010527 )  [ RunTime:0.0698s ]
SQL: SELECT COUNT(*) AS tp_count FROM `gradejz` WHERE ( username='1305010527' ) LIMIT 1   [ RunTime:0.0015s ]
SQL: SELECT `name`,`card` FROM `idcard` WHERE ( username=1305010527 )  [ RunTime:0.0615s ]
SQL: SELECT COUNT(*) AS tp_count FROM `gradejz` WHERE ( username='1305010527' ) LIMIT 1   [ RunTime:0.0021s ]
SQL: SELECT `name`,`card` FROM `idcard` WHERE ( username=1305010527 )  [ RunTime:0.0943s ]
SQL: SELECT COUNT(*) AS tp_count FROM `gradejz` WHERE ( username='1305010527' ) LIMIT 1   [ RunTime:0.0030s ]
SQL: SELECT `name`,`card` FROM `idcard` WHERE ( username=1305010527 )  [ RunTime:0.0835s ]
SQL: SELECT COUNT(*) AS tp_count FROM `gradejz` WHERE ( username='1305010527' ) LIMIT 1   [ RunTime:0.0013s ]
SQL: SELECT `name`,`card` FROM `idcard` WHERE ( username=1305010527 )  [ RunTime:0.0625s ]
SQL: SELECT COUNT(*) AS tp_count FROM `gradejz` WHERE ( username='1305010527' ) LIMIT 1   [ RunTime:0.0014s ]
SQL: SELECT `name`,`card` FROM `idcard` WHERE ( username=1305010527 )  [ RunTime:0.0509s ]
SQL: SELECT COUNT(*) AS tp_count FROM `gradejz` WHERE ( username='1305010527' ) LIMIT 1   [ RunTime:0.0015s ]
SQL: SELECT `name`,`card` FROM `idcard` WHERE ( username=1305010527 )  [ RunTime:0.0534s ]
SQL: SELECT COUNT(*) AS tp_count FROM `gradejz` WHERE ( username='1305010527' ) LIMIT 1   [ RunTime:0.0015s ]
SQL: SELECT `name`,`card` FROM `idcard` WHERE ( username=1305010527 )  [ RunTime:0.0644s ]
SQL: SELECT COUNT(*) AS tp_count FROM `gradejz` WHERE ( username='1305010527' ) LIMIT 1   [ RunTime:0.0014s ]
SQL: SELECT `name`,`card` FROM `idcard` WHERE ( username=1305010527 )  [ RunTime:0.0521s ]
SQL: SELECT COUNT(*) AS tp_count FROM `gradejz` WHERE ( username='1305010527' ) LIMIT 1   [ RunTime:0.0013s ]
SQL: SELECT `name`,`card` FROM `idcard` WHERE ( username=1305010527 )  [ RunTime:0.0613s ]
SQL: SELECT COUNT(*) AS tp_count FROM `gradejz` WHERE ( username='1305010527' ) LIMIT 1   [ RunTime:0.0013s ]
SQL: SELECT `name`,`card` FROM `idcard` WHERE ( username=1305010527 )  [ RunTime:0.0557s ]
SQL: SELECT COUNT(*) AS tp_count FROM `gradejz` WHERE ( username='1305010527' ) LIMIT 1   [ RunTime:0.0014s ]
SQL: SELECT `name`,`card` FROM `idcard` WHERE ( username=1305010527 )  [ RunTime:0.0612s ]
SQL: SELECT COUNT(*) AS tp_count FROM `gradejz` WHERE ( username='1305010527' ) LIMIT 1   [ RunTime:0.0014s ]
SQL: SELECT `name`,`card` FROM `idcard` WHERE ( username=1305010527 )  [ RunTime:0.0612s ]
SQL: SELECT COUNT(*) AS tp_count FROM `gradejz` WHERE ( username='1305010527' ) LIMIT 1   [ RunTime:0.0022s ]
SQL: SELECT `name`,`card` FROM `idcard` WHERE ( username=1305010527 )  [ RunTime:0.0543s ]
SQL: SELECT COUNT(*) AS tp_count FROM `gradejz` WHERE ( username='1305010527' ) LIMIT 1   [ RunTime:0.0014s ]
SQL: SELECT `name`,`card` FROM `idcard` WHERE ( username=1305010527 )  [ RunTime:0.0697s ]
SQL: SELECT COUNT(*) AS tp_count FROM `gradejz` WHERE ( username='1305010527' ) LIMIT 1   [ RunTime:0.0021s ]
SQL: SELECT `name`,`card` FROM `idcard` WHERE ( username=1305010527 )  [ RunTime:0.0629s ]
SQL: SELECT `name`,`card` FROM `idcard` WHERE ( username=1305010527 )  [ RunTime:0.0591s ]
SQL: SELECT COUNT(*) AS tp_count FROM `gradejz` WHERE ( username='1305010527' ) LIMIT 1   [ RunTime:0.0014s ]
SQL: SELECT `name`,`card` FROM `idcard` WHERE ( username=1305010527 )  [ RunTime:0.0668s ]
SQL: SELECT COUNT(*) AS tp_count FROM `gradejz` WHERE ( username='1305010527' ) LIMIT 1   [ RunTime:0.0022s ]
SQL: SELECT `name`,`card` FROM `idcard` WHERE ( username=1305010527 )  [ RunTime:0.0676s ]
SQL: SELECT COUNT(*) AS tp_count FROM `gradejz` WHERE ( username='1305010527' ) LIMIT 1   [ RunTime:0.0015s ]
SQL: SELECT `name`,`card` FROM `idcard` WHERE ( username=1305010527 )  [ RunTime:0.0784s ]
SQL: SELECT COUNT(*) AS tp_count FROM `gradejz` WHERE ( username='1305010527' ) LIMIT 1   [ RunTime:0.0018s ]
SQL: SELECT `name`,`card` FROM `idcard` WHERE ( username=1305010527 )  [ RunTime:0.0667s ]
SQL: SELECT COUNT(*) AS tp_count FROM `gradejz` WHERE ( username='1305010527' ) LIMIT 1   [ RunTime:0.0014s ]
SQL: SELECT `name`,`card` FROM `idcard` WHERE ( username=1305010527 )  [ RunTime:0.0667s ]
SQL: SELECT COUNT(*) AS tp_count FROM `gradejz` WHERE ( username='1305010527' ) LIMIT 1   [ RunTime:0.0014s ]
SQL: SELECT `name`,`card` FROM `idcard` WHERE ( username=1305010527 )  [ RunTime:0.0700s ]
SQL: SELECT COUNT(*) AS tp_count FROM `gradejz` WHERE ( username='1305010527' ) LIMIT 1   [ RunTime:0.0022s ]
SQL: SELECT `name`,`card` FROM `idcard` WHERE ( username=1305010527 )  [ RunTime:0.0689s ]
SQL: SELECT COUNT(*) AS tp_count FROM `gradejz` WHERE ( username='1305010527' ) LIMIT 1   [ RunTime:0.0023s ]
SQL: SELECT `name`,`card` FROM `idcard` WHERE ( username=1305010527 )  [ RunTime:0.0763s ]
SQL: SELECT COUNT(*) AS tp_count FROM `gradejz` WHERE ( username='1305010527' ) LIMIT 1   [ RunTime:0.0020s ]
SQL: SELECT `name`,`card` FROM `idcard` WHERE ( username=1305010527 )  [ RunTime:0.0678s ]
SQL: SELECT COUNT(*) AS tp_count FROM `gradejz` WHERE ( username='1305010527' ) LIMIT 1   [ RunTime:0.0018s ]
SQL: SELECT `name`,`card` FROM `idcard` WHERE ( username=1305010527 )  [ RunTime:0.0843s ]
SQL: SELECT COUNT(*) AS tp_count FROM `gradejz` WHERE ( username='1305010527' ) LIMIT 1   [ RunTime:0.0020s ]
SQL: SELECT `name`,`card` FROM `idcard` WHERE ( username=1305010527 )  [ RunTime:0.0887s ]
SQL: SELECT COUNT(*) AS tp_count FROM `gradejz` WHERE ( username='1305010527' ) LIMIT 1   [ RunTime:0.0021s ]
SQL: SELECT `name`,`card` FROM `idcard` WHERE ( username=1305010527 )  [ RunTime:0.0657s ]
SQL: SELECT COUNT(*) AS tp_count FROM `gradejz` WHERE ( username='1305010527' ) LIMIT 1   [ RunTime:0.0014s ]
SQL: SELECT `name`,`card` FROM `idcard` WHERE ( username=1305010527 )  [ RunTime:0.0581s ]
SQL: SELECT COUNT(*) AS tp_count FROM `gradejz` WHERE ( username='1305010527' ) LIMIT 1   [ RunTime:0.0020s ]
SQL: SELECT `name`,`card` FROM `idcard` WHERE ( username=1305010527 )  [ RunTime:0.0707s ]
SQL: SELECT COUNT(*) AS tp_count FROM `gradejz` WHERE ( username='1305010527' ) LIMIT 1   [ RunTime:0.0021s ]
SQL: SELECT `name`,`card` FROM `idcard` WHERE ( username=1305010527 )  [ RunTime:0.0838s ]
SQL: SELECT COUNT(*) AS tp_count FROM `gradejz` WHERE ( username='1305010527' ) LIMIT 1   [ RunTime:0.0021s ]
SQL: SELECT `name`,`card` FROM `idcard` WHERE ( username=1305010527 )  [ RunTime:0.0841s ]
SQL: SELECT COUNT(*) AS tp_count FROM `gradejz` WHERE ( username='1305010527' ) LIMIT 1   [ RunTime:0.0013s ]
SQL: SELECT `name`,`card` FROM `idcard` WHERE ( username=1305010527 )  [ RunTime:0.0733s ]
SQL: SELECT COUNT(*) AS tp_count FROM `gradejz` WHERE ( username='1305010527' ) LIMIT 1   [ RunTime:0.0014s ]
SQL: SELECT `name`,`card` FROM `idcard` WHERE ( username=1305010527 )  [ RunTime:0.0611s ]
SQL: SELECT COUNT(*) AS tp_count FROM `gradejz` WHERE ( username='1305010527' ) LIMIT 1   [ RunTime:0.0013s ]
SQL: SELECT `name`,`card` FROM `idcard` WHERE ( username=1305010527 )  [ RunTime:0.0697s ]
SQL: SELECT `name`,`card` FROM `idcard` WHERE ( username=1305010527 )  [ RunTime:0.0666s ]
SQL: SELECT `name`,`card` FROM `idcard` WHERE ( username=1305010527 )  [ RunTime:0.0650s ]
SQL: SELECT COUNT(*) AS tp_count FROM `gradejz` WHERE ( username='1305010527' ) LIMIT 1   [ RunTime:0.0022s ]
SQL: SELECT `name`,`card` FROM `idcard` WHERE ( username=1305010527 )  [ RunTime:0.0731s ]
SQL: SELECT COUNT(*) AS tp_count FROM `gradejz` WHERE ( username='1305010527' ) LIMIT 1   [ RunTime:0.0014s ]
SQL: SELECT `name`,`card` FROM `idcard` WHERE ( username=1305010527 )  [ RunTime:0.0568s ]
SQL: SELECT COUNT(*) AS tp_count FROM `gradejz` WHERE ( username='1305010527' ) LIMIT 1   [ RunTime:0.0014s ]
SQL: SELECT `name`,`card` FROM `idcard` WHERE ( username=1305010527 )  [ RunTime:0.0750s ]
SQL: SELECT COUNT(*) AS tp_count FROM `gradejz` WHERE ( username='1305010527' ) LIMIT 1   [ RunTime:0.0019s ]
SQL: SELECT `name`,`card` FROM `idcard` WHERE ( username=1305010527 )  [ RunTime:0.0709s ]
SQL: SELECT COUNT(*) AS tp_count FROM `gradejz` WHERE ( username='1305010527' ) LIMIT 1   [ RunTime:0.0018s ]
SQL: SELECT `name`,`card` FROM `idcard` WHERE ( username=1305010527 )  [ RunTime:0.0600s ]
SQL: SELECT COUNT(*) AS tp_count FROM `gradejz` WHERE ( username='1305010527' ) LIMIT 1   [ RunTime:0.0015s ]
SQL: SELECT `name`,`card` FROM `idcard` WHERE ( username=1305010527 )  [ RunTime:0.0642s ]
SQL: SELECT COUNT(*) AS tp_count FROM `gradejz` WHERE ( username='1305010527' ) LIMIT 1   [ RunTime:0.0014s ]
SQL: SELECT `name`,`card` FROM `idcard` WHERE ( username=1305010527 )  [ RunTime:0.0608s ]
SQL: SELECT COUNT(*) AS tp_count FROM `gradejz` WHERE ( username='1305010527' ) LIMIT 1   [ RunTime:0.0015s ]
SQL: SELECT `name`,`card` FROM `idcard` WHERE ( username=1305010527 )  [ RunTime:0.0585s ]
SQL: SELECT COUNT(*) AS tp_count FROM `gradejz` WHERE ( username='1305010527' ) LIMIT 1   [ RunTime:0.0019s ]
SQL: SELECT `name`,`card` FROM `idcard` WHERE ( username=1305010527 )  [ RunTime:0.0728s ]
SQL: SELECT COUNT(*) AS tp_count FROM `gradejz` WHERE ( username='1305010527' ) LIMIT 1   [ RunTime:0.0014s ]
SQL: SELECT `name`,`card` FROM `idcard` WHERE ( username=1305010527 )  [ RunTime:0.0591s ]
SQL: SELECT COUNT(*) AS tp_count FROM `gradejz` WHERE ( username='1305010527' ) LIMIT 1   [ RunTime:0.0017s ]
SQL: SELECT `name`,`card` FROM `idcard` WHERE ( username=1305010527 )  [ RunTime:0.0554s ]
SQL: SELECT COUNT(*) AS tp_count FROM `gradejz` WHERE ( username='1305010527' ) LIMIT 1   [ RunTime:0.0021s ]
SQL: SELECT `name`,`card` FROM `idcard` WHERE ( username=1305010527 )  [ RunTime:0.0901s ]
SQL: SELECT `name`,`card` FROM `idcard` WHERE ( username=1305010527 )  [ RunTime:0.0577s ]
SQL: SELECT `name`,`card` FROM `idcard` WHERE ( username=1305010527 )  [ RunTime:0.0666s ]

[ 2016-07-13T19:00:06+08:00 ] 127.0.0.1 /hnustxl/Admin/Show/grade.html
INFO: [ app_init ] --START--
INFO: Run Behavior\BuildLiteBehavior [ RunTime:0.000058s ]
INFO: [ app_init ] --END-- [ RunTime:0.001537s ]
INFO: [ app_begin ] --START--
INFO: Run Behavior\ReadHtmlCacheBehavior [ RunTime:0.003389s ]
INFO: [ app_begin ] --END-- [ RunTime:0.003710s ]
SQL: SHOW COLUMNS FROM `idcard` [ RunTime:0.0145s ]
SQL: SELECT `name` FROM `idcard` WHERE ( username=1305010527 )  [ RunTime:0.0676s ]
SQL: SHOW COLUMNS FROM `gradejz` [ RunTime:0.0109s ]
SQL: SELECT COUNT(*) AS tp_count FROM `gradejz` WHERE `username` = 1305010527 LIMIT 1   [ RunTime:0.0014s ]
SQL: SELECT * FROM `gradejz` WHERE `username` = 1305010527 LIMIT 0,10   [ RunTime:0.0032s ]
NOTIC: [8] Use of undefined constant grade - assumed 'grade' C:\wamp\www\hnustxl\Application\Admin\Controller\ShowController.class.php 第 121 行.
INFO: [ view_parse ] --START--
INFO: [ template_filter ] --START--
INFO: Run Behavior\ContentReplaceBehavior [ RunTime:0.000236s ]
INFO: [ template_filter ] --END-- [ RunTime:0.000553s ]
INFO: Run Behavior\ParseTemplateBehavior [ RunTime:0.044400s ]
INFO: [ view_parse ] --END-- [ RunTime:0.045214s ]
INFO: [ view_filter ] --START--
INFO: Run Behavior\WriteHtmlCacheBehavior [ RunTime:0.002058s ]
INFO: [ view_filter ] --END-- [ RunTime:0.002449s ]
INFO: [ app_end ] --START--
INFO: Run Behavior\ShowPageTraceBehavior [ RunTime:0.002800s ]
INFO: [ app_end ] --END-- [ RunTime:0.003150s ]

[ 2016-07-13T19:08:07+08:00 ] 192.168.1.100 /hnustxl/admin
INFO: [ app_init ] --START--
INFO: Run Behavior\BuildLiteBehavior [ RunTime:0.000066s ]
INFO: [ app_init ] --END-- [ RunTime:0.001605s ]
INFO: [ app_begin ] --START--
INFO: Run Behavior\ReadHtmlCacheBehavior [ RunTime:0.002117s ]
INFO: [ app_begin ] --END-- [ RunTime:0.002400s ]
NOTIC: [8] Undefined index: wei C:\wamp\www\hnustxl\Application\Admin\Controller\BaseController.class.php 第 8 行.

[ 2016-07-13T19:08:07+08:00 ] 192.168.1.100 /hnustxl/Admin/Login/index.html
INFO: [ app_init ] --START--
INFO: Run Behavior\BuildLiteBehavior [ RunTime:0.000368s ]
INFO: [ app_init ] --END-- [ RunTime:0.001888s ]
INFO: [ app_begin ] --START--
INFO: Run Behavior\ReadHtmlCacheBehavior [ RunTime:0.001837s ]
INFO: [ app_begin ] --END-- [ RunTime:0.002112s ]
INFO: [ view_parse ] --START--
INFO: [ template_filter ] --START--
INFO: Run Behavior\ContentReplaceBehavior [ RunTime:0.000208s ]
INFO: [ template_filter ] --END-- [ RunTime:0.000481s ]
INFO: Run Behavior\ParseTemplateBehavior [ RunTime:0.022113s ]
INFO: [ view_parse ] --END-- [ RunTime:0.022715s ]
INFO: [ view_filter ] --START--
INFO: Run Behavior\WriteHtmlCacheBehavior [ RunTime:0.002059s ]
INFO: [ view_filter ] --END-- [ RunTime:0.002450s ]
INFO: [ app_end ] --START--
INFO: Run Behavior\ShowPageTraceBehavior [ RunTime:0.002139s ]
INFO: [ app_end ] --END-- [ RunTime:0.002391s ]

[ 2016-07-13T19:56:46+08:00 ] 192.168.1.100 /hnustxl/admin
INFO: [ app_init ] --START--
INFO: Run Behavior\BuildLiteBehavior [ RunTime:0.000061s ]
INFO: [ app_init ] --END-- [ RunTime:0.001591s ]
INFO: [ app_begin ] --START--
INFO: Run Behavior\ReadHtmlCacheBehavior [ RunTime:0.002094s ]
INFO: [ app_begin ] --END-- [ RunTime:0.002375s ]
NOTIC: [8] Undefined index: wei C:\wamp\www\hnustxl\Application\Admin\Controller\BaseController.class.php 第 8 行.

[ 2016-07-13T19:56:46+08:00 ] 192.168.1.100 /hnustxl/Admin/Login/index.html
INFO: [ app_init ] --START--
INFO: Run Behavior\BuildLiteBehavior [ RunTime:0.000060s ]
INFO: [ app_init ] --END-- [ RunTime:0.001406s ]
INFO: [ app_begin ] --START--
INFO: Run Behavior\ReadHtmlCacheBehavior [ RunTime:0.002819s ]
INFO: [ app_begin ] --END-- [ RunTime:0.003274s ]
INFO: [ view_parse ] --START--
INFO: [ template_filter ] --START--
INFO: Run Behavior\ContentReplaceBehavior [ RunTime:0.000217s ]
INFO: [ template_filter ] --END-- [ RunTime:0.000500s ]
INFO: Run Behavior\ParseTemplateBehavior [ RunTime:0.021159s ]
INFO: [ view_parse ] --END-- [ RunTime:0.021488s ]
INFO: [ view_filter ] --START--
INFO: Run Behavior\WriteHtmlCacheBehavior [ RunTime:0.003288s ]
INFO: [ view_filter ] --END-- [ RunTime:0.003680s ]
INFO: [ app_end ] --START--
INFO: Run Behavior\ShowPageTraceBehavior [ RunTime:0.002486s ]
INFO: [ app_end ] --END-- [ RunTime:0.002833s ]

