[ 2016-03-13T15:02:38+08:00 ] 127.0.0.1 /hnustxl/admin/show/table.html
INFO: [ app_init ] --START--
INFO: Run Behavior\BuildLiteBehavior [ RunTime:0.000067s ]
INFO: [ app_init ] --END-- [ RunTime:0.004507s ]
INFO: [ app_begin ] --START--
INFO: Run Behavior\ReadHtmlCacheBehavior [ RunTime:0.004262s ]
INFO: [ app_begin ] --END-- [ RunTime:0.004758s ]
NOTIC: [8] Undefined index: wei C:\wamp\www\hnustxl\Application\Admin\Controller\BaseController.class.php 第 8 行.

[ 2016-03-13T15:02:38+08:00 ] 127.0.0.1 /hnustxl/Admin/Login/index.html
INFO: [ app_init ] --START--
INFO: Run Behavior\BuildLiteBehavior [ RunTime:0.000062s ]
INFO: [ app_init ] --END-- [ RunTime:0.001463s ]
INFO: [ app_begin ] --START--
INFO: Run Behavior\ReadHtmlCacheBehavior [ RunTime:0.002542s ]
INFO: [ app_begin ] --END-- [ RunTime:0.004937s ]
INFO: [ view_parse ] --START--
INFO: [ template_filter ] --START--
INFO: Run Behavior\ContentReplaceBehavior [ RunTime:0.000460s ]
INFO: [ template_filter ] --END-- [ RunTime:0.001110s ]
INFO: Run Behavior\ParseTemplateBehavior [ RunTime:0.054472s ]
INFO: [ view_parse ] --END-- [ RunTime:0.054849s ]
INFO: [ view_filter ] --START--
INFO: Run Behavior\WriteHtmlCacheBehavior [ RunTime:0.002774s ]
INFO: [ view_filter ] --END-- [ RunTime:0.003122s ]
INFO: [ app_end ] --START--
INFO: Run Behavior\ShowPageTraceBehavior [ RunTime:0.003446s ]
INFO: [ app_end ] --END-- [ RunTime:0.003827s ]

[ 2016-03-13T15:02:48+08:00 ] 127.0.0.1 /hnustxl/Admin/Login/Login.html
INFO: [ app_init ] --START--
INFO: Run Behavior\BuildLiteBehavior [ RunTime:0.000088s ]
INFO: [ app_init ] --END-- [ RunTime:0.001577s ]
INFO: [ app_begin ] --START--
INFO: Run Behavior\ReadHtmlCacheBehavior [ RunTime:0.003708s ]
INFO: [ app_begin ] --END-- [ RunTime:0.004144s ]
SQL: SHOW COLUMNS FROM `useradmin` [ RunTime:0.1285s ]
SQL: select *from useradmin where username=1355010127 [ RunTime:0.0875s ]

[ 2016-03-13T15:02:48+08:00 ] 127.0.0.1 /hnustxl/Admin/Index/index.html
INFO: [ app_init ] --START--
INFO: Run Behavior\BuildLiteBehavior [ RunTime:0.000076s ]
INFO: [ app_init ] --END-- [ RunTime:0.003013s ]
INFO: [ app_begin ] --START--
INFO: Run Behavior\ReadHtmlCacheBehavior [ RunTime:0.002006s ]
INFO: [ app_begin ] --END-- [ RunTime:0.002249s ]
NOTIC: [8] Undefined index: cookieT C:\wamp\www\hnustxl\Application\Admin\Controller\IndexController.class.php 第 18 行.
NOTIC: [8] Undefined index: cookieT C:\wamp\www\hnustxl\Application\Admin\Controller\IndexController.class.php 第 19 行.
INFO: [ view_parse ] --START--
INFO: [ template_filter ] --START--
INFO: Run Behavior\ContentReplaceBehavior [ RunTime:0.000242s ]
INFO: [ template_filter ] --END-- [ RunTime:0.000520s ]
INFO: Run Behavior\ParseTemplateBehavior [ RunTime:0.037044s ]
INFO: [ view_parse ] --END-- [ RunTime:0.037669s ]
INFO: [ view_filter ] --START--
INFO: Run Behavior\WriteHtmlCacheBehavior [ RunTime:0.001756s ]
INFO: [ view_filter ] --END-- [ RunTime:0.001967s ]
INFO: [ app_end ] --START--
INFO: Run Behavior\ShowPageTraceBehavior [ RunTime:0.002138s ]
INFO: [ app_end ] --END-- [ RunTime:0.002351s ]

[ 2016-03-13T15:02:49+08:00 ] 127.0.0.1 /hnustxl/Admin/Index/index.html
INFO: [ app_init ] --START--
INFO: Run Behavior\BuildLiteBehavior [ RunTime:0.000061s ]
INFO: [ app_init ] --END-- [ RunTime:0.001790s ]
INFO: [ app_begin ] --START--
INFO: Run Behavior\ReadHtmlCacheBehavior [ RunTime:0.002560s ]
INFO: [ app_begin ] --END-- [ RunTime:0.003002s ]
INFO: [ view_parse ] --START--
INFO: [ template_filter ] --START--
INFO: Run Behavior\ContentReplaceBehavior [ RunTime:0.000242s ]
INFO: [ template_filter ] --END-- [ RunTime:0.000592s ]
INFO: Run Behavior\ParseTemplateBehavior [ RunTime:0.042104s ]
INFO: [ view_parse ] --END-- [ RunTime:0.042531s ]
INFO: [ view_filter ] --START--
INFO: Run Behavior\WriteHtmlCacheBehavior [ RunTime:0.002036s ]
INFO: [ view_filter ] --END-- [ RunTime:0.002594s ]
INFO: [ app_end ] --START--
INFO: Run Behavior\ShowPageTraceBehavior [ RunTime:0.008759s ]
INFO: [ app_end ] --END-- [ RunTime:0.009829s ]

[ 2016-03-13T15:02:51+08:00 ] 127.0.0.1 /hnustxl/Admin/Show/table.html
INFO: [ app_init ] --START--
INFO: Run Behavior\BuildLiteBehavior [ RunTime:0.000108s ]
INFO: [ app_init ] --END-- [ RunTime:0.002211s ]
INFO: [ app_begin ] --START--
INFO: Run Behavior\ReadHtmlCacheBehavior [ RunTime:0.003591s ]
INFO: [ app_begin ] --END-- [ RunTime:0.004023s ]
NOTIC: [8] Undefined variable: data C:\wamp\www\hnustxl\Application\Admin\Controller\ShowController.class.php 第 231 行.
NOTIC: [8] Use of undefined constant table - assumed 'table' C:\wamp\www\hnustxl\Application\Admin\Controller\ShowController.class.php 第 232 行.
INFO: [ view_parse ] --START--
INFO: [ template_filter ] --START--
INFO: Run Behavior\ContentReplaceBehavior [ RunTime:0.000218s ]
INFO: [ template_filter ] --END-- [ RunTime:0.000493s ]
INFO: Run Behavior\ParseTemplateBehavior [ RunTime:0.068230s ]
INFO: [ view_parse ] --END-- [ RunTime:0.068677s ]
INFO: [ view_filter ] --START--
INFO: Run Behavior\WriteHtmlCacheBehavior [ RunTime:0.001826s ]
INFO: [ view_filter ] --END-- [ RunTime:0.002149s ]
INFO: [ app_end ] --START--
INFO: Run Behavior\ShowPageTraceBehavior [ RunTime:0.002330s ]
INFO: [ app_end ] --END-- [ RunTime:0.002647s ]

[ 2016-03-13T15:02:55+08:00 ] 127.0.0.1 /hnustxl/Admin/Show/table.html
INFO: [ app_init ] --START--
INFO: Run Behavior\BuildLiteBehavior [ RunTime:0.000082s ]
INFO: [ app_init ] --END-- [ RunTime:0.003129s ]
INFO: [ app_begin ] --START--
INFO: Run Behavior\ReadHtmlCacheBehavior [ RunTime:0.003049s ]
INFO: [ app_begin ] --END-- [ RunTime:0.003419s ]
NOTIC: [8] Use of undefined constant table - assumed 'table' C:\wamp\www\hnustxl\Application\Admin\Controller\ShowController.class.php 第 232 行.
INFO: [ view_parse ] --START--
INFO: [ template_filter ] --START--
INFO: Run Behavior\ContentReplaceBehavior [ RunTime:0.000240s ]
INFO: [ template_filter ] --END-- [ RunTime:0.000545s ]
INFO: Run Behavior\ParseTemplateBehavior [ RunTime:0.057866s ]
INFO: [ view_parse ] --END-- [ RunTime:0.058457s ]
INFO: [ view_filter ] --START--
INFO: Run Behavior\WriteHtmlCacheBehavior [ RunTime:0.003871s ]
INFO: [ view_filter ] --END-- [ RunTime:0.004347s ]
INFO: [ app_end ] --START--
INFO: Run Behavior\ShowPageTraceBehavior [ RunTime:0.002363s ]
INFO: [ app_end ] --END-- [ RunTime:0.002719s ]

[ 2016-03-13T15:05:44+08:00 ] 127.0.0.1 /hnustxl/Admin/Show/table.html
INFO: [ app_init ] --START--
INFO: Run Behavior\BuildLiteBehavior [ RunTime:0.000064s ]
INFO: [ app_init ] --END-- [ RunTime:0.002323s ]
INFO: [ app_begin ] --START--
INFO: Run Behavior\ReadHtmlCacheBehavior [ RunTime:0.002490s ]
INFO: [ app_begin ] --END-- [ RunTime:0.002882s ]
NOTIC: [8] Use of undefined constant table - assumed 'table' C:\wamp\www\hnustxl\Application\Admin\Controller\ShowController.class.php 第 232 行.
INFO: [ view_parse ] --START--
INFO: [ template_filter ] --START--
INFO: Run Behavior\ContentReplaceBehavior [ RunTime:0.000250s ]
INFO: [ template_filter ] --END-- [ RunTime:0.000663s ]
INFO: Run Behavior\ParseTemplateBehavior [ RunTime:0.049758s ]
INFO: [ view_parse ] --END-- [ RunTime:0.050089s ]
INFO: [ view_filter ] --START--
INFO: Run Behavior\WriteHtmlCacheBehavior [ RunTime:0.002004s ]
INFO: [ view_filter ] --END-- [ RunTime:0.002337s ]
INFO: [ app_end ] --START--
INFO: Run Behavior\ShowPageTraceBehavior [ RunTime:0.001961s ]
INFO: [ app_end ] --END-- [ RunTime:0.002227s ]

[ 2016-03-13T15:05:49+08:00 ] 127.0.0.1 /hnustxl/Admin/Show/table.html
INFO: [ app_init ] --START--
INFO: Run Behavior\BuildLiteBehavior [ RunTime:0.000058s ]
INFO: [ app_init ] --END-- [ RunTime:0.001522s ]
INFO: [ app_begin ] --START--
INFO: Run Behavior\ReadHtmlCacheBehavior [ RunTime:0.002374s ]
INFO: [ app_begin ] --END-- [ RunTime:0.003105s ]
NOTIC: [8] Use of undefined constant table - assumed 'table' C:\wamp\www\hnustxl\Application\Admin\Controller\ShowController.class.php 第 232 行.
INFO: [ view_parse ] --START--
INFO: [ template_filter ] --START--
INFO: Run Behavior\ContentReplaceBehavior [ RunTime:0.000240s ]
INFO: [ template_filter ] --END-- [ RunTime:0.000635s ]
INFO: Run Behavior\ParseTemplateBehavior [ RunTime:0.054892s ]
INFO: [ view_parse ] --END-- [ RunTime:0.055274s ]
INFO: [ view_filter ] --START--
INFO: Run Behavior\WriteHtmlCacheBehavior [ RunTime:0.001185s ]
INFO: [ view_filter ] --END-- [ RunTime:0.001445s ]
INFO: [ app_end ] --START--
INFO: Run Behavior\ShowPageTraceBehavior [ RunTime:0.002817s ]
INFO: [ app_end ] --END-- [ RunTime:0.003413s ]

[ 2016-03-13T15:05:57+08:00 ] 127.0.0.1 /hnustxl/Admin/Show/table.html
INFO: [ app_init ] --START--
INFO: Run Behavior\BuildLiteBehavior [ RunTime:0.000086s ]
INFO: [ app_init ] --END-- [ RunTime:0.002506s ]
INFO: [ app_begin ] --START--
INFO: Run Behavior\ReadHtmlCacheBehavior [ RunTime:0.001442s ]
INFO: [ app_begin ] --END-- [ RunTime:0.001729s ]
NOTIC: [8] Use of undefined constant table - assumed 'table' C:\wamp\www\hnustxl\Application\Admin\Controller\ShowController.class.php 第 232 行.
INFO: [ view_parse ] --START--
INFO: [ template_filter ] --START--
INFO: Run Behavior\ContentReplaceBehavior [ RunTime:0.000233s ]
INFO: [ template_filter ] --END-- [ RunTime:0.000549s ]
INFO: Run Behavior\ParseTemplateBehavior [ RunTime:0.052497s ]
INFO: [ view_parse ] --END-- [ RunTime:0.052833s ]
INFO: [ view_filter ] --START--
INFO: Run Behavior\WriteHtmlCacheBehavior [ RunTime:0.001242s ]
INFO: [ view_filter ] --END-- [ RunTime:0.001516s ]
INFO: [ app_end ] --START--
INFO: Run Behavior\ShowPageTraceBehavior [ RunTime:0.001801s ]
INFO: [ app_end ] --END-- [ RunTime:0.002063s ]

[ 2016-03-13T16:45:11+08:00 ] 127.0.0.1 /hnustxl/Admin/Show/grade.html
INFO: [ app_init ] --START--
INFO: Run Behavior\BuildLiteBehavior [ RunTime:0.000063s ]
INFO: [ app_init ] --END-- [ RunTime:0.003700s ]
INFO: [ app_begin ] --START--
INFO: Run Behavior\ReadHtmlCacheBehavior [ RunTime:0.002415s ]
INFO: [ app_begin ] --END-- [ RunTime:0.002749s ]
NOTIC: [8] Undefined index: username1 C:\wamp\www\hnustxl\Application\Admin\Controller\ShowController.class.php 第 111 行.
SQL: SHOW COLUMNS FROM `gradejz` [ RunTime:0.0882s ]
SQL: SELECT COUNT(*) AS tp_count FROM `gradejz` WHERE `username` = null LIMIT 1   [ RunTime:0.0674s ]
SQL: SELECT * FROM `gradejz` WHERE `username` = null LIMIT 0,10   [ RunTime:0.0026s ]
NOTIC: [8] Use of undefined constant grade - assumed 'grade' C:\wamp\www\hnustxl\Application\Admin\Controller\ShowController.class.php 第 121 行.
INFO: [ view_parse ] --START--
INFO: [ template_filter ] --START--
INFO: Run Behavior\ContentReplaceBehavior [ RunTime:0.000247s ]
INFO: [ template_filter ] --END-- [ RunTime:0.000620s ]
NOTIC: [8] Undefined index: name1 C:\wamp\www\hnustxl\Application\Runtime\Cache\Admin\6d082c568bd01dcaa985e035187d3f7b.php 第 100 行.
NOTIC: [8] Undefined index: username1 C:\wamp\www\hnustxl\Application\Runtime\Cache\Admin\6d082c568bd01dcaa985e035187d3f7b.php 第 100 行.
NOTIC: [8] Undefined index: username1 C:\wamp\www\hnustxl\Application\Runtime\Cache\Admin\6d082c568bd01dcaa985e035187d3f7b.php 第 107 行.
NOTIC: [8] Undefined index: name1 C:\wamp\www\hnustxl\Application\Runtime\Cache\Admin\6d082c568bd01dcaa985e035187d3f7b.php 第 110 行.
INFO: Run Behavior\ParseTemplateBehavior [ RunTime:0.041025s ]
INFO: [ view_parse ] --END-- [ RunTime:0.041375s ]
INFO: [ view_filter ] --START--
INFO: Run Behavior\WriteHtmlCacheBehavior [ RunTime:0.001523s ]
INFO: [ view_filter ] --END-- [ RunTime:0.002069s ]
INFO: [ app_end ] --START--
INFO: Run Behavior\ShowPageTraceBehavior [ RunTime:0.002755s ]
INFO: [ app_end ] --END-- [ RunTime:0.003017s ]

[ 2016-03-13T16:45:12+08:00 ] 127.0.0.1 /hnustxl/Admin/Show/table.html
INFO: [ app_init ] --START--
INFO: Run Behavior\BuildLiteBehavior [ RunTime:0.000209s ]
INFO: [ app_init ] --END-- [ RunTime:0.003852s ]
INFO: [ app_begin ] --START--
INFO: Run Behavior\ReadHtmlCacheBehavior [ RunTime:0.002383s ]
INFO: [ app_begin ] --END-- [ RunTime:0.002831s ]
NOTIC: [8] Use of undefined constant table - assumed 'table' C:\wamp\www\hnustxl\Application\Admin\Controller\ShowController.class.php 第 232 行.
INFO: [ view_parse ] --START--
INFO: [ template_filter ] --START--
INFO: Run Behavior\ContentReplaceBehavior [ RunTime:0.000236s ]
INFO: [ template_filter ] --END-- [ RunTime:0.000549s ]
INFO: Run Behavior\ParseTemplateBehavior [ RunTime:0.051958s ]
INFO: [ view_parse ] --END-- [ RunTime:0.052334s ]
INFO: [ view_filter ] --START--
INFO: Run Behavior\WriteHtmlCacheBehavior [ RunTime:0.001222s ]
INFO: [ view_filter ] --END-- [ RunTime:0.001478s ]
INFO: [ app_end ] --START--
INFO: Run Behavior\ShowPageTraceBehavior [ RunTime:0.001721s ]
INFO: [ app_end ] --END-- [ RunTime:0.001969s ]

[ 2016-03-13T17:01:45+08:00 ] 127.0.0.1 /hnustxl/Admin/Login/logout.html
INFO: [ app_init ] --START--
INFO: Run Behavior\BuildLiteBehavior [ RunTime:0.000063s ]
INFO: [ app_init ] --END-- [ RunTime:0.001660s ]
INFO: [ app_begin ] --START--
INFO: Run Behavior\ReadHtmlCacheBehavior [ RunTime:0.002813s ]
INFO: [ app_begin ] --END-- [ RunTime:0.003097s ]

[ 2016-03-13T17:01:45+08:00 ] 127.0.0.1 /hnustxl/Admin/Login/index.html
INFO: [ app_init ] --START--
INFO: Run Behavior\BuildLiteBehavior [ RunTime:0.000097s ]
INFO: [ app_init ] --END-- [ RunTime:0.002318s ]
INFO: [ app_begin ] --START--
INFO: Run Behavior\ReadHtmlCacheBehavior [ RunTime:0.009075s ]
INFO: [ app_begin ] --END-- [ RunTime:0.009619s ]
NOTIC: [8] Undefined index: wei C:\wamp\www\hnustxl\Application\Admin\Controller\LoginController.class.php 第 7 行.
INFO: [ view_parse ] --START--
INFO: [ template_filter ] --START--
INFO: Run Behavior\ContentReplaceBehavior [ RunTime:0.000355s ]
INFO: [ template_filter ] --END-- [ RunTime:0.000865s ]
INFO: Run Behavior\ParseTemplateBehavior [ RunTime:0.069254s ]
INFO: [ view_parse ] --END-- [ RunTime:0.069787s ]
INFO: [ view_filter ] --START--
INFO: Run Behavior\WriteHtmlCacheBehavior [ RunTime:0.014934s ]
INFO: [ view_filter ] --END-- [ RunTime:0.015387s ]
INFO: [ app_end ] --START--
INFO: Run Behavior\ShowPageTraceBehavior [ RunTime:0.003000s ]
INFO: [ app_end ] --END-- [ RunTime:0.003467s ]

[ 2016-03-13T17:01:55+08:00 ] 127.0.0.1 /hnustxl/Admin/Login/Login.html
INFO: [ app_init ] --START--
INFO: Run Behavior\BuildLiteBehavior [ RunTime:0.000080s ]
INFO: [ app_init ] --END-- [ RunTime:0.001430s ]
INFO: [ app_begin ] --START--
INFO: Run Behavior\ReadHtmlCacheBehavior [ RunTime:0.002880s ]
INFO: [ app_begin ] --END-- [ RunTime:0.003511s ]
SQL: SHOW COLUMNS FROM `useradmin` [ RunTime:0.1185s ]
SQL: select *from useradmin where username=1355010127 [ RunTime:0.0142s ]

[ 2016-03-13T17:01:55+08:00 ] 127.0.0.1 /hnustxl/Admin/Index/index.html
INFO: [ app_init ] --START--
INFO: Run Behavior\BuildLiteBehavior [ RunTime:0.000094s ]
INFO: [ app_init ] --END-- [ RunTime:0.004137s ]
INFO: [ app_begin ] --START--
INFO: Run Behavior\ReadHtmlCacheBehavior [ RunTime:0.002365s ]
INFO: [ app_begin ] --END-- [ RunTime:0.002676s ]
NOTIC: [8] Undefined index: cookieT C:\wamp\www\hnustxl\Application\Admin\Controller\IndexController.class.php 第 18 行.
NOTIC: [8] Undefined index: cookieT C:\wamp\www\hnustxl\Application\Admin\Controller\IndexController.class.php 第 19 行.
INFO: [ view_parse ] --START--
INFO: [ template_filter ] --START--
INFO: Run Behavior\ContentReplaceBehavior [ RunTime:0.000227s ]
INFO: [ template_filter ] --END-- [ RunTime:0.000597s ]
INFO: Run Behavior\ParseTemplateBehavior [ RunTime:0.029852s ]
INFO: [ view_parse ] --END-- [ RunTime:0.032653s ]
INFO: [ view_filter ] --START--
INFO: Run Behavior\WriteHtmlCacheBehavior [ RunTime:0.001169s ]
INFO: [ view_filter ] --END-- [ RunTime:0.001380s ]
INFO: [ app_end ] --START--
INFO: Run Behavior\ShowPageTraceBehavior [ RunTime:0.002099s ]
INFO: [ app_end ] --END-- [ RunTime:0.002623s ]

[ 2016-03-13T17:01:55+08:00 ] 127.0.0.1 /hnustxl/Admin/Index/index.html
INFO: [ app_init ] --START--
INFO: Run Behavior\BuildLiteBehavior [ RunTime:0.000089s ]
INFO: [ app_init ] --END-- [ RunTime:0.002077s ]
INFO: [ app_begin ] --START--
INFO: Run Behavior\ReadHtmlCacheBehavior [ RunTime:0.004205s ]
INFO: [ app_begin ] --END-- [ RunTime:0.004736s ]
INFO: [ view_parse ] --START--
INFO: [ template_filter ] --START--
INFO: Run Behavior\ContentReplaceBehavior [ RunTime:0.000220s ]
INFO: [ template_filter ] --END-- [ RunTime:0.000564s ]
INFO: Run Behavior\ParseTemplateBehavior [ RunTime:0.035298s ]
INFO: [ view_parse ] --END-- [ RunTime:0.036753s ]
INFO: [ view_filter ] --START--
INFO: Run Behavior\WriteHtmlCacheBehavior [ RunTime:0.001656s ]
INFO: [ view_filter ] --END-- [ RunTime:0.002072s ]
INFO: [ app_end ] --START--
INFO: Run Behavior\ShowPageTraceBehavior [ RunTime:0.002627s ]
INFO: [ app_end ] --END-- [ RunTime:0.003369s ]

[ 2016-03-13T17:02:01+08:00 ] 127.0.0.1 /hnustxl/Admin/Show/table.html
INFO: [ app_init ] --START--
INFO: Run Behavior\BuildLiteBehavior [ RunTime:0.000056s ]
INFO: [ app_init ] --END-- [ RunTime:0.001181s ]
INFO: [ app_begin ] --START--
INFO: Run Behavior\ReadHtmlCacheBehavior [ RunTime:0.001455s ]
INFO: [ app_begin ] --END-- [ RunTime:0.001705s ]
NOTIC: [8] Undefined variable: data C:\wamp\www\hnustxl\Application\Admin\Controller\ShowController.class.php 第 231 行.
NOTIC: [8] Use of undefined constant table - assumed 'table' C:\wamp\www\hnustxl\Application\Admin\Controller\ShowController.class.php 第 232 行.
INFO: [ view_parse ] --START--
INFO: [ template_filter ] --START--
INFO: Run Behavior\ContentReplaceBehavior [ RunTime:0.000239s ]
INFO: [ template_filter ] --END-- [ RunTime:0.000554s ]
INFO: Run Behavior\ParseTemplateBehavior [ RunTime:0.053213s ]
INFO: [ view_parse ] --END-- [ RunTime:0.053640s ]
INFO: [ view_filter ] --START--
INFO: Run Behavior\WriteHtmlCacheBehavior [ RunTime:0.002737s ]
INFO: [ view_filter ] --END-- [ RunTime:0.003153s ]
INFO: [ app_end ] --START--
INFO: Run Behavior\ShowPageTraceBehavior [ RunTime:0.002215s ]
INFO: [ app_end ] --END-- [ RunTime:0.002676s ]

[ 2016-03-13T19:14:23+08:00 ] 127.0.0.1 /hnustxl/Admin/Show/table.html
INFO: [ app_init ] --START--
INFO: Run Behavior\BuildLiteBehavior [ RunTime:0.000057s ]
INFO: [ app_init ] --END-- [ RunTime:0.001662s ]
INFO: [ app_begin ] --START--
INFO: Run Behavior\ReadHtmlCacheBehavior [ RunTime:0.002818s ]
INFO: [ app_begin ] --END-- [ RunTime:0.003288s ]

[ 2016-03-13T19:14:44+08:00 ] 127.0.0.1 /hnustxl/Admin/Show/table.html
INFO: [ app_init ] --START--
INFO: Run Behavior\BuildLiteBehavior [ RunTime:0.000096s ]
INFO: [ app_init ] --END-- [ RunTime:0.002083s ]
INFO: [ app_begin ] --START--
INFO: Run Behavior\ReadHtmlCacheBehavior [ RunTime:0.004023s ]
INFO: [ app_begin ] --END-- [ RunTime:0.004769s ]

[ 2016-03-13T19:17:08+08:00 ] 127.0.0.1 /hnustxl/Admin/Show/table.html
INFO: [ app_init ] --START--
INFO: Run Behavior\BuildLiteBehavior [ RunTime:0.000061s ]
INFO: [ app_init ] --END-- [ RunTime:0.001472s ]
INFO: [ app_begin ] --START--
INFO: Run Behavior\ReadHtmlCacheBehavior [ RunTime:0.003189s ]
INFO: [ app_begin ] --END-- [ RunTime:0.021614s ]

[ 2016-03-13T19:20:38+08:00 ] 127.0.0.1 /hnustxl/Admin/Show/table.html
INFO: [ app_init ] --START--
INFO: Run Behavior\BuildLiteBehavior [ RunTime:0.000100s ]
INFO: [ app_init ] --END-- [ RunTime:0.002175s ]
INFO: [ app_begin ] --START--
INFO: Run Behavior\ReadHtmlCacheBehavior [ RunTime:0.009754s ]
INFO: [ app_begin ] --END-- [ RunTime:0.011123s ]

[ 2016-03-13T19:36:53+08:00 ] 127.0.0.1 /hnustxl/Admin/Show/table.html
INFO: [ app_init ] --START--
INFO: Run Behavior\BuildLiteBehavior [ RunTime:0.000061s ]
INFO: [ app_init ] --END-- [ RunTime:0.001886s ]
INFO: [ app_begin ] --START--
INFO: Run Behavior\ReadHtmlCacheBehavior [ RunTime:0.004703s ]
INFO: [ app_begin ] --END-- [ RunTime:0.005077s ]

[ 2016-03-13T20:23:20+08:00 ] 127.0.0.1 /hnustxl/Admin/Show/table.html
INFO: [ app_init ] --START--
INFO: Run Behavior\BuildLiteBehavior [ RunTime:0.000099s ]
INFO: [ app_init ] --END-- [ RunTime:0.003047s ]
INFO: [ app_begin ] --START--
INFO: Run Behavior\ReadHtmlCacheBehavior [ RunTime:0.008529s ]
INFO: [ app_begin ] --END-- [ RunTime:0.009350s ]

[ 2016-03-13T20:34:05+08:00 ] 127.0.0.1 /hnustxl/Admin/Show/table.html
INFO: [ app_init ] --START--
INFO: Run Behavior\BuildLiteBehavior [ RunTime:0.000065s ]
INFO: [ app_init ] --END-- [ RunTime:0.002068s ]
INFO: [ app_begin ] --START--
INFO: Run Behavior\ReadHtmlCacheBehavior [ RunTime:0.003490s ]
INFO: [ app_begin ] --END-- [ RunTime:0.004098s ]

[ 2016-03-13T21:02:26+08:00 ] 127.0.0.1 /hnustxl/Admin/Show/table.html
INFO: [ app_init ] --START--
INFO: Run Behavior\BuildLiteBehavior [ RunTime:0.000138s ]
INFO: [ app_init ] --END-- [ RunTime:0.004595s ]
INFO: [ app_begin ] --START--
INFO: Run Behavior\ReadHtmlCacheBehavior [ RunTime:0.002128s ]
INFO: [ app_begin ] --END-- [ RunTime:0.002485s ]

[ 2016-03-13T21:02:28+08:00 ] 127.0.0.1 /hnustxl/Admin/Show/table.html
INFO: [ app_init ] --START--
INFO: Run Behavior\BuildLiteBehavior [ RunTime:0.000060s ]
INFO: [ app_init ] --END-- [ RunTime:0.001435s ]
INFO: [ app_begin ] --START--
INFO: Run Behavior\ReadHtmlCacheBehavior [ RunTime:0.002506s ]
INFO: [ app_begin ] --END-- [ RunTime:0.002953s ]

[ 2016-03-13T21:12:09+08:00 ] 127.0.0.1 /hnustxl/Admin/Show/table.html
INFO: [ app_init ] --START--
INFO: Run Behavior\BuildLiteBehavior [ RunTime:0.000059s ]
INFO: [ app_init ] --END-- [ RunTime:0.001556s ]
INFO: [ app_begin ] --START--
INFO: Run Behavior\ReadHtmlCacheBehavior [ RunTime:0.002351s ]
INFO: [ app_begin ] --END-- [ RunTime:0.002710s ]

[ 2016-03-13T21:17:03+08:00 ] 127.0.0.1 /hnustxl/Admin/Show/table.html
INFO: [ app_init ] --START--
INFO: Run Behavior\BuildLiteBehavior [ RunTime:0.000058s ]
INFO: [ app_init ] --END-- [ RunTime:0.001440s ]
INFO: [ app_begin ] --START--
INFO: Run Behavior\ReadHtmlCacheBehavior [ RunTime:0.002786s ]
INFO: [ app_begin ] --END-- [ RunTime:0.003106s ]

[ 2016-03-13T21:25:26+08:00 ] 127.0.0.1 /hnustxl/Admin/Show/table.html
INFO: [ app_init ] --START--
INFO: Run Behavior\BuildLiteBehavior [ RunTime:0.000057s ]
INFO: [ app_init ] --END-- [ RunTime:0.001405s ]
INFO: [ app_begin ] --START--
INFO: Run Behavior\ReadHtmlCacheBehavior [ RunTime:0.006258s ]
INFO: [ app_begin ] --END-- [ RunTime:0.007649s ]

[ 2016-03-13T21:32:12+08:00 ] 127.0.0.1 /hnustxl/Admin/Show/table.html
INFO: [ app_init ] --START--
INFO: Run Behavior\BuildLiteBehavior [ RunTime:0.000059s ]
INFO: [ app_init ] --END-- [ RunTime:0.001914s ]
INFO: [ app_begin ] --START--
INFO: Run Behavior\ReadHtmlCacheBehavior [ RunTime:0.004065s ]
INFO: [ app_begin ] --END-- [ RunTime:0.004539s ]

[ 2016-03-13T21:35:26+08:00 ] 127.0.0.1 /hnustxl/Admin/Show/table.html
INFO: [ app_init ] --START--
INFO: Run Behavior\BuildLiteBehavior [ RunTime:0.000061s ]
INFO: [ app_init ] --END-- [ RunTime:0.001895s ]
INFO: [ app_begin ] --START--
INFO: Run Behavior\ReadHtmlCacheBehavior [ RunTime:0.004835s ]
INFO: [ app_begin ] --END-- [ RunTime:0.005230s ]

[ 2016-03-13T21:57:09+08:00 ] 127.0.0.1 /hnustxl/Admin/Show/table.html
INFO: [ app_init ] --START--
INFO: Run Behavior\BuildLiteBehavior [ RunTime:0.000057s ]
INFO: [ app_init ] --END-- [ RunTime:0.001422s ]
INFO: [ app_begin ] --START--
INFO: Run Behavior\ReadHtmlCacheBehavior [ RunTime:0.003220s ]
INFO: [ app_begin ] --END-- [ RunTime:0.003553s ]
NOTIC: [8] Undefined variable: K C:\wamp\www\hnustxl\Application\Admin\Controller\TableController.class.php 第 273 行.
NOTIC: [8] Undefined variable: K C:\wamp\www\hnustxl\Application\Admin\Controller\TableController.class.php 第 273 行.
NOTIC: [8] Undefined variable: K C:\wamp\www\hnustxl\Application\Admin\Controller\TableController.class.php 第 273 行.
NOTIC: [8] Undefined variable: K C:\wamp\www\hnustxl\Application\Admin\Controller\TableController.class.php 第 273 行.
NOTIC: [8] Undefined variable: K C:\wamp\www\hnustxl\Application\Admin\Controller\TableController.class.php 第 273 行.
NOTIC: [8] Undefined variable: K C:\wamp\www\hnustxl\Application\Admin\Controller\TableController.class.php 第 273 行.
NOTIC: [8] Undefined variable: K C:\wamp\www\hnustxl\Application\Admin\Controller\TableController.class.php 第 273 行.
NOTIC: [8] Undefined variable: K C:\wamp\www\hnustxl\Application\Admin\Controller\TableController.class.php 第 273 行.
NOTIC: [8] Undefined variable: K C:\wamp\www\hnustxl\Application\Admin\Controller\TableController.class.php 第 273 行.
NOTIC: [8] Undefined variable: K C:\wamp\www\hnustxl\Application\Admin\Controller\TableController.class.php 第 273 行.
NOTIC: [8] Undefined variable: K C:\wamp\www\hnustxl\Application\Admin\Controller\TableController.class.php 第 273 行.
NOTIC: [8] Undefined variable: K C:\wamp\www\hnustxl\Application\Admin\Controller\TableController.class.php 第 273 行.
NOTIC: [8] Undefined variable: K C:\wamp\www\hnustxl\Application\Admin\Controller\TableController.class.php 第 273 行.
NOTIC: [8] Undefined variable: K C:\wamp\www\hnustxl\Application\Admin\Controller\TableController.class.php 第 273 行.
NOTIC: [8] Undefined variable: K C:\wamp\www\hnustxl\Application\Admin\Controller\TableController.class.php 第 273 行.
NOTIC: [8] Undefined variable: K C:\wamp\www\hnustxl\Application\Admin\Controller\TableController.class.php 第 273 行.
NOTIC: [8] Undefined variable: K C:\wamp\www\hnustxl\Application\Admin\Controller\TableController.class.php 第 273 行.
NOTIC: [8] Undefined variable: K C:\wamp\www\hnustxl\Application\Admin\Controller\TableController.class.php 第 273 行.
NOTIC: [8] Undefined variable: K C:\wamp\www\hnustxl\Application\Admin\Controller\TableController.class.php 第 273 行.
NOTIC: [8] Undefined variable: K C:\wamp\www\hnustxl\Application\Admin\Controller\TableController.class.php 第 273 行.
NOTIC: [8] Undefined variable: K C:\wamp\www\hnustxl\Application\Admin\Controller\TableController.class.php 第 273 行.
NOTIC: [8] Undefined variable: K C:\wamp\www\hnustxl\Application\Admin\Controller\TableController.class.php 第 273 行.
NOTIC: [8] Undefined variable: K C:\wamp\www\hnustxl\Application\Admin\Controller\TableController.class.php 第 273 行.
NOTIC: [8] Undefined variable: K C:\wamp\www\hnustxl\Application\Admin\Controller\TableController.class.php 第 273 行.
NOTIC: [8] Undefined variable: K C:\wamp\www\hnustxl\Application\Admin\Controller\TableController.class.php 第 273 行.
NOTIC: [8] Undefined variable: K C:\wamp\www\hnustxl\Application\Admin\Controller\TableController.class.php 第 273 行.
NOTIC: [8] Undefined variable: K C:\wamp\www\hnustxl\Application\Admin\Controller\TableController.class.php 第 273 行.
NOTIC: [8] Undefined variable: K C:\wamp\www\hnustxl\Application\Admin\Controller\TableController.class.php 第 273 行.
NOTIC: [8] Undefined variable: K C:\wamp\www\hnustxl\Application\Admin\Controller\TableController.class.php 第 273 行.
NOTIC: [8] Undefined variable: K C:\wamp\www\hnustxl\Application\Admin\Controller\TableController.class.php 第 273 行.
NOTIC: [8] Undefined variable: K C:\wamp\www\hnustxl\Application\Admin\Controller\TableController.class.php 第 273 行.
NOTIC: [8] Undefined variable: K C:\wamp\www\hnustxl\Application\Admin\Controller\TableController.class.php 第 273 行.
NOTIC: [8] Undefined variable: K C:\wamp\www\hnustxl\Application\Admin\Controller\TableController.class.php 第 273 行.
NOTIC: [8] Undefined variable: K C:\wamp\www\hnustxl\Application\Admin\Controller\TableController.class.php 第 273 行.
NOTIC: [8] Undefined variable: K C:\wamp\www\hnustxl\Application\Admin\Controller\TableController.class.php 第 273 行.
NOTIC: [8] Undefined variable: K C:\wamp\www\hnustxl\Application\Admin\Controller\TableController.class.php 第 273 行.
NOTIC: [8] Undefined variable: K C:\wamp\www\hnustxl\Application\Admin\Controller\TableController.class.php 第 273 行.
NOTIC: [8] Undefined variable: K C:\wamp\www\hnustxl\Application\Admin\Controller\TableController.class.php 第 273 行.
NOTIC: [8] Undefined variable: K C:\wamp\www\hnustxl\Application\Admin\Controller\TableController.class.php 第 273 行.
NOTIC: [8] Undefined variable: K C:\wamp\www\hnustxl\Application\Admin\Controller\TableController.class.php 第 273 行.
NOTIC: [8] Undefined variable: K C:\wamp\www\hnustxl\Application\Admin\Controller\TableController.class.php 第 273 行.
NOTIC: [8] Undefined variable: K C:\wamp\www\hnustxl\Application\Admin\Controller\TableController.class.php 第 273 行.
NOTIC: [8] Undefined variable: K C:\wamp\www\hnustxl\Application\Admin\Controller\TableController.class.php 第 273 行.
NOTIC: [8] Undefined variable: K C:\wamp\www\hnustxl\Application\Admin\Controller\TableController.class.php 第 273 行.
NOTIC: [8] Undefined variable: K C:\wamp\www\hnustxl\Application\Admin\Controller\TableController.class.php 第 273 行.
NOTIC: [8] Undefined variable: K C:\wamp\www\hnustxl\Application\Admin\Controller\TableController.class.php 第 273 行.
NOTIC: [8] Undefined variable: K C:\wamp\www\hnustxl\Application\Admin\Controller\TableController.class.php 第 273 行.
NOTIC: [8] Undefined variable: K C:\wamp\www\hnustxl\Application\Admin\Controller\TableController.class.php 第 273 行.
NOTIC: [8] Undefined variable: K C:\wamp\www\hnustxl\Application\Admin\Controller\TableController.class.php 第 273 行.
NOTIC: [8] Undefined variable: K C:\wamp\www\hnustxl\Application\Admin\Controller\TableController.class.php 第 273 行.
NOTIC: [8] Undefined variable: K C:\wamp\www\hnustxl\Application\Admin\Controller\TableController.class.php 第 273 行.
NOTIC: [8] Undefined variable: K C:\wamp\www\hnustxl\Application\Admin\Controller\TableController.class.php 第 273 行.
NOTIC: [8] Undefined variable: K C:\wamp\www\hnustxl\Application\Admin\Controller\TableController.class.php 第 273 行.
NOTIC: [8] Undefined variable: K C:\wamp\www\hnustxl\Application\Admin\Controller\TableController.class.php 第 273 行.
NOTIC: [8] Undefined variable: K C:\wamp\www\hnustxl\Application\Admin\Controller\TableController.class.php 第 273 行.
NOTIC: [8] Undefined variable: K C:\wamp\www\hnustxl\Application\Admin\Controller\TableController.class.php 第 273 行.
NOTIC: [8] Undefined variable: K C:\wamp\www\hnustxl\Application\Admin\Controller\TableController.class.php 第 273 行.
NOTIC: [8] Undefined variable: K C:\wamp\www\hnustxl\Application\Admin\Controller\TableController.class.php 第 273 行.
NOTIC: [8] Undefined variable: K C:\wamp\www\hnustxl\Application\Admin\Controller\TableController.class.php 第 273 行.
NOTIC: [8] Undefined variable: K C:\wamp\www\hnustxl\Application\Admin\Controller\TableController.class.php 第 273 行.
NOTIC: [8] Undefined variable: K C:\wamp\www\hnustxl\Application\Admin\Controller\TableController.class.php 第 273 行.
NOTIC: [8] Undefined variable: K C:\wamp\www\hnustxl\Application\Admin\Controller\TableController.class.php 第 273 行.
NOTIC: [8] Undefined variable: K C:\wamp\www\hnustxl\Application\Admin\Controller\TableController.class.php 第 273 行.
NOTIC: [8] Undefined variable: K C:\wamp\www\hnustxl\Application\Admin\Controller\TableController.class.php 第 273 行.
NOTIC: [8] Undefined variable: K C:\wamp\www\hnustxl\Application\Admin\Controller\TableController.class.php 第 273 行.
NOTIC: [8] Undefined variable: K C:\wamp\www\hnustxl\Application\Admin\Controller\TableController.class.php 第 273 行.
NOTIC: [8] Undefined variable: K C:\wamp\www\hnustxl\Application\Admin\Controller\TableController.class.php 第 273 行.
NOTIC: [8] Undefined variable: K C:\wamp\www\hnustxl\Application\Admin\Controller\TableController.class.php 第 273 行.
NOTIC: [8] Undefined variable: K C:\wamp\www\hnustxl\Application\Admin\Controller\TableController.class.php 第 273 行.
NOTIC: [8] Undefined variable: K C:\wamp\www\hnustxl\Application\Admin\Controller\TableController.class.php 第 273 行.

[ 2016-03-13T21:58:34+08:00 ] 127.0.0.1 /hnustxl/Admin/Show/table.html
INFO: [ app_init ] --START--
INFO: Run Behavior\BuildLiteBehavior [ RunTime:0.000057s ]
INFO: [ app_init ] --END-- [ RunTime:0.001314s ]
INFO: [ app_begin ] --START--
INFO: Run Behavior\ReadHtmlCacheBehavior [ RunTime:0.001521s ]
INFO: [ app_begin ] --END-- [ RunTime:0.001887s ]
NOTIC: [8] Undefined variable: K C:\wamp\www\hnustxl\Application\Admin\Controller\TableController.class.php 第 273 行.
NOTIC: [8] Undefined variable: K C:\wamp\www\hnustxl\Application\Admin\Controller\TableController.class.php 第 273 行.
NOTIC: [8] Undefined variable: K C:\wamp\www\hnustxl\Application\Admin\Controller\TableController.class.php 第 273 行.
NOTIC: [8] Undefined variable: K C:\wamp\www\hnustxl\Application\Admin\Controller\TableController.class.php 第 273 行.
NOTIC: [8] Undefined variable: K C:\wamp\www\hnustxl\Application\Admin\Controller\TableController.class.php 第 273 行.
NOTIC: [8] Undefined variable: K C:\wamp\www\hnustxl\Application\Admin\Controller\TableController.class.php 第 273 行.
NOTIC: [8] Undefined variable: K C:\wamp\www\hnustxl\Application\Admin\Controller\TableController.class.php 第 273 行.
NOTIC: [8] Undefined variable: K C:\wamp\www\hnustxl\Application\Admin\Controller\TableController.class.php 第 273 行.
NOTIC: [8] Undefined variable: K C:\wamp\www\hnustxl\Application\Admin\Controller\TableController.class.php 第 273 行.
NOTIC: [8] Undefined variable: K C:\wamp\www\hnustxl\Application\Admin\Controller\TableController.class.php 第 273 行.
NOTIC: [8] Undefined variable: K C:\wamp\www\hnustxl\Application\Admin\Controller\TableController.class.php 第 273 行.
NOTIC: [8] Undefined variable: K C:\wamp\www\hnustxl\Application\Admin\Controller\TableController.class.php 第 273 行.
NOTIC: [8] Undefined variable: K C:\wamp\www\hnustxl\Application\Admin\Controller\TableController.class.php 第 273 行.
NOTIC: [8] Undefined variable: K C:\wamp\www\hnustxl\Application\Admin\Controller\TableController.class.php 第 273 行.
NOTIC: [8] Undefined variable: K C:\wamp\www\hnustxl\Application\Admin\Controller\TableController.class.php 第 273 行.
NOTIC: [8] Undefined variable: K C:\wamp\www\hnustxl\Application\Admin\Controller\TableController.class.php 第 273 行.
NOTIC: [8] Undefined variable: K C:\wamp\www\hnustxl\Application\Admin\Controller\TableController.class.php 第 273 行.
NOTIC: [8] Undefined variable: K C:\wamp\www\hnustxl\Application\Admin\Controller\TableController.class.php 第 273 行.
NOTIC: [8] Undefined variable: K C:\wamp\www\hnustxl\Application\Admin\Controller\TableController.class.php 第 273 行.
NOTIC: [8] Undefined variable: K C:\wamp\www\hnustxl\Application\Admin\Controller\TableController.class.php 第 273 行.
NOTIC: [8] Undefined variable: K C:\wamp\www\hnustxl\Application\Admin\Controller\TableController.class.php 第 273 行.
NOTIC: [8] Undefined variable: K C:\wamp\www\hnustxl\Application\Admin\Controller\TableController.class.php 第 273 行.
NOTIC: [8] Undefined variable: K C:\wamp\www\hnustxl\Application\Admin\Controller\TableController.class.php 第 273 行.
NOTIC: [8] Undefined variable: K C:\wamp\www\hnustxl\Application\Admin\Controller\TableController.class.php 第 273 行.
NOTIC: [8] Undefined variable: K C:\wamp\www\hnustxl\Application\Admin\Controller\TableController.class.php 第 273 行.
NOTIC: [8] Undefined variable: K C:\wamp\www\hnustxl\Application\Admin\Controller\TableController.class.php 第 273 行.
NOTIC: [8] Undefined variable: K C:\wamp\www\hnustxl\Application\Admin\Controller\TableController.class.php 第 273 行.
NOTIC: [8] Undefined variable: K C:\wamp\www\hnustxl\Application\Admin\Controller\TableController.class.php 第 273 行.
NOTIC: [8] Undefined variable: K C:\wamp\www\hnustxl\Application\Admin\Controller\TableController.class.php 第 273 行.
NOTIC: [8] Undefined variable: K C:\wamp\www\hnustxl\Application\Admin\Controller\TableController.class.php 第 273 行.
NOTIC: [8] Undefined variable: K C:\wamp\www\hnustxl\Application\Admin\Controller\TableController.class.php 第 273 行.
NOTIC: [8] Undefined variable: K C:\wamp\www\hnustxl\Application\Admin\Controller\TableController.class.php 第 273 行.
NOTIC: [8] Undefined variable: K C:\wamp\www\hnustxl\Application\Admin\Controller\TableController.class.php 第 273 行.
NOTIC: [8] Undefined variable: K C:\wamp\www\hnustxl\Application\Admin\Controller\TableController.class.php 第 273 行.
NOTIC: [8] Undefined variable: K C:\wamp\www\hnustxl\Application\Admin\Controller\TableController.class.php 第 273 行.
NOTIC: [8] Undefined variable: K C:\wamp\www\hnustxl\Application\Admin\Controller\TableController.class.php 第 273 行.
NOTIC: [8] Undefined variable: K C:\wamp\www\hnustxl\Application\Admin\Controller\TableController.class.php 第 273 行.
NOTIC: [8] Undefined variable: K C:\wamp\www\hnustxl\Application\Admin\Controller\TableController.class.php 第 273 行.
NOTIC: [8] Undefined variable: K C:\wamp\www\hnustxl\Application\Admin\Controller\TableController.class.php 第 273 行.
NOTIC: [8] Undefined variable: K C:\wamp\www\hnustxl\Application\Admin\Controller\TableController.class.php 第 273 行.
NOTIC: [8] Undefined variable: K C:\wamp\www\hnustxl\Application\Admin\Controller\TableController.class.php 第 273 行.
NOTIC: [8] Undefined variable: K C:\wamp\www\hnustxl\Application\Admin\Controller\TableController.class.php 第 273 行.
NOTIC: [8] Undefined variable: K C:\wamp\www\hnustxl\Application\Admin\Controller\TableController.class.php 第 273 行.
NOTIC: [8] Undefined variable: K C:\wamp\www\hnustxl\Application\Admin\Controller\TableController.class.php 第 273 行.
NOTIC: [8] Undefined variable: K C:\wamp\www\hnustxl\Application\Admin\Controller\TableController.class.php 第 273 行.
NOTIC: [8] Undefined variable: K C:\wamp\www\hnustxl\Application\Admin\Controller\TableController.class.php 第 273 行.
NOTIC: [8] Undefined variable: K C:\wamp\www\hnustxl\Application\Admin\Controller\TableController.class.php 第 273 行.
NOTIC: [8] Undefined variable: K C:\wamp\www\hnustxl\Application\Admin\Controller\TableController.class.php 第 273 行.
NOTIC: [8] Undefined variable: K C:\wamp\www\hnustxl\Application\Admin\Controller\TableController.class.php 第 273 行.
NOTIC: [8] Undefined variable: K C:\wamp\www\hnustxl\Application\Admin\Controller\TableController.class.php 第 273 行.
NOTIC: [8] Undefined variable: K C:\wamp\www\hnustxl\Application\Admin\Controller\TableController.class.php 第 273 行.
NOTIC: [8] Undefined variable: K C:\wamp\www\hnustxl\Application\Admin\Controller\TableController.class.php 第 273 行.
NOTIC: [8] Undefined variable: K C:\wamp\www\hnustxl\Application\Admin\Controller\TableController.class.php 第 273 行.
NOTIC: [8] Undefined variable: K C:\wamp\www\hnustxl\Application\Admin\Controller\TableController.class.php 第 273 行.
NOTIC: [8] Undefined variable: K C:\wamp\www\hnustxl\Application\Admin\Controller\TableController.class.php 第 273 行.
NOTIC: [8] Undefined variable: K C:\wamp\www\hnustxl\Application\Admin\Controller\TableController.class.php 第 273 行.
NOTIC: [8] Undefined variable: K C:\wamp\www\hnustxl\Application\Admin\Controller\TableController.class.php 第 273 行.
NOTIC: [8] Undefined variable: K C:\wamp\www\hnustxl\Application\Admin\Controller\TableController.class.php 第 273 行.
NOTIC: [8] Undefined variable: K C:\wamp\www\hnustxl\Application\Admin\Controller\TableController.class.php 第 273 行.
NOTIC: [8] Undefined variable: K C:\wamp\www\hnustxl\Application\Admin\Controller\TableController.class.php 第 273 行.
NOTIC: [8] Undefined variable: K C:\wamp\www\hnustxl\Application\Admin\Controller\TableController.class.php 第 273 行.
NOTIC: [8] Undefined variable: K C:\wamp\www\hnustxl\Application\Admin\Controller\TableController.class.php 第 273 行.
NOTIC: [8] Undefined variable: K C:\wamp\www\hnustxl\Application\Admin\Controller\TableController.class.php 第 273 行.
NOTIC: [8] Undefined variable: K C:\wamp\www\hnustxl\Application\Admin\Controller\TableController.class.php 第 273 行.
NOTIC: [8] Undefined variable: K C:\wamp\www\hnustxl\Application\Admin\Controller\TableController.class.php 第 273 行.
NOTIC: [8] Undefined variable: K C:\wamp\www\hnustxl\Application\Admin\Controller\TableController.class.php 第 273 行.
NOTIC: [8] Undefined variable: K C:\wamp\www\hnustxl\Application\Admin\Controller\TableController.class.php 第 273 行.
NOTIC: [8] Undefined variable: K C:\wamp\www\hnustxl\Application\Admin\Controller\TableController.class.php 第 273 行.
NOTIC: [8] Undefined variable: K C:\wamp\www\hnustxl\Application\Admin\Controller\TableController.class.php 第 273 行.
NOTIC: [8] Undefined variable: K C:\wamp\www\hnustxl\Application\Admin\Controller\TableController.class.php 第 273 行.

[ 2016-03-13T21:59:51+08:00 ] 127.0.0.1 /hnustxl/Admin/Show/table.html
INFO: [ app_init ] --START--
INFO: Run Behavior\BuildLiteBehavior [ RunTime:0.000096s ]
INFO: [ app_init ] --END-- [ RunTime:0.002335s ]
INFO: [ app_begin ] --START--
INFO: Run Behavior\ReadHtmlCacheBehavior [ RunTime:0.002243s ]
INFO: [ app_begin ] --END-- [ RunTime:0.002650s ]

[ 2016-03-13T22:10:22+08:00 ] 127.0.0.1 /hnustxl/Admin/Show/table.html
INFO: [ app_init ] --START--
INFO: Run Behavior\BuildLiteBehavior [ RunTime:0.000097s ]
INFO: [ app_init ] --END-- [ RunTime:0.003594s ]
INFO: [ app_begin ] --START--
INFO: Run Behavior\ReadHtmlCacheBehavior [ RunTime:0.005759s ]
INFO: [ app_begin ] --END-- [ RunTime:0.008636s ]

[ 2016-03-13T22:16:39+08:00 ] 127.0.0.1 /hnustxl/Admin/Show/table.html
INFO: [ app_init ] --START--
INFO: Run Behavior\BuildLiteBehavior [ RunTime:0.000091s ]
INFO: [ app_init ] --END-- [ RunTime:0.002637s ]
INFO: [ app_begin ] --START--
INFO: Run Behavior\ReadHtmlCacheBehavior [ RunTime:0.004220s ]
INFO: [ app_begin ] --END-- [ RunTime:0.004749s ]

[ 2016-03-13T22:19:21+08:00 ] 127.0.0.1 /hnustxl/Admin/Show/table.html
INFO: [ app_init ] --START--
INFO: Run Behavior\BuildLiteBehavior [ RunTime:0.000058s ]
INFO: [ app_init ] --END-- [ RunTime:0.001443s ]
INFO: [ app_begin ] --START--
INFO: Run Behavior\ReadHtmlCacheBehavior [ RunTime:0.001916s ]
INFO: [ app_begin ] --END-- [ RunTime:0.002310s ]
NOTIC: [8] Use of undefined constant table - assumed 'table' C:\wamp\www\hnustxl\Application\Admin\Controller\ShowController.class.php 第 232 行.
INFO: [ view_parse ] --START--
INFO: [ template_filter ] --START--
INFO: Run Behavior\ContentReplaceBehavior [ RunTime:0.000210s ]
INFO: [ template_filter ] --END-- [ RunTime:0.000575s ]
INFO: Run Behavior\ParseTemplateBehavior [ RunTime:0.113837s ]
INFO: [ view_parse ] --END-- [ RunTime:0.114154s ]
INFO: [ view_filter ] --START--
INFO: Run Behavior\WriteHtmlCacheBehavior [ RunTime:0.001474s ]
INFO: [ view_filter ] --END-- [ RunTime:0.002022s ]
INFO: [ app_end ] --START--
INFO: Run Behavior\ShowPageTraceBehavior [ RunTime:0.004055s ]
INFO: [ app_end ] --END-- [ RunTime:0.004652s ]

[ 2016-03-13T22:19:33+08:00 ] 127.0.0.1 /hnustxl/Admin/Show/table.html
INFO: [ app_init ] --START--
INFO: Run Behavior\BuildLiteBehavior [ RunTime:0.000056s ]
INFO: [ app_init ] --END-- [ RunTime:0.001206s ]
INFO: [ app_begin ] --START--
INFO: Run Behavior\ReadHtmlCacheBehavior [ RunTime:0.003981s ]
INFO: [ app_begin ] --END-- [ RunTime:0.004782s ]
NOTIC: [8] Use of undefined constant table - assumed 'table' C:\wamp\www\hnustxl\Application\Admin\Controller\ShowController.class.php 第 232 行.
INFO: [ view_parse ] --START--
INFO: [ template_filter ] --START--
INFO: Run Behavior\ContentReplaceBehavior [ RunTime:0.000298s ]
INFO: [ template_filter ] --END-- [ RunTime:0.000690s ]
INFO: Run Behavior\ParseTemplateBehavior [ RunTime:0.053111s ]
INFO: [ view_parse ] --END-- [ RunTime:0.053593s ]
INFO: [ view_filter ] --START--
INFO: Run Behavior\WriteHtmlCacheBehavior [ RunTime:0.001588s ]
INFO: [ view_filter ] --END-- [ RunTime:0.002020s ]
INFO: [ app_end ] --START--
INFO: Run Behavior\ShowPageTraceBehavior [ RunTime:0.002197s ]
INFO: [ app_end ] --END-- [ RunTime:0.002592s ]

[ 2016-03-13T22:19:40+08:00 ] 127.0.0.1 /hnustxl/Admin/Show/table.html
INFO: [ app_init ] --START--
INFO: Run Behavior\BuildLiteBehavior [ RunTime:0.000089s ]
INFO: [ app_init ] --END-- [ RunTime:0.001850s ]
INFO: [ app_begin ] --START--
INFO: Run Behavior\ReadHtmlCacheBehavior [ RunTime:0.002244s ]
INFO: [ app_begin ] --END-- [ RunTime:0.002784s ]
NOTIC: [8] Use of undefined constant table - assumed 'table' C:\wamp\www\hnustxl\Application\Admin\Controller\ShowController.class.php 第 232 行.
INFO: [ view_parse ] --START--
INFO: [ template_filter ] --START--
INFO: Run Behavior\ContentReplaceBehavior [ RunTime:0.000245s ]
INFO: [ template_filter ] --END-- [ RunTime:0.000516s ]
INFO: Run Behavior\ParseTemplateBehavior [ RunTime:0.049006s ]
INFO: [ view_parse ] --END-- [ RunTime:0.049278s ]
INFO: [ view_filter ] --START--
INFO: Run Behavior\WriteHtmlCacheBehavior [ RunTime:0.001622s ]
INFO: [ view_filter ] --END-- [ RunTime:0.001946s ]
INFO: [ app_end ] --START--
INFO: Run Behavior\ShowPageTraceBehavior [ RunTime:0.001908s ]
INFO: [ app_end ] --END-- [ RunTime:0.002161s ]

[ 2016-03-13T22:19:45+08:00 ] 127.0.0.1 /hnustxl/Admin/Show/table.html
INFO: [ app_init ] --START--
INFO: Run Behavior\BuildLiteBehavior [ RunTime:0.000077s ]
INFO: [ app_init ] --END-- [ RunTime:0.001679s ]
INFO: [ app_begin ] --START--
INFO: Run Behavior\ReadHtmlCacheBehavior [ RunTime:0.002552s ]
INFO: [ app_begin ] --END-- [ RunTime:0.002924s ]
NOTIC: [8] Use of undefined constant table - assumed 'table' C:\wamp\www\hnustxl\Application\Admin\Controller\ShowController.class.php 第 232 行.
INFO: [ view_parse ] --START--
INFO: [ template_filter ] --START--
INFO: Run Behavior\ContentReplaceBehavior [ RunTime:0.000214s ]
INFO: [ template_filter ] --END-- [ RunTime:0.000480s ]
INFO: Run Behavior\ParseTemplateBehavior [ RunTime:0.052060s ]
INFO: [ view_parse ] --END-- [ RunTime:0.052329s ]
INFO: [ view_filter ] --START--
INFO: Run Behavior\WriteHtmlCacheBehavior [ RunTime:0.001209s ]
INFO: [ view_filter ] --END-- [ RunTime:0.001446s ]
INFO: [ app_end ] --START--
INFO: Run Behavior\ShowPageTraceBehavior [ RunTime:0.004563s ]
INFO: [ app_end ] --END-- [ RunTime:0.004907s ]

[ 2016-03-13T22:19:55+08:00 ] 127.0.0.1 /hnustxl/Admin/Show/table.html
INFO: [ app_init ] --START--
INFO: Run Behavior\BuildLiteBehavior [ RunTime:0.000095s ]
INFO: [ app_init ] --END-- [ RunTime:0.003737s ]
INFO: [ app_begin ] --START--
INFO: Run Behavior\ReadHtmlCacheBehavior [ RunTime:0.002293s ]
INFO: [ app_begin ] --END-- [ RunTime:0.002804s ]
NOTIC: [8] Use of undefined constant table - assumed 'table' C:\wamp\www\hnustxl\Application\Admin\Controller\ShowController.class.php 第 232 行.
INFO: [ view_parse ] --START--
INFO: [ template_filter ] --START--
INFO: Run Behavior\ContentReplaceBehavior [ RunTime:0.000320s ]
INFO: [ template_filter ] --END-- [ RunTime:0.000747s ]
INFO: Run Behavior\ParseTemplateBehavior [ RunTime:0.077922s ]
INFO: [ view_parse ] --END-- [ RunTime:0.078388s ]
INFO: [ view_filter ] --START--
INFO: Run Behavior\WriteHtmlCacheBehavior [ RunTime:0.001365s ]
INFO: [ view_filter ] --END-- [ RunTime:0.001650s ]
INFO: [ app_end ] --START--
INFO: Run Behavior\ShowPageTraceBehavior [ RunTime:0.001849s ]
INFO: [ app_end ] --END-- [ RunTime:0.002119s ]

[ 2016-03-13T22:20:00+08:00 ] 127.0.0.1 /hnustxl/Admin/Show/table.html
INFO: [ app_init ] --START--
INFO: Run Behavior\BuildLiteBehavior [ RunTime:0.000164s ]
INFO: [ app_init ] --END-- [ RunTime:0.001800s ]
INFO: [ app_begin ] --START--
INFO: Run Behavior\ReadHtmlCacheBehavior [ RunTime:0.002251s ]
INFO: [ app_begin ] --END-- [ RunTime:0.002632s ]
NOTIC: [8] Use of undefined constant table - assumed 'table' C:\wamp\www\hnustxl\Application\Admin\Controller\ShowController.class.php 第 232 行.
INFO: [ view_parse ] --START--
INFO: [ template_filter ] --START--
INFO: Run Behavior\ContentReplaceBehavior [ RunTime:0.000235s ]
INFO: [ template_filter ] --END-- [ RunTime:0.000507s ]
INFO: Run Behavior\ParseTemplateBehavior [ RunTime:0.049938s ]
INFO: [ view_parse ] --END-- [ RunTime:0.051538s ]
INFO: [ view_filter ] --START--
INFO: Run Behavior\WriteHtmlCacheBehavior [ RunTime:0.001318s ]
INFO: [ view_filter ] --END-- [ RunTime:0.001725s ]
INFO: [ app_end ] --START--
INFO: Run Behavior\ShowPageTraceBehavior [ RunTime:0.002099s ]
INFO: [ app_end ] --END-- [ RunTime:0.002592s ]

[ 2016-03-13T22:20:03+08:00 ] 127.0.0.1 /hnustxl/Admin/Show/table.html
INFO: [ app_init ] --START--
INFO: Run Behavior\BuildLiteBehavior [ RunTime:0.000931s ]
INFO: [ app_init ] --END-- [ RunTime:0.003225s ]
INFO: [ app_begin ] --START--
INFO: Run Behavior\ReadHtmlCacheBehavior [ RunTime:0.001996s ]
INFO: [ app_begin ] --END-- [ RunTime:0.002404s ]
NOTIC: [8] Use of undefined constant table - assumed 'table' C:\wamp\www\hnustxl\Application\Admin\Controller\ShowController.class.php 第 232 行.
INFO: [ view_parse ] --START--
INFO: [ template_filter ] --START--
INFO: Run Behavior\ContentReplaceBehavior [ RunTime:0.000455s ]
INFO: [ template_filter ] --END-- [ RunTime:0.001065s ]
INFO: Run Behavior\ParseTemplateBehavior [ RunTime:0.051506s ]
INFO: [ view_parse ] --END-- [ RunTime:0.052786s ]
INFO: [ view_filter ] --START--
INFO: Run Behavior\WriteHtmlCacheBehavior [ RunTime:0.001555s ]
INFO: [ view_filter ] --END-- [ RunTime:0.001940s ]
INFO: [ app_end ] --START--
INFO: Run Behavior\ShowPageTraceBehavior [ RunTime:0.002385s ]
INFO: [ app_end ] --END-- [ RunTime:0.002867s ]

[ 2016-03-13T22:20:10+08:00 ] 127.0.0.1 /hnustxl/Admin/Show/table.html
INFO: [ app_init ] --START--
INFO: Run Behavior\BuildLiteBehavior [ RunTime:0.000095s ]
INFO: [ app_init ] --END-- [ RunTime:0.002935s ]
INFO: [ app_begin ] --START--
INFO: Run Behavior\ReadHtmlCacheBehavior [ RunTime:0.001942s ]
INFO: [ app_begin ] --END-- [ RunTime:0.002345s ]
NOTIC: [8] Use of undefined constant table - assumed 'table' C:\wamp\www\hnustxl\Application\Admin\Controller\ShowController.class.php 第 232 行.
INFO: [ view_parse ] --START--
INFO: [ template_filter ] --START--
INFO: Run Behavior\ContentReplaceBehavior [ RunTime:0.000233s ]
INFO: [ template_filter ] --END-- [ RunTime:0.000594s ]
INFO: Run Behavior\ParseTemplateBehavior [ RunTime:0.061087s ]
INFO: [ view_parse ] --END-- [ RunTime:0.061367s ]
INFO: [ view_filter ] --START--
INFO: Run Behavior\WriteHtmlCacheBehavior [ RunTime:0.001095s ]
INFO: [ view_filter ] --END-- [ RunTime:0.001389s ]
INFO: [ app_end ] --START--
INFO: Run Behavior\ShowPageTraceBehavior [ RunTime:0.001652s ]
INFO: [ app_end ] --END-- [ RunTime:0.001896s ]

[ 2016-03-13T22:21:32+08:00 ] 127.0.0.1 /hnustxl/Admin/Show/table.html
INFO: [ app_init ] --START--
INFO: Run Behavior\BuildLiteBehavior [ RunTime:0.000061s ]
INFO: [ app_init ] --END-- [ RunTime:0.001740s ]
INFO: [ app_begin ] --START--
INFO: Run Behavior\ReadHtmlCacheBehavior [ RunTime:0.001962s ]
INFO: [ app_begin ] --END-- [ RunTime:0.002361s ]
NOTIC: [8] Use of undefined constant table - assumed 'table' C:\wamp\www\hnustxl\Application\Admin\Controller\ShowController.class.php 第 232 行.
INFO: [ view_parse ] --START--
INFO: [ template_filter ] --START--
INFO: Run Behavior\ContentReplaceBehavior [ RunTime:0.000238s ]
INFO: [ template_filter ] --END-- [ RunTime:0.000644s ]
INFO: Run Behavior\ParseTemplateBehavior [ RunTime:0.054247s ]
INFO: [ view_parse ] --END-- [ RunTime:0.054583s ]
INFO: [ view_filter ] --START--
INFO: Run Behavior\WriteHtmlCacheBehavior [ RunTime:0.001199s ]
INFO: [ view_filter ] --END-- [ RunTime:0.001436s ]
INFO: [ app_end ] --START--
INFO: Run Behavior\ShowPageTraceBehavior [ RunTime:0.001531s ]
INFO: [ app_end ] --END-- [ RunTime:0.001796s ]

[ 2016-03-13T22:21:39+08:00 ] 127.0.0.1 /hnustxl/Admin/Show/table.html
INFO: [ app_init ] --START--
INFO: Run Behavior\BuildLiteBehavior [ RunTime:0.000122s ]
INFO: [ app_init ] --END-- [ RunTime:0.001667s ]
INFO: [ app_begin ] --START--
INFO: Run Behavior\ReadHtmlCacheBehavior [ RunTime:0.002368s ]
INFO: [ app_begin ] --END-- [ RunTime:0.003717s ]
NOTIC: [8] Use of undefined constant table - assumed 'table' C:\wamp\www\hnustxl\Application\Admin\Controller\ShowController.class.php 第 232 行.
INFO: [ view_parse ] --START--
INFO: [ template_filter ] --START--
INFO: Run Behavior\ContentReplaceBehavior [ RunTime:0.000267s ]
INFO: [ template_filter ] --END-- [ RunTime:0.000695s ]
INFO: Run Behavior\ParseTemplateBehavior [ RunTime:0.052444s ]
INFO: [ view_parse ] --END-- [ RunTime:0.052756s ]
INFO: [ view_filter ] --START--
INFO: Run Behavior\WriteHtmlCacheBehavior [ RunTime:0.001281s ]
INFO: [ view_filter ] --END-- [ RunTime:0.001525s ]
INFO: [ app_end ] --START--
INFO: Run Behavior\ShowPageTraceBehavior [ RunTime:0.001659s ]
INFO: [ app_end ] --END-- [ RunTime:0.001903s ]

[ 2016-03-13T22:21:40+08:00 ] 127.0.0.1 /hnustxl/Admin/Show/table.html
INFO: [ app_init ] --START--
INFO: Run Behavior\BuildLiteBehavior [ RunTime:0.000099s ]
INFO: [ app_init ] --END-- [ RunTime:0.003491s ]
INFO: [ app_begin ] --START--
INFO: Run Behavior\ReadHtmlCacheBehavior [ RunTime:0.002118s ]
INFO: [ app_begin ] --END-- [ RunTime:0.002834s ]
NOTIC: [8] Use of undefined constant table - assumed 'table' C:\wamp\www\hnustxl\Application\Admin\Controller\ShowController.class.php 第 232 行.
INFO: [ view_parse ] --START--
INFO: [ template_filter ] --START--
INFO: Run Behavior\ContentReplaceBehavior [ RunTime:0.000212s ]
INFO: [ template_filter ] --END-- [ RunTime:0.000479s ]
INFO: Run Behavior\ParseTemplateBehavior [ RunTime:0.057315s ]
INFO: [ view_parse ] --END-- [ RunTime:0.057668s ]
INFO: [ view_filter ] --START--
INFO: Run Behavior\WriteHtmlCacheBehavior [ RunTime:0.003026s ]
INFO: [ view_filter ] --END-- [ RunTime:0.003323s ]
INFO: [ app_end ] --START--
INFO: Run Behavior\ShowPageTraceBehavior [ RunTime:0.002099s ]
INFO: [ app_end ] --END-- [ RunTime:0.002411s ]

[ 2016-03-13T22:21:44+08:00 ] 127.0.0.1 /hnustxl/Admin/Show/table.html
INFO: [ app_init ] --START--
INFO: Run Behavior\BuildLiteBehavior [ RunTime:0.000059s ]
INFO: [ app_init ] --END-- [ RunTime:0.001819s ]
INFO: [ app_begin ] --START--
INFO: Run Behavior\ReadHtmlCacheBehavior [ RunTime:0.001489s ]
INFO: [ app_begin ] --END-- [ RunTime:0.001792s ]
NOTIC: [8] Use of undefined constant table - assumed 'table' C:\wamp\www\hnustxl\Application\Admin\Controller\ShowController.class.php 第 232 行.
INFO: [ view_parse ] --START--
INFO: [ template_filter ] --START--
INFO: Run Behavior\ContentReplaceBehavior [ RunTime:0.000213s ]
INFO: [ template_filter ] --END-- [ RunTime:0.000479s ]
INFO: Run Behavior\ParseTemplateBehavior [ RunTime:0.066814s ]
INFO: [ view_parse ] --END-- [ RunTime:0.067215s ]
INFO: [ view_filter ] --START--
INFO: Run Behavior\WriteHtmlCacheBehavior [ RunTime:0.002192s ]
INFO: [ view_filter ] --END-- [ RunTime:0.002611s ]
INFO: [ app_end ] --START--
INFO: Run Behavior\ShowPageTraceBehavior [ RunTime:0.005952s ]
INFO: [ app_end ] --END-- [ RunTime:0.006378s ]

[ 2016-03-13T22:22:21+08:00 ] 127.0.0.1 /hnustxl/Admin/Show/table.html
INFO: [ app_init ] --START--
INFO: Run Behavior\BuildLiteBehavior [ RunTime:0.000070s ]
INFO: [ app_init ] --END-- [ RunTime:0.001768s ]
INFO: [ app_begin ] --START--
INFO: Run Behavior\ReadHtmlCacheBehavior [ RunTime:0.001965s ]
INFO: [ app_begin ] --END-- [ RunTime:0.002296s ]
NOTIC: [8] Use of undefined constant table - assumed 'table' C:\wamp\www\hnustxl\Application\Admin\Controller\ShowController.class.php 第 232 行.
INFO: [ view_parse ] --START--
INFO: [ template_filter ] --START--
INFO: Run Behavior\ContentReplaceBehavior [ RunTime:0.000212s ]
INFO: [ template_filter ] --END-- [ RunTime:0.000525s ]
INFO: Run Behavior\ParseTemplateBehavior [ RunTime:0.059880s ]
INFO: [ view_parse ] --END-- [ RunTime:0.060234s ]
INFO: [ view_filter ] --START--
INFO: Run Behavior\WriteHtmlCacheBehavior [ RunTime:0.001552s ]
INFO: [ view_filter ] --END-- [ RunTime:0.001916s ]
INFO: [ app_end ] --START--
INFO: Run Behavior\ShowPageTraceBehavior [ RunTime:0.002153s ]
INFO: [ app_end ] --END-- [ RunTime:0.002449s ]

[ 2016-03-13T22:22:22+08:00 ] 127.0.0.1 /hnustxl/Admin/Show/table.html
INFO: [ app_init ] --START--
INFO: Run Behavior\BuildLiteBehavior [ RunTime:0.000061s ]
INFO: [ app_init ] --END-- [ RunTime:0.001903s ]
INFO: [ app_begin ] --START--
INFO: Run Behavior\ReadHtmlCacheBehavior [ RunTime:0.004503s ]
INFO: [ app_begin ] --END-- [ RunTime:0.004876s ]
NOTIC: [8] Use of undefined constant table - assumed 'table' C:\wamp\www\hnustxl\Application\Admin\Controller\ShowController.class.php 第 232 行.
INFO: [ view_parse ] --START--
INFO: [ template_filter ] --START--
INFO: Run Behavior\ContentReplaceBehavior [ RunTime:0.000406s ]
INFO: [ template_filter ] --END-- [ RunTime:0.001779s ]
INFO: Run Behavior\ParseTemplateBehavior [ RunTime:0.133983s ]
INFO: [ view_parse ] --END-- [ RunTime:0.134400s ]
INFO: [ view_filter ] --START--
INFO: Run Behavior\WriteHtmlCacheBehavior [ RunTime:0.001695s ]
INFO: [ view_filter ] --END-- [ RunTime:0.002116s ]
INFO: [ app_end ] --START--
INFO: Run Behavior\ShowPageTraceBehavior [ RunTime:0.002666s ]
INFO: [ app_end ] --END-- [ RunTime:0.003297s ]

[ 2016-03-13T22:22:23+08:00 ] 127.0.0.1 /hnustxl/Admin/Show/table.html
INFO: [ app_init ] --START--
INFO: Run Behavior\BuildLiteBehavior [ RunTime:0.000105s ]
INFO: [ app_init ] --END-- [ RunTime:0.004342s ]
INFO: [ app_begin ] --START--
INFO: Run Behavior\ReadHtmlCacheBehavior [ RunTime:0.003467s ]
INFO: [ app_begin ] --END-- [ RunTime:0.003961s ]
NOTIC: [8] Use of undefined constant table - assumed 'table' C:\wamp\www\hnustxl\Application\Admin\Controller\ShowController.class.php 第 232 行.
INFO: [ view_parse ] --START--
INFO: [ template_filter ] --START--
INFO: Run Behavior\ContentReplaceBehavior [ RunTime:0.000321s ]
INFO: [ template_filter ] --END-- [ RunTime:0.000611s ]
INFO: Run Behavior\ParseTemplateBehavior [ RunTime:0.055546s ]
INFO: [ view_parse ] --END-- [ RunTime:0.055850s ]
INFO: [ view_filter ] --START--
INFO: Run Behavior\WriteHtmlCacheBehavior [ RunTime:0.001940s ]
INFO: [ view_filter ] --END-- [ RunTime:0.002320s ]
INFO: [ app_end ] --START--
INFO: Run Behavior\ShowPageTraceBehavior [ RunTime:0.002406s ]
INFO: [ app_end ] --END-- [ RunTime:0.002728s ]

[ 2016-03-13T22:22:23+08:00 ] 127.0.0.1 /hnustxl/Admin/Show/table.html
INFO: [ app_init ] --START--
INFO: Run Behavior\BuildLiteBehavior [ RunTime:0.000424s ]
INFO: [ app_init ] --END-- [ RunTime:0.002634s ]
INFO: [ app_begin ] --START--
INFO: Run Behavior\ReadHtmlCacheBehavior [ RunTime:0.002082s ]
INFO: [ app_begin ] --END-- [ RunTime:0.002353s ]
NOTIC: [8] Use of undefined constant table - assumed 'table' C:\wamp\www\hnustxl\Application\Admin\Controller\ShowController.class.php 第 232 行.
INFO: [ view_parse ] --START--
INFO: [ template_filter ] --START--
INFO: Run Behavior\ContentReplaceBehavior [ RunTime:0.000286s ]
INFO: [ template_filter ] --END-- [ RunTime:0.000611s ]
INFO: Run Behavior\ParseTemplateBehavior [ RunTime:0.055121s ]
INFO: [ view_parse ] --END-- [ RunTime:0.055493s ]
INFO: [ view_filter ] --START--
INFO: Run Behavior\WriteHtmlCacheBehavior [ RunTime:0.002288s ]
INFO: [ view_filter ] --END-- [ RunTime:0.002544s ]
INFO: [ app_end ] --START--
INFO: Run Behavior\ShowPageTraceBehavior [ RunTime:0.002612s ]
INFO: [ app_end ] --END-- [ RunTime:0.002939s ]

[ 2016-03-13T22:22:46+08:00 ] 127.0.0.1 /hnustxl/Admin/Show/grade.html
INFO: [ app_init ] --START--
INFO: Run Behavior\BuildLiteBehavior [ RunTime:0.000095s ]
INFO: [ app_init ] --END-- [ RunTime:0.002291s ]
INFO: [ app_begin ] --START--
INFO: Run Behavior\ReadHtmlCacheBehavior [ RunTime:0.002659s ]
INFO: [ app_begin ] --END-- [ RunTime:0.003054s ]
NOTIC: [8] Undefined index: username1 C:\wamp\www\hnustxl\Application\Admin\Controller\ShowController.class.php 第 111 行.
SQL: SHOW COLUMNS FROM `gradejz` [ RunTime:0.0742s ]
SQL: SELECT COUNT(*) AS tp_count FROM `gradejz` WHERE `username` = null LIMIT 1   [ RunTime:0.0016s ]
SQL: SELECT * FROM `gradejz` WHERE `username` = null LIMIT 0,10   [ RunTime:0.0022s ]
NOTIC: [8] Use of undefined constant grade - assumed 'grade' C:\wamp\www\hnustxl\Application\Admin\Controller\ShowController.class.php 第 121 行.
INFO: [ view_parse ] --START--
INFO: [ template_filter ] --START--
INFO: Run Behavior\ContentReplaceBehavior [ RunTime:0.000251s ]
INFO: [ template_filter ] --END-- [ RunTime:0.000582s ]
NOTIC: [8] Undefined index: name1 C:\wamp\www\hnustxl\Application\Runtime\Cache\Admin\6d082c568bd01dcaa985e035187d3f7b.php 第 100 行.
NOTIC: [8] Undefined index: username1 C:\wamp\www\hnustxl\Application\Runtime\Cache\Admin\6d082c568bd01dcaa985e035187d3f7b.php 第 100 行.
NOTIC: [8] Undefined index: username1 C:\wamp\www\hnustxl\Application\Runtime\Cache\Admin\6d082c568bd01dcaa985e035187d3f7b.php 第 107 行.
NOTIC: [8] Undefined index: name1 C:\wamp\www\hnustxl\Application\Runtime\Cache\Admin\6d082c568bd01dcaa985e035187d3f7b.php 第 110 行.
INFO: Run Behavior\ParseTemplateBehavior [ RunTime:0.040212s ]
INFO: [ view_parse ] --END-- [ RunTime:0.040596s ]
INFO: [ view_filter ] --START--
INFO: Run Behavior\WriteHtmlCacheBehavior [ RunTime:0.002930s ]
INFO: [ view_filter ] --END-- [ RunTime:0.003282s ]
INFO: [ app_end ] --START--
INFO: Run Behavior\ShowPageTraceBehavior [ RunTime:0.002695s ]
INFO: [ app_end ] --END-- [ RunTime:0.003061s ]

[ 2016-03-13T22:22:47+08:00 ] 127.0.0.1 /hnustxl/Admin/Show/info.html
INFO: [ app_init ] --START--
INFO: Run Behavior\BuildLiteBehavior [ RunTime:0.000058s ]
INFO: [ app_init ] --END-- [ RunTime:0.001469s ]
INFO: [ app_begin ] --START--
INFO: Run Behavior\ReadHtmlCacheBehavior [ RunTime:0.002983s ]
INFO: [ app_begin ] --END-- [ RunTime:0.003419s ]
NOTIC: [8] Undefined index: gg C:\wamp\www\hnustxl\Application\Admin\Controller\ShowController.class.php 第 166 行.
NOTIC: [8] Undefined index: username2 C:\wamp\www\hnustxl\Application\Admin\Controller\ShowController.class.php 第 169 行.
SQL: SHOW COLUMNS FROM `info` [ RunTime:0.0828s ]
SQL: SELECT * FROM `info` WHERE `username` = null  [ RunTime:0.0033s ]
NOTIC: [8] Use of undefined constant info - assumed 'info' C:\wamp\www\hnustxl\Application\Admin\Controller\ShowController.class.php 第 174 行.
INFO: [ view_parse ] --START--
INFO: [ template_filter ] --START--
INFO: Run Behavior\ContentReplaceBehavior [ RunTime:0.000420s ]
INFO: [ template_filter ] --END-- [ RunTime:0.001610s ]
INFO: Run Behavior\ParseTemplateBehavior [ RunTime:0.055882s ]
INFO: [ view_parse ] --END-- [ RunTime:0.056267s ]
INFO: [ view_filter ] --START--
INFO: Run Behavior\WriteHtmlCacheBehavior [ RunTime:0.002192s ]
INFO: [ view_filter ] --END-- [ RunTime:0.002682s ]
INFO: [ app_end ] --START--
INFO: Run Behavior\ShowPageTraceBehavior [ RunTime:0.002152s ]
INFO: [ app_end ] --END-- [ RunTime:0.002415s ]

[ 2016-03-13T22:23:00+08:00 ] 127.0.0.1 /hnustxl/Admin/Show/info.html
INFO: [ app_init ] --START--
INFO: Run Behavior\BuildLiteBehavior [ RunTime:0.000056s ]
INFO: [ app_init ] --END-- [ RunTime:0.001330s ]
INFO: [ app_begin ] --START--
INFO: Run Behavior\ReadHtmlCacheBehavior [ RunTime:0.001835s ]
INFO: [ app_begin ] --END-- [ RunTime:0.002100s ]
SQL: SHOW COLUMNS FROM `idcard` [ RunTime:0.0924s ]
SQL: select *from idcard where username=1305040220 [ RunTime:0.4011s ]
NOTIC: [8] Undefined index: '130504022000' C:\wamp\www\hnustxl\Application\Admin\Controller\ShowController.class.php 第 142 行.
SQL: SHOW COLUMNS FROM `info` [ RunTime:0.0109s ]
SQL: select *from info where username=1305040220 [ RunTime:0.0171s ]
SQL: SELECT * FROM `info` WHERE `username` = 1305040220  [ RunTime:0.0009s ]
NOTIC: [8] Use of undefined constant info - assumed 'info' C:\wamp\www\hnustxl\Application\Admin\Controller\ShowController.class.php 第 174 行.
INFO: [ view_parse ] --START--
INFO: [ template_filter ] --START--
INFO: Run Behavior\ContentReplaceBehavior [ RunTime:0.000246s ]
INFO: [ template_filter ] --END-- [ RunTime:0.000574s ]
INFO: Run Behavior\ParseTemplateBehavior [ RunTime:0.043342s ]
INFO: [ view_parse ] --END-- [ RunTime:0.043732s ]
INFO: [ view_filter ] --START--
INFO: Run Behavior\WriteHtmlCacheBehavior [ RunTime:0.001600s ]
INFO: [ view_filter ] --END-- [ RunTime:0.001886s ]
INFO: [ app_end ] --START--
INFO: Run Behavior\ShowPageTraceBehavior [ RunTime:0.001982s ]
INFO: [ app_end ] --END-- [ RunTime:0.002284s ]

[ 2016-03-13T22:23:16+08:00 ] 127.0.0.1 /hnustxl/Admin/Login/logout.html
INFO: [ app_init ] --START--
INFO: Run Behavior\BuildLiteBehavior [ RunTime:0.000124s ]
INFO: [ app_init ] --END-- [ RunTime:0.002062s ]
INFO: [ app_begin ] --START--
INFO: Run Behavior\ReadHtmlCacheBehavior [ RunTime:0.003267s ]
INFO: [ app_begin ] --END-- [ RunTime:0.003638s ]

[ 2016-03-13T22:23:16+08:00 ] 127.0.0.1 /hnustxl/Admin/Login/index.html
INFO: [ app_init ] --START--
INFO: Run Behavior\BuildLiteBehavior [ RunTime:0.000093s ]
INFO: [ app_init ] --END-- [ RunTime:0.002127s ]
INFO: [ app_begin ] --START--
INFO: Run Behavior\ReadHtmlCacheBehavior [ RunTime:0.003921s ]
INFO: [ app_begin ] --END-- [ RunTime:0.004399s ]
NOTIC: [8] Undefined index: wei C:\wamp\www\hnustxl\Application\Admin\Controller\LoginController.class.php 第 7 行.
INFO: [ view_parse ] --START--
INFO: [ template_filter ] --START--
INFO: Run Behavior\ContentReplaceBehavior [ RunTime:0.000370s ]
INFO: [ template_filter ] --END-- [ RunTime:0.000729s ]
INFO: Run Behavior\ParseTemplateBehavior [ RunTime:0.030269s ]
INFO: [ view_parse ] --END-- [ RunTime:0.030629s ]
INFO: [ view_filter ] --START--
INFO: Run Behavior\WriteHtmlCacheBehavior [ RunTime:0.001857s ]
INFO: [ view_filter ] --END-- [ RunTime:0.002129s ]
INFO: [ app_end ] --START--
INFO: Run Behavior\ShowPageTraceBehavior [ RunTime:0.004192s ]
INFO: [ app_end ] --END-- [ RunTime:0.004521s ]

